[I 2024-06-18 03:45:23,527] Trial 20 finished with value: 2.306663751602173 and parameters: {'n_conv_layers': 3, 'n_dense_layers': 2, 'maxpooling': False, 'batchnormalization': False, 'filtersind0': 8, 'kernel_size0': 11, 'maxpooling0': False, 'batchnormalization0': False, 'filtersind1': 7, 'kernel_size1': 11, 'maxpooling1': True, 'batchnormalization1': False, 'dropout': 0.35000000000000003, 'num_hidden_neurons0': 17, 'learnind': 3, 'batchind': 5, 'epochs': 237}. Best is trial 0 with value: 0.7007423639297485.
Best trial: 0. Best value: 0.700742:  20%|█████████████████▏                                                                    | 20/100 [4:51:17<20:14:35, 910.94s/it] Convolutional Layers: 7
 Dense Layers: 2
 Learning rate: 0.01
 Batch Size: 1024
 Epochs: 121
Epoch 19: early stopping
[I 2024-06-18 03:53:11,936] Trial 22 finished with value: 1.314803957939148 and parameters: {'n_conv_layers': 7, 'n_dense_layers': 2, 'maxpooling': True, 'batchnormalization': True, 'filtersind0': 7, 'kernel_size0': 5, 'maxpooling0': False, 'batchnormalization0': False, 'filtersind1': 5, 'kernel_size1': 7, 'maxpooling1': True, 'batchnormalization1': False, 'filtersind2': 7, 'kernel_size2': 9, 'maxpooling2': False, 'batchnormalization2': True, 'filtersind3': 8, 'kernel_size3': 7, 'maxpooling3': True, 'batchnormalization3': True, 'filtersind4': 7, 'kernel_size4': 11, 'maxpooling4': True, 'batchnormalization4': False, 'filtersind5': 5, 'kernel_size5': 3, 'batchnormalization5': True, 'dropout': 0.16, 'num_hidden_neurons0': 41, 'learnind': 2, 'batchind': 10, 'epochs': 121}. Best is trial 0 with value: 0.7007423639297485.
Best trial: 0. Best value: 0.700742:  21%|██████████████████                                                                    | 21/100 [4:59:05<17:04:30, 778.11s/it] Convolutional Layers: 5
 Dense Layers: 2
 Learning rate: 1e-05
 Batch Size: 64
 Epochs: 73
Epoch 40: early stopping
[I 2024-06-18 03:53:58,308] Trial 21 finished with value: 0.8237637877464294 and parameters: {'n_conv_layers': 3, 'n_dense_layers': 2, 'maxpooling': True, 'batchnormalization': False, 'filtersind0': 8, 'kernel_size0': 11, 'maxpooling0': False, 'batchnormalization0': False, 'filtersind1': 5, 'kernel_size1': 7, 'maxpooling1': True, 'batchnormalization1': False, 'dropout': 0.32, 'num_hidden_neurons0': 38, 'learnind': 3, 'batchind': 10, 'epochs': 234}. Best is trial 0 with value: 0.7007423639297485.
Best trial: 0. Best value: 0.700742:  22%|██████████████████▉                                                                   | 22/100 [4:59:52<12:06:03, 558.50s/it] Convolutional Layers: 3
 Dense Layers: 2
 Learning rate: 0.001
 Batch Size: 1024
 Epochs: 191
Epoch 39: early stopping
[I 2024-06-18 04:02:57,982] Trial 24 finished with value: 0.8070909380912781 and parameters: {'n_conv_layers': 3, 'n_dense_layers': 2, 'maxpooling': True, 'batchnormalization': False, 'filtersind0': 8, 'kernel_size0': 11, 'maxpooling0': False, 'batchnormalization0': False, 'filtersind1': 5, 'kernel_size1': 7, 'maxpooling1': True, 'batchnormalization1': False, 'dropout': 0.31, 'num_hidden_neurons0': 25, 'learnind': 3, 'batchind': 10, 'epochs': 191}. Best is trial 0 with value: 0.7007423639297485.
Best trial: 0. Best value: 0.700742:  23%|███████████████████▊                                                                  | 23/100 [5:08:51<11:49:29, 552.85s/it] Convolutional Layers: 2
 Dense Layers: 2
 Learning rate: 0.0001
 Batch Size: 256
 Epochs: 179
Epoch 61: early stopping
[I 2024-06-18 04:15:52,614] Trial 25 finished with value: 0.7511704564094543 and parameters: {'n_conv_layers': 2, 'n_dense_layers': 2, 'maxpooling': True, 'batchnormalization': False, 'filtersind0': 8, 'kernel_size0': 11, 'maxpooling0': False, 'batchnormalization0': False, 'dropout': 0.3, 'num_hidden_neurons0': 19, 'learnind': 4, 'batchind': 8, 'epochs': 179}. Best is trial 0 with value: 0.7007423639297485.
Best trial: 0. Best value: 0.700742:  24%|████████████████████▋                                                                 | 24/100 [5:21:46<13:04:34, 619.40s/it] Convolutional Layers: 1
 Dense Layers: 2
 Learning rate: 1e-05
 Batch Size: 256
 Epochs: 191
Epoch 39: early stopping
[I 2024-06-18 04:17:59,500] Trial 23 finished with value: 0.8989601731300354 and parameters: {'n_conv_layers': 5, 'n_dense_layers': 2, 'maxpooling': True, 'batchnormalization': True, 'filtersind0': 5, 'kernel_size0': 5, 'maxpooling0': False, 'batchnormalization0': False, 'filtersind1': 6, 'kernel_size1': 11, 'maxpooling1': True, 'batchnormalization1': False, 'filtersind2': 8, 'kernel_size2': 7, 'maxpooling2': False, 'batchnormalization2': True, 'filtersind3': 7, 'kernel_size3': 3, 'maxpooling3': False, 'batchnormalization3': False, 'dropout': 0.43, 'num_hidden_neurons0': 65, 'learnind': 5, 'batchind': 6, 'epochs': 73}. Best is trial 0 with value: 0.7007423639297485.
Best trial: 0. Best value: 0.700742:  25%|█████████████████████▊                                                                 | 25/100 [5:23:53<9:49:31, 471.62s/it] Convolutional Layers: 1
 Dense Layers: 2
 Learning rate: 0.0001
 Batch Size: 256
 Epochs: 150
[I 2024-06-18 04:31:24,829] Trial 27 finished with value: 0.9725773334503174 and parameters: {'n_conv_layers': 1, 'n_dense_layers': 2, 'maxpooling': True, 'batchnormalization': False, 'dropout': 0.2, 'num_hidden_neurons0': 18, 'learnind': 4, 'batchind': 8, 'epochs': 150}. Best is trial 0 with value: 0.7007423639297485.
Best trial: 0. Best value: 0.700742:  26%|██████████████████████▎                                                               | 26/100 [5:37:18<11:45:09, 571.75s/it] Convolutional Layers: 2
 Dense Layers: 3
 Learning rate: 0.0001
 Batch Size: 256
 Epochs: 190
[I 2024-06-18 04:34:10,933] Trial 26 finished with value: 1.3591434955596924 and parameters: {'n_conv_layers': 1, 'n_dense_layers': 2, 'maxpooling': True, 'batchnormalization': False, 'dropout': 0.45, 'num_hidden_neurons0': 17, 'learnind': 5, 'batchind': 8, 'epochs': 191}. Best is trial 0 with value: 0.7007423639297485.
Best trial: 0. Best value: 0.700742:  27%|███████████████████████▍                                                               | 27/100 [5:40:04<9:07:33, 450.05s/it] Convolutional Layers: 2
 Dense Layers: 3
 Learning rate: 0.0001
 Batch Size: 1024
 Epochs: 189
Epoch 38: early stopping
[I 2024-06-18 04:42:26,108] Trial 28 finished with value: 0.8572914004325867 and parameters: {'n_conv_layers': 2, 'n_dense_layers': 3, 'maxpooling': True, 'batchnormalization': False, 'filtersind0': 8, 'kernel_size0': 11, 'maxpooling0': False, 'batchnormalization0': False, 'dropout': 0.0, 'num_hidden_neurons0': 24, 'num_hidden_neurons1': 28, 'learnind': 4, 'batchind': 8, 'epochs': 190}. Best is trial 0 with value: 0.7007423639297485.
Best trial: 0. Best value: 0.700742:  28%|████████████████████████▎                                                              | 28/100 [5:48:20<9:16:18, 463.58s/it] Convolutional Layers: 3
 Dense Layers: 1
 Learning rate: 0.0001
 Batch Size: 1024
 Epochs: 123
Epoch 45: early stopping
[I 2024-06-18 04:53:28,495] Trial 30 finished with value: 0.8265220522880554 and parameters: {'n_conv_layers': 3, 'n_dense_layers': 1, 'maxpooling': True, 'batchnormalization': False, 'filtersind0': 7, 'kernel_size0': 7, 'maxpooling0': False, 'batchnormalization0': False, 'filtersind1': 5, 'kernel_size1': 7, 'maxpooling1': False, 'batchnormalization1': True, 'dropout': 0.39, 'learnind': 4, 'batchind': 10, 'epochs': 123}. Best is trial 0 with value: 0.7007423639297485.
Best trial: 0. Best value: 0.700742:  29%|████████████████████████▉                                                             | 29/100 [5:59:22<10:19:09, 523.23s/it] Convolutional Layers: 2
 Dense Layers: 3
 Learning rate: 1e-05
 Batch Size: 512
 Epochs: 177
Epoch 102: early stopping
[I 2024-06-18 04:59:11,854] Trial 29 finished with value: 0.7647660374641418 and parameters: {'n_conv_layers': 2, 'n_dense_layers': 3, 'maxpooling': True, 'batchnormalization': False, 'filtersind0': 8, 'kernel_size0': 11, 'maxpooling0': False, 'batchnormalization0': False, 'dropout': 0.37, 'num_hidden_neurons0': 26, 'num_hidden_neurons1': 30, 'learnind': 4, 'batchind': 10, 'epochs': 189}. Best is trial 0 with value: 0.7007423639297485.
Best trial: 0. Best value: 0.700742:  30%|██████████████████████████                                                             | 30/100 [6:05:05<9:07:28, 469.27s/it] Convolutional Layers: 2
 Dense Layers: 3
 Learning rate: 1e-05
 Batch Size: 512
 Epochs: 214
Epoch 162: early stopping
[I 2024-06-18 05:33:36,723] Trial 31 finished with value: 1.0800114870071411 and parameters: {'n_conv_layers': 2, 'n_dense_layers': 3, 'maxpooling': True, 'batchnormalization': True, 'filtersind0': 8, 'kernel_size0': 11, 'maxpooling0': True, 'batchnormalization0': True, 'dropout': 0.17, 'num_hidden_neurons0': 13, 'num_hidden_neurons1': 26, 'learnind': 5, 'batchind': 9, 'epochs': 177}. Best is trial 0 with value: 0.7007423639297485.
Best trial: 0. Best value: 0.700742:  31%|██████████████████████████▋                                                           | 31/100 [6:39:30<18:10:08, 947.95s/it] Convolutional Layers: 3
 Dense Layers: 3
 Learning rate: 0.0001
 Batch Size: 1024
 Epochs: 211
Epoch 46: early stopping
[I 2024-06-18 05:46:15,719] Trial 33 finished with value: 0.8375862240791321 and parameters: {'n_conv_layers': 3, 'n_dense_layers': 3, 'maxpooling': True, 'batchnormalization': False, 'filtersind0': 8, 'kernel_size0': 11, 'maxpooling0': False, 'batchnormalization0': False, 'filtersind1': 5, 'kernel_size1': 7, 'maxpooling1': False, 'batchnormalization1': True, 'dropout': 0.3, 'num_hidden_neurons0': 26, 'num_hidden_neurons1': 58, 'learnind': 4, 'batchind': 10, 'epochs': 211}. Best is trial 0 with value: 0.7007423639297485.
Best trial: 0. Best value: 0.700742:  32%|███████████████████████████▌                                                          | 32/100 [6:52:09<16:50:06, 891.27s/it] Convolutional Layers: 2
 Dense Layers: 2
 Learning rate: 0.001
 Batch Size: 512
 Epochs: 248
Epoch 32: early stopping
[I 2024-06-18 05:53:42,185] Trial 32 finished with value: 1.0325084924697876 and parameters: {'n_conv_layers': 2, 'n_dense_layers': 3, 'maxpooling': True, 'batchnormalization': True, 'filtersind0': 7, 'kernel_size0': 11, 'maxpooling0': True, 'batchnormalization0': True, 'dropout': 0.46, 'num_hidden_neurons0': 13, 'num_hidden_neurons1': 35, 'learnind': 5, 'batchind': 9, 'epochs': 214}. Best is trial 0 with value: 0.7007423639297485.
Best trial: 0. Best value: 0.700742:  33%|████████████████████████████▍                                                         | 33/100 [6:59:36<14:06:14, 757.83s/it] Convolutional Layers: 4
 Dense Layers: 2
 Learning rate: 0.001
 Batch Size: 1024
[I 2024-06-18 05:53:42,621] Trial 34 finished with value: 0.8600055575370789 and parameters: {'n_conv_layers': 2, 'n_dense_layers': 2, 'maxpooling': True, 'batchnormalization': False, 'filtersind0': 8, 'kernel_size0': 11, 'maxpooling0': False, 'batchnormalization0': False, 'dropout': 0.35000000000000003, 'num_hidden_neurons0': 31, 'learnind': 3, 'batchind': 9, 'epochs': 248}. Best is trial 0 with value: 0.7007423639297485.
Best trial: 0. Best value: 0.700742:  33%|████████████████████████████▍                                                         | 33/100 [6:59:36<14:06:14, 757.83s/it] Epochs: 254
Best trial: 0. Best value: 0.700742:  34%|█████████████████████████████▌                                                         | 34/100 [6:59:36<9:43:40, 530.61s/it] Convolutional Layers: 4
 Dense Layers: 2
 Learning rate: 0.0001
 Batch Size: 1024
 Epochs: 138
Epoch 31: early stopping
[I 2024-06-18 06:04:50,897] Trial 35 finished with value: 0.878538966178894 and parameters: {'n_conv_layers': 4, 'n_dense_layers': 2, 'maxpooling': True, 'batchnormalization': False, 'filtersind0': 8, 'kernel_size0': 7, 'maxpooling0': False, 'batchnormalization0': False, 'filtersind1': 6, 'kernel_size1': 7, 'maxpooling1': True, 'batchnormalization1': False, 'filtersind2': 6, 'kernel_size2': 9, 'maxpooling2': False, 'batchnormalization2': False, 'dropout': 0.35000000000000003, 'num_hidden_neurons0': 32, 'learnind': 3, 'batchind': 10, 'epochs': 254}. Best is trial 0 with value: 0.7007423639297485.
Best trial: 0. Best value: 0.700742:  35%|██████████████████████████████                                                        | 35/100 [7:10:44<10:19:33, 571.91s/it] Convolutional Layers: 3
 Dense Layers: 3
 Learning rate: 0.0001
 Batch Size: 1024
 Epochs: 137
Epoch 79: early stopping
[I 2024-06-18 06:19:41,765] Trial 36 finished with value: 0.7164669632911682 and parameters: {'n_conv_layers': 4, 'n_dense_layers': 2, 'maxpooling': True, 'batchnormalization': False, 'filtersind0': 8, 'kernel_size0': 7, 'maxpooling0': False, 'batchnormalization0': False, 'filtersind1': 6, 'kernel_size1': 7, 'maxpooling1': True, 'batchnormalization1': False, 'filtersind2': 6, 'kernel_size2': 9, 'maxpooling2': False, 'batchnormalization2': False, 'dropout': 0.22, 'num_hidden_neurons0': 47, 'learnind': 4, 'batchind': 10, 'epochs': 138}. Best is trial 0 with value: 0.7007423639297485.
Best trial: 0. Best value: 0.700742:  36%|██████████████████████████████▉                                                       | 36/100 [7:25:35<11:52:06, 667.60s/it] Convolutional Layers: 4
 Dense Layers: 3
 Learning rate: 0.0001
 Batch Size: 128
 Epochs: 137
Epoch 30: early stopping
[I 2024-06-18 06:37:01,433] Trial 38 finished with value: 1.1959741115570068 and parameters: {'n_conv_layers': 4, 'n_dense_layers': 3, 'maxpooling': True, 'batchnormalization': False, 'filtersind0': 7, 'kernel_size0': 7, 'maxpooling0': False, 'batchnormalization0': False, 'filtersind1': 7, 'kernel_size1': 9, 'maxpooling1': False, 'batchnormalization1': True, 'filtersind2': 6, 'kernel_size2': 9, 'maxpooling2': False, 'batchnormalization2': False, 'dropout': 0.26, 'num_hidden_neurons0': 48, 'num_hidden_neurons1': 4, 'learnind': 4, 'batchind': 7, 'epochs': 137}. Best is trial 0 with value: 0.7007423639297485.
Best trial: 0. Best value: 0.700742:  37%|███████████████████████████████▊                                                      | 37/100 [7:42:55<13:38:10, 779.22s/it] Convolutional Layers: 1
 Dense Layers: 1
 Learning rate: 1e-05
 Batch Size: 512
 Epochs: 161
[I 2024-06-18 06:39:36,396] Trial 37 finished with value: 1.1960692405700684 and parameters: {'n_conv_layers': 3, 'n_dense_layers': 3, 'maxpooling': True, 'batchnormalization': False, 'filtersind0': 8, 'kernel_size0': 3, 'maxpooling0': False, 'batchnormalization0': False, 'filtersind1': 5, 'kernel_size1': 9, 'maxpooling1': False, 'batchnormalization1': False, 'dropout': 0.24, 'num_hidden_neurons0': 43, 'num_hidden_neurons1': 4, 'learnind': 4, 'batchind': 10, 'epochs': 137}. Best is trial 0 with value: 0.7007423639297485.
Best trial: 0. Best value: 0.700742:  38%|████████████████████████████████▋                                                     | 38/100 [7:45:30<10:11:40, 591.94s/it] Convolutional Layers: 1
 Dense Layers: 1
 Learning rate: 1e-05
 Batch Size: 512
 Epochs: 170
[I 2024-06-18 06:52:41,539] Trial 39 finished with value: 1.4251525402069092 and parameters: {'n_conv_layers': 1, 'n_dense_layers': 1, 'maxpooling': True, 'batchnormalization': False, 'dropout': 0.23, 'learnind': 5, 'batchind': 9, 'epochs': 161}. Best is trial 0 with value: 0.7007423639297485.
Best trial: 0. Best value: 0.700742:  39%|█████████████████████████████████▌                                                    | 39/100 [7:58:35<11:00:43, 649.90s/it] Convolutional Layers: 5
 Dense Layers: 2
 Learning rate: 1e-05
 Batch Size: 256
 Epochs: 204
[I 2024-06-18 06:55:34,557] Trial 40 finished with value: 1.4394469261169434 and parameters: {'n_conv_layers': 1, 'n_dense_layers': 1, 'maxpooling': True, 'batchnormalization': False, 'dropout': 0.21, 'learnind': 5, 'batchind': 9, 'epochs': 170}. Best is trial 0 with value: 0.7007423639297485.
Best trial: 0. Best value: 0.700742:  40%|██████████████████████████████████▊                                                    | 40/100 [8:01:28<8:26:50, 506.84s/it] Convolutional Layers: 5
 Dense Layers: 2
 Learning rate: 0.0001
 Batch Size: 256
 Epochs: 88
Epoch 41: early stopping
[I 2024-06-18 07:07:04,778] Trial 42 finished with value: 0.7457779049873352 and parameters: {'n_conv_layers': 5, 'n_dense_layers': 2, 'maxpooling': True, 'batchnormalization': False, 'filtersind0': 7, 'kernel_size0': 7, 'maxpooling0': False, 'batchnormalization0': False, 'filtersind1': 6, 'kernel_size1': 7, 'maxpooling1': True, 'batchnormalization1': False, 'filtersind2': 7, 'kernel_size2': 9, 'maxpooling2': False, 'batchnormalization2': False, 'filtersind3': 6, 'kernel_size3': 5, 'maxpooling3': True, 'batchnormalization3': False, 'dropout': 0.27, 'num_hidden_neurons0': 20, 'learnind': 4, 'batchind': 8, 'epochs': 88}. Best is trial 0 with value: 0.7007423639297485.
Best trial: 0. Best value: 0.700742:  41%|███████████████████████████████████▋                                                   | 41/100 [8:12:58<9:12:29, 561.85s/it] Convolutional Layers: 5
 Dense Layers: 2
 Learning rate: 0.0001
 Batch Size: 256
 Epochs: 66
Epoch 41: early stopping
[I 2024-06-18 07:18:38,154] Trial 43 finished with value: 0.7608819603919983 and parameters: {'n_conv_layers': 5, 'n_dense_layers': 2, 'maxpooling': True, 'batchnormalization': False, 'filtersind0': 7, 'kernel_size0': 7, 'maxpooling0': False, 'batchnormalization0': False, 'filtersind1': 6, 'kernel_size1': 7, 'maxpooling1': True, 'batchnormalization1': False, 'filtersind2': 7, 'kernel_size2': 9, 'maxpooling2': False, 'batchnormalization2': False, 'filtersind3': 6, 'kernel_size3': 5, 'maxpooling3': True, 'batchnormalization3': False, 'dropout': 0.27, 'num_hidden_neurons0': 20, 'learnind': 4, 'batchind': 8, 'epochs': 66}. Best is trial 0 with value: 0.7007423639297485.
Best trial: 0. Best value: 0.700742:  42%|████████████████████████████████████▌                                                  | 42/100 [8:24:32<9:41:15, 601.31s/it] Convolutional Layers: 5
 Dense Layers: 2
 Learning rate: 0.0001
 Batch Size: 256
 Epochs: 56
Epoch 154: early stopping
Epoch 44: early stopping
[I 2024-06-18 07:30:57,974] Trial 14 finished with value: 1.4012748003005981 and parameters: {'n_conv_layers': 4, 'n_dense_layers': 2, 'maxpooling': True, 'batchnormalization': False, 'filtersind0': 8, 'kernel_size0': 9, 'maxpooling0': False, 'batchnormalization0': True, 'filtersind1': 6, 'kernel_size1': 11, 'maxpooling1': False, 'batchnormalization1': False, 'filtersind2': 7, 'kernel_size2': 7, 'maxpooling2': False, 'batchnormalization2': True, 'dropout': 0.39, 'num_hidden_neurons0': 83, 'learnind': 3, 'batchind': 4, 'epochs': 286}. Best is trial 0 with value: 0.7007423639297485.
Best trial: 0. Best value: 0.700742:  43%|████████████████████████████████████▉                                                 | 43/100 [8:36:51<10:10:43, 642.86s/it] Convolutional Layers: 5
 Dense Layers: 2
 Learning rate: 0.0001
 Batch Size: 256
 Epochs: 61
[I 2024-06-18 07:30:58,654] Trial 44 finished with value: 0.7533605694770813 and parameters: {'n_conv_layers': 5, 'n_dense_layers': 2, 'maxpooling': True, 'batchnormalization': False, 'filtersind0': 7, 'kernel_size0': 7, 'maxpooling0': False, 'batchnormalization0': False, 'filtersind1': 6, 'kernel_size1': 7, 'maxpooling1': True, 'batchnormalization1': False, 'filtersind2': 7, 'kernel_size2': 9, 'maxpooling2': False, 'batchnormalization2': False, 'filtersind3': 6, 'kernel_size3': 5, 'maxpooling3': True, 'batchnormalization3': False, 'dropout': 0.26, 'num_hidden_neurons0': 20, 'learnind': 4, 'batchind': 8, 'epochs': 56}. Best is trial 0 with value: 0.7007423639297485.
Best trial: 0. Best value: 0.700742:  44%|██████████████████████████████████████▎                                                | 44/100 [8:36:52<7:00:11, 450.21s/it] Convolutional Layers: 5
 Dense Layers: 2
 Learning rate: 1e-05
 Batch Size: 128
 Epochs: 38
Epoch 38: early stopping
[I 2024-06-18 07:41:55,770] Trial 45 finished with value: 0.74200040102005 and parameters: {'n_conv_layers': 5, 'n_dense_layers': 2, 'maxpooling': True, 'batchnormalization': False, 'filtersind0': 7, 'kernel_size0': 7, 'maxpooling0': False, 'batchnormalization0': False, 'filtersind1': 6, 'kernel_size1': 7, 'maxpooling1': True, 'batchnormalization1': False, 'filtersind2': 7, 'kernel_size2': 9, 'maxpooling2': False, 'batchnormalization2': False, 'filtersind3': 6, 'kernel_size3': 5, 'maxpooling3': True, 'batchnormalization3': False, 'dropout': 0.27, 'num_hidden_neurons0': 20, 'learnind': 4, 'batchind': 8, 'epochs': 61}. Best is trial 0 with value: 0.7007423639297485.
Best trial: 0. Best value: 0.700742:  45%|███████████████████████████████████████▏                                               | 45/100 [8:47:49<7:49:35, 512.28s/it] Convolutional Layers: 5
 Dense Layers: 2
 Learning rate: 1e-05
 Batch Size: 128
 Epochs: 46
[I 2024-06-18 07:45:52,638] Trial 46 finished with value: 1.2796746492385864 and parameters: {'n_conv_layers': 5, 'n_dense_layers': 2, 'maxpooling': True, 'batchnormalization': False, 'filtersind0': 7, 'kernel_size0': 7, 'maxpooling0': False, 'batchnormalization0': False, 'filtersind1': 6, 'kernel_size1': 7, 'maxpooling1': True, 'batchnormalization1': False, 'filtersind2': 6, 'kernel_size2': 9, 'maxpooling2': False, 'batchnormalization2': False, 'filtersind3': 6, 'kernel_size3': 5, 'maxpooling3': True, 'batchnormalization3': False, 'dropout': 0.17, 'num_hidden_neurons0': 14, 'learnind': 5, 'batchind': 7, 'epochs': 38}. Best is trial 0 with value: 0.7007423639297485.
Best trial: 0. Best value: 0.700742:  46%|████████████████████████████████████████                                               | 46/100 [8:51:46<6:26:41, 429.66s/it] Convolutional Layers: 7
 Dense Layers: 2
 Learning rate: 0.01
 Batch Size: 128
 Epochs: 85
