[I 2024-06-18 07:46:35,357] Trial 41 finished with value: 0.8895372152328491 and parameters: {'n_conv_layers': 5, 'n_dense_layers': 2, 'maxpooling': True, 'batchnormalization': False, 'filtersind0': 7, 'kernel_size0': 7, 'maxpooling0': False, 'batchnormalization0': False, 'filtersind1': 6, 'kernel_size1': 7, 'maxpooling1': True, 'batchnormalization1': False, 'filtersind2': 7, 'kernel_size2': 9, 'maxpooling2': False, 'batchnormalization2': False, 'filtersind3': 6, 'kernel_size3': 7, 'maxpooling3': True, 'batchnormalization3': False, 'dropout': 0.2, 'num_hidden_neurons0': 20, 'learnind': 5, 'batchind': 8, 'epochs': 204}. Best is trial 0 with value: 0.7007423639297485.
Best trial: 0. Best value: 0.700742:  47%|████████████████████████████████████████▉                                              | 47/100 [8:52:29<4:36:59, 313.58s/it] Convolutional Layers: 7
 Dense Layers: 2
 Learning rate: 0.0001
 Batch Size: 128
 Epochs: 94
Epoch 7: early stopping
[I 2024-06-18 07:49:03,199] Trial 48 finished with value: 2.3040971755981445 and parameters: {'n_conv_layers': 7, 'n_dense_layers': 2, 'maxpooling': True, 'batchnormalization': False, 'filtersind0': 7, 'kernel_size0': 7, 'maxpooling0': False, 'batchnormalization0': False, 'filtersind1': 6, 'kernel_size1': 5, 'maxpooling1': True, 'batchnormalization1': False, 'filtersind2': 6, 'kernel_size2': 9, 'maxpooling2': False, 'batchnormalization2': False, 'filtersind3': 5, 'kernel_size3': 5, 'maxpooling3': True, 'batchnormalization3': False, 'filtersind4': 7, 'kernel_size4': 9, 'maxpooling4': False, 'batchnormalization4': True, 'filtersind5': 6, 'kernel_size5': 5, 'maxpooling5': False, 'batchnormalization5': True, 'dropout': 0.12, 'num_hidden_neurons0': 4, 'learnind': 2, 'batchind': 7, 'epochs': 85}. Best is trial 0 with value: 0.7007423639297485.
Best trial: 0. Best value: 0.700742:  48%|█████████████████████████████████████████▊                                             | 48/100 [8:54:57<3:48:40, 263.85s/it] Convolutional Layers: 4
 Dense Layers: 2
 Learning rate: 0.0001
 Batch Size: 128
 Epochs: 100
Epoch 20: early stopping
[I 2024-06-18 07:57:14,787] Trial 49 finished with value: 0.8677496910095215 and parameters: {'n_conv_layers': 7, 'n_dense_layers': 2, 'maxpooling': False, 'batchnormalization': False, 'filtersind0': 6, 'kernel_size0': 7, 'maxpooling0': False, 'batchnormalization0': False, 'filtersind1': 7, 'kernel_size1': 5, 'maxpooling1': True, 'batchnormalization1': False, 'filtersind2': 6, 'kernel_size2': 9, 'maxpooling2': False, 'batchnormalization2': False, 'filtersind3': 5, 'kernel_size3': 5, 'maxpooling3': True, 'batchnormalization3': False, 'filtersind4': 7, 'kernel_size4': 9, 'maxpooling4': False, 'batchnormalization4': True, 'filtersind5': 7, 'kernel_size5': 11, 'maxpooling5': False, 'batchnormalization5': True, 'dropout': 0.29, 'num_hidden_neurons0': 9, 'learnind': 4, 'batchind': 7, 'epochs': 94}. Best is trial 0 with value: 0.7007423639297485.
Best trial: 0. Best value: 0.700742:  49%|██████████████████████████████████████████▋                                            | 49/100 [9:03:08<4:42:20, 332.18s/it] Convolutional Layers: 4
 Dense Layers: 2
 Learning rate: 0.0001
 Batch Size: 256
 Epochs: 30
[I 2024-06-18 07:59:28,491] Trial 47 finished with value: 1.3300909996032715 and parameters: {'n_conv_layers': 5, 'n_dense_layers': 2, 'maxpooling': True, 'batchnormalization': False, 'filtersind0': 6, 'kernel_size0': 7, 'maxpooling0': False, 'batchnormalization0': False, 'filtersind1': 6, 'kernel_size1': 5, 'maxpooling1': True, 'batchnormalization1': False, 'filtersind2': 6, 'kernel_size2': 9, 'maxpooling2': False, 'batchnormalization2': False, 'filtersind3': 5, 'kernel_size3': 5, 'maxpooling3': True, 'batchnormalization3': False, 'dropout': 0.17, 'num_hidden_neurons0': 13, 'learnind': 5, 'batchind': 7, 'epochs': 46}. Best is trial 0 with value: 0.7007423639297485.
Best trial: 0. Best value: 0.700742:  50%|███████████████████████████████████████████▌                                           | 50/100 [9:05:22<3:47:11, 272.63s/it] Convolutional Layers: 6
 Dense Layers: 2
 Learning rate: 0.0001
 Batch Size: 256
 Epochs: 24
Epoch 25: early stopping
[I 2024-06-18 08:01:50,302] Trial 51 finished with value: 1.0500496625900269 and parameters: {'n_conv_layers': 4, 'n_dense_layers': 2, 'maxpooling': True, 'batchnormalization': True, 'filtersind0': 6, 'kernel_size0': 3, 'maxpooling0': True, 'batchnormalization0': True, 'filtersind1': 6, 'kernel_size1': 7, 'maxpooling1': True, 'batchnormalization1': False, 'filtersind2': 7, 'kernel_size2': 9, 'maxpooling2': False, 'batchnormalization2': False, 'dropout': 0.09, 'num_hidden_neurons0': 7, 'learnind': 4, 'batchind': 8, 'epochs': 30}. Best is trial 0 with value: 0.7007423639297485.
Best trial: 0. Best value: 0.700742:  51%|████████████████████████████████████████████▎                                          | 51/100 [9:07:44<3:10:35, 233.39s/it] Convolutional Layers: 6
 Dense Layers: 2
 Learning rate: 0.0001
 Batch Size: 256
 Epochs: 51
Epoch 35: early stopping
[I 2024-06-18 08:02:06,810] Trial 50 finished with value: 0.6914599537849426 and parameters: {'n_conv_layers': 4, 'n_dense_layers': 2, 'maxpooling': False, 'batchnormalization': False, 'filtersind0': 6, 'kernel_size0': 7, 'maxpooling0': True, 'batchnormalization0': False, 'filtersind1': 7, 'kernel_size1': 7, 'maxpooling1': True, 'batchnormalization1': False, 'filtersind2': 6, 'kernel_size2': 9, 'maxpooling2': False, 'batchnormalization2': False, 'dropout': 0.29, 'num_hidden_neurons0': 8, 'learnind': 4, 'batchind': 7, 'epochs': 100}. Best is trial 50 with value: 0.6914599537849426.
Best trial: 50. Best value: 0.69146:  52%|█████████████████████████████████████████████▏                                         | 52/100 [9:08:00<2:14:39, 168.32s/it] Convolutional Layers: 6
 Dense Layers: 2
 Learning rate: 0.0001
 Batch Size: 64
 Epochs: 105
[I 2024-06-18 08:04:48,669] Trial 52 finished with value: 1.137876272201538 and parameters: {'n_conv_layers': 6, 'n_dense_layers': 2, 'maxpooling': True, 'batchnormalization': True, 'filtersind0': 7, 'kernel_size0': 3, 'maxpooling0': True, 'batchnormalization0': True, 'filtersind1': 7, 'kernel_size1': 3, 'maxpooling1': True, 'batchnormalization1': False, 'filtersind2': 7, 'kernel_size2': 5, 'maxpooling2': False, 'batchnormalization2': False, 'filtersind3': 7, 'kernel_size3': 9, 'maxpooling3': True, 'batchnormalization3': False, 'filtersind4': 7, 'kernel_size4': 7, 'batchnormalization4': True, 'dropout': 0.14, 'num_hidden_neurons0': 7, 'learnind': 4, 'batchind': 8, 'epochs': 24}. Best is trial 50 with value: 0.6914599537849426.
Best trial: 50. Best value: 0.69146:  53%|██████████████████████████████████████████████                                         | 53/100 [9:10:42<2:10:20, 166.38s/it] Convolutional Layers: 4
 Dense Layers: 2
 Learning rate: 0.001
 Batch Size: 64
 Epochs: 108
Epoch 19: early stopping
[I 2024-06-18 08:06:06,762] Trial 53 finished with value: 0.8774409890174866 and parameters: {'n_conv_layers': 6, 'n_dense_layers': 2, 'maxpooling': True, 'batchnormalization': False, 'filtersind0': 7, 'kernel_size0': 7, 'maxpooling0': False, 'batchnormalization0': False, 'filtersind1': 6, 'kernel_size1': 7, 'maxpooling1': True, 'batchnormalization1': False, 'filtersind2': 7, 'kernel_size2': 9, 'maxpooling2': False, 'batchnormalization2': False, 'filtersind3': 6, 'kernel_size3': 5, 'maxpooling3': True, 'batchnormalization3': False, 'filtersind4': 7, 'kernel_size4': 7, 'maxpooling4': False, 'batchnormalization4': True, 'dropout': 0.25, 'num_hidden_neurons0': 29, 'learnind': 4, 'batchind': 8, 'epochs': 51}. Best is trial 50 with value: 0.6914599537849426.
Best trial: 50. Best value: 0.69146:  54%|██████████████████████████████████████████████▉                                        | 54/100 [9:12:00<1:47:15, 139.90s/it] Convolutional Layers: 4
 Dense Layers: 2
 Learning rate: 0.001
 Batch Size: 64
 Epochs: 103
Epoch 15: early stopping
[I 2024-06-18 08:09:20,154] Trial 54 finished with value: 0.8309613466262817 and parameters: {'n_conv_layers': 6, 'n_dense_layers': 2, 'maxpooling': False, 'batchnormalization': False, 'filtersind0': 5, 'kernel_size0': 7, 'maxpooling0': True, 'batchnormalization0': False, 'filtersind1': 7, 'kernel_size1': 7, 'maxpooling1': True, 'batchnormalization1': False, 'filtersind2': 6, 'kernel_size2': 9, 'maxpooling2': False, 'batchnormalization2': False, 'filtersind3': 7, 'kernel_size3': 9, 'maxpooling3': True, 'batchnormalization3': False, 'filtersind4': 6, 'kernel_size4': 7, 'maxpooling4': False, 'batchnormalization4': True, 'dropout': 0.28, 'num_hidden_neurons0': 7, 'learnind': 4, 'batchind': 6, 'epochs': 105}. Best is trial 50 with value: 0.6914599537849426.
Best trial: 50. Best value: 0.69146:  55%|███████████████████████████████████████████████▊                                       | 55/100 [9:15:14<1:56:57, 155.95s/it] Convolutional Layers: 4
 Dense Layers: 2
 Learning rate: 0.001
 Batch Size: 16
 Epochs: 77
Epoch 14: early stopping
[I 2024-06-18 08:10:37,968] Trial 55 finished with value: 0.8911579251289368 and parameters: {'n_conv_layers': 4, 'n_dense_layers': 2, 'maxpooling': False, 'batchnormalization': False, 'filtersind0': 5, 'kernel_size0': 7, 'maxpooling0': True, 'batchnormalization0': False, 'filtersind1': 8, 'kernel_size1': 7, 'maxpooling1': True, 'batchnormalization1': False, 'filtersind2': 6, 'kernel_size2': 3, 'maxpooling2': False, 'batchnormalization2': False, 'dropout': 0.28, 'num_hidden_neurons0': 10, 'learnind': 3, 'batchind': 6, 'epochs': 108}. Best is trial 50 with value: 0.6914599537849426.
Best trial: 50. Best value: 0.69146:  56%|████████████████████████████████████████████████▋                                      | 56/100 [9:16:31<1:37:10, 132.51s/it] Convolutional Layers: 4
 Dense Layers: 2
 Learning rate: 0.001
 Batch Size: 16
 Epochs: 79
Epoch 15: early stopping
[I 2024-06-18 08:11:40,579] Trial 56 finished with value: 0.8857706785202026 and parameters: {'n_conv_layers': 4, 'n_dense_layers': 2, 'maxpooling': False, 'batchnormalization': False, 'filtersind0': 5, 'kernel_size0': 7, 'maxpooling0': True, 'batchnormalization0': False, 'filtersind1': 8, 'kernel_size1': 7, 'maxpooling1': True, 'batchnormalization1': False, 'filtersind2': 6, 'kernel_size2': 3, 'maxpooling2': False, 'batchnormalization2': False, 'dropout': 0.33, 'num_hidden_neurons0': 55, 'learnind': 3, 'batchind': 6, 'epochs': 103}. Best is trial 50 with value: 0.6914599537849426.
Best trial: 50. Best value: 0.69146:  57%|█████████████████████████████████████████████████▌                                     | 57/100 [9:17:34<1:19:56, 111.54s/it] Convolutional Layers: 4
 Dense Layers: 2
 Learning rate: 1e-05
 Batch Size: 16
 Epochs: 89
Epoch 13: early stopping
[I 2024-06-18 08:20:48,549] Trial 58 finished with value: 0.9260919094085693 and parameters: {'n_conv_layers': 4, 'n_dense_layers': 2, 'maxpooling': False, 'batchnormalization': False, 'filtersind0': 6, 'kernel_size0': 9, 'maxpooling0': True, 'batchnormalization0': False, 'filtersind1': 7, 'kernel_size1': 3, 'maxpooling1': True, 'batchnormalization1': False, 'filtersind2': 5, 'kernel_size2': 9, 'maxpooling2': True, 'batchnormalization2': False, 'dropout': 0.22, 'num_hidden_neurons0': 56, 'learnind': 3, 'batchind': 4, 'epochs': 79}. Best is trial 50 with value: 0.6914599537849426.
Best trial: 50. Best value: 0.69146:  58%|██████████████████████████████████████████████████▍                                    | 58/100 [9:26:42<2:49:43, 242.47s/it] Convolutional Layers: 5
 Dense Layers: 2
 Learning rate: 1e-05
 Batch Size: 512
 Epochs: 119
Epoch 17: early stopping
[I 2024-06-18 08:27:00,356] Trial 57 finished with value: 1.0055992603302002 and parameters: {'n_conv_layers': 4, 'n_dense_layers': 2, 'maxpooling': False, 'batchnormalization': False, 'filtersind0': 6, 'kernel_size0': 9, 'maxpooling0': True, 'batchnormalization0': False, 'filtersind1': 8, 'kernel_size1': 7, 'maxpooling1': True, 'batchnormalization1': False, 'filtersind2': 6, 'kernel_size2': 3, 'maxpooling2': True, 'batchnormalization2': False, 'dropout': 0.22, 'num_hidden_neurons0': 10, 'learnind': 3, 'batchind': 4, 'epochs': 77}. Best is trial 50 with value: 0.6914599537849426.
Best trial: 50. Best value: 0.69146:  59%|███████████████████████████████████████████████████▎                                   | 59/100 [9:32:54<3:12:12, 281.27s/it] Convolutional Layers: 5
 Dense Layers: 2
 Learning rate: 1e-05
 Batch Size: 512
 Epochs: 135
[I 2024-06-18 09:02:01,898] Trial 60 finished with value: 0.9134063720703125 and parameters: {'n_conv_layers': 5, 'n_dense_layers': 2, 'maxpooling': False, 'batchnormalization': True, 'filtersind0': 6, 'kernel_size0': 5, 'maxpooling0': False, 'batchnormalization0': False, 'filtersind1': 5, 'kernel_size1': 7, 'maxpooling1': True, 'batchnormalization1': False, 'filtersind2': 5, 'kernel_size2': 9, 'maxpooling2': True, 'batchnormalization2': False, 'filtersind3': 6, 'kernel_size3': 5, 'maxpooling3': True, 'batchnormalization3': False, 'dropout': 0.33, 'num_hidden_neurons0': 96, 'learnind': 5, 'batchind': 9, 'epochs': 119}. Best is trial 50 with value: 0.6914599537849426.
Best trial: 50. Best value: 0.69146:  60%|███████████████████████████████████████████████████▌                                  | 60/100 [10:07:55<9:11:34, 827.35s/it] Convolutional Layers: 3
 Dense Layers: 1
 Learning rate: 0.0001
 Batch Size: 128
 Epochs: 137
Epoch 17: early stopping
[I 2024-06-18 09:12:49,974] Trial 62 finished with value: 1.0627354383468628 and parameters: {'n_conv_layers': 3, 'n_dense_layers': 1, 'maxpooling': False, 'batchnormalization': True, 'filtersind0': 5, 'kernel_size0': 5, 'maxpooling0': False, 'batchnormalization0': False, 'filtersind1': 6, 'kernel_size1': 9, 'maxpooling1': True, 'batchnormalization1': True, 'dropout': 0.24, 'learnind': 4, 'batchind': 7, 'epochs': 137}. Best is trial 50 with value: 0.6914599537849426.
Best trial: 50. Best value: 0.69146:  61%|████████████████████████████████████████████████████▍                                 | 61/100 [10:18:43<8:22:49, 773.57s/it] Convolutional Layers: 5
 Dense Layers: 2
 Learning rate: 0.0001
 Batch Size: 256
 Epochs: 53
[I 2024-06-18 09:19:56,226] Trial 61 finished with value: 1.4602702856063843 and parameters: {'n_conv_layers': 5, 'n_dense_layers': 2, 'maxpooling': False, 'batchnormalization': True, 'filtersind0': 6, 'kernel_size0': 5, 'maxpooling0': False, 'batchnormalization0': False, 'filtersind1': 5, 'kernel_size1': 7, 'maxpooling1': True, 'batchnormalization1': True, 'filtersind2': 8, 'kernel_size2': 9, 'maxpooling2': False, 'batchnormalization2': False, 'filtersind3': 6, 'kernel_size3': 5, 'maxpooling3': True, 'batchnormalization3': False, 'dropout': 0.31, 'num_hidden_neurons0': 5, 'learnind': 5, 'batchind': 9, 'epochs': 135}. Best is trial 50 with value: 0.6914599537849426.
Best trial: 50. Best value: 0.69146:  62%|█████████████████████████████████████████████████████▎                                | 62/100 [10:25:50<7:03:56, 669.37s/it] Convolutional Layers: 5
 Dense Layers: 2
 Learning rate: 0.0001
 Batch Size: 256
 Epochs: 62
Epoch 43: early stopping
[I 2024-06-18 09:26:34,477] Trial 63 finished with value: 0.7564315795898438 and parameters: {'n_conv_layers': 5, 'n_dense_layers': 2, 'maxpooling': True, 'batchnormalization': False, 'filtersind0': 7, 'kernel_size0': 7, 'maxpooling0': False, 'batchnormalization0': False, 'filtersind1': 6, 'kernel_size1': 7, 'maxpooling1': True, 'batchnormalization1': False, 'filtersind2': 7, 'kernel_size2': 9, 'maxpooling2': False, 'batchnormalization2': False, 'filtersind3': 6, 'kernel_size3': 5, 'maxpooling3': True, 'batchnormalization3': False, 'dropout': 0.26, 'num_hidden_neurons0': 22, 'learnind': 4, 'batchind': 8, 'epochs': 53}. Best is trial 50 with value: 0.6914599537849426.
Best trial: 50. Best value: 0.69146:  63%|██████████████████████████████████████████████████████▏                               | 63/100 [10:32:28<6:02:37, 588.04s/it] Convolutional Layers: 5
 Dense Layers: 2
 Learning rate: 0.0001
 Batch Size: 256
 Epochs: 59
Epoch 44: early stopping
[I 2024-06-18 09:30:28,204] Trial 64 finished with value: 0.7174521684646606 and parameters: {'n_conv_layers': 5, 'n_dense_layers': 2, 'maxpooling': True, 'batchnormalization': False, 'filtersind0': 7, 'kernel_size0': 7, 'maxpooling0': False, 'batchnormalization0': False, 'filtersind1': 6, 'kernel_size1': 7, 'maxpooling1': True, 'batchnormalization1': False, 'filtersind2': 7, 'kernel_size2': 9, 'maxpooling2': False, 'batchnormalization2': False, 'filtersind3': 6, 'kernel_size3': 5, 'maxpooling3': True, 'batchnormalization3': False, 'dropout': 0.27, 'num_hidden_neurons0': 15, 'learnind': 4, 'batchind': 8, 'epochs': 62}. Best is trial 50 with value: 0.6914599537849426.
Best trial: 50. Best value: 0.69146:  64%|███████████████████████████████████████████████████████                               | 64/100 [10:36:22<4:49:02, 481.74s/it] Convolutional Layers: 4
 Dense Layers: 2
 Learning rate: 0.1
 Batch Size: 32
 Epochs: 66
Epoch 8: early stopping
[I 2024-06-18 09:35:51,948] Trial 66 finished with value: 2.4634695053100586 and parameters: {'n_conv_layers': 4, 'n_dense_layers': 2, 'maxpooling': True, 'batchnormalization': False, 'filtersind0': 7, 'kernel_size0': 7, 'maxpooling0': False, 'batchnormalization0': False, 'filtersind1': 6, 'kernel_size1': 7, 'maxpooling1': True, 'batchnormalization1': False, 'filtersind2': 7, 'kernel_size2': 5, 'maxpooling2': False, 'batchnormalization2': False, 'dropout': 0.19, 'num_hidden_neurons0': 15, 'learnind': 1, 'batchind': 5, 'epochs': 66}. Best is trial 50 with value: 0.6914599537849426.
Best trial: 50. Best value: 0.69146:  65%|███████████████████████████████████████████████████████▉                              | 65/100 [10:41:45<4:13:22, 434.34s/it] Convolutional Layers: 5
 Dense Layers: 2
 Learning rate: 0.0001
 Batch Size: 256
 Epochs: 90
Epoch 56: early stopping
[I 2024-06-18 09:37:12,407] Trial 65 finished with value: 0.746737539768219 and parameters: {'n_conv_layers': 5, 'n_dense_layers': 2, 'maxpooling': True, 'batchnormalization': False, 'filtersind0': 7, 'kernel_size0': 7, 'maxpooling0': False, 'batchnormalization0': False, 'filtersind1': 6, 'kernel_size1': 7, 'maxpooling1': True, 'batchnormalization1': False, 'filtersind2': 7, 'kernel_size2': 5, 'maxpooling2': False, 'batchnormalization2': False, 'filtersind3': 6, 'kernel_size3': 5, 'maxpooling3': True, 'batchnormalization3': False, 'dropout': 0.2, 'num_hidden_neurons0': 16, 'learnind': 4, 'batchind': 8, 'epochs': 59}. Best is trial 50 with value: 0.6914599537849426.
Best trial: 50. Best value: 0.69146:  66%|████████████████████████████████████████████████████████▊                             | 66/100 [10:43:06<3:05:58, 328.18s/it] Convolutional Layers: 5
 Dense Layers: 2
 Learning rate: 0.0001
 Batch Size: 128
 Epochs: 90
Epoch 41: early stopping
[I 2024-06-18 09:45:17,846] Trial 67 finished with value: 0.7422574758529663 and parameters: {'n_conv_layers': 5, 'n_dense_layers': 2, 'maxpooling': True, 'batchnormalization': False, 'filtersind0': 7, 'kernel_size0': 7, 'maxpooling0': False, 'batchnormalization0': False, 'filtersind1': 7, 'kernel_size1': 7, 'maxpooling1': True, 'batchnormalization1': False, 'filtersind2': 7, 'kernel_size2': 9, 'maxpooling2': False, 'batchnormalization2': False, 'filtersind3': 5, 'kernel_size3': 5, 'maxpooling3': True, 'batchnormalization3': False, 'dropout': 0.3, 'num_hidden_neurons0': 11, 'learnind': 4, 'batchind': 8, 'epochs': 90}. Best is trial 50 with value: 0.6914599537849426.
Best trial: 50. Best value: 0.69146:  67%|█████████████████████████████████████████████████████████▌                            | 67/100 [10:51:11<3:26:26, 375.36s/it] Convolutional Layers: 6
 Dense Layers: 2
 Learning rate: 0.0001
 Batch Size: 128
 Epochs: 93
Epoch 43: early stopping
[I 2024-06-18 09:50:27,619] Trial 68 finished with value: 0.7271294593811035 and parameters: {'n_conv_layers': 5, 'n_dense_layers': 2, 'maxpooling': True, 'batchnormalization': False, 'filtersind0': 7, 'kernel_size0': 7, 'maxpooling0': False, 'batchnormalization0': False, 'filtersind1': 6, 'kernel_size1': 7, 'maxpooling1': True, 'batchnormalization1': False, 'filtersind2': 7, 'kernel_size2': 5, 'maxpooling2': False, 'batchnormalization2': False, 'filtersind3': 5, 'kernel_size3': 5, 'maxpooling3': True, 'batchnormalization3': False, 'dropout': 0.24, 'num_hidden_neurons0': 11, 'learnind': 4, 'batchind': 7, 'epochs': 90}. Best is trial 50 with value: 0.6914599537849426.
Best trial: 50. Best value: 0.69146:  68%|██████████████████████████████████████████████████████████▍                           | 68/100 [10:56:21<3:09:41, 355.68s/it] Convolutional Layers: 6
 Dense Layers: 2
 Learning rate: 1e-05
 Batch Size: 128
 Epochs: 92
Epoch 30: early stopping
[I 2024-06-18 09:54:12,054] Trial 69 finished with value: 0.8081642389297485 and parameters: {'n_conv_layers': 6, 'n_dense_layers': 2, 'maxpooling': True, 'batchnormalization': False, 'filtersind0': 7, 'kernel_size0': 7, 'maxpooling0': False, 'batchnormalization0': False, 'filtersind1': 7, 'kernel_size1': 7, 'maxpooling1': True, 'batchnormalization1': False, 'filtersind2': 7, 'kernel_size2': 9, 'maxpooling2': False, 'batchnormalization2': False, 'filtersind3': 5, 'kernel_size3': 5, 'maxpooling3': True, 'batchnormalization3': False, 'filtersind4': 5, 'kernel_size4': 11, 'maxpooling4': True, 'batchnormalization4': False, 'dropout': 0.37, 'num_hidden_neurons0': 11, 'learnind': 4, 'batchind': 7, 'epochs': 93}. Best is trial 50 with value: 0.6914599537849426.
Best trial: 50. Best value: 0.69146:  69%|███████████████████████████████████████████████████████████▎                          | 69/100 [11:00:05<2:43:25, 316.31s/it] Convolutional Layers: 4
 Dense Layers: 2
 Learning rate: 1e-05
 Batch Size: 128
 Epochs: 69
Epoch 60: early stopping
