
(optuna-gpu) C:\Windows\System32>cd C:\Users\SuperUser\OneDrive\mestrado\pesquisa\optuna\cifar-10

(optuna-gpu) C:\Users\SuperUser\OneDrive\mestrado\pesquisa\optuna\cifar-10>python3 keras_simple_cifar10_exp2.py
Python nÒo encontrado; execute sem argumentos para instalar na Microsoft Store ou desabilite este atalho a partir de Configuraþ§es > Gerenciar Aliases de ExecuþÒo do Aplicativo.

(optuna-gpu) C:\Users\SuperUser\OneDrive\mestrado\pesquisa\optuna\cifar-10>python keras_simple_cifar10_exp2.py
2024-06-17 22:54:05.091978: I tensorflow/core/platform/cpu_feature_guard.cc:193] This TensorFlow binary is optimized with oneAPI Deep Neural Network Library (oneDNN) to use the following CPU instructions in performance-critical operations:  AVX AVX2
To enable them in other operations, rebuild TensorFlow with the appropriate compiler flags.
2024-06-17 22:54:05.522269: I tensorflow/core/common_runtime/gpu/gpu_device.cc:1616] Created device /job:localhost/replica:0/task:0/device:GPU:0 with 13575 MB memory:  -> device: 0, name: NVIDIA GeForce RTX 4060 Ti, pci bus id: 0000:01:00.0, compute capability: 8.9
1 Physical GPUs, 1 Logical GPUs
C:\Users\SuperUser\OneDrive\mestrado\pesquisa\optuna\cifar-10\keras_simple_cifar10_exp2.py:157: ExperimentalWarning: JournalStorage is experimental (supported from v3.1.0). The interface can change in the future.
  storage = JournalStorage(JournalFileStorage("optuna-journal.log"))
[I 2024-06-17 22:54:06,066] A new study created in Journal with name: Experiment2
  0%|                                                                                                                                          | 0/100 [00:00<?, ?it/s] Convolutional Layers: 7
 Dense Layers: 3
 Convolutional Layers: 4
 Dense Layers: 2
 Convolutional Layers: 2
 Dense Layers: 3
 Learning rate: 1
 Batch Size: 64
 Epochs: 263
 Learning rate: 1e-05
 Batch Size: 16
 Epochs: 231
 Learning rate: 1
 Batch Size: 64
 Epochs: 260
2024-06-17 22:54:24.028326: I tensorflow/stream_executor/cuda/cuda_dnn.cc:384] Loaded cuDNN version 8100
2024-06-17 22:54:44.733826: E tensorflow/core/platform/windows/subprocess.cc:287] Call to CreateProcess failed. Error code: 2, command: '"ptxas.exe" "--version"'
2024-06-17 22:54:44.734273: E tensorflow/core/platform/windows/subprocess.cc:287] Call to CreateProcess failed. Error code: 2, command: '"ptxas.exe" "--version"'
2024-06-17 22:54:44.734312: W tensorflow/stream_executor/gpu/asm_compiler.cc:80] Couldn't get ptxas version string: INTERNAL: Couldn't invoke ptxas.exe --version
2024-06-17 22:54:44.743264: E tensorflow/core/platform/windows/subprocess.cc:287] Call to CreateProcess failed. Error code: 2, command: '"ptxas.exe" "C:\Users\SUPERU~1\AppData\Local\Temp\/tempfile-WORKSTATION_GAM-1b0-10804-61b205dac358a" "-o" "C:\Users\SUPERU~1\AppData\Local\Temp\/tempfile-WORKSTATION_GAM-1b0-10804-61b205dac5712" "-arch=sm_89" "--warn-on-spills"'
2024-06-17 22:54:44.743533: W tensorflow/stream_executor/gpu/redzone_allocator.cc:314] INTERNAL: Failed to launch ptxas
Relying on driver to perform ptx compilation.
Modify $PATH to customize ptxas location.
This message will be only logged once.
2024-06-17 22:54:45.961792: I tensorflow/stream_executor/cuda/cuda_blas.cc:1614] TensorFloat-32 will be used for the matrix multiplication. This will only be logged once.
Epoch 23: early stopping
[I 2024-06-17 23:03:31,126] Trial 2 finished with value: 44.00281524658203 and parameters: {'n_conv_layers': 2, 'n_dense_layers': 3, 'maxpooling': False, 'batchnormalization': False, 'filtersind0': 7, 'kernel_size0': 3, 'maxpooling0': True, 'batchnormalization0': True, 'dropout': 0.22, 'num_hidden_neurons0': 26, 'num_hidden_neurons1': 118, 'learnind': 0, 'batchind': 6, 'epochs': 263}. Best is trial 2 with value: 44.00281524658203.
Best trial: 2. Best value: 44.0028:   1%|▉                                                                                         | 1/100 [09:25<15:32:20, 565.06s/it] Convolutional Layers: 4
 Dense Layers: 1
 Learning rate: 0.001
 Batch Size: 16
 Epochs: 272
Epoch 26: early stopping
[I 2024-06-17 23:07:05,541] Trial 1 finished with value: 2.816765308380127 and parameters: {'n_conv_layers': 7, 'n_dense_layers': 3, 'maxpooling': False, 'batchnormalization': True, 'filtersind0': 5, 'kernel_size0': 7, 'maxpooling0': False, 'batchnormalization0': False, 'filtersind1': 6, 'kernel_size1': 5, 'maxpooling1': True, 'batchnormalization1': False, 'filtersind2': 8, 'kernel_size2': 11, 'maxpooling2': True, 'batchnormalization2': False, 'filtersind3': 5, 'kernel_size3': 9, 'maxpooling3': False, 'batchnormalization3': True, 'filtersind4': 6, 'kernel_size4': 11, 'maxpooling4': False, 'batchnormalization4': False, 'filtersind5': 5, 'kernel_size5': 7, 'maxpooling5': True, 'batchnormalization5': False, 'dropout': 0.2, 'num_hidden_neurons0': 6, 'num_hidden_neurons1': 11, 'learnind': 0, 'batchind': 6, 'epochs': 260}. Best is trial 1 with value: 2.816765308380127.
Best trial: 1. Best value: 2.81677:   2%|█▊                                                                                         | 2/100 [12:59<9:46:02, 358.80s/it] Convolutional Layers: 8
 Dense Layers: 3
 Learning rate: 1
 Batch Size: 512
 Epochs: 214
Epoch 22: early stopping
[I 2024-06-17 23:16:05,582] Trial 4 finished with value: 2.3624022006988525 and parameters: {'n_conv_layers': 8, 'n_dense_layers': 3, 'maxpooling': False, 'batchnormalization': False, 'filtersind0': 6, 'kernel_size0': 3, 'maxpooling0': False, 'batchnormalization0': False, 'filtersind1': 8, 'kernel_size1': 3, 'maxpooling1': True, 'batchnormalization1': False, 'filtersind2': 6, 'kernel_size2': 11, 'maxpooling2': False, 'batchnormalization2': True, 'filtersind3': 7, 'kernel_size3': 7, 'maxpooling3': True, 'batchnormalization3': True, 'filtersind4': 6, 'kernel_size4': 5, 'maxpooling4': True, 'batchnormalization4': True, 'filtersind5': 7, 'kernel_size5': 7, 'maxpooling5': True, 'batchnormalization5': True, 'filtersind6': 5, 'kernel_size6': 9, 'batchnormalization6': True, 'dropout': 0.04, 'num_hidden_neurons0': 5, 'num_hidden_neurons1': 8, 'learnind': 0, 'batchind': 9, 'epochs': 214}. Best is trial 4 with value: 2.3624022006988525.
Best trial: 4. Best value: 2.3624:   3%|██▋                                                                                        | 3/100 [21:59<11:53:51, 441.56s/it] Convolutional Layers: 8
 Dense Layers: 1
 Learning rate: 1e-05
 Batch Size: 128
 Epochs: 192
Epoch 25: early stopping
[I 2024-06-17 23:24:36,242] Trial 5 finished with value: 1.032623052597046 and parameters: {'n_conv_layers': 8, 'n_dense_layers': 1, 'maxpooling': False, 'batchnormalization': False, 'filtersind0': 8, 'kernel_size0': 3, 'maxpooling0': True, 'batchnormalization0': True, 'filtersind1': 5, 'kernel_size1': 9, 'maxpooling1': True, 'batchnormalization1': False, 'filtersind2': 5, 'kernel_size2': 5, 'maxpooling2': True, 'batchnormalization2': False, 'filtersind3': 8, 'kernel_size3': 11, 'maxpooling3': True, 'batchnormalization3': True, 'filtersind4': 6, 'kernel_size4': 7, 'batchnormalization4': False, 'filtersind5': 8, 'kernel_size5': 9, 'batchnormalization5': False, 'filtersind6': 7, 'kernel_size6': 9, 'batchnormalization6': False, 'dropout': 0.25, 'learnind': 5, 'batchind': 7, 'epochs': 192}. Best is trial 5 with value: 1.032623052597046.
Best trial: 5. Best value: 1.03262:   4%|███▌                                                                                      | 4/100 [30:30<12:30:08, 468.84s/it] Convolutional Layers: 1
 Dense Layers: 1
 Learning rate: 0.0001
 Batch Size: 512
 Epochs: 212
Epoch 22: early stopping
[I 2024-06-17 23:30:12,388] Trial 3 finished with value: 0.9766045808792114 and parameters: {'n_conv_layers': 4, 'n_dense_layers': 1, 'maxpooling': True, 'batchnormalization': False, 'filtersind0': 7, 'kernel_size0': 9, 'maxpooling0': False, 'batchnormalization0': True, 'filtersind1': 5, 'kernel_size1': 5, 'maxpooling1': False, 'batchnormalization1': False, 'filtersind2': 7, 'kernel_size2': 3, 'maxpooling2': True, 'batchnormalization2': True, 'dropout': 0.26, 'learnind': 3, 'batchind': 4, 'epochs': 272}. Best is trial 3 with value: 0.9766045808792114.
Best trial: 3. Best value: 0.976605:   5%|████▍                                                                                    | 5/100 [36:06<11:06:33, 420.99s/it] Convolutional Layers: 3
 Dense Layers: 2
 Learning rate: 0.01
 Batch Size: 512
 Epochs: 161
Epoch 9: early stopping
[I 2024-06-17 23:38:09,137] Trial 7 finished with value: 2.305670976638794 and parameters: {'n_conv_layers': 3, 'n_dense_layers': 2, 'maxpooling': False, 'batchnormalization': False, 'filtersind0': 7, 'kernel_size0': 11, 'maxpooling0': False, 'batchnormalization0': False, 'filtersind1': 8, 'kernel_size1': 7, 'maxpooling1': False, 'batchnormalization1': True, 'dropout': 0.33, 'num_hidden_neurons0': 10, 'learnind': 2, 'batchind': 9, 'epochs': 161}. Best is trial 3 with value: 0.9766045808792114.
Best trial: 3. Best value: 0.976605:   6%|█████▎                                                                                   | 6/100 [44:03<11:29:15, 439.95s/it] Convolutional Layers: 6
 Dense Layers: 1
 Learning rate: 0.01
 Batch Size: 128
 Epochs: 93
Epoch 15: early stopping
[I 2024-06-17 23:40:24,661] Trial 8 finished with value: 1.0342462062835693 and parameters: {'n_conv_layers': 6, 'n_dense_layers': 1, 'maxpooling': True, 'batchnormalization': True, 'filtersind0': 7, 'kernel_size0': 7, 'maxpooling0': False, 'batchnormalization0': False, 'filtersind1': 6, 'kernel_size1': 3, 'maxpooling1': True, 'batchnormalization1': True, 'filtersind2': 5, 'kernel_size2': 9, 'maxpooling2': True, 'batchnormalization2': False, 'filtersind3': 6, 'kernel_size3': 9, 'maxpooling3': False, 'batchnormalization3': True, 'filtersind4': 5, 'kernel_size4': 5, 'maxpooling4': False, 'batchnormalization4': False, 'dropout': 0.13, 'learnind': 2, 'batchind': 7, 'epochs': 93}. Best is trial 3 with value: 0.9766045808792114.
Best trial: 3. Best value: 0.976605:   7%|██████▎                                                                                   | 7/100 [46:18<8:47:39, 340.42s/it] Convolutional Layers: 8
 Dense Layers: 2
 Learning rate: 0.001
 Batch Size: 64
 Epochs: 277
[I 2024-06-17 23:50:06,941] Trial 6 finished with value: 1.1083983182907104 and parameters: {'n_conv_layers': 1, 'n_dense_layers': 1, 'maxpooling': False, 'batchnormalization': False, 'dropout': 0.06, 'learnind': 4, 'batchind': 9, 'epochs': 212}. Best is trial 3 with value: 0.9766045808792114.
Best trial: 3. Best value: 0.976605:   8%|███████                                                                                  | 8/100 [56:00<10:40:02, 417.42s/it] Convolutional Layers: 2
 Dense Layers: 3
 Learning rate: 0.0001
 Batch Size: 128
 Epochs: 255
Epoch 21: early stopping
[I 2024-06-18 00:20:25,939] Trial 10 finished with value: 1.2405176162719727 and parameters: {'n_conv_layers': 2, 'n_dense_layers': 3, 'maxpooling': False, 'batchnormalization': True, 'filtersind0': 8, 'kernel_size0': 11, 'maxpooling0': True, 'batchnormalization0': False, 'dropout': 0.11, 'num_hidden_neurons0': 9, 'num_hidden_neurons1': 58, 'learnind': 4, 'batchind': 7, 'epochs': 255}. Best is trial 3 with value: 0.9766045808792114.
Best trial: 3. Best value: 0.976605:   9%|███████▊                                                                               | 9/100 [1:26:19<21:37:37, 855.57s/it] Convolutional Layers: 8
 Dense Layers: 3
 Learning rate: 1
 Batch Size: 256
 Epochs: 289
Epoch 19: early stopping
[I 2024-06-18 00:36:34,800] Trial 11 finished with value: 2.6288070678710938 and parameters: {'n_conv_layers': 8, 'n_dense_layers': 3, 'maxpooling': True, 'batchnormalization': False, 'filtersind0': 6, 'kernel_size0': 5, 'maxpooling0': True, 'batchnormalization0': False, 'filtersind1': 8, 'kernel_size1': 3, 'maxpooling1': True, 'batchnormalization1': False, 'filtersind2': 7, 'kernel_size2': 9, 'maxpooling2': True, 'batchnormalization2': False, 'filtersind3': 8, 'kernel_size3': 11, 'batchnormalization3': True, 'filtersind4': 5, 'kernel_size4': 3, 'batchnormalization4': False, 'filtersind5': 8, 'kernel_size5': 7, 'batchnormalization5': False, 'filtersind6': 5, 'kernel_size6': 5, 'batchnormalization6': True, 'dropout': 0.28, 'num_hidden_neurons0': 35, 'num_hidden_neurons1': 8, 'learnind': 0, 'batchind': 8, 'epochs': 289}. Best is trial 3 with value: 0.9766045808792114.
Best trial: 3. Best value: 0.976605:  10%|████████▌                                                                             | 10/100 [1:42:28<22:15:49, 890.55s/it] Convolutional Layers: 5
 Dense Layers: 2
 Learning rate: 0.001
 Batch Size: 16
 Epochs: 16
Epoch 6: early stopping
[I 2024-06-18 01:10:53,303] Trial 12 finished with value: 2.1147780418395996 and parameters: {'n_conv_layers': 5, 'n_dense_layers': 2, 'maxpooling': True, 'batchnormalization': True, 'filtersind0': 5, 'kernel_size0': 9, 'maxpooling0': False, 'batchnormalization0': True, 'filtersind1': 5, 'kernel_size1': 5, 'maxpooling1': False, 'batchnormalization1': False, 'filtersind2': 8, 'kernel_size2': 3, 'maxpooling2': False, 'batchnormalization2': True, 'filtersind3': 5, 'kernel_size3': 5, 'maxpooling3': True, 'batchnormalization3': False, 'dropout': 0.49, 'num_hidden_neurons0': 128, 'learnind': 3, 'batchind': 4, 'epochs': 16}. Best is trial 3 with value: 0.9766045808792114.
Best trial: 3. Best value: 0.976605:  11%|█████████▎                                                                           | 11/100 [2:16:47<30:51:12, 1248.00s/it] Convolutional Layers: 4
 Dense Layers: 1
 Learning rate: 1e-05
 Batch Size: 16
 Epochs: 150
Epoch 77: early stopping
[I 2024-06-18 02:16:38,158] Trial 9 finished with value: 0.8204400539398193 and parameters: {'n_conv_layers': 8, 'n_dense_layers': 2, 'maxpooling': False, 'batchnormalization': False, 'filtersind0': 8, 'kernel_size0': 11, 'maxpooling0': False, 'batchnormalization0': False, 'filtersind1': 6, 'kernel_size1': 11, 'maxpooling1': True, 'batchnormalization1': False, 'filtersind2': 8, 'kernel_size2': 11, 'maxpooling2': False, 'batchnormalization2': True, 'filtersind3': 8, 'kernel_size3': 11, 'maxpooling3': False, 'batchnormalization3': True, 'filtersind4': 5, 'kernel_size4': 3, 'maxpooling4': True, 'batchnormalization4': False, 'filtersind5': 6, 'kernel_size5': 3, 'maxpooling5': False, 'batchnormalization5': False, 'filtersind6': 7, 'kernel_size6': 11, 'maxpooling6': False, 'batchnormalization6': True, 'dropout': 0.3, 'num_hidden_neurons0': 65, 'learnind': 3, 'batchind': 6, 'epochs': 277}. Best is trial 9 with value: 0.8204400539398193.
Best trial: 9. Best value: 0.82044:  12%|██████████▎                                                                           | 12/100 [3:22:32<50:33:40, 2068.41s/it] Convolutional Layers: 4
 Dense Layers: 2
 Learning rate: 0.001
 Batch Size: 16
 Epochs: 286
Epoch 64: early stopping
[I 2024-06-18 02:18:11,036] Trial 0 finished with value: 0.7007423639297485 and parameters: {'n_conv_layers': 4, 'n_dense_layers': 2, 'maxpooling': True, 'batchnormalization': True, 'filtersind0': 5, 'kernel_size0': 5, 'maxpooling0': False, 'batchnormalization0': False, 'filtersind1': 5, 'kernel_size1': 7, 'maxpooling1': True, 'batchnormalization1': False, 'filtersind2': 8, 'kernel_size2': 9, 'maxpooling2': False, 'batchnormalization2': False, 'dropout': 0.47000000000000003, 'num_hidden_neurons0': 50, 'learnind': 5, 'batchind': 4, 'epochs': 231}. Best is trial 0 with value: 0.7007423639297485.
Best trial: 0. Best value: 0.700742:  13%|███████████                                                                          | 13/100 [3:24:04<35:31:26, 1469.95s/it] Convolutional Layers: 5
 Dense Layers: 2
 Learning rate: 1e-05
 Batch Size: 32
 Epochs: 109
Epoch 27: early stopping
[I 2024-06-18 02:30:23,596] Trial 13 finished with value: 0.9446943402290344 and parameters: {'n_conv_layers': 4, 'n_dense_layers': 1, 'maxpooling': True, 'batchnormalization': False, 'filtersind0': 8, 'kernel_size0': 9, 'maxpooling0': True, 'batchnormalization0': True, 'filtersind1': 5, 'kernel_size1': 9, 'maxpooling1': False, 'batchnormalization1': False, 'filtersind2': 5, 'kernel_size2': 5, 'maxpooling2': True, 'batchnormalization2': True, 'dropout': 0.37, 'learnind': 5, 'batchind': 4, 'epochs': 150}. Best is trial 0 with value: 0.7007423639297485.
Best trial: 0. Best value: 0.700742:  14%|███████████▉                                                                         | 14/100 [3:36:17<29:47:41, 1247.23s/it] Convolutional Layers: 6
 Dense Layers: 2
 Learning rate: 0.0001
 Batch Size: 32
 Epochs: 296
Epoch 29: early stopping
[I 2024-06-18 02:33:17,900] Trial 15 finished with value: 0.8943709135055542 and parameters: {'n_conv_layers': 5, 'n_dense_layers': 2, 'maxpooling': True, 'batchnormalization': True, 'filtersind0': 5, 'kernel_size0': 5, 'maxpooling0': False, 'batchnormalization0': False, 'filtersind1': 6, 'kernel_size1': 11, 'maxpooling1': True, 'batchnormalization1': False, 'filtersind2': 8, 'kernel_size2': 7, 'maxpooling2': False, 'batchnormalization2': True, 'filtersind3': 7, 'kernel_size3': 3, 'maxpooling3': False, 'batchnormalization3': False, 'dropout': 0.43, 'num_hidden_neurons0': 71, 'learnind': 5, 'batchind': 5, 'epochs': 109}. Best is trial 0 with value: 0.7007423639297485.
Best trial: 0. Best value: 0.700742:  15%|████████████▉                                                                         | 15/100 [3:39:11<21:48:44, 923.81s/it] Convolutional Layers: 6
 Dense Layers: 2
 Learning rate: 0.0001
 Batch Size: 32
 Epochs: 228
Epoch 18: early stopping
[I 2024-06-18 02:47:10,060] Trial 17 finished with value: 1.090636968612671 and parameters: {'n_conv_layers': 6, 'n_dense_layers': 2, 'maxpooling': True, 'batchnormalization': True, 'filtersind0': 6, 'kernel_size0': 5, 'maxpooling0': False, 'batchnormalization0': False, 'filtersind1': 7, 'kernel_size1': 7, 'maxpooling1': True, 'batchnormalization1': True, 'filtersind2': 7, 'kernel_size2': 9, 'maxpooling2': False, 'batchnormalization2': False, 'filtersind3': 8, 'kernel_size3': 11, 'maxpooling3': False, 'batchnormalization3': False, 'filtersind4': 8, 'kernel_size4': 3, 'maxpooling4': True, 'batchnormalization4': True, 'dropout': 0.5, 'num_hidden_neurons0': 53, 'learnind': 4, 'batchind': 5, 'epochs': 228}. Best is trial 0 with value: 0.7007423639297485.
Best trial: 0. Best value: 0.700742:  16%|█████████████▊                                                                        | 16/100 [3:53:03<20:54:42, 896.23s/it] Convolutional Layers: 6
 Dense Layers: 2
 Learning rate: 0.1
 Batch Size: 32
 Epochs: 297
Epoch 25: early stopping
[I 2024-06-18 02:49:56,157] Trial 16 finished with value: 1.1227627992630005 and parameters: {'n_conv_layers': 6, 'n_dense_layers': 2, 'maxpooling': True, 'batchnormalization': True, 'filtersind0': 6, 'kernel_size0': 5, 'maxpooling0': False, 'batchnormalization0': False, 'filtersind1': 6, 'kernel_size1': 11, 'maxpooling1': True, 'batchnormalization1': True, 'filtersind2': 8, 'kernel_size2': 7, 'maxpooling2': False, 'batchnormalization2': True, 'filtersind3': 7, 'kernel_size3': 3, 'maxpooling3': False, 'batchnormalization3': False, 'filtersind4': 8, 'kernel_size4': 3, 'maxpooling4': True, 'batchnormalization4': True, 'dropout': 0.49, 'num_hidden_neurons0': 72, 'learnind': 4, 'batchind': 5, 'epochs': 296}. Best is trial 0 with value: 0.7007423639297485.
Best trial: 0. Best value: 0.700742:  17%|██████████████▌                                                                       | 17/100 [3:55:50<15:36:04, 676.68s/it] Convolutional Layers: 4
 Dense Layers: 2
 Learning rate: 0.1
 Batch Size: 64
 Epochs: 172
Epoch 12: early stopping
[I 2024-06-18 03:02:33,034] Trial 19 finished with value: 3.1185648441314697 and parameters: {'n_conv_layers': 4, 'n_dense_layers': 2, 'maxpooling': False, 'batchnormalization': True, 'filtersind0': 5, 'kernel_size0': 11, 'maxpooling0': False, 'batchnormalization0': False, 'filtersind1': 7, 'kernel_size1': 7, 'maxpooling1': True, 'batchnormalization1': False, 'filtersind2': 6, 'kernel_size2': 11, 'maxpooling2': False, 'batchnormalization2': False, 'dropout': 0.4, 'num_hidden_neurons0': 126, 'learnind': 1, 'batchind': 6, 'epochs': 172}. Best is trial 0 with value: 0.7007423639297485.
Best trial: 0. Best value: 0.700742:  18%|███████████████▍                                                                      | 18/100 [4:08:26<15:57:43, 700.78s/it] Convolutional Layers: 3
 Dense Layers: 2
 Learning rate: 0.001
 Batch Size: 32
 Epochs: 237
Epoch 22: early stopping
[I 2024-06-18 03:40:16,948] Trial 18 finished with value: 2.5603067874908447 and parameters: {'n_conv_layers': 6, 'n_dense_layers': 2, 'maxpooling': False, 'batchnormalization': True, 'filtersind0': 6, 'kernel_size0': 11, 'maxpooling0': False, 'batchnormalization0': False, 'filtersind1': 7, 'kernel_size1': 11, 'maxpooling1': True, 'batchnormalization1': False, 'filtersind2': 8, 'kernel_size2': 11, 'maxpooling2': False, 'batchnormalization2': False, 'filtersind3': 6, 'kernel_size3': 5, 'maxpooling3': False, 'batchnormalization3': True, 'filtersind4': 8, 'kernel_size4': 9, 'maxpooling4': True, 'batchnormalization4': False, 'dropout': 0.4, 'num_hidden_neurons0': 86, 'learnind': 1, 'batchind': 5, 'epochs': 297}. Best is trial 0 with value: 0.7007423639297485.
Best trial: 0. Best value: 0.700742:  19%|████████████████▏                                                                    | 19/100 [4:46:10<26:19:50, 1170.25s/it] Convolutional Layers: 3
 Dense Layers: 2
 Learning rate: 0.001
 Batch Size: 1024
 Epochs: 234
Epoch 17: early stopping
