[I 2024-06-18 10:09:06,615] Trial 70 finished with value: 0.9892293810844421 and parameters: {'n_conv_layers': 6, 'n_dense_layers': 2, 'maxpooling': True, 'batchnormalization': False, 'filtersind0': 7, 'kernel_size0': 7, 'maxpooling0': False, 'batchnormalization0': True, 'filtersind1': 7, 'kernel_size1': 7, 'maxpooling1': True, 'batchnormalization1': False, 'filtersind2': 7, 'kernel_size2': 5, 'maxpooling2': False, 'batchnormalization2': False, 'filtersind3': 5, 'kernel_size3': 5, 'maxpooling3': True, 'batchnormalization3': False, 'filtersind4': 5, 'kernel_size4': 11, 'maxpooling4': True, 'batchnormalization4': False, 'dropout': 0.24, 'num_hidden_neurons0': 11, 'learnind': 5, 'batchind': 7, 'epochs': 92}. Best is trial 50 with value: 0.6914599537849426.
Best trial: 50. Best value: 0.69146:  70%|████████████████████████████████████████████████████████████▏                         | 70/100 [11:15:00<4:04:53, 489.78s/it] Convolutional Layers: 4
 Dense Layers: 2
 Learning rate: 0.001
 Batch Size: 32
 Epochs: 70
[I 2024-06-18 10:12:51,880] Trial 71 finished with value: 1.0504437685012817 and parameters: {'n_conv_layers': 4, 'n_dense_layers': 2, 'maxpooling': True, 'batchnormalization': False, 'filtersind0': 7, 'kernel_size0': 7, 'maxpooling0': False, 'batchnormalization0': True, 'filtersind1': 7, 'kernel_size1': 7, 'maxpooling1': True, 'batchnormalization1': False, 'filtersind2': 8, 'kernel_size2': 5, 'maxpooling2': False, 'batchnormalization2': False, 'dropout': 0.24, 'num_hidden_neurons0': 8, 'learnind': 5, 'batchind': 7, 'epochs': 69}. Best is trial 50 with value: 0.6914599537849426.
Best trial: 50. Best value: 0.69146:  71%|█████████████████████████████████████████████████████████████                         | 71/100 [11:18:45<3:18:22, 410.43s/it] Convolutional Layers: 5
 Dense Layers: 2
 Learning rate: 0.0001
 Batch Size: 512
 Epochs: 87
Epoch 14: early stopping
[I 2024-06-18 10:18:37,666] Trial 72 finished with value: 0.9788939356803894 and parameters: {'n_conv_layers': 4, 'n_dense_layers': 2, 'maxpooling': True, 'batchnormalization': False, 'filtersind0': 7, 'kernel_size0': 7, 'maxpooling0': True, 'batchnormalization0': False, 'filtersind1': 7, 'kernel_size1': 3, 'maxpooling1': True, 'batchnormalization1': False, 'filtersind2': 8, 'kernel_size2': 5, 'maxpooling2': False, 'batchnormalization2': False, 'dropout': 0.47000000000000003, 'num_hidden_neurons0': 9, 'learnind': 3, 'batchind': 5, 'epochs': 70}. Best is trial 50 with value: 0.6914599537849426.
Best trial: 50. Best value: 0.69146:  72%|█████████████████████████████████████████████████████████████▉                        | 72/100 [11:24:31<3:02:29, 391.04s/it] Convolutional Layers: 5
 Dense Layers: 2
 Learning rate: 0.0001
 Batch Size: 64
 Epochs: 115
Epoch 67: early stopping
[I 2024-06-18 10:23:04,015] Trial 73 finished with value: 0.7878680229187012 and parameters: {'n_conv_layers': 5, 'n_dense_layers': 2, 'maxpooling': True, 'batchnormalization': False, 'filtersind0': 7, 'kernel_size0': 7, 'maxpooling0': False, 'batchnormalization0': False, 'filtersind1': 6, 'kernel_size1': 7, 'maxpooling1': True, 'batchnormalization1': False, 'filtersind2': 7, 'kernel_size2': 9, 'maxpooling2': False, 'batchnormalization2': False, 'filtersind3': 5, 'kernel_size3': 5, 'maxpooling3': True, 'batchnormalization3': False, 'dropout': 0.29, 'num_hidden_neurons0': 12, 'learnind': 4, 'batchind': 9, 'epochs': 87}. Best is trial 50 with value: 0.6914599537849426.
Best trial: 50. Best value: 0.69146:  73%|██████████████████████████████████████████████████████████████▊                       | 73/100 [11:28:57<2:39:07, 353.63s/it] Convolutional Layers: 5
 Dense Layers: 2
 Learning rate: 0.0001
 Batch Size: 256
 Epochs: 119
Epoch 23: early stopping
[I 2024-06-18 10:30:04,285] Trial 74 finished with value: 0.7557054162025452 and parameters: {'n_conv_layers': 5, 'n_dense_layers': 2, 'maxpooling': True, 'batchnormalization': False, 'filtersind0': 7, 'kernel_size0': 7, 'maxpooling0': False, 'batchnormalization0': False, 'filtersind1': 6, 'kernel_size1': 7, 'maxpooling1': True, 'batchnormalization1': False, 'filtersind2': 7, 'kernel_size2': 9, 'maxpooling2': False, 'batchnormalization2': False, 'filtersind3': 5, 'kernel_size3': 5, 'maxpooling3': True, 'batchnormalization3': False, 'dropout': 0.28, 'num_hidden_neurons0': 15, 'learnind': 4, 'batchind': 6, 'epochs': 115}. Best is trial 50 with value: 0.6914599537849426.
Best trial: 50. Best value: 0.69146:  74%|███████████████████████████████████████████████████████████████▋                      | 74/100 [11:35:58<2:41:54, 373.62s/it] Convolutional Layers: 5
 Dense Layers: 2
 Learning rate: 0.0001
 Batch Size: 256
 Epochs: 268
Epoch 54: early stopping
[I 2024-06-18 10:34:19,279] Trial 75 finished with value: 0.7451977729797363 and parameters: {'n_conv_layers': 5, 'n_dense_layers': 2, 'maxpooling': True, 'batchnormalization': False, 'filtersind0': 7, 'kernel_size0': 7, 'maxpooling0': False, 'batchnormalization0': False, 'filtersind1': 6, 'kernel_size1': 7, 'maxpooling1': True, 'batchnormalization1': False, 'filtersind2': 7, 'kernel_size2': 9, 'maxpooling2': False, 'batchnormalization2': False, 'filtersind3': 5, 'kernel_size3': 5, 'maxpooling3': True, 'batchnormalization3': False, 'dropout': 0.27, 'num_hidden_neurons0': 15, 'learnind': 4, 'batchind': 8, 'epochs': 119}. Best is trial 50 with value: 0.6914599537849426.
Best trial: 50. Best value: 0.69146:  75%|████████████████████████████████████████████████████████████████▌                     | 75/100 [11:40:13<2:20:50, 338.03s/it] Convolutional Layers: 4
 Dense Layers: 2
 Learning rate: 0.0001
 Batch Size: 256
 Epochs: 129
Epoch 52: early stopping
[I 2024-06-18 10:45:41,039] Trial 76 finished with value: 0.8267217874526978 and parameters: {'n_conv_layers': 5, 'n_dense_layers': 2, 'maxpooling': True, 'batchnormalization': False, 'filtersind0': 7, 'kernel_size0': 7, 'maxpooling0': False, 'batchnormalization0': False, 'filtersind1': 6, 'kernel_size1': 7, 'maxpooling1': True, 'batchnormalization1': False, 'filtersind2': 7, 'kernel_size2': 11, 'maxpooling2': False, 'batchnormalization2': False, 'filtersind3': 5, 'kernel_size3': 7, 'maxpooling3': True, 'batchnormalization3': False, 'dropout': 0.27, 'num_hidden_neurons0': 23, 'learnind': 4, 'batchind': 8, 'epochs': 268}. Best is trial 50 with value: 0.6914599537849426.
Best trial: 50. Best value: 0.69146:  76%|█████████████████████████████████████████████████████████████████▎                    | 76/100 [11:51:34<2:56:27, 441.15s/it] Convolutional Layers: 4
 Dense Layers: 2
 Learning rate: 0.0001
 Batch Size: 128
 Epochs: 127
Epoch 84: early stopping
[I 2024-06-18 10:51:10,580] Trial 59 finished with value: 0.7544140219688416 and parameters: {'n_conv_layers': 4, 'n_dense_layers': 2, 'maxpooling': False, 'batchnormalization': False, 'filtersind0': 6, 'kernel_size0': 9, 'maxpooling0': True, 'batchnormalization0': False, 'filtersind1': 7, 'kernel_size1': 3, 'maxpooling1': True, 'batchnormalization1': False, 'filtersind2': 5, 'kernel_size2': 9, 'maxpooling2': True, 'batchnormalization2': False, 'dropout': 0.22, 'num_hidden_neurons0': 100, 'learnind': 5, 'batchind': 4, 'epochs': 89}. Best is trial 50 with value: 0.6914599537849426.
Best trial: 50. Best value: 0.69146:  77%|██████████████████████████████████████████████████████████████████▏                   | 77/100 [11:57:04<2:36:16, 407.67s/it] Convolutional Layers: 4
 Dense Layers: 2
 Learning rate: 0.0001
 Batch Size: 128
 Epochs: 125
Epoch 59: early stopping
[I 2024-06-18 10:52:37,775] Trial 77 finished with value: 0.8001954555511475 and parameters: {'n_conv_layers': 4, 'n_dense_layers': 2, 'maxpooling': True, 'batchnormalization': False, 'filtersind0': 7, 'kernel_size0': 5, 'maxpooling0': False, 'batchnormalization0': False, 'filtersind1': 6, 'kernel_size1': 7, 'maxpooling1': False, 'batchnormalization1': False, 'filtersind2': 7, 'kernel_size2': 11, 'maxpooling2': False, 'batchnormalization2': False, 'dropout': 0.42, 'num_hidden_neurons0': 8, 'learnind': 4, 'batchind': 8, 'epochs': 129}. Best is trial 50 with value: 0.6914599537849426.
Best trial: 50. Best value: 0.69146:  78%|███████████████████████████████████████████████████████████████████                   | 78/100 [11:58:31<1:54:13, 311.53s/it] Convolutional Layers: 6
 Dense Layers: 2
 Learning rate: 0.01
 Batch Size: 128
 Epochs: 148
Epoch 14: early stopping
[I 2024-06-18 10:59:18,048] Trial 80 finished with value: 2.7711641788482666 and parameters: {'n_conv_layers': 6, 'n_dense_layers': 2, 'maxpooling': True, 'batchnormalization': True, 'filtersind0': 7, 'kernel_size0': 7, 'maxpooling0': False, 'batchnormalization0': False, 'filtersind1': 6, 'kernel_size1': 7, 'maxpooling1': True, 'batchnormalization1': False, 'filtersind2': 8, 'kernel_size2': 7, 'maxpooling2': False, 'batchnormalization2': True, 'filtersind3': 5, 'kernel_size3': 9, 'maxpooling3': True, 'batchnormalization3': True, 'filtersind4': 8, 'kernel_size4': 5, 'maxpooling4': False, 'batchnormalization4': True, 'dropout': 0.31, 'num_hidden_neurons0': 17, 'learnind': 2, 'batchind': 7, 'epochs': 148}. Best is trial 50 with value: 0.6914599537849426.
Best trial: 50. Best value: 0.69146:  79%|███████████████████████████████████████████████████████████████████▉                  | 79/100 [12:05:11<1:58:21, 338.15s/it] Convolutional Layers: 5
 Dense Layers: 2
 Learning rate: 0.001
 Batch Size: 512
 Epochs: 99
Epoch 47: early stopping
[I 2024-06-18 11:06:28,181] Trial 78 finished with value: 0.8774293065071106 and parameters: {'n_conv_layers': 4, 'n_dense_layers': 2, 'maxpooling': True, 'batchnormalization': False, 'filtersind0': 6, 'kernel_size0': 5, 'maxpooling0': False, 'batchnormalization0': False, 'filtersind1': 7, 'kernel_size1': 7, 'maxpooling1': False, 'batchnormalization1': False, 'filtersind2': 7, 'kernel_size2': 9, 'maxpooling2': False, 'batchnormalization2': False, 'dropout': 0.3, 'num_hidden_neurons0': 6, 'learnind': 4, 'batchind': 7, 'epochs': 127}. Best is trial 50 with value: 0.6914599537849426.
Best trial: 50. Best value: 0.69146:  80%|████████████████████████████████████████████████████████████████████▊                 | 80/100 [12:12:22<2:01:54, 365.75s/it] Convolutional Layers: 5
 Dense Layers: 2
Epoch 27: early stopping
 Learning rate: 1
 Batch Size: 512
 Epochs: 102
Epoch 33: early stopping
[I 2024-06-18 11:06:32,956] Trial 81 finished with value: 0.9063990116119385 and parameters: {'n_conv_layers': 5, 'n_dense_layers': 2, 'maxpooling': True, 'batchnormalization': False, 'filtersind0': 7, 'kernel_size0': 7, 'maxpooling0': False, 'batchnormalization0': False, 'filtersind1': 5, 'kernel_size1': 11, 'maxpooling1': True, 'batchnormalization1': False, 'filtersind2': 6, 'kernel_size2': 9, 'maxpooling2': False, 'batchnormalization2': False, 'filtersind3': 5, 'kernel_size3': 5, 'maxpooling3': True, 'batchnormalization3': False, 'dropout': 0.34, 'num_hidden_neurons0': 6, 'learnind': 3, 'batchind': 9, 'epochs': 99}. Best is trial 50 with value: 0.6914599537849426.
Best trial: 50. Best value: 0.69146:  81%|█████████████████████████████████████████████████████████████████████▋                | 81/100 [12:12:26<1:21:31, 257.45s/it] Convolutional Layers: 5
 Dense Layers: 2
 Learning rate: 0.0001
 Batch Size: 256
 Epochs: 80
[I 2024-06-18 11:06:35,232] Trial 79 finished with value: 0.9242630004882812 and parameters: {'n_conv_layers': 4, 'n_dense_layers': 2, 'maxpooling': True, 'batchnormalization': True, 'filtersind0': 7, 'kernel_size0': 5, 'maxpooling0': False, 'batchnormalization0': False, 'filtersind1': 6, 'kernel_size1': 7, 'maxpooling1': False, 'batchnormalization1': False, 'filtersind2': 7, 'kernel_size2': 7, 'maxpooling2': False, 'batchnormalization2': True, 'dropout': 0.31, 'num_hidden_neurons0': 8, 'learnind': 4, 'batchind': 7, 'epochs': 125}. Best is trial 50 with value: 0.6914599537849426.
Best trial: 50. Best value: 0.69146:  82%|████████████████████████████████████████████████████████████████████████▏               | 82/100 [12:12:29<54:16, 180.90s/it] Convolutional Layers: 5
 Dense Layers: 2
 Learning rate: 0.0001
 Batch Size: 256
 Epochs: 114
Epoch 8: early stopping
[I 2024-06-18 11:08:13,528] Trial 82 finished with value: 8.849145889282227 and parameters: {'n_conv_layers': 5, 'n_dense_layers': 2, 'maxpooling': True, 'batchnormalization': False, 'filtersind0': 5, 'kernel_size0': 7, 'maxpooling0': False, 'batchnormalization0': False, 'filtersind1': 5, 'kernel_size1': 9, 'maxpooling1': True, 'batchnormalization1': False, 'filtersind2': 6, 'kernel_size2': 9, 'maxpooling2': False, 'batchnormalization2': False, 'filtersind3': 5, 'kernel_size3': 11, 'maxpooling3': True, 'batchnormalization3': False, 'dropout': 0.34, 'num_hidden_neurons0': 35, 'learnind': 0, 'batchind': 9, 'epochs': 102}. Best is trial 50 with value: 0.6914599537849426.
Best trial: 50. Best value: 0.69146:  83%|█████████████████████████████████████████████████████████████████████████               | 83/100 [12:14:07<44:14, 156.12s/it] Convolutional Layers: 5
 Dense Layers: 2
 Learning rate: 0.0001
 Batch Size: 256
 Epochs: 114
Epoch 42: early stopping
[I 2024-06-18 11:19:55,239] Trial 83 finished with value: 0.7585280537605286 and parameters: {'n_conv_layers': 5, 'n_dense_layers': 2, 'maxpooling': True, 'batchnormalization': False, 'filtersind0': 7, 'kernel_size0': 7, 'maxpooling0': False, 'batchnormalization0': False, 'filtersind1': 6, 'kernel_size1': 7, 'maxpooling1': True, 'batchnormalization1': False, 'filtersind2': 7, 'kernel_size2': 9, 'maxpooling2': False, 'batchnormalization2': False, 'filtersind3': 5, 'kernel_size3': 5, 'maxpooling3': True, 'batchnormalization3': False, 'dropout': 0.25, 'num_hidden_neurons0': 36, 'learnind': 4, 'batchind': 8, 'epochs': 80}. Best is trial 50 with value: 0.6914599537849426.
Best trial: 50. Best value: 0.69146:  84%|████████████████████████████████████████████████████████████████████████▏             | 84/100 [12:25:49<1:25:16, 319.80s/it] Convolutional Layers: 5
 Dense Layers: 2
 Learning rate: 0.0001
 Batch Size: 256
 Epochs: 114
Epoch 48: early stopping
[I 2024-06-18 11:21:44,937] Trial 84 finished with value: 0.7543889880180359 and parameters: {'n_conv_layers': 5, 'n_dense_layers': 2, 'maxpooling': True, 'batchnormalization': False, 'filtersind0': 7, 'kernel_size0': 7, 'maxpooling0': False, 'batchnormalization0': False, 'filtersind1': 6, 'kernel_size1': 7, 'maxpooling1': True, 'batchnormalization1': False, 'filtersind2': 7, 'kernel_size2': 9, 'maxpooling2': False, 'batchnormalization2': False, 'filtersind3': 5, 'kernel_size3': 5, 'maxpooling3': True, 'batchnormalization3': False, 'dropout': 0.25, 'num_hidden_neurons0': 12, 'learnind': 4, 'batchind': 8, 'epochs': 114}. Best is trial 50 with value: 0.6914599537849426.
Best trial: 50. Best value: 0.69146:  85%|█████████████████████████████████████████████████████████████████████████             | 85/100 [12:27:38<1:04:11, 256.77s/it] Convolutional Layers: 5
 Dense Layers: 2
 Learning rate: 0.0001
 Batch Size: 256
 Epochs: 44
Epoch 44: early stopping
[I 2024-06-18 11:22:17,901] Trial 85 finished with value: 0.7552237510681152 and parameters: {'n_conv_layers': 5, 'n_dense_layers': 2, 'maxpooling': True, 'batchnormalization': False, 'filtersind0': 7, 'kernel_size0': 7, 'maxpooling0': False, 'batchnormalization0': False, 'filtersind1': 6, 'kernel_size1': 7, 'maxpooling1': True, 'batchnormalization1': False, 'filtersind2': 7, 'kernel_size2': 9, 'maxpooling2': False, 'batchnormalization2': False, 'filtersind3': 6, 'kernel_size3': 5, 'maxpooling3': True, 'batchnormalization3': False, 'dropout': 0.27, 'num_hidden_neurons0': 12, 'learnind': 4, 'batchind': 8, 'epochs': 114}. Best is trial 50 with value: 0.6914599537849426.
Best trial: 50. Best value: 0.69146:  86%|███████████████████████████████████████████████████████████████████████████▋            | 86/100 [12:28:11<44:14, 189.63s/it] Convolutional Layers: 5
 Dense Layers: 2
 Learning rate: 0.0001
 Batch Size: 256
 Epochs: 60
Epoch 24: early stopping
[I 2024-06-18 11:30:50,179] Trial 88 finished with value: 0.8373606204986572 and parameters: {'n_conv_layers': 5, 'n_dense_layers': 2, 'maxpooling': True, 'batchnormalization': False, 'filtersind0': 8, 'kernel_size0': 3, 'maxpooling0': False, 'batchnormalization0': False, 'filtersind1': 6, 'kernel_size1': 7, 'maxpooling1': True, 'batchnormalization1': False, 'filtersind2': 7, 'kernel_size2': 9, 'maxpooling2': False, 'batchnormalization2': False, 'filtersind3': 6, 'kernel_size3': 3, 'maxpooling3': True, 'batchnormalization3': True, 'dropout': 0.19, 'num_hidden_neurons0': 14, 'learnind': 4, 'batchind': 8, 'epochs': 60}. Best is trial 50 with value: 0.6914599537849426.
Best trial: 50. Best value: 0.69146:  87%|██████████████████████████████████████████████████████████████████████████▊           | 87/100 [12:36:44<1:02:03, 286.42s/it] Convolutional Layers: 6
 Dense Layers: 2
 Learning rate: 0.0001
 Batch Size: 256
 Epochs: 83
Epoch 40: early stopping
[I 2024-06-18 11:33:11,221] Trial 86 finished with value: 0.7566924095153809 and parameters: {'n_conv_layers': 5, 'n_dense_layers': 2, 'maxpooling': True, 'batchnormalization': False, 'filtersind0': 7, 'kernel_size0': 7, 'maxpooling0': False, 'batchnormalization0': False, 'filtersind1': 6, 'kernel_size1': 7, 'maxpooling1': True, 'batchnormalization1': False, 'filtersind2': 7, 'kernel_size2': 9, 'maxpooling2': False, 'batchnormalization2': False, 'filtersind3': 6, 'kernel_size3': 5, 'maxpooling3': True, 'batchnormalization3': False, 'dropout': 0.27, 'num_hidden_neurons0': 18, 'learnind': 4, 'batchind': 8, 'epochs': 114}. Best is trial 50 with value: 0.6914599537849426.
Best trial: 50. Best value: 0.69146:  88%|█████████████████████████████████████████████████████████████████████████████▍          | 88/100 [12:39:05<48:33, 242.81s/it] Convolutional Layers: 6
 Dense Layers: 2
 Learning rate: 0.0001
 Batch Size: 64
 Epochs: 43
Epoch 42: early stopping
[I 2024-06-18 11:35:10,167] Trial 87 finished with value: 0.7569018006324768 and parameters: {'n_conv_layers': 5, 'n_dense_layers': 2, 'maxpooling': True, 'batchnormalization': False, 'filtersind0': 7, 'kernel_size0': 7, 'maxpooling0': False, 'batchnormalization0': False, 'filtersind1': 6, 'kernel_size1': 7, 'maxpooling1': True, 'batchnormalization1': False, 'filtersind2': 7, 'kernel_size2': 9, 'maxpooling2': False, 'batchnormalization2': False, 'filtersind3': 6, 'kernel_size3': 5, 'maxpooling3': True, 'batchnormalization3': False, 'dropout': 0.27, 'num_hidden_neurons0': 14, 'learnind': 4, 'batchind': 8, 'epochs': 44}. Best is trial 50 with value: 0.6914599537849426.
Best trial: 50. Best value: 0.69146:  89%|██████████████████████████████████████████████████████████████████████████████▎         | 89/100 [12:41:04<37:42, 205.65s/it] Convolutional Layers: 6
 Dense Layers: 2
 Learning rate: 1e-05
 Batch Size: 64
 Epochs: 148
Epoch 19: early stopping
[I 2024-06-18 11:36:28,764] Trial 89 finished with value: 0.9345827102661133 and parameters: {'n_conv_layers': 6, 'n_dense_layers': 2, 'maxpooling': True, 'batchnormalization': False, 'filtersind0': 7, 'kernel_size0': 7, 'maxpooling0': False, 'batchnormalization0': False, 'filtersind1': 6, 'kernel_size1': 5, 'maxpooling1': True, 'batchnormalization1': True, 'filtersind2': 8, 'kernel_size2': 9, 'maxpooling2': False, 'batchnormalization2': False, 'filtersind3': 6, 'kernel_size3': 5, 'maxpooling3': False, 'batchnormalization3': False, 'filtersind4': 6, 'kernel_size4': 5, 'maxpooling4': False, 'batchnormalization4': True, 'dropout': 0.23, 'num_hidden_neurons0': 18, 'learnind': 4, 'batchind': 8, 'epochs': 83}. Best is trial 50 with value: 0.6914599537849426.
Best trial: 50. Best value: 0.69146:  90%|███████████████████████████████████████████████████████████████████████████████▏        | 90/100 [12:42:22<27:55, 167.53s/it] Convolutional Layers: 3
 Dense Layers: 2
 Learning rate: 1e-05
 Batch Size: 64
 Epochs: 158
Epoch 11: early stopping
[I 2024-06-18 11:40:01,043] Trial 90 finished with value: 0.8919579982757568 and parameters: {'n_conv_layers': 6, 'n_dense_layers': 2, 'maxpooling': True, 'batchnormalization': False, 'filtersind0': 7, 'kernel_size0': 7, 'maxpooling0': False, 'batchnormalization0': False, 'filtersind1': 6, 'kernel_size1': 5, 'maxpooling1': True, 'batchnormalization1': True, 'filtersind2': 6, 'kernel_size2': 9, 'maxpooling2': False, 'batchnormalization2': False, 'filtersind3': 7, 'kernel_size3': 11, 'maxpooling3': False, 'batchnormalization3': False, 'filtersind4': 6, 'kernel_size4': 5, 'maxpooling4': False, 'batchnormalization4': True, 'dropout': 0.23, 'num_hidden_neurons0': 46, 'learnind': 4, 'batchind': 6, 'epochs': 43}. Best is trial 50 with value: 0.6914599537849426.
Best trial: 50. Best value: 0.69146:  91%|████████████████████████████████████████████████████████████████████████████████        | 91/100 [12:45:54<27:08, 180.96s/it] Convolutional Layers: 5
 Dense Layers: 2
 Learning rate: 0.0001
 Batch Size: 256
 Epochs: 63
Epoch 29: early stopping
