[I 2024-06-18 11:53:45,039] Trial 91 finished with value: 1.0053755044937134 and parameters: {'n_conv_layers': 6, 'n_dense_layers': 2, 'maxpooling': True, 'batchnormalization': False, 'filtersind0': 8, 'kernel_size0': 7, 'maxpooling0': False, 'batchnormalization0': False, 'filtersind1': 7, 'kernel_size1': 5, 'maxpooling1': True, 'batchnormalization1': True, 'filtersind2': 6, 'kernel_size2': 9, 'maxpooling2': False, 'batchnormalization2': False, 'filtersind3': 7, 'kernel_size3': 11, 'maxpooling3': False, 'batchnormalization3': True, 'filtersind4': 6, 'kernel_size4': 5, 'maxpooling4': False, 'batchnormalization4': True, 'dropout': 0.23, 'num_hidden_neurons0': 47, 'learnind': 5, 'batchind': 6, 'epochs': 148}. Best is trial 50 with value: 0.6914599537849426.
Best trial: 50. Best value: 0.69146:  92%|████████████████████████████████████████████████████████████████████████████████▉       | 92/100 [12:59:38<49:50, 373.87s/it] Convolutional Layers: 5
 Dense Layers: 2
 Learning rate: 0.0001
 Batch Size: 512
 Epochs: 58
Epoch 56: early stopping
[I 2024-06-18 11:55:18,261] Trial 93 finished with value: 0.7316523790359497 and parameters: {'n_conv_layers': 5, 'n_dense_layers': 2, 'maxpooling': True, 'batchnormalization': False, 'filtersind0': 7, 'kernel_size0': 7, 'maxpooling0': False, 'batchnormalization0': False, 'filtersind1': 6, 'kernel_size1': 7, 'maxpooling1': True, 'batchnormalization1': False, 'filtersind2': 7, 'kernel_size2': 5, 'maxpooling2': False, 'batchnormalization2': False, 'filtersind3': 6, 'kernel_size3': 5, 'maxpooling3': True, 'batchnormalization3': False, 'dropout': 0.18, 'num_hidden_neurons0': 16, 'learnind': 4, 'batchind': 8, 'epochs': 63}. Best is trial 50 with value: 0.6914599537849426.
Best trial: 50. Best value: 0.69146:  93%|█████████████████████████████████████████████████████████████████████████████████▊      | 93/100 [13:01:12<33:47, 289.67s/it] Convolutional Layers: 4
 Dense Layers: 2
 Learning rate: 0.0001
 Batch Size: 512
 Epochs: 74
[I 2024-06-18 12:08:19,164] Trial 94 finished with value: 0.8057049512863159 and parameters: {'n_conv_layers': 5, 'n_dense_layers': 2, 'maxpooling': True, 'batchnormalization': False, 'filtersind0': 7, 'kernel_size0': 7, 'maxpooling0': False, 'batchnormalization0': False, 'filtersind1': 6, 'kernel_size1': 7, 'maxpooling1': True, 'batchnormalization1': False, 'filtersind2': 7, 'kernel_size2': 5, 'maxpooling2': False, 'batchnormalization2': False, 'filtersind3': 6, 'kernel_size3': 5, 'maxpooling3': True, 'batchnormalization3': False, 'dropout': 0.21, 'num_hidden_neurons0': 16, 'learnind': 4, 'batchind': 9, 'epochs': 58}. Best is trial 50 with value: 0.6914599537849426.
Best trial: 50. Best value: 0.69146:  94%|██████████████████████████████████████████████████████████████████████████████████▋     | 94/100 [13:14:13<43:42, 437.04s/it] Convolutional Layers: 4
 Dense Layers: 2
 Learning rate: 0.001
 Batch Size: 256
 Epochs: 10
[I 2024-06-18 12:11:21,417] Trial 96 finished with value: 0.7792166471481323 and parameters: {'n_conv_layers': 4, 'n_dense_layers': 2, 'maxpooling': True, 'batchnormalization': False, 'filtersind0': 7, 'kernel_size0': 7, 'maxpooling0': False, 'batchnormalization0': False, 'filtersind1': 6, 'kernel_size1': 7, 'maxpooling1': True, 'batchnormalization1': False, 'filtersind2': 7, 'kernel_size2': 5, 'maxpooling2': False, 'batchnormalization2': False, 'dropout': 0.16, 'num_hidden_neurons0': 28, 'learnind': 3, 'batchind': 8, 'epochs': 10}. Best is trial 50 with value: 0.6914599537849426.
Best trial: 50. Best value: 0.69146:  95%|███████████████████████████████████████████████████████████████████████████████████▌    | 95/100 [13:17:15<30:03, 360.61s/it] Convolutional Layers: 5
 Dense Layers: 2
 Learning rate: 0.0001
 Batch Size: 512
 Epochs: 75
[I 2024-06-18 12:12:49,206] Trial 95 finished with value: 0.7423470616340637 and parameters: {'n_conv_layers': 4, 'n_dense_layers': 2, 'maxpooling': True, 'batchnormalization': False, 'filtersind0': 7, 'kernel_size0': 7, 'maxpooling0': False, 'batchnormalization0': False, 'filtersind1': 6, 'kernel_size1': 7, 'maxpooling1': True, 'batchnormalization1': False, 'filtersind2': 7, 'kernel_size2': 3, 'maxpooling2': False, 'batchnormalization2': False, 'dropout': 0.14, 'num_hidden_neurons0': 28, 'learnind': 4, 'batchind': 9, 'epochs': 74}. Best is trial 50 with value: 0.6914599537849426.
Best trial: 50. Best value: 0.69146:  96%|████████████████████████████████████████████████████████████████████████████████████▍   | 96/100 [13:18:43<18:35, 278.76s/it] Convolutional Layers: 3
 Dense Layers: 2
 Learning rate: 0.0001
 Batch Size: 1024
 Epochs: 75
[I 2024-06-18 12:23:03,164] Trial 98 finished with value: 0.9314739108085632 and parameters: {'n_conv_layers': 3, 'n_dense_layers': 2, 'maxpooling': True, 'batchnormalization': False, 'filtersind0': 6, 'kernel_size0': 7, 'maxpooling0': True, 'batchnormalization0': False, 'filtersind1': 6, 'kernel_size1': 7, 'maxpooling1': True, 'batchnormalization1': False, 'dropout': 0.09, 'num_hidden_neurons0': 40, 'learnind': 4, 'batchind': 10, 'epochs': 75}. Best is trial 50 with value: 0.6914599537849426.
Best trial: 50. Best value: 0.69146:  97%|█████████████████████████████████████████████████████████████████████████████████████▎  | 97/100 [13:28:57<18:57, 379.32s/it] Convolutional Layers: 4
 Dense Layers: 2
 Learning rate: 1e-05
 Batch Size: 512
 Epochs: 99
[I 2024-06-18 12:25:34,603] Trial 97 finished with value: 0.8092789053916931 and parameters: {'n_conv_layers': 5, 'n_dense_layers': 2, 'maxpooling': True, 'batchnormalization': False, 'filtersind0': 7, 'kernel_size0': 7, 'maxpooling0': True, 'batchnormalization0': False, 'filtersind1': 6, 'kernel_size1': 7, 'maxpooling1': True, 'batchnormalization1': False, 'filtersind2': 7, 'kernel_size2': 5, 'maxpooling2': True, 'batchnormalization2': False, 'filtersind3': 6, 'kernel_size3': 7, 'batchnormalization3': False, 'dropout': 0.29, 'num_hidden_neurons0': 21, 'learnind': 4, 'batchind': 9, 'epochs': 75}. Best is trial 50 with value: 0.6914599537849426.
Best trial: 50. Best value: 0.69146:  98%|██████████████████████████████████████████████████████████████████████████████████████▏ | 98/100 [13:31:28<10:21, 310.96s/it]Epoch 50: early stopping
[I 2024-06-18 12:34:42,500] Trial 99 finished with value: 0.9771931767463684 and parameters: {'n_conv_layers': 4, 'n_dense_layers': 2, 'maxpooling': True, 'batchnormalization': True, 'filtersind0': 7, 'kernel_size0': 7, 'maxpooling0': False, 'batchnormalization0': False, 'filtersind1': 7, 'kernel_size1': 11, 'maxpooling1': True, 'batchnormalization1': False, 'filtersind2': 7, 'kernel_size2': 3, 'maxpooling2': True, 'batchnormalization2': True, 'dropout': 0.14, 'num_hidden_neurons0': 67, 'learnind': 5, 'batchind': 9, 'epochs': 99}. Best is trial 50 with value: 0.6914599537849426.
[I 2024-06-18 12:48:42,223] Trial 92 finished with value: 0.706633448600769 and parameters: {'n_conv_layers': 3, 'n_dense_layers': 2, 'maxpooling': True, 'batchnormalization': False, 'filtersind0': 8, 'kernel_size0': 7, 'maxpooling0': False, 'batchnormalization0': False, 'filtersind1': 7, 'kernel_size1': 7, 'maxpooling1': True, 'batchnormalization1': False, 'dropout': 0.32, 'num_hidden_neurons0': 49, 'learnind': 5, 'batchind': 6, 'epochs': 158}. Best is trial 50 with value: 0.6914599537849426.
Best trial: 50. Best value: 0.69146: 100%|███████████████████████████████████████████████████████████████████████████████████████| 100/100 [13:54:36<00:00, 500.76s/it]
Number of finished trials: 100
Best trial:
  Value: 0.6914599537849426
  Params:
    n_conv_layers: 4
    n_dense_layers: 2
    maxpooling: False
    batchnormalization: False
    filtersind0: 6
    kernel_size0: 7
    maxpooling0: True
    batchnormalization0: False
    filtersind1: 7
    kernel_size1: 7
    maxpooling1: True
    batchnormalization1: False
    filtersind2: 6
    kernel_size2: 9
    maxpooling2: False
    batchnormalization2: False
    dropout: 0.29
    num_hidden_neurons0: 8
    learnind: 4
    batchind: 7
    epochs: 100

(optuna-gpu) C:\Users\SuperUser\OneDrive\mestrado\pesquisa\optuna\cifar-10>
(optuna-gpu) C:\Users\SuperUser\OneDrive\mestrado\pesquisa\optuna\cifar-10>