,number,value,datetime_start,datetime_complete,duration,params_batchind,params_batchnormalization,params_batchnormalization0,params_batchnormalization1,params_batchnormalization2,params_batchnormalization3,params_batchnormalization4,params_batchnormalization5,params_batchnormalization6,params_dropout,params_epochs,params_filtersind0,params_filtersind1,params_filtersind2,params_filtersind3,params_filtersind4,params_filtersind5,params_filtersind6,params_kernel_size0,params_kernel_size1,params_kernel_size2,params_kernel_size3,params_kernel_size4,params_kernel_size5,params_kernel_size6,params_learnind,params_maxpooling,params_maxpooling0,params_maxpooling1,params_maxpooling2,params_maxpooling3,params_maxpooling4,params_maxpooling5,params_maxpooling6,params_n_conv_layers,params_n_dense_layers,params_num_hidden_neurons0,params_num_hidden_neurons1,state
89,89,0.9345827102661133,2024-06-18 11:30:50.183074,2024-06-18 11:36:28.748911,0 days 00:05:38.565837,8,False,False,True,False,False,True,,,0.23,83,7.0,6.0,8.0,6.0,6.0,,,7.0,5.0,9.0,5.0,5.0,,,4,True,False,True,False,False,False,,,6,2,18.0,,COMPLETE
90,90,0.8919579982757568,2024-06-18 11:33:11.225905,2024-06-18 11:40:01.021828,0 days 00:06:49.795923,6,False,False,True,False,False,True,,,0.23,43,7.0,6.0,6.0,7.0,6.0,,,7.0,5.0,9.0,11.0,5.0,,,4,True,False,True,False,False,False,,,6,2,46.0,,COMPLETE
91,91,1.0053755044937134,2024-06-18 11:35:10.170120,2024-06-18 11:53:45.022476,0 days 00:18:34.852356,6,False,False,True,False,True,True,,,0.23,148,8.0,7.0,6.0,7.0,6.0,,,7.0,5.0,9.0,11.0,5.0,,,5,True,False,True,False,False,False,,,6,2,47.0,,COMPLETE
92,92,0.706633448600769,2024-06-18 11:36:28.766232,2024-06-18 12:48:42.206871,0 days 01:12:13.440639,6,False,False,False,,,,,,0.32,158,8.0,7.0,,,,,,7.0,7.0,,,,,,5,True,False,True,,,,,,3,2,49.0,,COMPLETE
93,93,0.7316523790359497,2024-06-18 11:40:01.050856,2024-06-18 11:55:18.252836,0 days 00:15:17.201980,8,False,False,False,False,False,,,,0.18,63,7.0,6.0,7.0,6.0,,,,7.0,7.0,5.0,5.0,,,,4,True,False,True,False,True,,,,5,2,16.0,,COMPLETE
94,94,0.8057049512863159,2024-06-18 11:53:45.043961,2024-06-18 12:08:19.143828,0 days 00:14:34.099867,9,False,False,False,False,False,,,,0.21,58,7.0,6.0,7.0,6.0,,,,7.0,7.0,5.0,5.0,,,,4,True,False,True,False,True,,,,5,2,16.0,,COMPLETE
95,95,0.7423470616340637,2024-06-18 11:55:18.267005,2024-06-18 12:12:49.189975,0 days 00:17:30.922970,9,False,False,False,False,,,,,0.14,74,7.0,6.0,7.0,,,,,7.0,7.0,3.0,,,,,4,True,False,True,False,,,,,4,2,28.0,,COMPLETE
96,96,0.7792166471481323,2024-06-18 12:08:19.169215,2024-06-18 12:11:21.396584,0 days 00:03:02.227369,8,False,False,False,False,,,,,0.16,10,7.0,6.0,7.0,,,,,7.0,7.0,5.0,,,,,3,True,False,True,False,,,,,4,2,28.0,,COMPLETE
97,97,0.8092789053916931,2024-06-18 12:11:21.421083,2024-06-18 12:25:34.581316,0 days 00:14:13.160233,9,False,False,False,False,False,,,,0.29,75,7.0,6.0,7.0,6.0,,,,7.0,7.0,5.0,7.0,,,,4,True,True,True,True,,,,,5,2,21.0,,COMPLETE
98,98,0.9314739108085632,2024-06-18 12:12:49.210988,2024-06-18 12:23:03.142517,0 days 00:10:13.931529,10,False,False,False,,,,,,0.09,75,6.0,6.0,,,,,,7.0,7.0,,,,,,4,True,True,True,,,,,,3,2,40.0,,COMPLETE
99,99,0.9771931767463684,2024-06-18 12:23:03.167996,2024-06-18 12:34:42.482126,0 days 00:11:39.314130,9,True,False,False,True,,,,,0.14,99,7.0,7.0,7.0,,,,,7.0,11.0,3.0,,,,,5,True,False,True,True,,,,,4,2,67.0,,COMPLETE
