[I 2024-07-28 12:06:27,271] Trial 27 finished with value: 0.7573999762535095 and parameters: {'n_conv_layers': 4, 'n_dense_layers': 1, 'maxpooling': False, 'batchnormalization': True, 'filtersind0': 8, 'kernel_size0': 3, 'maxpooling0': True, 'batchnormalization0': False, 'filtersind1': 5, 'kernel_size1': 9, 'maxpooling1': True, 'batchnormalization1': True, 'filtersind2': 5, 'kernel_size2': 3, 'maxpooling2': True, 'batchnormalization2': True, 'dropout': 0.2, 'learnind': 3, 'batchind': 6, 'epochs': 110}. Best is trial 6 with value: 0.772599995136261.
 Convolutional Layers: 8
 Dense Layers: 2
 Learning rate: 0.1
 Batch Size: 64
 Epochs: 99
Epoch 14: early stopping
[I 2024-07-28 12:12:09,669] Trial 29 finished with value: 0.10000000149011612 and parameters: {'n_conv_layers': 3, 'n_dense_layers': 2, 'maxpooling': False, 'batchnormalization': False, 'filtersind0': 6, 'kernel_size0': 9, 'maxpooling0': True, 'batchnormalization0': False, 'filtersind1': 6, 'kernel_size1': 9, 'maxpooling1': True, 'batchnormalization1': True, 'dropout': 0.4, 'num_hidden_neurons0': 10, 'learnind': 1, 'batchind': 6, 'epochs': 209}. Best is trial 6 with value: 0.772599995136261.
 Convolutional Layers: 7
 Dense Layers: 2
 Learning rate: 0.01
 Batch Size: 64
 Epochs: 12
Epoch 14: early stopping
[I 2024-07-28 12:18:25,745] Trial 30 finished with value: 0.10000000149011612 and parameters: {'n_conv_layers': 8, 'n_dense_layers': 2, 'maxpooling': False, 'batchnormalization': True, 'filtersind0': 8, 'kernel_size0': 9, 'maxpooling0': True, 'batchnormalization0': False, 'filtersind1': 5, 'kernel_size1': 9, 'maxpooling1': True, 'batchnormalization1': True, 'filtersind2': 7, 'kernel_size2': 3, 'maxpooling2': True, 'batchnormalization2': True, 'filtersind3': 5, 'kernel_size3': 11, 'maxpooling3': True, 'batchnormalization3': True, 'filtersind4': 8, 'kernel_size4': 3, 'batchnormalization4': False, 'filtersind5': 8, 'kernel_size5': 9, 'batchnormalization5': True, 'filtersind6': 8, 'kernel_size6': 5, 'batchnormalization6': False, 'dropout': 0.11, 'num_hidden_neurons0': 11, 'learnind': 1, 'batchind': 6, 'epochs': 99}. Best is trial 6 with value: 0.772599995136261.
 Convolutional Layers: 4
 Dense Layers: 1
 Learning rate: 0.001
 Batch Size: 256
 Epochs: 62
Epoch 13: early stopping
[I 2024-07-28 12:22:40,224] Trial 32 finished with value: 0.7746000289916992 and parameters: {'n_conv_layers': 4, 'n_dense_layers': 1, 'maxpooling': False, 'batchnormalization': True, 'filtersind0': 8, 'kernel_size0': 3, 'maxpooling0': True, 'batchnormalization0': False, 'filtersind1': 6, 'kernel_size1': 9, 'maxpooling1': True, 'batchnormalization1': True, 'filtersind2': 5, 'kernel_size2': 3, 'maxpooling2': True, 'batchnormalization2': True, 'dropout': 0.34, 'learnind': 3, 'batchind': 8, 'epochs': 62}. Best is trial 32 with value: 0.7746000289916992.
 Convolutional Layers: 4
 Dense Layers: 1
 Learning rate: 0.001
 Batch Size: 64
 Epochs: 58
[I 2024-07-28 12:22:43,595] Trial 31 finished with value: 0.44200000166893005 and parameters: {'n_conv_layers': 7, 'n_dense_layers': 2, 'maxpooling': False, 'batchnormalization': True, 'filtersind0': 8, 'kernel_size0': 3, 'maxpooling0': True, 'batchnormalization0': True, 'filtersind1': 5, 'kernel_size1': 9, 'maxpooling1': True, 'batchnormalization1': True, 'filtersind2': 7, 'kernel_size2': 3, 'maxpooling2': True, 'batchnormalization2': True, 'filtersind3': 5, 'kernel_size3': 11, 'maxpooling3': True, 'batchnormalization3': True, 'filtersind4': 8, 'kernel_size4': 7, 'batchnormalization4': False, 'filtersind5': 8, 'kernel_size5': 5, 'batchnormalization5': True, 'dropout': 0.11, 'num_hidden_neurons0': 42, 'learnind': 2, 'batchind': 6, 'epochs': 12}. Best is trial 32 with value: 0.7746000289916992.
 Convolutional Layers: 3
 Dense Layers: 1
 Learning rate: 0.001
 Batch Size: 256
 Epochs: 62
Epoch 12: early stopping
[I 2024-07-28 12:27:01,418] Trial 34 finished with value: 0.7710000276565552 and parameters: {'n_conv_layers': 3, 'n_dense_layers': 1, 'maxpooling': False, 'batchnormalization': True, 'filtersind0': 8, 'kernel_size0': 3, 'maxpooling0': True, 'batchnormalization0': False, 'filtersind1': 7, 'kernel_size1': 9, 'maxpooling1': True, 'batchnormalization1': True, 'dropout': 0.5, 'learnind': 3, 'batchind': 8, 'epochs': 62}. Best is trial 32 with value: 0.7746000289916992.
 Convolutional Layers: 3
 Dense Layers: 1
 Learning rate: 0.001
 Batch Size: 512
 Epochs: 59
Epoch 16: early stopping
[I 2024-07-28 12:30:31,881] Trial 35 finished with value: 0.7753999829292297 and parameters: {'n_conv_layers': 3, 'n_dense_layers': 1, 'maxpooling': False, 'batchnormalization': True, 'filtersind0': 8, 'kernel_size0': 3, 'maxpooling0': True, 'batchnormalization0': False, 'filtersind1': 7, 'kernel_size1': 3, 'maxpooling1': True, 'batchnormalization1': True, 'dropout': 0.49, 'learnind': 3, 'batchind': 9, 'epochs': 59}. Best is trial 35 with value: 0.7753999829292297.
 Convolutional Layers: 3
 Dense Layers: 3
 Learning rate: 0.01
 Batch Size: 512
 Epochs: 55
Epoch 7: early stopping
[I 2024-07-28 12:32:14,384] Trial 36 finished with value: 0.22509999573230743 and parameters: {'n_conv_layers': 3, 'n_dense_layers': 3, 'maxpooling': False, 'batchnormalization': True, 'filtersind0': 8, 'kernel_size0': 3, 'maxpooling0': True, 'batchnormalization0': True, 'filtersind1': 7, 'kernel_size1': 3, 'maxpooling1': True, 'batchnormalization1': True, 'dropout': 0.49, 'num_hidden_neurons0': 122, 'num_hidden_neurons1': 7, 'learnind': 2, 'batchind': 9, 'epochs': 55}. Best is trial 35 with value: 0.7753999829292297.
 Convolutional Layers: 3
 Dense Layers: 1
 Learning rate: 0.001
 Batch Size: 512
 Epochs: 45
Epoch 13: early stopping
[I 2024-07-28 12:32:37,912] Trial 33 finished with value: 0.7720000147819519 and parameters: {'n_conv_layers': 4, 'n_dense_layers': 1, 'maxpooling': False, 'batchnormalization': True, 'filtersind0': 8, 'kernel_size0': 3, 'maxpooling0': True, 'batchnormalization0': False, 'filtersind1': 5, 'kernel_size1': 9, 'maxpooling1': True, 'batchnormalization1': True, 'filtersind2': 5, 'kernel_size2': 3, 'maxpooling2': True, 'batchnormalization2': True, 'dropout': 0.5, 'learnind': 3, 'batchind': 6, 'epochs': 58}. Best is trial 35 with value: 0.7753999829292297.
 Convolutional Layers: 6
 Dense Layers: 1
 Learning rate: 0.01
 Batch Size: 1024
 Epochs: 41
Epoch 9: early stopping
[I 2024-07-28 12:38:17,372] Trial 38 finished with value: 0.375900000333786 and parameters: {'n_conv_layers': 6, 'n_dense_layers': 1, 'maxpooling': False, 'batchnormalization': True, 'filtersind0': 8, 'kernel_size0': 3, 'maxpooling0': False, 'batchnormalization0': True, 'filtersind1': 7, 'kernel_size1': 3, 'maxpooling1': True, 'batchnormalization1': False, 'filtersind2': 6, 'kernel_size2': 3, 'maxpooling2': True, 'batchnormalization2': True, 'filtersind3': 6, 'kernel_size3': 3, 'maxpooling3': False, 'batchnormalization3': True, 'filtersind4': 7, 'kernel_size4': 5, 'maxpooling4': True, 'batchnormalization4': False, 'dropout': 0.47000000000000003, 'learnind': 2, 'batchind': 10, 'epochs': 41}. Best is trial 35 with value: 0.7753999829292297.
 Convolutional Layers: 6
 Dense Layers: 1
 Learning rate: 0.001
 Batch Size: 512
 Epochs: 80
Epoch 13: early stopping
[I 2024-07-28 12:39:32,638] Trial 37 finished with value: 0.7171000242233276 and parameters: {'n_conv_layers': 3, 'n_dense_layers': 1, 'maxpooling': False, 'batchnormalization': True, 'filtersind0': 8, 'kernel_size0': 3, 'maxpooling0': False, 'batchnormalization0': False, 'filtersind1': 7, 'kernel_size1': 3, 'maxpooling1': True, 'batchnormalization1': True, 'dropout': 0.48, 'learnind': 3, 'batchind': 9, 'epochs': 45}. Best is trial 35 with value: 0.7753999829292297.
 Convolutional Layers: 6
 Dense Layers: 1
 Learning rate: 0.001
 Batch Size: 256
 Epochs: 19
Epoch 13: early stopping
[I 2024-07-28 12:45:24,438] Trial 39 finished with value: 0.7732999920845032 and parameters: {'n_conv_layers': 6, 'n_dense_layers': 1, 'maxpooling': False, 'batchnormalization': True, 'filtersind0': 8, 'kernel_size0': 5, 'maxpooling0': True, 'batchnormalization0': False, 'filtersind1': 5, 'kernel_size1': 3, 'maxpooling1': True, 'batchnormalization1': True, 'filtersind2': 6, 'kernel_size2': 3, 'maxpooling2': True, 'batchnormalization2': True, 'filtersind3': 6, 'kernel_size3': 9, 'maxpooling3': False, 'batchnormalization3': True, 'filtersind4': 6, 'kernel_size4': 9, 'maxpooling4': True, 'batchnormalization4': False, 'dropout': 0.38, 'learnind': 3, 'batchind': 9, 'epochs': 80}. Best is trial 35 with value: 0.7753999829292297.
 Convolutional Layers: 6
 Dense Layers: 1
 Learning rate: 0.01
 Batch Size: 512
 Epochs: 88
Epoch 14: early stopping
[I 2024-07-28 12:52:04,950] Trial 40 finished with value: 0.7892000079154968 and parameters: {'n_conv_layers': 6, 'n_dense_layers': 1, 'maxpooling': False, 'batchnormalization': True, 'filtersind0': 8, 'kernel_size0': 7, 'maxpooling0': True, 'batchnormalization0': True, 'filtersind1': 5, 'kernel_size1': 11, 'maxpooling1': False, 'batchnormalization1': False, 'filtersind2': 6, 'kernel_size2': 3, 'maxpooling2': True, 'batchnormalization2': True, 'filtersind3': 6, 'kernel_size3': 9, 'maxpooling3': False, 'batchnormalization3': True, 'filtersind4': 6, 'kernel_size4': 9, 'maxpooling4': True, 'batchnormalization4': False, 'dropout': 0.42, 'learnind': 3, 'batchind': 8, 'epochs': 19}. Best is trial 40 with value: 0.7892000079154968.
 Convolutional Layers: 6
 Dense Layers: 1
 Learning rate: 0.001
 Batch Size: 512
 Epochs: 20
Epoch 16: early stopping
[I 2024-07-28 12:58:48,704] Trial 41 finished with value: 0.7603999972343445 and parameters: {'n_conv_layers': 6, 'n_dense_layers': 1, 'maxpooling': False, 'batchnormalization': True, 'filtersind0': 8, 'kernel_size0': 5, 'maxpooling0': True, 'batchnormalization0': True, 'filtersind1': 8, 'kernel_size1': 3, 'maxpooling1': False, 'batchnormalization1': False, 'filtersind2': 6, 'kernel_size2': 11, 'maxpooling2': True, 'batchnormalization2': True, 'filtersind3': 6, 'kernel_size3': 9, 'maxpooling3': False, 'batchnormalization3': True, 'filtersind4': 6, 'kernel_size4': 9, 'maxpooling4': True, 'batchnormalization4': False, 'dropout': 0.34, 'learnind': 2, 'batchind': 9, 'epochs': 88}. Best is trial 40 with value: 0.7892000079154968.
 Convolutional Layers: 6
 Dense Layers: 1
 Learning rate: 0.001
 Batch Size: 256
 Epochs: 18
Epoch 13: early stopping
[I 2024-07-28 13:03:10,834] Trial 42 finished with value: 0.7720999717712402 and parameters: {'n_conv_layers': 6, 'n_dense_layers': 1, 'maxpooling': False, 'batchnormalization': True, 'filtersind0': 8, 'kernel_size0': 7, 'maxpooling0': True, 'batchnormalization0': True, 'filtersind1': 5, 'kernel_size1': 11, 'maxpooling1': False, 'batchnormalization1': False, 'filtersind2': 6, 'kernel_size2': 3, 'maxpooling2': True, 'batchnormalization2': True, 'filtersind3': 6, 'kernel_size3': 9, 'maxpooling3': False, 'batchnormalization3': True, 'filtersind4': 6, 'kernel_size4': 9, 'maxpooling4': True, 'batchnormalization4': False, 'dropout': 0.39, 'learnind': 3, 'batchind': 9, 'epochs': 20}. Best is trial 40 with value: 0.7892000079154968.
 Convolutional Layers: 6
 Dense Layers: 1
 Learning rate: 0.0001
 Batch Size: 256
 Epochs: 25
Epoch 12: early stopping
[I 2024-07-28 13:10:12,559] Trial 43 finished with value: 0.7904999852180481 and parameters: {'n_conv_layers': 6, 'n_dense_layers': 1, 'maxpooling': False, 'batchnormalization': True, 'filtersind0': 8, 'kernel_size0': 7, 'maxpooling0': True, 'batchnormalization0': True, 'filtersind1': 5, 'kernel_size1': 11, 'maxpooling1': False, 'batchnormalization1': False, 'filtersind2': 6, 'kernel_size2': 3, 'maxpooling2': True, 'batchnormalization2': True, 'filtersind3': 6, 'kernel_size3': 9, 'maxpooling3': False, 'batchnormalization3': True, 'filtersind4': 6, 'kernel_size4': 9, 'maxpooling4': True, 'batchnormalization4': False, 'dropout': 0.43, 'learnind': 3, 'batchind': 8, 'epochs': 18}. Best is trial 43 with value: 0.7904999852180481.
 Convolutional Layers: 7
 Dense Layers: 1
 Learning rate: 0.0001
 Batch Size: 256
 Epochs: 29
Epoch 12: early stopping
[I 2024-07-28 13:14:12,266] Trial 44 finished with value: 0.7667999863624573 and parameters: {'n_conv_layers': 6, 'n_dense_layers': 1, 'maxpooling': False, 'batchnormalization': True, 'filtersind0': 8, 'kernel_size0': 7, 'maxpooling0': True, 'batchnormalization0': True, 'filtersind1': 5, 'kernel_size1': 11, 'maxpooling1': False, 'batchnormalization1': False, 'filtersind2': 6, 'kernel_size2': 3, 'maxpooling2': True, 'batchnormalization2': True, 'filtersind3': 7, 'kernel_size3': 9, 'maxpooling3': False, 'batchnormalization3': True, 'filtersind4': 7, 'kernel_size4': 9, 'maxpooling4': True, 'batchnormalization4': False, 'dropout': 0.44, 'learnind': 4, 'batchind': 8, 'epochs': 25}. Best is trial 43 with value: 0.7904999852180481.
 Convolutional Layers: 7
 Dense Layers: 3
 Learning rate: 0.001
 Batch Size: 1024
 Epochs: 81
Epoch 6: early stopping
[I 2024-07-28 13:28:39,285] Trial 46 finished with value: 0.10000000149011612 and parameters: {'n_conv_layers': 7, 'n_dense_layers': 3, 'maxpooling': False, 'batchnormalization': True, 'filtersind0': 8, 'kernel_size0': 7, 'maxpooling0': False, 'batchnormalization0': True, 'filtersind1': 7, 'kernel_size1': 11, 'maxpooling1': False, 'batchnormalization1': False, 'filtersind2': 8, 'kernel_size2': 3, 'maxpooling2': True, 'batchnormalization2': True, 'filtersind3': 6, 'kernel_size3': 9, 'maxpooling3': False, 'batchnormalization3': True, 'filtersind4': 6, 'kernel_size4': 9, 'maxpooling4': True, 'batchnormalization4': False, 'filtersind5': 7, 'kernel_size5': 5, 'maxpooling5': False, 'batchnormalization5': False, 'dropout': 0.43, 'num_hidden_neurons0': 14, 'num_hidden_neurons1': 112, 'learnind': 3, 'batchind': 10, 'epochs': 81}. Best is trial 43 with value: 0.7904999852180481.
 Convolutional Layers: 7
 Dense Layers: 1
 Learning rate: 0.001
 Batch Size: 256
 Epochs: 32
Epoch 11: early stopping
[I 2024-07-28 13:30:44,516] Trial 45 finished with value: 0.7652999758720398 and parameters: {'n_conv_layers': 7, 'n_dense_layers': 1, 'maxpooling': False, 'batchnormalization': True, 'filtersind0': 8, 'kernel_size0': 7, 'maxpooling0': True, 'batchnormalization0': True, 'filtersind1': 5, 'kernel_size1': 11, 'maxpooling1': False, 'batchnormalization1': False, 'filtersind2': 7, 'kernel_size2': 3, 'maxpooling2': True, 'batchnormalization2': True, 'filtersind3': 6, 'kernel_size3': 9, 'maxpooling3': False, 'batchnormalization3': True, 'filtersind4': 6, 'kernel_size4': 9, 'maxpooling4': True, 'batchnormalization4': False, 'filtersind5': 7, 'kernel_size5': 5, 'maxpooling5': False, 'batchnormalization5': False, 'dropout': 0.43, 'learnind': 4, 'batchind': 8, 'epochs': 29}. Best is trial 43 with value: 0.7904999852180481.
 Convolutional Layers: 8
 Dense Layers: 1
 Learning rate: 0.001
 Batch Size: 256
 Epochs: 11
Epoch 12: early stopping
[I 2024-07-28 13:34:59,461] Trial 47 finished with value: 0.804099977016449 and parameters: {'n_conv_layers': 7, 'n_dense_layers': 1, 'maxpooling': False, 'batchnormalization': True, 'filtersind0': 8, 'kernel_size0': 7, 'maxpooling0': True, 'batchnormalization0': True, 'filtersind1': 5, 'kernel_size1': 5, 'maxpooling1': False, 'batchnormalization1': False, 'filtersind2': 7, 'kernel_size2': 3, 'maxpooling2': True, 'batchnormalization2': True, 'filtersind3': 5, 'kernel_size3': 9, 'maxpooling3': False, 'batchnormalization3': True, 'filtersind4': 6, 'kernel_size4': 9, 'maxpooling4': True, 'batchnormalization4': False, 'filtersind5': 7, 'kernel_size5': 11, 'maxpooling5': True, 'batchnormalization5': True, 'dropout': 0.34, 'learnind': 3, 'batchind': 8, 'epochs': 32}. Best is trial 47 with value: 0.804099977016449.
 Convolutional Layers: 8
 Dense Layers: 1
 Learning rate: 0.01
 Batch Size: 256
 Epochs: 46
[I 2024-07-28 13:36:18,773] Trial 48 finished with value: 0.7786999940872192 and parameters: {'n_conv_layers': 8, 'n_dense_layers': 1, 'maxpooling': False, 'batchnormalization': True, 'filtersind0': 5, 'kernel_size0': 5, 'maxpooling0': True, 'batchnormalization0': False, 'filtersind1': 6, 'kernel_size1': 5, 'maxpooling1': False, 'batchnormalization1': False, 'filtersind2': 6, 'kernel_size2': 3, 'maxpooling2': True, 'batchnormalization2': True, 'filtersind3': 5, 'kernel_size3': 9, 'maxpooling3': False, 'batchnormalization3': True, 'filtersind4': 6, 'kernel_size4': 9, 'maxpooling4': True, 'batchnormalization4': False, 'filtersind5': 6, 'kernel_size5': 11, 'maxpooling5': True, 'batchnormalization5': True, 'filtersind6': 5, 'kernel_size6': 11, 'batchnormalization6': True, 'dropout': 0.34, 'learnind': 3, 'batchind': 8, 'epochs': 11}. Best is trial 47 with value: 0.804099977016449.
 Convolutional Layers: 8
 Dense Layers: 1
 Learning rate: 0.01
 Batch Size: 256
 Epochs: 12
[I 2024-07-28 13:52:56,593] Trial 50 finished with value: 0.7421000003814697 and parameters: {'n_conv_layers': 8, 'n_dense_layers': 1, 'maxpooling': False, 'batchnormalization': True, 'filtersind0': 5, 'kernel_size0': 7, 'maxpooling0': False, 'batchnormalization0': True, 'filtersind1': 8, 'kernel_size1': 5, 'maxpooling1': False, 'batchnormalization1': False, 'filtersind2': 7, 'kernel_size2': 7, 'maxpooling2': True, 'batchnormalization2': False, 'filtersind3': 5, 'kernel_size3': 9, 'maxpooling3': False, 'batchnormalization3': True, 'filtersind4': 6, 'kernel_size4': 9, 'maxpooling4': True, 'batchnormalization4': False, 'filtersind5': 6, 'kernel_size5': 11, 'maxpooling5': True, 'batchnormalization5': True, 'filtersind6': 5, 'kernel_size6': 11, 'maxpooling6': True, 'batchnormalization6': True, 'dropout': 0.42, 'learnind': 2, 'batchind': 8, 'epochs': 12}. Best is trial 47 with value: 0.804099977016449.
 Convolutional Layers: 8
 Dense Layers: 1
 Learning rate: 1e-05
 Batch Size: 256
 Epochs: 35
Epoch 14: early stopping
[I 2024-07-28 13:53:24,072] Trial 49 finished with value: 0.8051000237464905 and parameters: {'n_conv_layers': 8, 'n_dense_layers': 1, 'maxpooling': False, 'batchnormalization': True, 'filtersind0': 5, 'kernel_size0': 7, 'maxpooling0': False, 'batchnormalization0': True, 'filtersind1': 6, 'kernel_size1': 5, 'maxpooling1': False, 'batchnormalization1': False, 'filtersind2': 8, 'kernel_size2': 7, 'maxpooling2': True, 'batchnormalization2': False, 'filtersind3': 5, 'kernel_size3': 9, 'maxpooling3': False, 'batchnormalization3': True, 'filtersind4': 7, 'kernel_size4': 9, 'maxpooling4': True, 'batchnormalization4': False, 'filtersind5': 6, 'kernel_size5': 11, 'maxpooling5': True, 'batchnormalization5': True, 'filtersind6': 5, 'kernel_size6': 11, 'maxpooling6': True, 'batchnormalization6': True, 'dropout': 0.34, 'learnind': 2, 'batchind': 8, 'epochs': 46}. Best is trial 49 with value: 0.8051000237464905.
 Convolutional Layers: 8
 Dense Layers: 1
 Learning rate: 0.01
 Batch Size: 256
 Epochs: 37
Epoch 16: early stopping
[I 2024-07-28 14:09:09,720] Trial 52 finished with value: 0.704800009727478 and parameters: {'n_conv_layers': 8, 'n_dense_layers': 1, 'maxpooling': False, 'batchnormalization': True, 'filtersind0': 5, 'kernel_size0': 7, 'maxpooling0': False, 'batchnormalization0': True, 'filtersind1': 6, 'kernel_size1': 5, 'maxpooling1': False, 'batchnormalization1': False, 'filtersind2': 8, 'kernel_size2': 7, 'maxpooling2': True, 'batchnormalization2': False, 'filtersind3': 5, 'kernel_size3': 9, 'maxpooling3': False, 'batchnormalization3': True, 'filtersind4': 7, 'kernel_size4': 9, 'maxpooling4': True, 'batchnormalization4': False, 'filtersind5': 6, 'kernel_size5': 11, 'maxpooling5': True, 'batchnormalization5': True, 'filtersind6': 5, 'kernel_size6': 11, 'maxpooling6': True, 'batchnormalization6': True, 'dropout': 0.46, 'learnind': 2, 'batchind': 8, 'epochs': 37}. Best is trial 49 with value: 0.8051000237464905.
 Convolutional Layers: 8
 Dense Layers: 1
 Learning rate: 0.001
 Batch Size: 256
 Epochs: 48
Epoch 18: early stopping
[I 2024-07-28 14:10:13,368] Trial 51 finished with value: 0.632099986076355 and parameters: {'n_conv_layers': 8, 'n_dense_layers': 1, 'maxpooling': False, 'batchnormalization': True, 'filtersind0': 5, 'kernel_size0': 7, 'maxpooling0': True, 'batchnormalization0': True, 'filtersind1': 7, 'kernel_size1': 5, 'maxpooling1': False, 'batchnormalization1': False, 'filtersind2': 8, 'kernel_size2': 11, 'maxpooling2': True, 'batchnormalization2': False, 'filtersind3': 5, 'kernel_size3': 9, 'maxpooling3': False, 'batchnormalization3': True, 'filtersind4': 6, 'kernel_size4': 9, 'maxpooling4': True, 'batchnormalization4': False, 'filtersind5': 7, 'kernel_size5': 11, 'maxpooling5': True, 'batchnormalization5': True, 'filtersind6': 6, 'kernel_size6': 9, 'batchnormalization6': True, 'dropout': 0.46, 'learnind': 5, 'batchind': 8, 'epochs': 35}. Best is trial 49 with value: 0.8051000237464905.
 Convolutional Layers: 7
 Dense Layers: 1
 Learning rate: 0.001
 Batch Size: 256
 Epochs: 49
Epoch 14: early stopping
[I 2024-07-28 14:26:51,661] Trial 53 finished with value: 0.8057000041007996 and parameters: {'n_conv_layers': 8, 'n_dense_layers': 1, 'maxpooling': False, 'batchnormalization': True, 'filtersind0': 5, 'kernel_size0': 7, 'maxpooling0': False, 'batchnormalization0': True, 'filtersind1': 6, 'kernel_size1': 5, 'maxpooling1': False, 'batchnormalization1': False, 'filtersind2': 8, 'kernel_size2': 7, 'maxpooling2': True, 'batchnormalization2': False, 'filtersind3': 5, 'kernel_size3': 9, 'maxpooling3': False, 'batchnormalization3': True, 'filtersind4': 6, 'kernel_size4': 9, 'maxpooling4': True, 'batchnormalization4': False, 'filtersind5': 7, 'kernel_size5': 11, 'maxpooling5': True, 'batchnormalization5': True, 'filtersind6': 6, 'kernel_size6': 11, 'maxpooling6': True, 'batchnormalization6': True, 'dropout': 0.32, 'learnind': 3, 'batchind': 8, 'epochs': 48}. Best is trial 53 with value: 0.8057000041007996.
 Convolutional Layers: 8
 Dense Layers: 1
 Learning rate: 0.01
 Batch Size: 256
 Epochs: 49
Epoch 14: early stopping
