[I 2024-07-28 21:06:12,177] Trial 97 finished with value: 0.4401000142097473 and parameters: {'n_conv_layers': 8, 'n_dense_layers': 2, 'maxpooling': False, 'batchnormalization': True, 'filtersind0': 7, 'kernel_size0': 7, 'maxpooling0': False, 'batchnormalization0': True, 'filtersind1': 6, 'kernel_size1': 5, 'maxpooling1': False, 'batchnormalization1': False, 'filtersind2': 7, 'kernel_size2': 11, 'maxpooling2': True, 'batchnormalization2': False, 'filtersind3': 6, 'kernel_size3': 5, 'maxpooling3': False, 'batchnormalization3': True, 'filtersind4': 7, 'kernel_size4': 11, 'maxpooling4': True, 'batchnormalization4': True, 'filtersind5': 8, 'kernel_size5': 11, 'maxpooling5': True, 'batchnormalization5': True, 'filtersind6': 5, 'kernel_size6': 11, 'maxpooling6': True, 'batchnormalization6': False, 'dropout': 0.31, 'num_hidden_neurons0': 16, 'learnind': 3, 'batchind': 8, 'epochs': 15}. Best is trial 86 with value: 0.8233000040054321.
 Convolutional Layers: 1
 Dense Layers: 1
 Learning rate: 0.001
 Batch Size: 128
 Epochs: 53
Epoch 8: early stopping
[I 2024-07-28 21:06:18,550] Trial 98 finished with value: 0.5809999704360962 and parameters: {'n_conv_layers': 1, 'n_dense_layers': 1, 'maxpooling': False, 'batchnormalization': True, 'dropout': 0.31, 'learnind': 3, 'batchind': 7, 'epochs': 54}. Best is trial 86 with value: 0.8233000040054321.
 Convolutional Layers: 7
 Dense Layers: 3
 Learning rate: 0.0001
 Batch Size: 256
 Epochs: 76
Epoch 7: early stopping
[I 2024-07-28 21:14:35,921] Trial 99 finished with value: 0.5637000203132629 and parameters: {'n_conv_layers': 1, 'n_dense_layers': 1, 'maxpooling': False, 'batchnormalization': True, 'dropout': 0.33, 'learnind': 3, 'batchind': 7, 'epochs': 53}. Best is trial 86 with value: 0.8233000040054321.
 Convolutional Layers: 7
 Dense Layers: 3
 Learning rate: 0.0001
 Batch Size: 256
 Epochs: 211
Epoch 23: early stopping
[I 2024-07-28 21:54:27,950] Trial 100 finished with value: 0.8012999892234802 and parameters: {'n_conv_layers': 7, 'n_dense_layers': 3, 'maxpooling': False, 'batchnormalization': True, 'filtersind0': 6, 'kernel_size0': 7, 'maxpooling0': False, 'batchnormalization0': True, 'filtersind1': 6, 'kernel_size1': 5, 'maxpooling1': False, 'batchnormalization1': False, 'filtersind2': 8, 'kernel_size2': 11, 'maxpooling2': False, 'batchnormalization2': False, 'filtersind3': 7, 'kernel_size3': 7, 'maxpooling3': False, 'batchnormalization3': True, 'filtersind4': 6, 'kernel_size4': 7, 'maxpooling4': True, 'batchnormalization4': True, 'filtersind5': 6, 'kernel_size5': 7, 'maxpooling5': True, 'batchnormalization5': True, 'dropout': 0.35000000000000003, 'num_hidden_neurons0': 30, 'num_hidden_neurons1': 33, 'learnind': 4, 'batchind': 8, 'epochs': 76}. Best is trial 86 with value: 0.8233000040054321.
 Convolutional Layers: 8
 Dense Layers: 2
 Learning rate: 0.001
 Batch Size: 256
 Epochs: 27
Epoch 36: early stopping
[I 2024-07-28 22:19:44,786] Trial 101 finished with value: 0.7523999810218811 and parameters: {'n_conv_layers': 7, 'n_dense_layers': 3, 'maxpooling': False, 'batchnormalization': False, 'filtersind0': 6, 'kernel_size0': 7, 'maxpooling0': False, 'batchnormalization0': True, 'filtersind1': 7, 'kernel_size1': 5, 'maxpooling1': False, 'batchnormalization1': False, 'filtersind2': 8, 'kernel_size2': 5, 'maxpooling2': False, 'batchnormalization2': False, 'filtersind3': 7, 'kernel_size3': 3, 'maxpooling3': False, 'batchnormalization3': True, 'filtersind4': 6, 'kernel_size4': 7, 'maxpooling4': True, 'batchnormalization4': True, 'filtersind5': 6, 'kernel_size5': 3, 'maxpooling5': True, 'batchnormalization5': True, 'dropout': 0.24, 'num_hidden_neurons0': 32, 'num_hidden_neurons1': 36, 'learnind': 4, 'batchind': 8, 'epochs': 211}. Best is trial 86 with value: 0.8233000040054321.
 Convolutional Layers: 8
 Dense Layers: 2
 Learning rate: 0.001
 Batch Size: 256
 Epochs: 31
Epoch 20: early stopping
[I 2024-07-28 22:23:43,017] Trial 102 finished with value: 0.8086000084877014 and parameters: {'n_conv_layers': 8, 'n_dense_layers': 2, 'maxpooling': False, 'batchnormalization': True, 'filtersind0': 7, 'kernel_size0': 7, 'maxpooling0': False, 'batchnormalization0': True, 'filtersind1': 6, 'kernel_size1': 7, 'maxpooling1': False, 'batchnormalization1': False, 'filtersind2': 7, 'kernel_size2': 9, 'maxpooling2': True, 'batchnormalization2': False, 'filtersind3': 7, 'kernel_size3': 7, 'maxpooling3': False, 'batchnormalization3': True, 'filtersind4': 5, 'kernel_size4': 5, 'maxpooling4': True, 'batchnormalization4': True, 'filtersind5': 6, 'kernel_size5': 11, 'maxpooling5': False, 'batchnormalization5': False, 'filtersind6': 7, 'kernel_size6': 3, 'maxpooling6': False, 'batchnormalization6': True, 'dropout': 0.28, 'num_hidden_neurons0': 105, 'learnind': 3, 'batchind': 8, 'epochs': 27}. Best is trial 86 with value: 0.8233000040054321.
 Convolutional Layers: 8
 Dense Layers: 1
 Learning rate: 0.001
 Batch Size: 256
 Epochs: 33
Epoch 15: early stopping
[I 2024-07-28 22:45:05,094] Trial 104 finished with value: 0.7706999778747559 and parameters: {'n_conv_layers': 8, 'n_dense_layers': 1, 'maxpooling': False, 'batchnormalization': True, 'filtersind0': 7, 'kernel_size0': 7, 'maxpooling0': False, 'batchnormalization0': True, 'filtersind1': 6, 'kernel_size1': 7, 'maxpooling1': False, 'batchnormalization1': False, 'filtersind2': 7, 'kernel_size2': 9, 'maxpooling2': True, 'batchnormalization2': False, 'filtersind3': 7, 'kernel_size3': 7, 'maxpooling3': False, 'batchnormalization3': True, 'filtersind4': 5, 'kernel_size4': 5, 'maxpooling4': True, 'batchnormalization4': True, 'filtersind5': 6, 'kernel_size5': 11, 'maxpooling5': False, 'batchnormalization5': False, 'filtersind6': 7, 'kernel_size6': 3, 'maxpooling6': False, 'batchnormalization6': True, 'dropout': 0.28, 'learnind': 3, 'batchind': 8, 'epochs': 33}. Best is trial 86 with value: 0.8233000040054321.
 Convolutional Layers: 8
 Dense Layers: 1
 Learning rate: 0.001
 Batch Size: 256
 Epochs: 40
Epoch 19: early stopping
[I 2024-07-28 22:45:50,595] Trial 103 finished with value: 0.8032000064849854 and parameters: {'n_conv_layers': 8, 'n_dense_layers': 2, 'maxpooling': False, 'batchnormalization': True, 'filtersind0': 7, 'kernel_size0': 7, 'maxpooling0': False, 'batchnormalization0': True, 'filtersind1': 6, 'kernel_size1': 7, 'maxpooling1': False, 'batchnormalization1': False, 'filtersind2': 7, 'kernel_size2': 9, 'maxpooling2': True, 'batchnormalization2': False, 'filtersind3': 7, 'kernel_size3': 7, 'maxpooling3': False, 'batchnormalization3': True, 'filtersind4': 5, 'kernel_size4': 5, 'maxpooling4': True, 'batchnormalization4': True, 'filtersind5': 6, 'kernel_size5': 11, 'maxpooling5': False, 'batchnormalization5': False, 'filtersind6': 7, 'kernel_size6': 3, 'maxpooling6': False, 'batchnormalization6': True, 'dropout': 0.29, 'num_hidden_neurons0': 99, 'learnind': 3, 'batchind': 8, 'epochs': 31}. Best is trial 86 with value: 0.8233000040054321.
 Convolutional Layers: 8
 Dense Layers: 2
 Learning rate: 0.001
 Batch Size: 32
 Epochs: 41
Epoch 15: early stopping
[I 2024-07-28 22:56:44,536] Trial 105 finished with value: 0.7856000065803528 and parameters: {'n_conv_layers': 8, 'n_dense_layers': 1, 'maxpooling': False, 'batchnormalization': True, 'filtersind0': 7, 'kernel_size0': 7, 'maxpooling0': False, 'batchnormalization0': True, 'filtersind1': 6, 'kernel_size1': 7, 'maxpooling1': False, 'batchnormalization1': False, 'filtersind2': 7, 'kernel_size2': 9, 'maxpooling2': True, 'batchnormalization2': False, 'filtersind3': 7, 'kernel_size3': 7, 'maxpooling3': False, 'batchnormalization3': True, 'filtersind4': 5, 'kernel_size4': 5, 'maxpooling4': True, 'batchnormalization4': True, 'filtersind5': 5, 'kernel_size5': 11, 'maxpooling5': False, 'batchnormalization5': False, 'filtersind6': 7, 'kernel_size6': 11, 'maxpooling6': False, 'batchnormalization6': True, 'dropout': 0.2, 'learnind': 3, 'batchind': 8, 'epochs': 40}. Best is trial 86 with value: 0.8233000040054321.
 Convolutional Layers: 8
 Dense Layers: 2
 Learning rate: 0.001
 Batch Size: 32
 Epochs: 26
Epoch 12: early stopping
[I 2024-07-28 23:01:48,350] Trial 106 finished with value: 0.7279000282287598 and parameters: {'n_conv_layers': 8, 'n_dense_layers': 2, 'maxpooling': True, 'batchnormalization': True, 'filtersind0': 7, 'kernel_size0': 9, 'maxpooling0': False, 'batchnormalization0': True, 'filtersind1': 6, 'kernel_size1': 7, 'maxpooling1': False, 'batchnormalization1': False, 'filtersind2': 7, 'kernel_size2': 9, 'maxpooling2': True, 'batchnormalization2': False, 'filtersind3': 7, 'kernel_size3': 7, 'maxpooling3': False, 'batchnormalization3': True, 'filtersind4': 5, 'kernel_size4': 9, 'maxpooling4': True, 'batchnormalization4': False, 'filtersind5': 6, 'kernel_size5': 11, 'maxpooling5': True, 'batchnormalization5': False, 'filtersind6': 7, 'kernel_size6': 3, 'batchnormalization6': True, 'dropout': 0.32, 'num_hidden_neurons0': 106, 'learnind': 3, 'batchind': 5, 'epochs': 41}. Best is trial 86 with value: 0.8233000040054321.
 Convolutional Layers: 8
 Dense Layers: 2
 Learning rate: 0.001
 Batch Size: 256
 Epochs: 66
Epoch 15: early stopping
[I 2024-07-28 23:13:02,783] Trial 108 finished with value: 0.82669997215271 and parameters: {'n_conv_layers': 8, 'n_dense_layers': 2, 'maxpooling': False, 'batchnormalization': True, 'filtersind0': 7, 'kernel_size0': 5, 'maxpooling0': False, 'batchnormalization0': True, 'filtersind1': 6, 'kernel_size1': 7, 'maxpooling1': False, 'batchnormalization1': False, 'filtersind2': 7, 'kernel_size2': 9, 'maxpooling2': True, 'batchnormalization2': False, 'filtersind3': 7, 'kernel_size3': 7, 'maxpooling3': False, 'batchnormalization3': True, 'filtersind4': 5, 'kernel_size4': 9, 'maxpooling4': True, 'batchnormalization4': False, 'filtersind5': 6, 'kernel_size5': 9, 'maxpooling5': True, 'batchnormalization5': False, 'filtersind6': 8, 'kernel_size6': 11, 'maxpooling6': False, 'batchnormalization6': True, 'dropout': 0.35000000000000003, 'num_hidden_neurons0': 95, 'learnind': 3, 'batchind': 8, 'epochs': 66}. Best is trial 108 with value: 0.82669997215271.
 Convolutional Layers: 7
 Dense Layers: 2
 Learning rate: 0.001
 Batch Size: 256
 Epochs: 66
Epoch 14: early stopping
[I 2024-07-28 23:23:38,120] Trial 109 finished with value: 0.8116000294685364 and parameters: {'n_conv_layers': 7, 'n_dense_layers': 2, 'maxpooling': False, 'batchnormalization': True, 'filtersind0': 7, 'kernel_size0': 5, 'maxpooling0': False, 'batchnormalization0': True, 'filtersind1': 6, 'kernel_size1': 7, 'maxpooling1': False, 'batchnormalization1': False, 'filtersind2': 7, 'kernel_size2': 9, 'maxpooling2': True, 'batchnormalization2': False, 'filtersind3': 7, 'kernel_size3': 9, 'maxpooling3': False, 'batchnormalization3': True, 'filtersind4': 5, 'kernel_size4': 9, 'maxpooling4': True, 'batchnormalization4': False, 'filtersind5': 6, 'kernel_size5': 9, 'maxpooling5': True, 'batchnormalization5': False, 'dropout': 0.35000000000000003, 'num_hidden_neurons0': 125, 'learnind': 3, 'batchind': 8, 'epochs': 66}. Best is trial 108 with value: 0.82669997215271.
 Convolutional Layers: 7
 Dense Layers: 2
 Learning rate: 0.01
 Batch Size: 512
 Epochs: 68
Epoch 16: early stopping
[I 2024-07-28 23:25:58,325] Trial 107 finished with value: 0.7656999826431274 and parameters: {'n_conv_layers': 8, 'n_dense_layers': 2, 'maxpooling': True, 'batchnormalization': True, 'filtersind0': 7, 'kernel_size0': 9, 'maxpooling0': False, 'batchnormalization0': True, 'filtersind1': 6, 'kernel_size1': 7, 'maxpooling1': False, 'batchnormalization1': False, 'filtersind2': 7, 'kernel_size2': 9, 'maxpooling2': True, 'batchnormalization2': False, 'filtersind3': 7, 'kernel_size3': 7, 'maxpooling3': False, 'batchnormalization3': True, 'filtersind4': 5, 'kernel_size4': 9, 'maxpooling4': True, 'batchnormalization4': False, 'filtersind5': 6, 'kernel_size5': 9, 'maxpooling5': True, 'batchnormalization5': False, 'filtersind6': 7, 'kernel_size6': 3, 'batchnormalization6': True, 'dropout': 0.32, 'num_hidden_neurons0': 104, 'learnind': 3, 'batchind': 5, 'epochs': 26}. Best is trial 108 with value: 0.82669997215271.
 Convolutional Layers: 7
 Dense Layers: 2
 Learning rate: 0.01
 Batch Size: 256
 Epochs: 81
Epoch 6: early stopping
[I 2024-07-28 23:30:03,114] Trial 110 finished with value: 0.10000000149011612 and parameters: {'n_conv_layers': 7, 'n_dense_layers': 2, 'maxpooling': False, 'batchnormalization': True, 'filtersind0': 7, 'kernel_size0': 5, 'maxpooling0': False, 'batchnormalization0': True, 'filtersind1': 6, 'kernel_size1': 7, 'maxpooling1': False, 'batchnormalization1': False, 'filtersind2': 7, 'kernel_size2': 9, 'maxpooling2': True, 'batchnormalization2': False, 'filtersind3': 7, 'kernel_size3': 3, 'maxpooling3': False, 'batchnormalization3': True, 'filtersind4': 5, 'kernel_size4': 9, 'maxpooling4': True, 'batchnormalization4': False, 'filtersind5': 6, 'kernel_size5': 9, 'maxpooling5': True, 'batchnormalization5': False, 'dropout': 0.35000000000000003, 'num_hidden_neurons0': 125, 'learnind': 2, 'batchind': 9, 'epochs': 68}. Best is trial 108 with value: 0.82669997215271.
 Convolutional Layers: 8
 Dense Layers: 2
 Learning rate: 0.001
 Batch Size: 256
 Epochs: 47
Epoch 16: early stopping
[I 2024-07-28 23:53:24,706] Trial 112 finished with value: 0.8004000186920166 and parameters: {'n_conv_layers': 8, 'n_dense_layers': 2, 'maxpooling': False, 'batchnormalization': True, 'filtersind0': 7, 'kernel_size0': 5, 'maxpooling0': False, 'batchnormalization0': True, 'filtersind1': 6, 'kernel_size1': 7, 'maxpooling1': False, 'batchnormalization1': False, 'filtersind2': 7, 'kernel_size2': 9, 'maxpooling2': True, 'batchnormalization2': False, 'filtersind3': 7, 'kernel_size3': 9, 'maxpooling3': False, 'batchnormalization3': True, 'filtersind4': 5, 'kernel_size4': 9, 'maxpooling4': True, 'batchnormalization4': False, 'filtersind5': 6, 'kernel_size5': 9, 'maxpooling5': True, 'batchnormalization5': False, 'filtersind6': 8, 'kernel_size6': 11, 'maxpooling6': False, 'batchnormalization6': True, 'dropout': 0.35000000000000003, 'num_hidden_neurons0': 86, 'learnind': 3, 'batchind': 8, 'epochs': 47}. Best is trial 108 with value: 0.82669997215271.
 Convolutional Layers: 8
 Dense Layers: 2
 Learning rate: 0.001
 Batch Size: 256
 Epochs: 59
Epoch 21: early stopping
[I 2024-07-28 23:55:33,295] Trial 111 finished with value: 0.10000000149011612 and parameters: {'n_conv_layers': 7, 'n_dense_layers': 2, 'maxpooling': False, 'batchnormalization': True, 'filtersind0': 7, 'kernel_size0': 5, 'maxpooling0': False, 'batchnormalization0': True, 'filtersind1': 6, 'kernel_size1': 7, 'maxpooling1': False, 'batchnormalization1': False, 'filtersind2': 7, 'kernel_size2': 9, 'maxpooling2': True, 'batchnormalization2': False, 'filtersind3': 7, 'kernel_size3': 11, 'maxpooling3': False, 'batchnormalization3': True, 'filtersind4': 5, 'kernel_size4': 9, 'maxpooling4': True, 'batchnormalization4': False, 'filtersind5': 7, 'kernel_size5': 9, 'maxpooling5': True, 'batchnormalization5': False, 'dropout': 0.35000000000000003, 'num_hidden_neurons0': 127, 'learnind': 2, 'batchind': 8, 'epochs': 81}. Best is trial 108 with value: 0.82669997215271.
 Convolutional Layers: 8
 Dense Layers: 2
 Learning rate: 0.001
 Batch Size: 256
 Epochs: 56
Epoch 19: early stopping
Epoch 21: early stopping
[I 2024-07-29 00:18:18,640] Trial 114 finished with value: 0.8065000176429749 and parameters: {'n_conv_layers': 8, 'n_dense_layers': 2, 'maxpooling': False, 'batchnormalization': True, 'filtersind0': 7, 'kernel_size0': 5, 'maxpooling0': False, 'batchnormalization0': True, 'filtersind1': 6, 'kernel_size1': 7, 'maxpooling1': False, 'batchnormalization1': False, 'filtersind2': 7, 'kernel_size2': 7, 'maxpooling2': True, 'batchnormalization2': False, 'filtersind3': 5, 'kernel_size3': 9, 'maxpooling3': False, 'batchnormalization3': True, 'filtersind4': 5, 'kernel_size4': 9, 'maxpooling4': True, 'batchnormalization4': False, 'filtersind5': 6, 'kernel_size5': 9, 'maxpooling5': True, 'batchnormalization5': True, 'filtersind6': 8, 'kernel_size6': 11, 'maxpooling6': False, 'batchnormalization6': True, 'dropout': 0.37, 'num_hidden_neurons0': 62, 'learnind': 3, 'batchind': 8, 'epochs': 56}. Best is trial 108 with value: 0.82669997215271.
 Convolutional Layers: 8
 Dense Layers: 2
 Learning rate: 0.001
 Batch Size: 16
 Epochs: 59
[I 2024-07-29 00:18:19,327] Trial 113 finished with value: 0.8159999847412109 and parameters: {'n_conv_layers': 8, 'n_dense_layers': 2, 'maxpooling': False, 'batchnormalization': True, 'filtersind0': 7, 'kernel_size0': 5, 'maxpooling0': False, 'batchnormalization0': True, 'filtersind1': 6, 'kernel_size1': 7, 'maxpooling1': False, 'batchnormalization1': False, 'filtersind2': 7, 'kernel_size2': 9, 'maxpooling2': True, 'batchnormalization2': False, 'filtersind3': 5, 'kernel_size3': 9, 'maxpooling3': False, 'batchnormalization3': True, 'filtersind4': 5, 'kernel_size4': 9, 'maxpooling4': True, 'batchnormalization4': False, 'filtersind5': 6, 'kernel_size5': 9, 'maxpooling5': True, 'batchnormalization5': False, 'filtersind6': 8, 'kernel_size6': 11, 'maxpooling6': False, 'batchnormalization6': True, 'dropout': 0.37, 'num_hidden_neurons0': 128, 'learnind': 3, 'batchind': 8, 'epochs': 59}. Best is trial 108 with value: 0.82669997215271.
 Convolutional Layers: 8
 Dense Layers: 2
 Learning rate: 0.001
 Batch Size: 256
 Epochs: 66
Epoch 13: early stopping
[I 2024-07-29 00:28:54,470] Trial 116 finished with value: 0.7921000123023987 and parameters: {'n_conv_layers': 8, 'n_dense_layers': 2, 'maxpooling': False, 'batchnormalization': True, 'filtersind0': 7, 'kernel_size0': 5, 'maxpooling0': False, 'batchnormalization0': True, 'filtersind1': 6, 'kernel_size1': 7, 'maxpooling1': False, 'batchnormalization1': False, 'filtersind2': 7, 'kernel_size2': 9, 'maxpooling2': True, 'batchnormalization2': False, 'filtersind3': 7, 'kernel_size3': 9, 'maxpooling3': False, 'batchnormalization3': True, 'filtersind4': 5, 'kernel_size4': 9, 'maxpooling4': True, 'batchnormalization4': False, 'filtersind5': 6, 'kernel_size5': 9, 'maxpooling5': True, 'batchnormalization5': False, 'filtersind6': 8, 'kernel_size6': 11, 'maxpooling6': False, 'batchnormalization6': True, 'dropout': 0.37, 'num_hidden_neurons0': 92, 'learnind': 3, 'batchind': 8, 'epochs': 66}. Best is trial 108 with value: 0.82669997215271.
 Convolutional Layers: 8
 Dense Layers: 2
 Learning rate: 0.001
 Batch Size: 256
 Epochs: 58
Epoch 19: early stopping
[I 2024-07-29 00:43:01,504] Trial 117 finished with value: 0.8238999843597412 and parameters: {'n_conv_layers': 8, 'n_dense_layers': 2, 'maxpooling': False, 'batchnormalization': True, 'filtersind0': 7, 'kernel_size0': 5, 'maxpooling0': False, 'batchnormalization0': True, 'filtersind1': 6, 'kernel_size1': 7, 'maxpooling1': False, 'batchnormalization1': False, 'filtersind2': 7, 'kernel_size2': 9, 'maxpooling2': True, 'batchnormalization2': False, 'filtersind3': 5, 'kernel_size3': 9, 'maxpooling3': False, 'batchnormalization3': True, 'filtersind4': 5, 'kernel_size4': 9, 'maxpooling4': True, 'batchnormalization4': False, 'filtersind5': 6, 'kernel_size5': 9, 'maxpooling5': True, 'batchnormalization5': False, 'filtersind6': 8, 'kernel_size6': 11, 'maxpooling6': False, 'batchnormalization6': True, 'dropout': 0.33, 'num_hidden_neurons0': 68, 'learnind': 3, 'batchind': 8, 'epochs': 58}. Best is trial 108 with value: 0.82669997215271.
 Convolutional Layers: 8
 Dense Layers: 2
 Learning rate: 0.001
 Batch Size: 256
 Epochs: 56
Epoch 16: early stopping
[I 2024-07-29 00:54:47,356] Trial 118 finished with value: 0.7960000038146973 and parameters: {'n_conv_layers': 8, 'n_dense_layers': 2, 'maxpooling': False, 'batchnormalization': True, 'filtersind0': 7, 'kernel_size0': 5, 'maxpooling0': False, 'batchnormalization0': True, 'filtersind1': 6, 'kernel_size1': 7, 'maxpooling1': False, 'batchnormalization1': False, 'filtersind2': 7, 'kernel_size2': 9, 'maxpooling2': True, 'batchnormalization2': False, 'filtersind3': 5, 'kernel_size3': 9, 'maxpooling3': True, 'batchnormalization3': True, 'filtersind4': 5, 'kernel_size4': 9, 'maxpooling4': False, 'batchnormalization4': False, 'filtersind5': 6, 'kernel_size5': 9, 'maxpooling5': True, 'batchnormalization5': False, 'filtersind6': 8, 'kernel_size6': 11, 'maxpooling6': False, 'batchnormalization6': True, 'dropout': 0.37, 'num_hidden_neurons0': 68, 'learnind': 3, 'batchind': 8, 'epochs': 56}. Best is trial 108 with value: 0.82669997215271.
 Convolutional Layers: 8
 Dense Layers: 2
 Learning rate: 0.001
 Batch Size: 256
 Epochs: 71
Epoch 17: early stopping
[I 2024-07-29 01:12:05,890] Trial 119 finished with value: 0.775600016117096 and parameters: {'n_conv_layers': 8, 'n_dense_layers': 2, 'maxpooling': False, 'batchnormalization': False, 'filtersind0': 7, 'kernel_size0': 5, 'maxpooling0': False, 'batchnormalization0': True, 'filtersind1': 6, 'kernel_size1': 7, 'maxpooling1': False, 'batchnormalization1': False, 'filtersind2': 8, 'kernel_size2': 9, 'maxpooling2': True, 'batchnormalization2': False, 'filtersind3': 5, 'kernel_size3': 9, 'maxpooling3': False, 'batchnormalization3': False, 'filtersind4': 5, 'kernel_size4': 9, 'maxpooling4': True, 'batchnormalization4': False, 'filtersind5': 6, 'kernel_size5': 9, 'maxpooling5': True, 'batchnormalization5': False, 'filtersind6': 8, 'kernel_size6': 11, 'maxpooling6': False, 'batchnormalization6': True, 'dropout': 0.37, 'num_hidden_neurons0': 63, 'learnind': 3, 'batchind': 8, 'epochs': 71}. Best is trial 108 with value: 0.82669997215271.
 Convolutional Layers: 8
 Dense Layers: 2
 Learning rate: 0.001
 Batch Size: 128
 Epochs: 86
Epoch 25: early stopping
