[I 2024-07-30 07:48:48,341] Trial 276 finished with value: 0.835099995136261 and parameters: {'n_conv_layers': 5, 'n_dense_layers': 2, 'maxpooling': False, 'batchnormalization': True, 'filtersind0': 7, 'kernel_size0': 3, 'maxpooling0': False, 'batchnormalization0': True, 'filtersind1': 7, 'kernel_size1': 7, 'maxpooling1': False, 'batchnormalization1': False, 'filtersind2': 7, 'kernel_size2': 9, 'maxpooling2': True, 'batchnormalization2': False, 'filtersind3': 5, 'kernel_size3': 9, 'maxpooling3': True, 'batchnormalization3': True, 'dropout': 0.37, 'num_hidden_neurons0': 70, 'learnind': 4, 'batchind': 5, 'epochs': 110}. Best is trial 265 with value: 0.8410999774932861.
 Convolutional Layers: 5
 Dense Layers: 2
 Learning rate: 1e-05
 Batch Size: 32
 Epochs: 111
Epoch 24: early stopping
[I 2024-07-30 08:26:06,461] Trial 277 finished with value: 0.7206000089645386 and parameters: {'n_conv_layers': 5, 'n_dense_layers': 2, 'maxpooling': False, 'batchnormalization': True, 'filtersind0': 7, 'kernel_size0': 9, 'maxpooling0': False, 'batchnormalization0': True, 'filtersind1': 7, 'kernel_size1': 9, 'maxpooling1': False, 'batchnormalization1': False, 'filtersind2': 7, 'kernel_size2': 9, 'maxpooling2': True, 'batchnormalization2': False, 'filtersind3': 5, 'kernel_size3': 9, 'maxpooling3': True, 'batchnormalization3': True, 'dropout': 0.34, 'num_hidden_neurons0': 68, 'learnind': 5, 'batchind': 5, 'epochs': 111}. Best is trial 265 with value: 0.8410999774932861.
 Convolutional Layers: 6
 Dense Layers: 2
 Learning rate: 0.0001
 Batch Size: 32
 Epochs: 106
Epoch 29: early stopping
[I 2024-07-30 08:32:00,348] Trial 275 finished with value: 0.7980999946594238 and parameters: {'n_conv_layers': 5, 'n_dense_layers': 2, 'maxpooling': False, 'batchnormalization': True, 'filtersind0': 7, 'kernel_size0': 3, 'maxpooling0': False, 'batchnormalization0': True, 'filtersind1': 7, 'kernel_size1': 9, 'maxpooling1': False, 'batchnormalization1': False, 'filtersind2': 7, 'kernel_size2': 9, 'maxpooling2': True, 'batchnormalization2': False, 'filtersind3': 5, 'kernel_size3': 9, 'maxpooling3': True, 'batchnormalization3': True, 'dropout': 0.35000000000000003, 'num_hidden_neurons0': 69, 'learnind': 3, 'batchind': 4, 'epochs': 134}. Best is trial 265 with value: 0.8410999774932861.
 Convolutional Layers: 5
 Dense Layers: 2
 Learning rate: 0.0001
 Batch Size: 32
 Epochs: 107
Epoch 21: early stopping
[I 2024-07-30 09:04:39,183] Trial 279 finished with value: 0.822700023651123 and parameters: {'n_conv_layers': 5, 'n_dense_layers': 2, 'maxpooling': False, 'batchnormalization': True, 'filtersind0': 7, 'kernel_size0': 3, 'maxpooling0': False, 'batchnormalization0': True, 'filtersind1': 7, 'kernel_size1': 7, 'maxpooling1': False, 'batchnormalization1': False, 'filtersind2': 5, 'kernel_size2': 9, 'maxpooling2': False, 'batchnormalization2': False, 'filtersind3': 5, 'kernel_size3': 9, 'maxpooling3': True, 'batchnormalization3': True, 'dropout': 0.38, 'num_hidden_neurons0': 78, 'learnind': 4, 'batchind': 5, 'epochs': 107}. Best is trial 265 with value: 0.8410999774932861.
 Convolutional Layers: 5
 Dense Layers: 2
 Learning rate: 1
 Batch Size: 32
 Epochs: 111
Epoch 32: early stopping
[I 2024-07-30 09:17:12,199] Trial 278 finished with value: 0.8163999915122986 and parameters: {'n_conv_layers': 6, 'n_dense_layers': 2, 'maxpooling': False, 'batchnormalization': True, 'filtersind0': 7, 'kernel_size0': 3, 'maxpooling0': False, 'batchnormalization0': True, 'filtersind1': 7, 'kernel_size1': 7, 'maxpooling1': False, 'batchnormalization1': False, 'filtersind2': 7, 'kernel_size2': 9, 'maxpooling2': False, 'batchnormalization2': False, 'filtersind3': 5, 'kernel_size3': 9, 'maxpooling3': True, 'batchnormalization3': True, 'filtersind4': 8, 'kernel_size4': 3, 'maxpooling4': False, 'batchnormalization4': True, 'dropout': 0.39, 'num_hidden_neurons0': 69, 'learnind': 4, 'batchind': 5, 'epochs': 106}. Best is trial 265 with value: 0.8410999774932861.
 Convolutional Layers: 2
 Dense Layers: 2
 Learning rate: 0.1
 Batch Size: 32
 Epochs: 113
Epoch 10: early stopping
[I 2024-07-30 09:19:47,080] Trial 280 finished with value: 0.09989999979734421 and parameters: {'n_conv_layers': 5, 'n_dense_layers': 2, 'maxpooling': False, 'batchnormalization': True, 'filtersind0': 7, 'kernel_size0': 3, 'maxpooling0': False, 'batchnormalization0': True, 'filtersind1': 7, 'kernel_size1': 7, 'maxpooling1': False, 'batchnormalization1': False, 'filtersind2': 7, 'kernel_size2': 9, 'maxpooling2': True, 'batchnormalization2': False, 'filtersind3': 5, 'kernel_size3': 9, 'maxpooling3': True, 'batchnormalization3': True, 'dropout': 0.36, 'num_hidden_neurons0': 60, 'learnind': 0, 'batchind': 5, 'epochs': 111}. Best is trial 265 with value: 0.8410999774932861.
 Convolutional Layers: 5
 Dense Layers: 2
 Learning rate: 1e-05
 Batch Size: 32
 Epochs: 147
Epoch 10: early stopping
[I 2024-07-30 09:24:49,345] Trial 281 finished with value: 0.10000000149011612 and parameters: {'n_conv_layers': 2, 'n_dense_layers': 2, 'maxpooling': False, 'batchnormalization': True, 'filtersind0': 7, 'kernel_size0': 3, 'maxpooling0': False, 'batchnormalization0': True, 'dropout': 0.36, 'num_hidden_neurons0': 81, 'learnind': 1, 'batchind': 5, 'epochs': 113}. Best is trial 265 with value: 0.8410999774932861.
 Convolutional Layers: 5
 Dense Layers: 2
 Learning rate: 0.0001
 Batch Size: 32
 Epochs: 147
Epoch 17: early stopping
[I 2024-07-30 09:51:12,442] Trial 283 finished with value: 0.8338000178337097 and parameters: {'n_conv_layers': 5, 'n_dense_layers': 2, 'maxpooling': False, 'batchnormalization': True, 'filtersind0': 7, 'kernel_size0': 3, 'maxpooling0': False, 'batchnormalization0': True, 'filtersind1': 7, 'kernel_size1': 7, 'maxpooling1': False, 'batchnormalization1': False, 'filtersind2': 7, 'kernel_size2': 9, 'maxpooling2': True, 'batchnormalization2': False, 'filtersind3': 5, 'kernel_size3': 9, 'maxpooling3': True, 'batchnormalization3': True, 'dropout': 0.37, 'num_hidden_neurons0': 104, 'learnind': 4, 'batchind': 5, 'epochs': 147}. Best is trial 265 with value: 0.8410999774932861.
 Convolutional Layers: 5
 Dense Layers: 2
 Learning rate: 0.0001
 Batch Size: 32
 Epochs: 146
Epoch 37: early stopping
[I 2024-07-30 10:13:46,279] Trial 282 finished with value: 0.7511000037193298 and parameters: {'n_conv_layers': 5, 'n_dense_layers': 2, 'maxpooling': False, 'batchnormalization': True, 'filtersind0': 7, 'kernel_size0': 3, 'maxpooling0': False, 'batchnormalization0': True, 'filtersind1': 7, 'kernel_size1': 7, 'maxpooling1': False, 'batchnormalization1': False, 'filtersind2': 7, 'kernel_size2': 9, 'maxpooling2': True, 'batchnormalization2': False, 'filtersind3': 5, 'kernel_size3': 9, 'maxpooling3': True, 'batchnormalization3': True, 'dropout': 0.37, 'num_hidden_neurons0': 82, 'learnind': 5, 'batchind': 5, 'epochs': 147}. Best is trial 265 with value: 0.8410999774932861.
 Convolutional Layers: 5
 Dense Layers: 2
 Learning rate: 0.01
 Batch Size: 32
 Epochs: 142
Epoch 19: early stopping
[I 2024-07-30 10:18:19,458] Trial 284 finished with value: 0.833899974822998 and parameters: {'n_conv_layers': 5, 'n_dense_layers': 2, 'maxpooling': False, 'batchnormalization': True, 'filtersind0': 7, 'kernel_size0': 3, 'maxpooling0': False, 'batchnormalization0': True, 'filtersind1': 7, 'kernel_size1': 7, 'maxpooling1': False, 'batchnormalization1': False, 'filtersind2': 7, 'kernel_size2': 9, 'maxpooling2': True, 'batchnormalization2': False, 'filtersind3': 5, 'kernel_size3': 9, 'maxpooling3': True, 'batchnormalization3': True, 'dropout': 0.38, 'num_hidden_neurons0': 74, 'learnind': 4, 'batchind': 5, 'epochs': 146}. Best is trial 265 with value: 0.8410999774932861.
 Convolutional Layers: 5
 Dense Layers: 2
 Learning rate: 0.0001
 Batch Size: 32
 Epochs: 163
Epoch 15: early stopping
[I 2024-07-30 10:25:01,180] Trial 286 finished with value: 0.7634000182151794 and parameters: {'n_conv_layers': 5, 'n_dense_layers': 2, 'maxpooling': True, 'batchnormalization': True, 'filtersind0': 7, 'kernel_size0': 3, 'maxpooling0': False, 'batchnormalization0': False, 'filtersind1': 7, 'kernel_size1': 7, 'maxpooling1': True, 'batchnormalization1': False, 'filtersind2': 7, 'kernel_size2': 9, 'maxpooling2': True, 'batchnormalization2': False, 'filtersind3': 5, 'kernel_size3': 5, 'maxpooling3': True, 'batchnormalization3': True, 'dropout': 0.39, 'num_hidden_neurons0': 72, 'learnind': 4, 'batchind': 5, 'epochs': 163}. Best is trial 265 with value: 0.8410999774932861.
 Convolutional Layers: 5
 Dense Layers: 2
 Learning rate: 0.0001
 Batch Size: 32
 Epochs: 156
Epoch 19: early stopping
[I 2024-07-30 10:44:43,637] Trial 287 finished with value: 0.8388000130653381 and parameters: {'n_conv_layers': 5, 'n_dense_layers': 2, 'maxpooling': False, 'batchnormalization': True, 'filtersind0': 7, 'kernel_size0': 3, 'maxpooling0': False, 'batchnormalization0': True, 'filtersind1': 7, 'kernel_size1': 7, 'maxpooling1': False, 'batchnormalization1': False, 'filtersind2': 7, 'kernel_size2': 9, 'maxpooling2': True, 'batchnormalization2': False, 'filtersind3': 5, 'kernel_size3': 9, 'maxpooling3': True, 'batchnormalization3': True, 'dropout': 0.38, 'num_hidden_neurons0': 63, 'learnind': 4, 'batchind': 5, 'epochs': 156}. Best is trial 265 with value: 0.8410999774932861.
 Convolutional Layers: 5
 Dense Layers: 2
 Learning rate: 0.0001
 Batch Size: 32
 Epochs: 156
Epoch 50: early stopping
[I 2024-07-30 10:56:00,274] Trial 285 finished with value: 0.5040000081062317 and parameters: {'n_conv_layers': 5, 'n_dense_layers': 2, 'maxpooling': True, 'batchnormalization': True, 'filtersind0': 7, 'kernel_size0': 3, 'maxpooling0': False, 'batchnormalization0': False, 'filtersind1': 7, 'kernel_size1': 7, 'maxpooling1': False, 'batchnormalization1': False, 'filtersind2': 7, 'kernel_size2': 9, 'maxpooling2': True, 'batchnormalization2': False, 'filtersind3': 5, 'kernel_size3': 9, 'maxpooling3': True, 'batchnormalization3': True, 'dropout': 0.34, 'num_hidden_neurons0': 63, 'learnind': 2, 'batchind': 5, 'epochs': 142}. Best is trial 265 with value: 0.8410999774932861.
 Convolutional Layers: 5
 Dense Layers: 2
 Learning rate: 0.0001
 Batch Size: 32
 Epochs: 145
Epoch 17: early stopping
[I 2024-07-30 11:05:35,630] Trial 288 finished with value: 0.8371999859809875 and parameters: {'n_conv_layers': 5, 'n_dense_layers': 2, 'maxpooling': False, 'batchnormalization': True, 'filtersind0': 7, 'kernel_size0': 3, 'maxpooling0': False, 'batchnormalization0': True, 'filtersind1': 7, 'kernel_size1': 7, 'maxpooling1': False, 'batchnormalization1': False, 'filtersind2': 7, 'kernel_size2': 9, 'maxpooling2': True, 'batchnormalization2': False, 'filtersind3': 5, 'kernel_size3': 9, 'maxpooling3': True, 'batchnormalization3': True, 'dropout': 0.38, 'num_hidden_neurons0': 56, 'learnind': 4, 'batchind': 5, 'epochs': 156}. Best is trial 265 with value: 0.8410999774932861.
 Convolutional Layers: 5
 Dense Layers: 2
 Learning rate: 0.0001
 Batch Size: 32
 Epochs: 151
Epoch 19: early stopping
[I 2024-07-30 11:25:21,114] Trial 289 finished with value: 0.8395000100135803 and parameters: {'n_conv_layers': 5, 'n_dense_layers': 2, 'maxpooling': False, 'batchnormalization': True, 'filtersind0': 7, 'kernel_size0': 3, 'maxpooling0': False, 'batchnormalization0': True, 'filtersind1': 7, 'kernel_size1': 7, 'maxpooling1': False, 'batchnormalization1': False, 'filtersind2': 7, 'kernel_size2': 9, 'maxpooling2': True, 'batchnormalization2': False, 'filtersind3': 5, 'kernel_size3': 9, 'maxpooling3': True, 'batchnormalization3': True, 'dropout': 0.38, 'num_hidden_neurons0': 75, 'learnind': 4, 'batchind': 5, 'epochs': 145}. Best is trial 265 with value: 0.8410999774932861.
 Convolutional Layers: 5
 Dense Layers: 2
 Learning rate: 0.0001
 Batch Size: 32
 Epochs: 154
Epoch 17: early stopping
[I 2024-07-30 11:31:50,955] Trial 290 finished with value: 0.8345999717712402 and parameters: {'n_conv_layers': 5, 'n_dense_layers': 2, 'maxpooling': False, 'batchnormalization': True, 'filtersind0': 7, 'kernel_size0': 3, 'maxpooling0': False, 'batchnormalization0': True, 'filtersind1': 7, 'kernel_size1': 7, 'maxpooling1': False, 'batchnormalization1': False, 'filtersind2': 7, 'kernel_size2': 9, 'maxpooling2': True, 'batchnormalization2': False, 'filtersind3': 5, 'kernel_size3': 9, 'maxpooling3': True, 'batchnormalization3': True, 'dropout': 0.39, 'num_hidden_neurons0': 63, 'learnind': 4, 'batchind': 5, 'epochs': 151}. Best is trial 265 with value: 0.8410999774932861.
 Convolutional Layers: 5
 Dense Layers: 2
 Learning rate: 0.0001
 Batch Size: 32
 Epochs: 149
Epoch 20: early stopping
[I 2024-07-30 11:56:13,625] Trial 291 finished with value: 0.8325999975204468 and parameters: {'n_conv_layers': 5, 'n_dense_layers': 2, 'maxpooling': False, 'batchnormalization': True, 'filtersind0': 7, 'kernel_size0': 3, 'maxpooling0': False, 'batchnormalization0': True, 'filtersind1': 7, 'kernel_size1': 7, 'maxpooling1': False, 'batchnormalization1': False, 'filtersind2': 7, 'kernel_size2': 9, 'maxpooling2': True, 'batchnormalization2': False, 'filtersind3': 5, 'kernel_size3': 9, 'maxpooling3': True, 'batchnormalization3': True, 'dropout': 0.39, 'num_hidden_neurons0': 58, 'learnind': 4, 'batchind': 5, 'epochs': 154}. Best is trial 265 with value: 0.8410999774932861.
 Convolutional Layers: 5
 Dense Layers: 2
 Learning rate: 0.0001
 Batch Size: 32
 Epochs: 158
Epoch 19: early stopping
[I 2024-07-30 12:01:14,329] Trial 292 finished with value: 0.8409000039100647 and parameters: {'n_conv_layers': 5, 'n_dense_layers': 2, 'maxpooling': False, 'batchnormalization': True, 'filtersind0': 7, 'kernel_size0': 3, 'maxpooling0': False, 'batchnormalization0': True, 'filtersind1': 7, 'kernel_size1': 7, 'maxpooling1': False, 'batchnormalization1': False, 'filtersind2': 7, 'kernel_size2': 9, 'maxpooling2': True, 'batchnormalization2': False, 'filtersind3': 5, 'kernel_size3': 9, 'maxpooling3': True, 'batchnormalization3': True, 'dropout': 0.41000000000000003, 'num_hidden_neurons0': 55, 'learnind': 4, 'batchind': 5, 'epochs': 149}. Best is trial 265 with value: 0.8410999774932861.
 Convolutional Layers: 5
 Dense Layers: 2
 Learning rate: 0.0001
 Batch Size: 32
 Epochs: 155
Epoch 20: early stopping
[I 2024-07-30 12:27:04,481] Trial 293 finished with value: 0.8417999744415283 and parameters: {'n_conv_layers': 5, 'n_dense_layers': 2, 'maxpooling': False, 'batchnormalization': True, 'filtersind0': 7, 'kernel_size0': 3, 'maxpooling0': False, 'batchnormalization0': True, 'filtersind1': 7, 'kernel_size1': 7, 'maxpooling1': False, 'batchnormalization1': False, 'filtersind2': 7, 'kernel_size2': 9, 'maxpooling2': True, 'batchnormalization2': False, 'filtersind3': 5, 'kernel_size3': 9, 'maxpooling3': True, 'batchnormalization3': True, 'dropout': 0.41000000000000003, 'num_hidden_neurons0': 55, 'learnind': 4, 'batchind': 5, 'epochs': 158}. Best is trial 293 with value: 0.8417999744415283.
 Convolutional Layers: 5
 Dense Layers: 2
 Learning rate: 0.0001
 Batch Size: 32
 Epochs: 156
Epoch 18: early stopping
[I 2024-07-30 12:29:00,453] Trial 294 finished with value: 0.8431000113487244 and parameters: {'n_conv_layers': 5, 'n_dense_layers': 2, 'maxpooling': False, 'batchnormalization': True, 'filtersind0': 7, 'kernel_size0': 3, 'maxpooling0': False, 'batchnormalization0': True, 'filtersind1': 7, 'kernel_size1': 7, 'maxpooling1': False, 'batchnormalization1': False, 'filtersind2': 7, 'kernel_size2': 9, 'maxpooling2': True, 'batchnormalization2': False, 'filtersind3': 5, 'kernel_size3': 9, 'maxpooling3': True, 'batchnormalization3': True, 'dropout': 0.41000000000000003, 'num_hidden_neurons0': 53, 'learnind': 4, 'batchind': 5, 'epochs': 155}. Best is trial 294 with value: 0.8431000113487244.
 Convolutional Layers: 5
 Dense Layers: 2
 Learning rate: 0.0001
 Batch Size: 32
 Epochs: 177
Epoch 18: early stopping
[I 2024-07-30 12:54:52,694] Trial 295 finished with value: 0.8251000046730042 and parameters: {'n_conv_layers': 5, 'n_dense_layers': 2, 'maxpooling': False, 'batchnormalization': True, 'filtersind0': 7, 'kernel_size0': 3, 'maxpooling0': False, 'batchnormalization0': True, 'filtersind1': 7, 'kernel_size1': 7, 'maxpooling1': False, 'batchnormalization1': False, 'filtersind2': 7, 'kernel_size2': 9, 'maxpooling2': True, 'batchnormalization2': False, 'filtersind3': 5, 'kernel_size3': 9, 'maxpooling3': True, 'batchnormalization3': True, 'dropout': 0.41000000000000003, 'num_hidden_neurons0': 52, 'learnind': 4, 'batchind': 5, 'epochs': 156}. Best is trial 294 with value: 0.8431000113487244.
 Convolutional Layers: 5
 Dense Layers: 2
 Learning rate: 0.0001
 Batch Size: 32
 Epochs: 181
Epoch 17: early stopping
[I 2024-07-30 12:55:16,718] Trial 296 finished with value: 0.8442000150680542 and parameters: {'n_conv_layers': 5, 'n_dense_layers': 2, 'maxpooling': False, 'batchnormalization': True, 'filtersind0': 7, 'kernel_size0': 3, 'maxpooling0': False, 'batchnormalization0': True, 'filtersind1': 7, 'kernel_size1': 7, 'maxpooling1': False, 'batchnormalization1': False, 'filtersind2': 7, 'kernel_size2': 9, 'maxpooling2': True, 'batchnormalization2': False, 'filtersind3': 5, 'kernel_size3': 9, 'maxpooling3': True, 'batchnormalization3': True, 'dropout': 0.41000000000000003, 'num_hidden_neurons0': 59, 'learnind': 4, 'batchind': 5, 'epochs': 177}. Best is trial 296 with value: 0.8442000150680542.
 Convolutional Layers: 5
 Dense Layers: 2
 Learning rate: 0.0001
 Batch Size: 32
 Epochs: 175
Epoch 20: early stopping
[I 2024-07-30 13:25:46,320] Trial 297 finished with value: 0.8295999765396118 and parameters: {'n_conv_layers': 5, 'n_dense_layers': 2, 'maxpooling': False, 'batchnormalization': True, 'filtersind0': 7, 'kernel_size0': 3, 'maxpooling0': False, 'batchnormalization0': True, 'filtersind1': 7, 'kernel_size1': 7, 'maxpooling1': False, 'batchnormalization1': False, 'filtersind2': 7, 'kernel_size2': 9, 'maxpooling2': True, 'batchnormalization2': False, 'filtersind3': 5, 'kernel_size3': 9, 'maxpooling3': True, 'batchnormalization3': True, 'dropout': 0.41000000000000003, 'num_hidden_neurons0': 55, 'learnind': 4, 'batchind': 5, 'epochs': 181}. Best is trial 296 with value: 0.8442000150680542.
 Convolutional Layers: 5
 Dense Layers: 2
 Learning rate: 0.0001
 Batch Size: 32
 Epochs: 177
Epoch 20: early stopping
[I 2024-07-30 13:26:09,877] Trial 298 finished with value: 0.8325999975204468 and parameters: {'n_conv_layers': 5, 'n_dense_layers': 2, 'maxpooling': False, 'batchnormalization': True, 'filtersind0': 7, 'kernel_size0': 3, 'maxpooling0': False, 'batchnormalization0': True, 'filtersind1': 7, 'kernel_size1': 7, 'maxpooling1': False, 'batchnormalization1': False, 'filtersind2': 7, 'kernel_size2': 9, 'maxpooling2': True, 'batchnormalization2': False, 'filtersind3': 5, 'kernel_size3': 9, 'maxpooling3': True, 'batchnormalization3': True, 'dropout': 0.4, 'num_hidden_neurons0': 55, 'learnind': 4, 'batchind': 5, 'epochs': 175}. Best is trial 296 with value: 0.8442000150680542.
 Convolutional Layers: 5
 Dense Layers: 2
 Learning rate: 0.0001
 Batch Size: 32
 Epochs: 159
Epoch 20: early stopping
[I 2024-07-30 13:56:23,825] Trial 300 finished with value: 0.8450000286102295 and parameters: {'n_conv_layers': 5, 'n_dense_layers': 2, 'maxpooling': False, 'batchnormalization': True, 'filtersind0': 7, 'kernel_size0': 3, 'maxpooling0': False, 'batchnormalization0': True, 'filtersind1': 7, 'kernel_size1': 7, 'maxpooling1': False, 'batchnormalization1': False, 'filtersind2': 7, 'kernel_size2': 9, 'maxpooling2': True, 'batchnormalization2': False, 'filtersind3': 5, 'kernel_size3': 9, 'maxpooling3': True, 'batchnormalization3': True, 'dropout': 0.41000000000000003, 'num_hidden_neurons0': 48, 'learnind': 4, 'batchind': 5, 'epochs': 159}. Best is trial 300 with value: 0.8450000286102295.
 Convolutional Layers: 5
 Dense Layers: 2
 Learning rate: 0.0001
 Batch Size: 32
 Epochs: 163
Epoch 20: early stopping
[I 2024-07-30 13:57:25,767] Trial 299 finished with value: 0.8359000086784363 and parameters: {'n_conv_layers': 5, 'n_dense_layers': 2, 'maxpooling': False, 'batchnormalization': True, 'filtersind0': 7, 'kernel_size0': 3, 'maxpooling0': False, 'batchnormalization0': True, 'filtersind1': 7, 'kernel_size1': 7, 'maxpooling1': False, 'batchnormalization1': False, 'filtersind2': 7, 'kernel_size2': 9, 'maxpooling2': True, 'batchnormalization2': False, 'filtersind3': 5, 'kernel_size3': 9, 'maxpooling3': True, 'batchnormalization3': True, 'dropout': 0.42, 'num_hidden_neurons0': 57, 'learnind': 4, 'batchind': 5, 'epochs': 177}. Best is trial 300 with value: 0.8450000286102295.
 Convolutional Layers: 5
 Dense Layers: 2
 Learning rate: 0.0001
 Batch Size: 32
 Epochs: 188
Epoch 20: early stopping
[I 2024-07-30 14:27:15,707] Trial 301 finished with value: 0.8422999978065491 and parameters: {'n_conv_layers': 5, 'n_dense_layers': 2, 'maxpooling': False, 'batchnormalization': True, 'filtersind0': 7, 'kernel_size0': 3, 'maxpooling0': False, 'batchnormalization0': True, 'filtersind1': 7, 'kernel_size1': 7, 'maxpooling1': False, 'batchnormalization1': False, 'filtersind2': 7, 'kernel_size2': 9, 'maxpooling2': True, 'batchnormalization2': False, 'filtersind3': 5, 'kernel_size3': 9, 'maxpooling3': True, 'batchnormalization3': True, 'dropout': 0.43, 'num_hidden_neurons0': 50, 'learnind': 4, 'batchind': 5, 'epochs': 163}. Best is trial 300 with value: 0.8450000286102295.
 Convolutional Layers: 5
 Dense Layers: 2
 Learning rate: 0.0001
 Batch Size: 32
 Epochs: 188
Epoch 22: early stopping
