[I 2024-07-29 06:41:07,304] Trial 141 finished with value: 0.8098000288009644 and parameters: {'n_conv_layers': 6, 'n_dense_layers': 2, 'maxpooling': False, 'batchnormalization': True, 'filtersind0': 7, 'kernel_size0': 5, 'maxpooling0': False, 'batchnormalization0': True, 'filtersind1': 6, 'kernel_size1': 7, 'maxpooling1': False, 'batchnormalization1': False, 'filtersind2': 7, 'kernel_size2': 9, 'maxpooling2': True, 'batchnormalization2': False, 'filtersind3': 5, 'kernel_size3': 9, 'maxpooling3': True, 'batchnormalization3': True, 'filtersind4': 5, 'kernel_size4': 9, 'maxpooling4': False, 'batchnormalization4': False, 'dropout': 0.34, 'num_hidden_neurons0': 82, 'learnind': 3, 'batchind': 7, 'epochs': 104}. Best is trial 137 with value: 0.8343999981880188.
 Convolutional Layers: 5
 Dense Layers: 2
 Learning rate: 0.001
 Batch Size: 128
 Epochs: 105
Epoch 84: early stopping
[I 2024-07-29 06:43:41,766] Trial 136 finished with value: 0.741599977016449 and parameters: {'n_conv_layers': 8, 'n_dense_layers': 2, 'maxpooling': False, 'batchnormalization': True, 'filtersind0': 7, 'kernel_size0': 5, 'maxpooling0': False, 'batchnormalization0': True, 'filtersind1': 6, 'kernel_size1': 7, 'maxpooling1': False, 'batchnormalization1': False, 'filtersind2': 7, 'kernel_size2': 9, 'maxpooling2': True, 'batchnormalization2': False, 'filtersind3': 5, 'kernel_size3': 9, 'maxpooling3': False, 'batchnormalization3': True, 'filtersind4': 5, 'kernel_size4': 9, 'maxpooling4': False, 'batchnormalization4': False, 'filtersind5': 6, 'kernel_size5': 9, 'maxpooling5': True, 'batchnormalization5': False, 'filtersind6': 8, 'kernel_size6': 11, 'maxpooling6': False, 'batchnormalization6': True, 'dropout': 0.41000000000000003, 'num_hidden_neurons0': 114, 'learnind': 3, 'batchind': 6, 'epochs': 127}. Best is trial 137 with value: 0.8343999981880188.
 Convolutional Layers: 5
 Dense Layers: 2
 Learning rate: 0.001
 Batch Size: 128
 Epochs: 102
Epoch 14: early stopping
[I 2024-07-29 06:57:32,252] Trial 142 finished with value: 0.805400013923645 and parameters: {'n_conv_layers': 5, 'n_dense_layers': 2, 'maxpooling': False, 'batchnormalization': True, 'filtersind0': 7, 'kernel_size0': 5, 'maxpooling0': False, 'batchnormalization0': True, 'filtersind1': 6, 'kernel_size1': 7, 'maxpooling1': False, 'batchnormalization1': False, 'filtersind2': 7, 'kernel_size2': 9, 'maxpooling2': True, 'batchnormalization2': False, 'filtersind3': 5, 'kernel_size3': 9, 'maxpooling3': True, 'batchnormalization3': True, 'dropout': 0.34, 'num_hidden_neurons0': 78, 'learnind': 3, 'batchind': 7, 'epochs': 105}. Best is trial 137 with value: 0.8343999981880188.
 Convolutional Layers: 5
 Dense Layers: 2
 Learning rate: 0.001
 Batch Size: 128
 Epochs: 100
Epoch 18: early stopping
[I 2024-07-29 07:05:13,908] Trial 143 finished with value: 0.810699999332428 and parameters: {'n_conv_layers': 5, 'n_dense_layers': 2, 'maxpooling': False, 'batchnormalization': True, 'filtersind0': 7, 'kernel_size0': 5, 'maxpooling0': False, 'batchnormalization0': True, 'filtersind1': 6, 'kernel_size1': 7, 'maxpooling1': False, 'batchnormalization1': False, 'filtersind2': 7, 'kernel_size2': 9, 'maxpooling2': True, 'batchnormalization2': False, 'filtersind3': 5, 'kernel_size3': 9, 'maxpooling3': True, 'batchnormalization3': True, 'dropout': 0.34, 'num_hidden_neurons0': 80, 'learnind': 3, 'batchind': 7, 'epochs': 102}. Best is trial 137 with value: 0.8343999981880188.
 Convolutional Layers: 5
 Dense Layers: 2
 Learning rate: 0.001
 Batch Size: 128
 Epochs: 79
Epoch 15: early stopping
[I 2024-07-29 07:15:32,674] Trial 144 finished with value: 0.8185999989509583 and parameters: {'n_conv_layers': 5, 'n_dense_layers': 2, 'maxpooling': False, 'batchnormalization': True, 'filtersind0': 7, 'kernel_size0': 5, 'maxpooling0': False, 'batchnormalization0': True, 'filtersind1': 6, 'kernel_size1': 7, 'maxpooling1': False, 'batchnormalization1': False, 'filtersind2': 7, 'kernel_size2': 9, 'maxpooling2': True, 'batchnormalization2': False, 'filtersind3': 5, 'kernel_size3': 9, 'maxpooling3': True, 'batchnormalization3': True, 'dropout': 0.35000000000000003, 'num_hidden_neurons0': 96, 'learnind': 3, 'batchind': 7, 'epochs': 100}. Best is trial 137 with value: 0.8343999981880188.
 Convolutional Layers: 5
 Dense Layers: 2
 Learning rate: 0.001
 Batch Size: 128
 Epochs: 116
Epoch 17: early stopping
[I 2024-07-29 07:25:33,186] Trial 145 finished with value: 0.8094000220298767 and parameters: {'n_conv_layers': 5, 'n_dense_layers': 2, 'maxpooling': False, 'batchnormalization': True, 'filtersind0': 7, 'kernel_size0': 5, 'maxpooling0': False, 'batchnormalization0': True, 'filtersind1': 6, 'kernel_size1': 7, 'maxpooling1': False, 'batchnormalization1': False, 'filtersind2': 7, 'kernel_size2': 9, 'maxpooling2': True, 'batchnormalization2': False, 'filtersind3': 5, 'kernel_size3': 9, 'maxpooling3': True, 'batchnormalization3': True, 'dropout': 0.39, 'num_hidden_neurons0': 99, 'learnind': 3, 'batchind': 7, 'epochs': 79}. Best is trial 137 with value: 0.8343999981880188.
 Convolutional Layers: 5
 Dense Layers: 2
 Learning rate: 0.001
 Batch Size: 128
 Epochs: 113
Epoch 13: early stopping
[I 2024-07-29 07:31:13,987] Trial 146 finished with value: 0.7997000217437744 and parameters: {'n_conv_layers': 5, 'n_dense_layers': 2, 'maxpooling': False, 'batchnormalization': True, 'filtersind0': 7, 'kernel_size0': 5, 'maxpooling0': False, 'batchnormalization0': True, 'filtersind1': 6, 'kernel_size1': 7, 'maxpooling1': False, 'batchnormalization1': False, 'filtersind2': 7, 'kernel_size2': 9, 'maxpooling2': True, 'batchnormalization2': False, 'filtersind3': 5, 'kernel_size3': 9, 'maxpooling3': True, 'batchnormalization3': True, 'dropout': 0.01, 'num_hidden_neurons0': 97, 'learnind': 3, 'batchind': 7, 'epochs': 116}. Best is trial 137 with value: 0.8343999981880188.
 Convolutional Layers: 4
 Dense Layers: 2
 Learning rate: 0.001
 Batch Size: 128
 Epochs: 95
Epoch 6: early stopping
[I 2024-07-29 07:35:38,751] Trial 148 finished with value: 0.14409999549388885 and parameters: {'n_conv_layers': 4, 'n_dense_layers': 2, 'maxpooling': True, 'batchnormalization': True, 'filtersind0': 7, 'kernel_size0': 5, 'maxpooling0': False, 'batchnormalization0': True, 'filtersind1': 6, 'kernel_size1': 3, 'maxpooling1': False, 'batchnormalization1': True, 'filtersind2': 7, 'kernel_size2': 9, 'maxpooling2': True, 'batchnormalization2': False, 'dropout': 0.36, 'num_hidden_neurons0': 116, 'learnind': 3, 'batchind': 7, 'epochs': 95}. Best is trial 137 with value: 0.8343999981880188.
 Convolutional Layers: 5
 Dense Layers: 2
 Learning rate: 0.001
 Batch Size: 32
 Epochs: 78
Epoch 12: early stopping
[I 2024-07-29 07:36:33,297] Trial 147 finished with value: 0.804099977016449 and parameters: {'n_conv_layers': 5, 'n_dense_layers': 2, 'maxpooling': False, 'batchnormalization': True, 'filtersind0': 7, 'kernel_size0': 5, 'maxpooling0': False, 'batchnormalization0': True, 'filtersind1': 6, 'kernel_size1': 7, 'maxpooling1': False, 'batchnormalization1': True, 'filtersind2': 7, 'kernel_size2': 9, 'maxpooling2': True, 'batchnormalization2': False, 'filtersind3': 5, 'kernel_size3': 9, 'maxpooling3': True, 'batchnormalization3': True, 'dropout': 0.03, 'num_hidden_neurons0': 117, 'learnind': 3, 'batchind': 7, 'epochs': 113}. Best is trial 137 with value: 0.8343999981880188.
 Convolutional Layers: 5
 Dense Layers: 2
 Learning rate: 0.001
 Batch Size: 32
 Epochs: 78
Epoch 13: early stopping
[I 2024-07-29 07:48:00,968] Trial 150 finished with value: 0.8080999851226807 and parameters: {'n_conv_layers': 5, 'n_dense_layers': 2, 'maxpooling': False, 'batchnormalization': True, 'filtersind0': 7, 'kernel_size0': 5, 'maxpooling0': False, 'batchnormalization0': False, 'filtersind1': 6, 'kernel_size1': 7, 'maxpooling1': True, 'batchnormalization1': False, 'filtersind2': 7, 'kernel_size2': 9, 'maxpooling2': True, 'batchnormalization2': False, 'filtersind3': 5, 'kernel_size3': 9, 'maxpooling3': True, 'batchnormalization3': True, 'dropout': 0.44, 'num_hidden_neurons0': 97, 'learnind': 3, 'batchind': 5, 'epochs': 78}. Best is trial 137 with value: 0.8343999981880188.
 Convolutional Layers: 5
 Dense Layers: 2
 Learning rate: 0.001
 Batch Size: 64
 Epochs: 88
Epoch 15: early stopping
[I 2024-07-29 07:50:17,260] Trial 149 finished with value: 0.810699999332428 and parameters: {'n_conv_layers': 5, 'n_dense_layers': 2, 'maxpooling': False, 'batchnormalization': True, 'filtersind0': 7, 'kernel_size0': 5, 'maxpooling0': False, 'batchnormalization0': False, 'filtersind1': 6, 'kernel_size1': 7, 'maxpooling1': True, 'batchnormalization1': False, 'filtersind2': 7, 'kernel_size2': 9, 'maxpooling2': True, 'batchnormalization2': False, 'filtersind3': 5, 'kernel_size3': 9, 'maxpooling3': True, 'batchnormalization3': True, 'dropout': 0.38, 'num_hidden_neurons0': 114, 'learnind': 3, 'batchind': 5, 'epochs': 78}. Best is trial 137 with value: 0.8343999981880188.
 Convolutional Layers: 5
 Dense Layers: 2
 Learning rate: 0.001
 Batch Size: 64
 Epochs: 100
Epoch 15: early stopping
[I 2024-07-29 08:05:47,692] Trial 151 finished with value: 0.8288999795913696 and parameters: {'n_conv_layers': 5, 'n_dense_layers': 2, 'maxpooling': False, 'batchnormalization': True, 'filtersind0': 7, 'kernel_size0': 5, 'maxpooling0': False, 'batchnormalization0': True, 'filtersind1': 6, 'kernel_size1': 7, 'maxpooling1': False, 'batchnormalization1': False, 'filtersind2': 7, 'kernel_size2': 9, 'maxpooling2': True, 'batchnormalization2': False, 'filtersind3': 5, 'kernel_size3': 9, 'maxpooling3': True, 'batchnormalization3': True, 'dropout': 0.37, 'num_hidden_neurons0': 114, 'learnind': 3, 'batchind': 6, 'epochs': 88}. Best is trial 137 with value: 0.8343999981880188.
 Convolutional Layers: 5
 Dense Layers: 2
 Learning rate: 0.001
 Batch Size: 64
 Epochs: 88
Epoch 16: early stopping
[I 2024-07-29 08:09:53,486] Trial 152 finished with value: 0.8019000291824341 and parameters: {'n_conv_layers': 5, 'n_dense_layers': 2, 'maxpooling': False, 'batchnormalization': True, 'filtersind0': 7, 'kernel_size0': 5, 'maxpooling0': False, 'batchnormalization0': True, 'filtersind1': 6, 'kernel_size1': 7, 'maxpooling1': False, 'batchnormalization1': False, 'filtersind2': 7, 'kernel_size2': 9, 'maxpooling2': True, 'batchnormalization2': False, 'filtersind3': 5, 'kernel_size3': 9, 'maxpooling3': True, 'batchnormalization3': True, 'dropout': 0.35000000000000003, 'num_hidden_neurons0': 79, 'learnind': 3, 'batchind': 6, 'epochs': 100}. Best is trial 137 with value: 0.8343999981880188.
 Convolutional Layers: 5
 Dense Layers: 2
 Learning rate: 0.001
 Batch Size: 64
 Epochs: 87
Epoch 18: early stopping
[I 2024-07-29 08:27:51,197] Trial 153 finished with value: 0.8235999941825867 and parameters: {'n_conv_layers': 5, 'n_dense_layers': 2, 'maxpooling': False, 'batchnormalization': True, 'filtersind0': 7, 'kernel_size0': 5, 'maxpooling0': False, 'batchnormalization0': True, 'filtersind1': 6, 'kernel_size1': 7, 'maxpooling1': False, 'batchnormalization1': False, 'filtersind2': 7, 'kernel_size2': 9, 'maxpooling2': True, 'batchnormalization2': False, 'filtersind3': 5, 'kernel_size3': 9, 'maxpooling3': True, 'batchnormalization3': True, 'dropout': 0.35000000000000003, 'num_hidden_neurons0': 98, 'learnind': 3, 'batchind': 6, 'epochs': 88}. Best is trial 137 with value: 0.8343999981880188.
 Convolutional Layers: 5
 Dense Layers: 2
 Learning rate: 0.001
 Batch Size: 64
 Epochs: 89
Epoch 16: early stopping
[I 2024-07-29 08:30:12,800] Trial 154 finished with value: 0.8248999714851379 and parameters: {'n_conv_layers': 5, 'n_dense_layers': 2, 'maxpooling': False, 'batchnormalization': True, 'filtersind0': 7, 'kernel_size0': 5, 'maxpooling0': False, 'batchnormalization0': True, 'filtersind1': 6, 'kernel_size1': 7, 'maxpooling1': False, 'batchnormalization1': False, 'filtersind2': 7, 'kernel_size2': 9, 'maxpooling2': True, 'batchnormalization2': False, 'filtersind3': 5, 'kernel_size3': 9, 'maxpooling3': True, 'batchnormalization3': True, 'dropout': 0.36, 'num_hidden_neurons0': 101, 'learnind': 3, 'batchind': 6, 'epochs': 87}. Best is trial 137 with value: 0.8343999981880188.
 Convolutional Layers: 5
 Dense Layers: 2
 Learning rate: 0.001
 Batch Size: 64
 Epochs: 90
Epoch 14: early stopping
[I 2024-07-29 08:47:44,785] Trial 156 finished with value: 0.829800009727478 and parameters: {'n_conv_layers': 5, 'n_dense_layers': 2, 'maxpooling': False, 'batchnormalization': True, 'filtersind0': 7, 'kernel_size0': 5, 'maxpooling0': False, 'batchnormalization0': True, 'filtersind1': 6, 'kernel_size1': 7, 'maxpooling1': False, 'batchnormalization1': False, 'filtersind2': 7, 'kernel_size2': 9, 'maxpooling2': True, 'batchnormalization2': False, 'filtersind3': 5, 'kernel_size3': 9, 'maxpooling3': True, 'batchnormalization3': True, 'dropout': 0.37, 'num_hidden_neurons0': 98, 'learnind': 3, 'batchind': 6, 'epochs': 90}. Best is trial 137 with value: 0.8343999981880188.
 Convolutional Layers: 5
 Dense Layers: 2
 Learning rate: 0.001
 Batch Size: 64
 Epochs: 88
Epoch 18: early stopping
[I 2024-07-29 08:49:49,949] Trial 155 finished with value: 0.8093000054359436 and parameters: {'n_conv_layers': 5, 'n_dense_layers': 2, 'maxpooling': False, 'batchnormalization': True, 'filtersind0': 7, 'kernel_size0': 5, 'maxpooling0': False, 'batchnormalization0': True, 'filtersind1': 6, 'kernel_size1': 7, 'maxpooling1': False, 'batchnormalization1': False, 'filtersind2': 7, 'kernel_size2': 9, 'maxpooling2': True, 'batchnormalization2': False, 'filtersind3': 5, 'kernel_size3': 9, 'maxpooling3': True, 'batchnormalization3': True, 'dropout': 0.37, 'num_hidden_neurons0': 98, 'learnind': 3, 'batchind': 6, 'epochs': 89}. Best is trial 137 with value: 0.8343999981880188.
 Convolutional Layers: 5
 Dense Layers: 2
 Learning rate: 0.001
 Batch Size: 64
 Epochs: 84
Epoch 18: early stopping
[I 2024-07-29 09:07:28,719] Trial 158 finished with value: 0.8195000290870667 and parameters: {'n_conv_layers': 5, 'n_dense_layers': 2, 'maxpooling': False, 'batchnormalization': True, 'filtersind0': 7, 'kernel_size0': 5, 'maxpooling0': False, 'batchnormalization0': True, 'filtersind1': 6, 'kernel_size1': 7, 'maxpooling1': False, 'batchnormalization1': False, 'filtersind2': 7, 'kernel_size2': 5, 'maxpooling2': True, 'batchnormalization2': False, 'filtersind3': 5, 'kernel_size3': 9, 'maxpooling3': True, 'batchnormalization3': True, 'dropout': 0.08, 'num_hidden_neurons0': 22, 'learnind': 3, 'batchind': 6, 'epochs': 84}. Best is trial 137 with value: 0.8343999981880188.
 Convolutional Layers: 5
 Dense Layers: 2
 Learning rate: 0.001
 Batch Size: 64
 Epochs: 89
Epoch 24: early stopping
[I 2024-07-29 09:11:13,345] Trial 157 finished with value: 0.8230999708175659 and parameters: {'n_conv_layers': 5, 'n_dense_layers': 2, 'maxpooling': False, 'batchnormalization': True, 'filtersind0': 7, 'kernel_size0': 5, 'maxpooling0': False, 'batchnormalization0': True, 'filtersind1': 6, 'kernel_size1': 7, 'maxpooling1': False, 'batchnormalization1': False, 'filtersind2': 7, 'kernel_size2': 5, 'maxpooling2': True, 'batchnormalization2': False, 'filtersind3': 5, 'kernel_size3': 9, 'maxpooling3': True, 'batchnormalization3': True, 'dropout': 0.35000000000000003, 'num_hidden_neurons0': 93, 'learnind': 3, 'batchind': 6, 'epochs': 88}. Best is trial 137 with value: 0.8343999981880188.
 Convolutional Layers: 5
 Dense Layers: 2
 Learning rate: 0.001
 Batch Size: 64
 Epochs: 93
Epoch 16: early stopping
[I 2024-07-29 09:23:47,620] Trial 159 finished with value: 0.8086000084877014 and parameters: {'n_conv_layers': 5, 'n_dense_layers': 2, 'maxpooling': False, 'batchnormalization': True, 'filtersind0': 7, 'kernel_size0': 5, 'maxpooling0': False, 'batchnormalization0': True, 'filtersind1': 6, 'kernel_size1': 7, 'maxpooling1': False, 'batchnormalization1': False, 'filtersind2': 7, 'kernel_size2': 5, 'maxpooling2': True, 'batchnormalization2': False, 'filtersind3': 5, 'kernel_size3': 9, 'maxpooling3': True, 'batchnormalization3': True, 'dropout': 0.13, 'num_hidden_neurons0': 23, 'learnind': 3, 'batchind': 6, 'epochs': 89}. Best is trial 137 with value: 0.8343999981880188.
 Convolutional Layers: 4
 Dense Layers: 2
 Learning rate: 0.001
 Batch Size: 64
 Epochs: 95
Epoch 19: early stopping
[I 2024-07-29 09:30:50,691] Trial 160 finished with value: 0.7645999789237976 and parameters: {'n_conv_layers': 5, 'n_dense_layers': 2, 'maxpooling': False, 'batchnormalization': True, 'filtersind0': 7, 'kernel_size0': 5, 'maxpooling0': False, 'batchnormalization0': True, 'filtersind1': 6, 'kernel_size1': 9, 'maxpooling1': False, 'batchnormalization1': False, 'filtersind2': 7, 'kernel_size2': 5, 'maxpooling2': True, 'batchnormalization2': False, 'filtersind3': 5, 'kernel_size3': 9, 'maxpooling3': True, 'batchnormalization3': True, 'dropout': 0.09, 'num_hidden_neurons0': 26, 'learnind': 3, 'batchind': 6, 'epochs': 93}. Best is trial 137 with value: 0.8343999981880188.
 Convolutional Layers: 5
 Dense Layers: 2
 Learning rate: 0.001
 Batch Size: 64
 Epochs: 97
Epoch 13: early stopping
[I 2024-07-29 09:36:25,810] Trial 161 finished with value: 0.10000000149011612 and parameters: {'n_conv_layers': 4, 'n_dense_layers': 2, 'maxpooling': False, 'batchnormalization': True, 'filtersind0': 7, 'kernel_size0': 5, 'maxpooling0': False, 'batchnormalization0': True, 'filtersind1': 6, 'kernel_size1': 7, 'maxpooling1': False, 'batchnormalization1': False, 'filtersind2': 7, 'kernel_size2': 5, 'maxpooling2': False, 'batchnormalization2': False, 'dropout': 0.06, 'num_hidden_neurons0': 70, 'learnind': 3, 'batchind': 6, 'epochs': 95}. Best is trial 137 with value: 0.8343999981880188.
 Convolutional Layers: 5
 Dense Layers: 2
 Learning rate: 0.001
 Batch Size: 64
 Epochs: 82
Epoch 15: early stopping
[I 2024-07-29 09:45:29,876] Trial 162 finished with value: 0.8184999823570251 and parameters: {'n_conv_layers': 5, 'n_dense_layers': 2, 'maxpooling': False, 'batchnormalization': True, 'filtersind0': 7, 'kernel_size0': 5, 'maxpooling0': False, 'batchnormalization0': True, 'filtersind1': 6, 'kernel_size1': 7, 'maxpooling1': False, 'batchnormalization1': False, 'filtersind2': 7, 'kernel_size2': 5, 'maxpooling2': True, 'batchnormalization2': False, 'filtersind3': 5, 'kernel_size3': 9, 'maxpooling3': True, 'batchnormalization3': True, 'dropout': 0.34, 'num_hidden_neurons0': 72, 'learnind': 3, 'batchind': 6, 'epochs': 97}. Best is trial 137 with value: 0.8343999981880188.
 Convolutional Layers: 5
 Dense Layers: 2
 Learning rate: 0.001
 Batch Size: 64
 Epochs: 83
Epoch 16: early stopping
[I 2024-07-29 09:51:58,588] Trial 163 finished with value: 0.8219000101089478 and parameters: {'n_conv_layers': 5, 'n_dense_layers': 2, 'maxpooling': False, 'batchnormalization': True, 'filtersind0': 7, 'kernel_size0': 5, 'maxpooling0': False, 'batchnormalization0': True, 'filtersind1': 6, 'kernel_size1': 7, 'maxpooling1': False, 'batchnormalization1': False, 'filtersind2': 7, 'kernel_size2': 5, 'maxpooling2': True, 'batchnormalization2': False, 'filtersind3': 5, 'kernel_size3': 9, 'maxpooling3': True, 'batchnormalization3': True, 'dropout': 0.34, 'num_hidden_neurons0': 88, 'learnind': 3, 'batchind': 6, 'epochs': 82}. Best is trial 137 with value: 0.8343999981880188.
 Convolutional Layers: 5
 Dense Layers: 2
 Learning rate: 0.001
 Batch Size: 64
 Epochs: 74
Epoch 19: early stopping
[I 2024-07-29 10:03:34,575] Trial 164 finished with value: 0.8086000084877014 and parameters: {'n_conv_layers': 5, 'n_dense_layers': 2, 'maxpooling': False, 'batchnormalization': True, 'filtersind0': 7, 'kernel_size0': 5, 'maxpooling0': False, 'batchnormalization0': True, 'filtersind1': 6, 'kernel_size1': 7, 'maxpooling1': False, 'batchnormalization1': False, 'filtersind2': 7, 'kernel_size2': 5, 'maxpooling2': True, 'batchnormalization2': False, 'filtersind3': 5, 'kernel_size3': 9, 'maxpooling3': True, 'batchnormalization3': True, 'dropout': 0.33, 'num_hidden_neurons0': 89, 'learnind': 3, 'batchind': 6, 'epochs': 83}. Best is trial 137 with value: 0.8343999981880188.
 Convolutional Layers: 5
 Dense Layers: 2
 Learning rate: 0.001
 Batch Size: 64
 Epochs: 74
Epoch 24: early stopping
[I 2024-07-29 10:14:07,779] Trial 165 finished with value: 0.8154000043869019 and parameters: {'n_conv_layers': 5, 'n_dense_layers': 2, 'maxpooling': False, 'batchnormalization': True, 'filtersind0': 7, 'kernel_size0': 5, 'maxpooling0': False, 'batchnormalization0': True, 'filtersind1': 6, 'kernel_size1': 7, 'maxpooling1': False, 'batchnormalization1': False, 'filtersind2': 7, 'kernel_size2': 5, 'maxpooling2': True, 'batchnormalization2': False, 'filtersind3': 5, 'kernel_size3': 5, 'maxpooling3': True, 'batchnormalization3': True, 'dropout': 0.32, 'num_hidden_neurons0': 87, 'learnind': 3, 'batchind': 6, 'epochs': 74}. Best is trial 137 with value: 0.8343999981880188.
 Convolutional Layers: 5
 Dense Layers: 2
 Learning rate: 0.001
 Batch Size: 64
 Epochs: 74
Epoch 27: early stopping
[I 2024-07-29 10:28:27,106] Trial 166 finished with value: 0.7835000157356262 and parameters: {'n_conv_layers': 5, 'n_dense_layers': 2, 'maxpooling': False, 'batchnormalization': True, 'filtersind0': 7, 'kernel_size0': 5, 'maxpooling0': False, 'batchnormalization0': True, 'filtersind1': 6, 'kernel_size1': 7, 'maxpooling1': False, 'batchnormalization1': False, 'filtersind2': 7, 'kernel_size2': 5, 'maxpooling2': True, 'batchnormalization2': False, 'filtersind3': 5, 'kernel_size3': 5, 'maxpooling3': True, 'batchnormalization3': True, 'dropout': 0.32, 'num_hidden_neurons0': 7, 'learnind': 3, 'batchind': 6, 'epochs': 74}. Best is trial 137 with value: 0.8343999981880188.
 Convolutional Layers: 5
 Dense Layers: 2
 Learning rate: 0.001
 Batch Size: 64
 Epochs: 81
Epoch 19: early stopping
