[I 2024-07-29 15:34:45,572] Trial 195 finished with value: 0.8163999915122986 and parameters: {'n_conv_layers': 5, 'n_dense_layers': 2, 'maxpooling': False, 'batchnormalization': True, 'filtersind0': 7, 'kernel_size0': 5, 'maxpooling0': False, 'batchnormalization0': True, 'filtersind1': 6, 'kernel_size1': 7, 'maxpooling1': False, 'batchnormalization1': False, 'filtersind2': 7, 'kernel_size2': 9, 'maxpooling2': True, 'batchnormalization2': False, 'filtersind3': 5, 'kernel_size3': 9, 'maxpooling3': True, 'batchnormalization3': True, 'dropout': 0.3, 'num_hidden_neurons0': 120, 'learnind': 3, 'batchind': 5, 'epochs': 108}. Best is trial 183 with value: 0.8389999866485596.
 Convolutional Layers: 5
 Dense Layers: 2
 Learning rate: 0.001
 Batch Size: 32
 Epochs: 115
Epoch 19: early stopping
[I 2024-07-29 15:56:19,901] Trial 196 finished with value: 0.8241999745368958 and parameters: {'n_conv_layers': 5, 'n_dense_layers': 2, 'maxpooling': False, 'batchnormalization': True, 'filtersind0': 7, 'kernel_size0': 5, 'maxpooling0': False, 'batchnormalization0': True, 'filtersind1': 6, 'kernel_size1': 7, 'maxpooling1': False, 'batchnormalization1': False, 'filtersind2': 7, 'kernel_size2': 9, 'maxpooling2': True, 'batchnormalization2': False, 'filtersind3': 5, 'kernel_size3': 9, 'maxpooling3': True, 'batchnormalization3': True, 'dropout': 0.33, 'num_hidden_neurons0': 65, 'learnind': 3, 'batchind': 5, 'epochs': 115}. Best is trial 183 with value: 0.8389999866485596.
 Convolutional Layers: 5
 Dense Layers: 2
 Learning rate: 0.001
 Batch Size: 16
 Epochs: 115
Epoch 22: early stopping
[I 2024-07-29 15:58:53,701] Trial 194 finished with value: 0.8312000036239624 and parameters: {'n_conv_layers': 5, 'n_dense_layers': 2, 'maxpooling': False, 'batchnormalization': True, 'filtersind0': 7, 'kernel_size0': 5, 'maxpooling0': False, 'batchnormalization0': True, 'filtersind1': 6, 'kernel_size1': 9, 'maxpooling1': False, 'batchnormalization1': False, 'filtersind2': 7, 'kernel_size2': 9, 'maxpooling2': True, 'batchnormalization2': False, 'filtersind3': 5, 'kernel_size3': 9, 'maxpooling3': True, 'batchnormalization3': True, 'dropout': 0.33, 'num_hidden_neurons0': 94, 'learnind': 3, 'batchind': 4, 'epochs': 106}. Best is trial 183 with value: 0.8389999866485596.
 Convolutional Layers: 4
 Dense Layers: 2
 Learning rate: 0.001
 Batch Size: 32
 Epochs: 118
Epoch 14: early stopping
[I 2024-07-29 16:16:41,788] Trial 198 finished with value: 0.10000000149011612 and parameters: {'n_conv_layers': 4, 'n_dense_layers': 2, 'maxpooling': False, 'batchnormalization': True, 'filtersind0': 7, 'kernel_size0': 9, 'maxpooling0': False, 'batchnormalization0': True, 'filtersind1': 6, 'kernel_size1': 9, 'maxpooling1': False, 'batchnormalization1': False, 'filtersind2': 7, 'kernel_size2': 9, 'maxpooling2': True, 'batchnormalization2': False, 'dropout': 0.34, 'num_hidden_neurons0': 111, 'learnind': 3, 'batchind': 5, 'epochs': 118}. Best is trial 183 with value: 0.8389999866485596.
 Convolutional Layers: 5
 Dense Layers: 2
 Learning rate: 0.001
 Batch Size: 16
 Epochs: 111
Epoch 20: early stopping
[I 2024-07-29 16:36:44,869] Trial 197 finished with value: 0.7491999864578247 and parameters: {'n_conv_layers': 5, 'n_dense_layers': 2, 'maxpooling': False, 'batchnormalization': True, 'filtersind0': 7, 'kernel_size0': 9, 'maxpooling0': False, 'batchnormalization0': True, 'filtersind1': 6, 'kernel_size1': 9, 'maxpooling1': False, 'batchnormalization1': False, 'filtersind2': 7, 'kernel_size2': 9, 'maxpooling2': True, 'batchnormalization2': False, 'filtersind3': 5, 'kernel_size3': 9, 'maxpooling3': True, 'batchnormalization3': True, 'dropout': 0.34, 'num_hidden_neurons0': 66, 'learnind': 3, 'batchind': 4, 'epochs': 115}. Best is trial 183 with value: 0.8389999866485596.
 Convolutional Layers: 6
 Dense Layers: 2
 Learning rate: 0.001
 Batch Size: 16
 Epochs: 111
Epoch 9: early stopping
[I 2024-07-29 16:51:30,520] Trial 200 finished with value: 0.1543000042438507 and parameters: {'n_conv_layers': 6, 'n_dense_layers': 2, 'maxpooling': False, 'batchnormalization': True, 'filtersind0': 7, 'kernel_size0': 5, 'maxpooling0': False, 'batchnormalization0': True, 'filtersind1': 6, 'kernel_size1': 9, 'maxpooling1': False, 'batchnormalization1': True, 'filtersind2': 7, 'kernel_size2': 9, 'maxpooling2': True, 'batchnormalization2': False, 'filtersind3': 5, 'kernel_size3': 3, 'maxpooling3': True, 'batchnormalization3': True, 'filtersind4': 8, 'kernel_size4': 3, 'maxpooling4': False, 'batchnormalization4': False, 'dropout': 0.31, 'num_hidden_neurons0': 43, 'learnind': 3, 'batchind': 4, 'epochs': 111}. Best is trial 183 with value: 0.8389999866485596.
 Convolutional Layers: 5
 Dense Layers: 2
 Learning rate: 0.001
 Batch Size: 16
 Epochs: 106
Epoch 21: early stopping
[I 2024-07-29 16:52:34,034] Trial 199 finished with value: 0.8159000277519226 and parameters: {'n_conv_layers': 5, 'n_dense_layers': 2, 'maxpooling': False, 'batchnormalization': True, 'filtersind0': 7, 'kernel_size0': 5, 'maxpooling0': False, 'batchnormalization0': True, 'filtersind1': 6, 'kernel_size1': 9, 'maxpooling1': False, 'batchnormalization1': True, 'filtersind2': 7, 'kernel_size2': 9, 'maxpooling2': True, 'batchnormalization2': False, 'filtersind3': 5, 'kernel_size3': 11, 'maxpooling3': True, 'batchnormalization3': True, 'dropout': 0.32, 'num_hidden_neurons0': 63, 'learnind': 3, 'batchind': 4, 'epochs': 111}. Best is trial 183 with value: 0.8389999866485596.
 Convolutional Layers: 5
 Dense Layers: 2
 Learning rate: 0.001
 Batch Size: 32
 Epochs: 97
Epoch 21: early stopping
[I 2024-07-29 17:16:16,309] Trial 202 finished with value: 0.816100001335144 and parameters: {'n_conv_layers': 5, 'n_dense_layers': 2, 'maxpooling': False, 'batchnormalization': True, 'filtersind0': 7, 'kernel_size0': 5, 'maxpooling0': False, 'batchnormalization0': True, 'filtersind1': 6, 'kernel_size1': 7, 'maxpooling1': False, 'batchnormalization1': False, 'filtersind2': 7, 'kernel_size2': 9, 'maxpooling2': True, 'batchnormalization2': False, 'filtersind3': 5, 'kernel_size3': 9, 'maxpooling3': True, 'batchnormalization3': True, 'dropout': 0.36, 'num_hidden_neurons0': 101, 'learnind': 3, 'batchind': 5, 'epochs': 97}. Best is trial 183 with value: 0.8389999866485596.
 Convolutional Layers: 5
 Dense Layers: 2
 Learning rate: 0.001
 Batch Size: 32
 Epochs: 105
Epoch 18: early stopping
[I 2024-07-29 17:36:35,828] Trial 203 finished with value: 0.8190000057220459 and parameters: {'n_conv_layers': 5, 'n_dense_layers': 2, 'maxpooling': False, 'batchnormalization': True, 'filtersind0': 7, 'kernel_size0': 5, 'maxpooling0': False, 'batchnormalization0': True, 'filtersind1': 6, 'kernel_size1': 7, 'maxpooling1': False, 'batchnormalization1': False, 'filtersind2': 7, 'kernel_size2': 9, 'maxpooling2': True, 'batchnormalization2': False, 'filtersind3': 5, 'kernel_size3': 9, 'maxpooling3': True, 'batchnormalization3': True, 'dropout': 0.34, 'num_hidden_neurons0': 94, 'learnind': 3, 'batchind': 5, 'epochs': 105}. Best is trial 183 with value: 0.8389999866485596.
 Convolutional Layers: 5
 Dense Layers: 2
 Learning rate: 0.001
 Batch Size: 32
 Epochs: 93
Epoch 22: early stopping
[I 2024-07-29 17:37:32,146] Trial 201 finished with value: 0.8029999732971191 and parameters: {'n_conv_layers': 5, 'n_dense_layers': 2, 'maxpooling': False, 'batchnormalization': True, 'filtersind0': 7, 'kernel_size0': 5, 'maxpooling0': False, 'batchnormalization0': False, 'filtersind1': 6, 'kernel_size1': 9, 'maxpooling1': False, 'batchnormalization1': False, 'filtersind2': 7, 'kernel_size2': 9, 'maxpooling2': True, 'batchnormalization2': False, 'filtersind3': 5, 'kernel_size3': 9, 'maxpooling3': True, 'batchnormalization3': True, 'dropout': 0.32, 'num_hidden_neurons0': 100, 'learnind': 3, 'batchind': 4, 'epochs': 106}. Best is trial 183 with value: 0.8389999866485596.
 Convolutional Layers: 5
 Dense Layers: 2
 Learning rate: 0.001
 Batch Size: 32
 Epochs: 95
Epoch 16: early stopping
[I 2024-07-29 17:58:49,494] Trial 204 finished with value: 0.8306999802589417 and parameters: {'n_conv_layers': 5, 'n_dense_layers': 2, 'maxpooling': False, 'batchnormalization': True, 'filtersind0': 7, 'kernel_size0': 5, 'maxpooling0': False, 'batchnormalization0': True, 'filtersind1': 6, 'kernel_size1': 7, 'maxpooling1': False, 'batchnormalization1': False, 'filtersind2': 7, 'kernel_size2': 9, 'maxpooling2': True, 'batchnormalization2': False, 'filtersind3': 5, 'kernel_size3': 9, 'maxpooling3': True, 'batchnormalization3': True, 'dropout': 0.35000000000000003, 'num_hidden_neurons0': 101, 'learnind': 3, 'batchind': 5, 'epochs': 93}. Best is trial 183 with value: 0.8389999866485596.
 Convolutional Layers: 5
 Dense Layers: 2
 Learning rate: 0.001
 Batch Size: 32
 Epochs: 94
Epoch 16: early stopping
[I 2024-07-29 17:59:55,760] Trial 205 finished with value: 0.8248000144958496 and parameters: {'n_conv_layers': 5, 'n_dense_layers': 2, 'maxpooling': False, 'batchnormalization': True, 'filtersind0': 7, 'kernel_size0': 5, 'maxpooling0': False, 'batchnormalization0': True, 'filtersind1': 6, 'kernel_size1': 7, 'maxpooling1': False, 'batchnormalization1': False, 'filtersind2': 7, 'kernel_size2': 9, 'maxpooling2': True, 'batchnormalization2': False, 'filtersind3': 5, 'kernel_size3': 9, 'maxpooling3': True, 'batchnormalization3': True, 'dropout': 0.35000000000000003, 'num_hidden_neurons0': 78, 'learnind': 3, 'batchind': 5, 'epochs': 95}. Best is trial 183 with value: 0.8389999866485596.
 Convolutional Layers: 5
 Dense Layers: 2
 Learning rate: 0.001
 Batch Size: 32
 Epochs: 131
Epoch 19: early stopping
[I 2024-07-29 18:25:29,166] Trial 206 finished with value: 0.8197000026702881 and parameters: {'n_conv_layers': 5, 'n_dense_layers': 2, 'maxpooling': False, 'batchnormalization': True, 'filtersind0': 7, 'kernel_size0': 5, 'maxpooling0': False, 'batchnormalization0': True, 'filtersind1': 6, 'kernel_size1': 7, 'maxpooling1': False, 'batchnormalization1': False, 'filtersind2': 7, 'kernel_size2': 9, 'maxpooling2': True, 'batchnormalization2': False, 'filtersind3': 5, 'kernel_size3': 9, 'maxpooling3': True, 'batchnormalization3': True, 'dropout': 0.33, 'num_hidden_neurons0': 112, 'learnind': 3, 'batchind': 5, 'epochs': 94}. Best is trial 183 with value: 0.8389999866485596.
 Convolutional Layers: 5
 Dense Layers: 2
 Learning rate: 0.001
 Batch Size: 32
 Epochs: 131
Epoch 22: early stopping
[I 2024-07-29 18:28:39,325] Trial 207 finished with value: 0.8338000178337097 and parameters: {'n_conv_layers': 5, 'n_dense_layers': 2, 'maxpooling': False, 'batchnormalization': True, 'filtersind0': 7, 'kernel_size0': 5, 'maxpooling0': False, 'batchnormalization0': True, 'filtersind1': 6, 'kernel_size1': 7, 'maxpooling1': False, 'batchnormalization1': False, 'filtersind2': 7, 'kernel_size2': 9, 'maxpooling2': True, 'batchnormalization2': False, 'filtersind3': 5, 'kernel_size3': 9, 'maxpooling3': True, 'batchnormalization3': True, 'dropout': 0.37, 'num_hidden_neurons0': 78, 'learnind': 3, 'batchind': 5, 'epochs': 131}. Best is trial 183 with value: 0.8389999866485596.
 Convolutional Layers: 5
 Dense Layers: 2
 Learning rate: 0.001
 Batch Size: 32
 Epochs: 134
Epoch 11: early stopping
[I 2024-07-29 18:31:20,478] Trial 208 finished with value: 0.7889999747276306 and parameters: {'n_conv_layers': 5, 'n_dense_layers': 2, 'maxpooling': True, 'batchnormalization': True, 'filtersind0': 7, 'kernel_size0': 5, 'maxpooling0': False, 'batchnormalization0': True, 'filtersind1': 6, 'kernel_size1': 7, 'maxpooling1': True, 'batchnormalization1': False, 'filtersind2': 7, 'kernel_size2': 9, 'maxpooling2': True, 'batchnormalization2': False, 'filtersind3': 5, 'kernel_size3': 9, 'maxpooling3': True, 'batchnormalization3': True, 'dropout': 0.37, 'num_hidden_neurons0': 82, 'learnind': 3, 'batchind': 5, 'epochs': 131}. Best is trial 183 with value: 0.8389999866485596.
 Convolutional Layers: 5
 Dense Layers: 2
 Learning rate: 0.001
 Batch Size: 32
 Epochs: 140
Epoch 14: early stopping
[I 2024-07-29 18:37:24,239] Trial 209 finished with value: 0.8077999949455261 and parameters: {'n_conv_layers': 5, 'n_dense_layers': 2, 'maxpooling': True, 'batchnormalization': True, 'filtersind0': 7, 'kernel_size0': 5, 'maxpooling0': False, 'batchnormalization0': True, 'filtersind1': 6, 'kernel_size1': 7, 'maxpooling1': False, 'batchnormalization1': False, 'filtersind2': 7, 'kernel_size2': 9, 'maxpooling2': True, 'batchnormalization2': False, 'filtersind3': 5, 'kernel_size3': 9, 'maxpooling3': True, 'batchnormalization3': True, 'dropout': 0.37, 'num_hidden_neurons0': 80, 'learnind': 3, 'batchind': 5, 'epochs': 134}. Best is trial 183 with value: 0.8389999866485596.
 Convolutional Layers: 5
 Dense Layers: 2
 Learning rate: 0.001
 Batch Size: 32
 Epochs: 121
Epoch 24: early stopping
[I 2024-07-29 19:01:44,637] Trial 210 finished with value: 0.8141000270843506 and parameters: {'n_conv_layers': 5, 'n_dense_layers': 2, 'maxpooling': False, 'batchnormalization': True, 'filtersind0': 7, 'kernel_size0': 5, 'maxpooling0': False, 'batchnormalization0': True, 'filtersind1': 6, 'kernel_size1': 7, 'maxpooling1': False, 'batchnormalization1': False, 'filtersind2': 7, 'kernel_size2': 9, 'maxpooling2': True, 'batchnormalization2': False, 'filtersind3': 5, 'kernel_size3': 9, 'maxpooling3': True, 'batchnormalization3': True, 'dropout': 0.39, 'num_hidden_neurons0': 75, 'learnind': 3, 'batchind': 5, 'epochs': 140}. Best is trial 183 with value: 0.8389999866485596.
 Convolutional Layers: 5
 Dense Layers: 2
 Learning rate: 0.001
 Batch Size: 32
 Epochs: 119
Epoch 22: early stopping
[I 2024-07-29 19:08:12,265] Trial 211 finished with value: 0.8342999815940857 and parameters: {'n_conv_layers': 5, 'n_dense_layers': 2, 'maxpooling': False, 'batchnormalization': True, 'filtersind0': 7, 'kernel_size0': 5, 'maxpooling0': False, 'batchnormalization0': True, 'filtersind1': 6, 'kernel_size1': 7, 'maxpooling1': False, 'batchnormalization1': False, 'filtersind2': 7, 'kernel_size2': 9, 'maxpooling2': True, 'batchnormalization2': False, 'filtersind3': 5, 'kernel_size3': 9, 'maxpooling3': True, 'batchnormalization3': True, 'dropout': 0.36, 'num_hidden_neurons0': 74, 'learnind': 3, 'batchind': 5, 'epochs': 121}. Best is trial 183 with value: 0.8389999866485596.
 Convolutional Layers: 5
 Dense Layers: 2
 Learning rate: 0.001
 Batch Size: 32
 Epochs: 120
Epoch 20: early stopping
[I 2024-07-29 19:29:43,748] Trial 212 finished with value: 0.8378999829292297 and parameters: {'n_conv_layers': 5, 'n_dense_layers': 2, 'maxpooling': False, 'batchnormalization': True, 'filtersind0': 7, 'kernel_size0': 5, 'maxpooling0': False, 'batchnormalization0': True, 'filtersind1': 6, 'kernel_size1': 7, 'maxpooling1': False, 'batchnormalization1': False, 'filtersind2': 7, 'kernel_size2': 9, 'maxpooling2': True, 'batchnormalization2': False, 'filtersind3': 5, 'kernel_size3': 9, 'maxpooling3': True, 'batchnormalization3': True, 'dropout': 0.36, 'num_hidden_neurons0': 105, 'learnind': 3, 'batchind': 5, 'epochs': 119}. Best is trial 183 with value: 0.8389999866485596.
 Convolutional Layers: 5
 Dense Layers: 2
 Learning rate: 0.001
 Batch Size: 32
 Epochs: 124
Epoch 27: early stopping
[I 2024-07-29 19:45:55,566] Trial 213 finished with value: 0.8353000283241272 and parameters: {'n_conv_layers': 5, 'n_dense_layers': 2, 'maxpooling': False, 'batchnormalization': True, 'filtersind0': 7, 'kernel_size0': 5, 'maxpooling0': False, 'batchnormalization0': True, 'filtersind1': 6, 'kernel_size1': 7, 'maxpooling1': False, 'batchnormalization1': False, 'filtersind2': 7, 'kernel_size2': 9, 'maxpooling2': True, 'batchnormalization2': False, 'filtersind3': 5, 'kernel_size3': 9, 'maxpooling3': True, 'batchnormalization3': True, 'dropout': 0.36, 'num_hidden_neurons0': 69, 'learnind': 3, 'batchind': 5, 'epochs': 120}. Best is trial 183 with value: 0.8389999866485596.
 Convolutional Layers: 5
 Dense Layers: 2
 Learning rate: 0.001
 Batch Size: 32
 Epochs: 125
Epoch 22: early stopping
[I 2024-07-29 20:07:17,023] Trial 214 finished with value: 0.8295000195503235 and parameters: {'n_conv_layers': 5, 'n_dense_layers': 2, 'maxpooling': False, 'batchnormalization': True, 'filtersind0': 7, 'kernel_size0': 5, 'maxpooling0': False, 'batchnormalization0': True, 'filtersind1': 6, 'kernel_size1': 7, 'maxpooling1': False, 'batchnormalization1': False, 'filtersind2': 7, 'kernel_size2': 9, 'maxpooling2': True, 'batchnormalization2': False, 'filtersind3': 5, 'kernel_size3': 9, 'maxpooling3': True, 'batchnormalization3': True, 'dropout': 0.36, 'num_hidden_neurons0': 107, 'learnind': 3, 'batchind': 5, 'epochs': 124}. Best is trial 183 with value: 0.8389999866485596.
 Convolutional Layers: 5
 Dense Layers: 2
 Learning rate: 0.001
 Batch Size: 32
 Epochs: 123
Epoch 21: early stopping
[I 2024-07-29 20:35:44,267] Trial 215 finished with value: 0.8294000029563904 and parameters: {'n_conv_layers': 5, 'n_dense_layers': 2, 'maxpooling': False, 'batchnormalization': True, 'filtersind0': 7, 'kernel_size0': 5, 'maxpooling0': False, 'batchnormalization0': True, 'filtersind1': 8, 'kernel_size1': 7, 'maxpooling1': False, 'batchnormalization1': False, 'filtersind2': 7, 'kernel_size2': 9, 'maxpooling2': True, 'batchnormalization2': False, 'filtersind3': 5, 'kernel_size3': 9, 'maxpooling3': True, 'batchnormalization3': True, 'dropout': 0.36, 'num_hidden_neurons0': 87, 'learnind': 3, 'batchind': 5, 'epochs': 125}. Best is trial 183 with value: 0.8389999866485596.
 Convolutional Layers: 5
 Dense Layers: 2
 Learning rate: 0.001
 Batch Size: 32
 Epochs: 124
Epoch 18: early stopping
[I 2024-07-29 20:55:54,480] Trial 216 finished with value: 0.835099995136261 and parameters: {'n_conv_layers': 5, 'n_dense_layers': 2, 'maxpooling': False, 'batchnormalization': True, 'filtersind0': 7, 'kernel_size0': 5, 'maxpooling0': False, 'batchnormalization0': True, 'filtersind1': 8, 'kernel_size1': 7, 'maxpooling1': False, 'batchnormalization1': False, 'filtersind2': 7, 'kernel_size2': 9, 'maxpooling2': True, 'batchnormalization2': False, 'filtersind3': 5, 'kernel_size3': 9, 'maxpooling3': True, 'batchnormalization3': True, 'dropout': 0.36, 'num_hidden_neurons0': 120, 'learnind': 3, 'batchind': 5, 'epochs': 123}. Best is trial 183 with value: 0.8389999866485596.
 Convolutional Layers: 5
 Dense Layers: 2
 Learning rate: 0.001
 Batch Size: 32
 Epochs: 143
Epoch 19: early stopping
[I 2024-07-29 21:26:37,632] Trial 217 finished with value: 0.8371999859809875 and parameters: {'n_conv_layers': 5, 'n_dense_layers': 2, 'maxpooling': False, 'batchnormalization': True, 'filtersind0': 7, 'kernel_size0': 5, 'maxpooling0': False, 'batchnormalization0': True, 'filtersind1': 8, 'kernel_size1': 7, 'maxpooling1': False, 'batchnormalization1': False, 'filtersind2': 7, 'kernel_size2': 9, 'maxpooling2': True, 'batchnormalization2': False, 'filtersind3': 5, 'kernel_size3': 9, 'maxpooling3': True, 'batchnormalization3': True, 'dropout': 0.37, 'num_hidden_neurons0': 87, 'learnind': 3, 'batchind': 5, 'epochs': 124}. Best is trial 183 with value: 0.8389999866485596.
 Convolutional Layers: 5
 Dense Layers: 2
 Learning rate: 0.001
 Batch Size: 32
 Epochs: 124
Epoch 18: early stopping
[I 2024-07-29 21:40:46,027] Trial 218 finished with value: 0.805400013923645 and parameters: {'n_conv_layers': 5, 'n_dense_layers': 2, 'maxpooling': False, 'batchnormalization': True, 'filtersind0': 7, 'kernel_size0': 5, 'maxpooling0': False, 'batchnormalization0': True, 'filtersind1': 8, 'kernel_size1': 7, 'maxpooling1': False, 'batchnormalization1': False, 'filtersind2': 7, 'kernel_size2': 9, 'maxpooling2': True, 'batchnormalization2': False, 'filtersind3': 5, 'kernel_size3': 9, 'maxpooling3': True, 'batchnormalization3': True, 'dropout': 0.39, 'num_hidden_neurons0': 116, 'learnind': 3, 'batchind': 5, 'epochs': 143}. Best is trial 183 with value: 0.8389999866485596.
 Convolutional Layers: 5
 Dense Layers: 2
 Learning rate: 0.001
 Batch Size: 32
 Epochs: 123
Epoch 22: early stopping
[I 2024-07-29 22:05:30,945] Trial 219 finished with value: 0.8190000057220459 and parameters: {'n_conv_layers': 5, 'n_dense_layers': 2, 'maxpooling': False, 'batchnormalization': True, 'filtersind0': 7, 'kernel_size0': 5, 'maxpooling0': False, 'batchnormalization0': True, 'filtersind1': 8, 'kernel_size1': 7, 'maxpooling1': False, 'batchnormalization1': False, 'filtersind2': 7, 'kernel_size2': 3, 'maxpooling2': True, 'batchnormalization2': False, 'filtersind3': 5, 'kernel_size3': 9, 'maxpooling3': True, 'batchnormalization3': True, 'dropout': 0.39, 'num_hidden_neurons0': 124, 'learnind': 3, 'batchind': 5, 'epochs': 124}. Best is trial 183 with value: 0.8389999866485596.
 Convolutional Layers: 5
 Dense Layers: 2
 Learning rate: 0.001
 Batch Size: 32
 Epochs: 121
Epoch 18: early stopping
[I 2024-07-29 22:10:45,278] Trial 220 finished with value: 0.829800009727478 and parameters: {'n_conv_layers': 5, 'n_dense_layers': 2, 'maxpooling': False, 'batchnormalization': True, 'filtersind0': 7, 'kernel_size0': 3, 'maxpooling0': False, 'batchnormalization0': True, 'filtersind1': 8, 'kernel_size1': 7, 'maxpooling1': False, 'batchnormalization1': False, 'filtersind2': 7, 'kernel_size2': 3, 'maxpooling2': True, 'batchnormalization2': False, 'filtersind3': 5, 'kernel_size3': 9, 'maxpooling3': True, 'batchnormalization3': True, 'dropout': 0.37, 'num_hidden_neurons0': 122, 'learnind': 3, 'batchind': 5, 'epochs': 123}. Best is trial 183 with value: 0.8389999866485596.
 Convolutional Layers: 5
 Dense Layers: 2
 Learning rate: 0.001
 Batch Size: 32
 Epochs: 126
Epoch 19: early stopping
