[I 2024-07-30 03:40:52,487] Trial 248 finished with value: 0.829200029373169 and parameters: {'n_conv_layers': 5, 'n_dense_layers': 2, 'maxpooling': False, 'batchnormalization': True, 'filtersind0': 7, 'kernel_size0': 3, 'maxpooling0': True, 'batchnormalization0': True, 'filtersind1': 8, 'kernel_size1': 7, 'maxpooling1': False, 'batchnormalization1': False, 'filtersind2': 7, 'kernel_size2': 3, 'maxpooling2': True, 'batchnormalization2': True, 'filtersind3': 5, 'kernel_size3': 5, 'maxpooling3': True, 'batchnormalization3': True, 'dropout': 0.38, 'num_hidden_neurons0': 115, 'learnind': 3, 'batchind': 5, 'epochs': 131}. Best is trial 224 with value: 0.8392999768257141.
 Convolutional Layers: 5
 Dense Layers: 2
 Learning rate: 0.001
 Batch Size: 32
 Epochs: 137
Epoch 13: early stopping
[I 2024-07-30 03:48:32,817] Trial 249 finished with value: 0.8151000142097473 and parameters: {'n_conv_layers': 5, 'n_dense_layers': 2, 'maxpooling': False, 'batchnormalization': True, 'filtersind0': 7, 'kernel_size0': 3, 'maxpooling0': True, 'batchnormalization0': True, 'filtersind1': 8, 'kernel_size1': 11, 'maxpooling1': False, 'batchnormalization1': False, 'filtersind2': 7, 'kernel_size2': 3, 'maxpooling2': True, 'batchnormalization2': True, 'filtersind3': 5, 'kernel_size3': 5, 'maxpooling3': True, 'batchnormalization3': True, 'dropout': 0.38, 'num_hidden_neurons0': 128, 'learnind': 3, 'batchind': 5, 'epochs': 122}. Best is trial 224 with value: 0.8392999768257141.
 Convolutional Layers: 5
 Dense Layers: 2
 Learning rate: 0.001
 Batch Size: 32
 Epochs: 142
Epoch 13: early stopping
[I 2024-07-30 03:51:22,379] Trial 250 finished with value: 0.8115000128746033 and parameters: {'n_conv_layers': 5, 'n_dense_layers': 2, 'maxpooling': False, 'batchnormalization': True, 'filtersind0': 7, 'kernel_size0': 3, 'maxpooling0': True, 'batchnormalization0': True, 'filtersind1': 8, 'kernel_size1': 11, 'maxpooling1': False, 'batchnormalization1': False, 'filtersind2': 7, 'kernel_size2': 3, 'maxpooling2': True, 'batchnormalization2': True, 'filtersind3': 5, 'kernel_size3': 5, 'maxpooling3': True, 'batchnormalization3': True, 'dropout': 0.38, 'num_hidden_neurons0': 120, 'learnind': 3, 'batchind': 5, 'epochs': 137}. Best is trial 224 with value: 0.8392999768257141.
 Convolutional Layers: 5
 Dense Layers: 2
 Learning rate: 0.001
 Batch Size: 32
 Epochs: 145
Epoch 13: early stopping
[I 2024-07-30 03:56:33,543] Trial 251 finished with value: 0.8378000259399414 and parameters: {'n_conv_layers': 5, 'n_dense_layers': 2, 'maxpooling': False, 'batchnormalization': True, 'filtersind0': 7, 'kernel_size0': 3, 'maxpooling0': True, 'batchnormalization0': True, 'filtersind1': 8, 'kernel_size1': 7, 'maxpooling1': False, 'batchnormalization1': False, 'filtersind2': 7, 'kernel_size2': 3, 'maxpooling2': True, 'batchnormalization2': True, 'filtersind3': 5, 'kernel_size3': 5, 'maxpooling3': True, 'batchnormalization3': True, 'dropout': 0.36, 'num_hidden_neurons0': 99, 'learnind': 3, 'batchind': 5, 'epochs': 142}. Best is trial 224 with value: 0.8392999768257141.
 Convolutional Layers: 5
 Dense Layers: 2
 Learning rate: 0.001
 Batch Size: 32
 Epochs: 143
Epoch 15: early stopping
[I 2024-07-30 03:59:59,360] Trial 252 finished with value: 0.8180000185966492 and parameters: {'n_conv_layers': 5, 'n_dense_layers': 2, 'maxpooling': False, 'batchnormalization': True, 'filtersind0': 7, 'kernel_size0': 3, 'maxpooling0': True, 'batchnormalization0': True, 'filtersind1': 8, 'kernel_size1': 7, 'maxpooling1': False, 'batchnormalization1': False, 'filtersind2': 7, 'kernel_size2': 3, 'maxpooling2': True, 'batchnormalization2': True, 'filtersind3': 5, 'kernel_size3': 5, 'maxpooling3': True, 'batchnormalization3': True, 'dropout': 0.36, 'num_hidden_neurons0': 101, 'learnind': 3, 'batchind': 5, 'epochs': 145}. Best is trial 224 with value: 0.8392999768257141.
 Convolutional Layers: 5
 Dense Layers: 2
 Learning rate: 0.001
 Batch Size: 32
 Epochs: 132
Epoch 14: early stopping
[I 2024-07-30 04:05:04,642] Trial 253 finished with value: 0.8215000033378601 and parameters: {'n_conv_layers': 5, 'n_dense_layers': 2, 'maxpooling': False, 'batchnormalization': True, 'filtersind0': 7, 'kernel_size0': 3, 'maxpooling0': True, 'batchnormalization0': True, 'filtersind1': 8, 'kernel_size1': 7, 'maxpooling1': False, 'batchnormalization1': False, 'filtersind2': 7, 'kernel_size2': 3, 'maxpooling2': True, 'batchnormalization2': True, 'filtersind3': 5, 'kernel_size3': 5, 'maxpooling3': True, 'batchnormalization3': True, 'dropout': 0.4, 'num_hidden_neurons0': 102, 'learnind': 3, 'batchind': 5, 'epochs': 143}. Best is trial 224 with value: 0.8392999768257141.
 Convolutional Layers: 5
 Dense Layers: 2
 Learning rate: 0.001
 Batch Size: 32
 Epochs: 119
Epoch 13: early stopping
[I 2024-07-30 04:08:35,753] Trial 254 finished with value: 0.807699978351593 and parameters: {'n_conv_layers': 5, 'n_dense_layers': 2, 'maxpooling': False, 'batchnormalization': True, 'filtersind0': 7, 'kernel_size0': 3, 'maxpooling0': True, 'batchnormalization0': True, 'filtersind1': 8, 'kernel_size1': 9, 'maxpooling1': False, 'batchnormalization1': False, 'filtersind2': 7, 'kernel_size2': 3, 'maxpooling2': True, 'batchnormalization2': True, 'filtersind3': 5, 'kernel_size3': 5, 'maxpooling3': True, 'batchnormalization3': True, 'dropout': 0.4, 'num_hidden_neurons0': 111, 'learnind': 3, 'batchind': 5, 'epochs': 132}. Best is trial 224 with value: 0.8392999768257141.
 Convolutional Layers: 6
 Dense Layers: 2
 Learning rate: 0.001
 Batch Size: 32
 Epochs: 118
Epoch 14: early stopping
[I 2024-07-30 04:14:22,346] Trial 255 finished with value: 0.8306999802589417 and parameters: {'n_conv_layers': 5, 'n_dense_layers': 2, 'maxpooling': False, 'batchnormalization': True, 'filtersind0': 7, 'kernel_size0': 3, 'maxpooling0': True, 'batchnormalization0': True, 'filtersind1': 8, 'kernel_size1': 9, 'maxpooling1': False, 'batchnormalization1': False, 'filtersind2': 7, 'kernel_size2': 3, 'maxpooling2': True, 'batchnormalization2': True, 'filtersind3': 5, 'kernel_size3': 5, 'maxpooling3': True, 'batchnormalization3': True, 'dropout': 0.37, 'num_hidden_neurons0': 114, 'learnind': 3, 'batchind': 5, 'epochs': 119}. Best is trial 224 with value: 0.8392999768257141.
 Convolutional Layers: 6
 Dense Layers: 2
 Learning rate: 0.001
 Batch Size: 32
 Epochs: 118
Epoch 15: early stopping
[I 2024-07-30 04:18:28,121] Trial 256 finished with value: 0.8112999796867371 and parameters: {'n_conv_layers': 6, 'n_dense_layers': 2, 'maxpooling': False, 'batchnormalization': True, 'filtersind0': 7, 'kernel_size0': 3, 'maxpooling0': True, 'batchnormalization0': True, 'filtersind1': 8, 'kernel_size1': 7, 'maxpooling1': False, 'batchnormalization1': False, 'filtersind2': 7, 'kernel_size2': 3, 'maxpooling2': True, 'batchnormalization2': True, 'filtersind3': 5, 'kernel_size3': 5, 'maxpooling3': True, 'batchnormalization3': True, 'filtersind4': 7, 'kernel_size4': 7, 'maxpooling4': False, 'batchnormalization4': True, 'dropout': 0.38, 'num_hidden_neurons0': 58, 'learnind': 3, 'batchind': 5, 'epochs': 118}. Best is trial 224 with value: 0.8392999768257141.
 Convolutional Layers: 5
 Dense Layers: 2
 Learning rate: 0.001
 Batch Size: 32
 Epochs: 114
Epoch 14: early stopping
[I 2024-07-30 04:24:03,307] Trial 257 finished with value: 0.8194000124931335 and parameters: {'n_conv_layers': 6, 'n_dense_layers': 2, 'maxpooling': False, 'batchnormalization': True, 'filtersind0': 7, 'kernel_size0': 3, 'maxpooling0': True, 'batchnormalization0': True, 'filtersind1': 8, 'kernel_size1': 9, 'maxpooling1': False, 'batchnormalization1': False, 'filtersind2': 7, 'kernel_size2': 3, 'maxpooling2': True, 'batchnormalization2': True, 'filtersind3': 5, 'kernel_size3': 5, 'maxpooling3': True, 'batchnormalization3': True, 'filtersind4': 7, 'kernel_size4': 7, 'maxpooling4': False, 'batchnormalization4': True, 'dropout': 0.35000000000000003, 'num_hidden_neurons0': 108, 'learnind': 3, 'batchind': 5, 'epochs': 118}. Best is trial 224 with value: 0.8392999768257141.
 Convolutional Layers: 5
 Dense Layers: 2
 Learning rate: 0.001
 Batch Size: 32
 Epochs: 114
Epoch 14: early stopping
[I 2024-07-30 04:29:39,859] Trial 258 finished with value: 0.8151999711990356 and parameters: {'n_conv_layers': 5, 'n_dense_layers': 2, 'maxpooling': False, 'batchnormalization': True, 'filtersind0': 7, 'kernel_size0': 3, 'maxpooling0': True, 'batchnormalization0': True, 'filtersind1': 8, 'kernel_size1': 9, 'maxpooling1': False, 'batchnormalization1': False, 'filtersind2': 7, 'kernel_size2': 3, 'maxpooling2': True, 'batchnormalization2': True, 'filtersind3': 5, 'kernel_size3': 5, 'maxpooling3': True, 'batchnormalization3': True, 'dropout': 0.35000000000000003, 'num_hidden_neurons0': 108, 'learnind': 3, 'batchind': 5, 'epochs': 114}. Best is trial 224 with value: 0.8392999768257141.
 Convolutional Layers: 5
 Dense Layers: 2
 Learning rate: 0.001
 Batch Size: 32
 Epochs: 123
Epoch 12: early stopping
[I 2024-07-30 04:36:26,772] Trial 259 finished with value: 0.807200014591217 and parameters: {'n_conv_layers': 5, 'n_dense_layers': 2, 'maxpooling': False, 'batchnormalization': True, 'filtersind0': 7, 'kernel_size0': 11, 'maxpooling0': True, 'batchnormalization0': True, 'filtersind1': 8, 'kernel_size1': 9, 'maxpooling1': False, 'batchnormalization1': False, 'filtersind2': 7, 'kernel_size2': 3, 'maxpooling2': True, 'batchnormalization2': True, 'filtersind3': 5, 'kernel_size3': 11, 'maxpooling3': True, 'batchnormalization3': True, 'dropout': 0.37, 'num_hidden_neurons0': 97, 'learnind': 3, 'batchind': 5, 'epochs': 114}. Best is trial 224 with value: 0.8392999768257141.
 Convolutional Layers: 5
 Dense Layers: 2
 Learning rate: 0.001
 Batch Size: 32
 Epochs: 169
Epoch 12: early stopping
[I 2024-07-30 04:42:37,629] Trial 260 finished with value: 0.8075000047683716 and parameters: {'n_conv_layers': 5, 'n_dense_layers': 2, 'maxpooling': False, 'batchnormalization': True, 'filtersind0': 7, 'kernel_size0': 11, 'maxpooling0': True, 'batchnormalization0': True, 'filtersind1': 8, 'kernel_size1': 9, 'maxpooling1': False, 'batchnormalization1': False, 'filtersind2': 7, 'kernel_size2': 3, 'maxpooling2': True, 'batchnormalization2': True, 'filtersind3': 5, 'kernel_size3': 11, 'maxpooling3': True, 'batchnormalization3': True, 'dropout': 0.37, 'num_hidden_neurons0': 97, 'learnind': 3, 'batchind': 5, 'epochs': 123}. Best is trial 224 with value: 0.8392999768257141.
 Convolutional Layers: 5
 Dense Layers: 2
 Learning rate: 0.001
 Batch Size: 32
 Epochs: 110
Epoch 18: early stopping
[I 2024-07-30 04:53:07,039] Trial 261 finished with value: 0.1459999978542328 and parameters: {'n_conv_layers': 5, 'n_dense_layers': 2, 'maxpooling': False, 'batchnormalization': True, 'filtersind0': 7, 'kernel_size0': 3, 'maxpooling0': True, 'batchnormalization0': True, 'filtersind1': 8, 'kernel_size1': 7, 'maxpooling1': False, 'batchnormalization1': False, 'filtersind2': 7, 'kernel_size2': 9, 'maxpooling2': True, 'batchnormalization2': False, 'filtersind3': 5, 'kernel_size3': 3, 'maxpooling3': True, 'batchnormalization3': False, 'dropout': 0.36, 'num_hidden_neurons0': 78, 'learnind': 3, 'batchind': 5, 'epochs': 169}. Best is trial 224 with value: 0.8392999768257141.
 Convolutional Layers: 5
 Dense Layers: 2
 Learning rate: 0.001
 Batch Size: 32
 Epochs: 125
Epoch 12: early stopping
[I 2024-07-30 04:53:30,657] Trial 262 finished with value: 0.15199999511241913 and parameters: {'n_conv_layers': 5, 'n_dense_layers': 2, 'maxpooling': False, 'batchnormalization': True, 'filtersind0': 7, 'kernel_size0': 3, 'maxpooling0': True, 'batchnormalization0': True, 'filtersind1': 8, 'kernel_size1': 7, 'maxpooling1': False, 'batchnormalization1': True, 'filtersind2': 7, 'kernel_size2': 9, 'maxpooling2': True, 'batchnormalization2': False, 'filtersind3': 5, 'kernel_size3': 3, 'maxpooling3': True, 'batchnormalization3': False, 'dropout': 0.36, 'num_hidden_neurons0': 77, 'learnind': 3, 'batchind': 5, 'epochs': 110}. Best is trial 224 with value: 0.8392999768257141.
 Convolutional Layers: 4
 Dense Layers: 2
 Learning rate: 0.001
 Batch Size: 16
 Epochs: 126
Epoch 9: early stopping
[I 2024-07-30 05:29:27,447] Trial 264 finished with value: 0.10000000149011612 and parameters: {'n_conv_layers': 4, 'n_dense_layers': 2, 'maxpooling': False, 'batchnormalization': False, 'filtersind0': 7, 'kernel_size0': 3, 'maxpooling0': False, 'batchnormalization0': True, 'filtersind1': 8, 'kernel_size1': 7, 'maxpooling1': False, 'batchnormalization1': False, 'filtersind2': 7, 'kernel_size2': 9, 'maxpooling2': True, 'batchnormalization2': False, 'dropout': 0.35000000000000003, 'num_hidden_neurons0': 119, 'learnind': 3, 'batchind': 4, 'epochs': 126}. Best is trial 224 with value: 0.8392999768257141.
 Convolutional Layers: 5
 Dense Layers: 2
 Learning rate: 0.001
 Batch Size: 32
 Epochs: 121
Epoch 17: early stopping
[I 2024-07-30 05:29:41,015] Trial 263 finished with value: 0.8271999955177307 and parameters: {'n_conv_layers': 5, 'n_dense_layers': 2, 'maxpooling': False, 'batchnormalization': False, 'filtersind0': 7, 'kernel_size0': 3, 'maxpooling0': False, 'batchnormalization0': True, 'filtersind1': 8, 'kernel_size1': 7, 'maxpooling1': False, 'batchnormalization1': True, 'filtersind2': 7, 'kernel_size2': 9, 'maxpooling2': True, 'batchnormalization2': False, 'filtersind3': 5, 'kernel_size3': 9, 'maxpooling3': True, 'batchnormalization3': True, 'dropout': 0.35000000000000003, 'num_hidden_neurons0': 71, 'learnind': 3, 'batchind': 5, 'epochs': 125}. Best is trial 224 with value: 0.8392999768257141.
 Convolutional Layers: 5
 Dense Layers: 2
 Learning rate: 0.001
 Batch Size: 32
 Epochs: 119
Epoch 9: early stopping
[I 2024-07-30 05:39:20,926] Trial 266 finished with value: 0.7773000001907349 and parameters: {'n_conv_layers': 5, 'n_dense_layers': 2, 'maxpooling': True, 'batchnormalization': True, 'filtersind0': 7, 'kernel_size0': 3, 'maxpooling0': False, 'batchnormalization0': True, 'filtersind1': 8, 'kernel_size1': 7, 'maxpooling1': True, 'batchnormalization1': False, 'filtersind2': 7, 'kernel_size2': 9, 'maxpooling2': True, 'batchnormalization2': False, 'filtersind3': 5, 'kernel_size3': 9, 'maxpooling3': True, 'batchnormalization3': True, 'dropout': 0.37, 'num_hidden_neurons0': 84, 'learnind': 3, 'batchind': 5, 'epochs': 119}. Best is trial 224 with value: 0.8392999768257141.
 Convolutional Layers: 5
 Dense Layers: 2
 Learning rate: 0.001
 Batch Size: 32
 Epochs: 140
Epoch 18: early stopping
[I 2024-07-30 05:50:26,229] Trial 265 finished with value: 0.8410999774932861 and parameters: {'n_conv_layers': 5, 'n_dense_layers': 2, 'maxpooling': False, 'batchnormalization': True, 'filtersind0': 7, 'kernel_size0': 3, 'maxpooling0': False, 'batchnormalization0': True, 'filtersind1': 7, 'kernel_size1': 7, 'maxpooling1': False, 'batchnormalization1': False, 'filtersind2': 7, 'kernel_size2': 9, 'maxpooling2': True, 'batchnormalization2': False, 'filtersind3': 5, 'kernel_size3': 9, 'maxpooling3': True, 'batchnormalization3': True, 'dropout': 0.37, 'num_hidden_neurons0': 71, 'learnind': 3, 'batchind': 5, 'epochs': 121}. Best is trial 265 with value: 0.8410999774932861.
 Convolutional Layers: 5
 Dense Layers: 2
 Learning rate: 0.001
 Batch Size: 32
 Epochs: 139
Epoch 19: early stopping
[I 2024-07-30 06:04:14,022] Trial 267 finished with value: 0.8375999927520752 and parameters: {'n_conv_layers': 5, 'n_dense_layers': 2, 'maxpooling': False, 'batchnormalization': True, 'filtersind0': 7, 'kernel_size0': 3, 'maxpooling0': False, 'batchnormalization0': True, 'filtersind1': 7, 'kernel_size1': 7, 'maxpooling1': False, 'batchnormalization1': False, 'filtersind2': 7, 'kernel_size2': 3, 'maxpooling2': True, 'batchnormalization2': False, 'filtersind3': 5, 'kernel_size3': 9, 'maxpooling3': True, 'batchnormalization3': True, 'dropout': 0.34, 'num_hidden_neurons0': 104, 'learnind': 3, 'batchind': 5, 'epochs': 140}. Best is trial 265 with value: 0.8410999774932861.
 Convolutional Layers: 5
 Dense Layers: 2
 Learning rate: 0.001
 Batch Size: 32
 Epochs: 139
Epoch 17: early stopping
[I 2024-07-30 06:15:04,276] Trial 268 finished with value: 0.8356000185012817 and parameters: {'n_conv_layers': 5, 'n_dense_layers': 2, 'maxpooling': False, 'batchnormalization': True, 'filtersind0': 7, 'kernel_size0': 3, 'maxpooling0': False, 'batchnormalization0': True, 'filtersind1': 7, 'kernel_size1': 9, 'maxpooling1': False, 'batchnormalization1': False, 'filtersind2': 7, 'kernel_size2': 9, 'maxpooling2': True, 'batchnormalization2': False, 'filtersind3': 5, 'kernel_size3': 9, 'maxpooling3': True, 'batchnormalization3': True, 'dropout': 0.37, 'num_hidden_neurons0': 71, 'learnind': 3, 'batchind': 5, 'epochs': 139}. Best is trial 265 with value: 0.8410999774932861.
 Convolutional Layers: 4
 Dense Layers: 2
 Learning rate: 0.001
 Batch Size: 32
 Epochs: 160
Epoch 15: early stopping
[I 2024-07-30 06:27:51,137] Trial 269 finished with value: 0.8260999917984009 and parameters: {'n_conv_layers': 5, 'n_dense_layers': 2, 'maxpooling': False, 'batchnormalization': True, 'filtersind0': 7, 'kernel_size0': 3, 'maxpooling0': False, 'batchnormalization0': True, 'filtersind1': 7, 'kernel_size1': 9, 'maxpooling1': False, 'batchnormalization1': False, 'filtersind2': 6, 'kernel_size2': 9, 'maxpooling2': True, 'batchnormalization2': False, 'filtersind3': 5, 'kernel_size3': 9, 'maxpooling3': True, 'batchnormalization3': True, 'dropout': 0.34, 'num_hidden_neurons0': 115, 'learnind': 3, 'batchind': 5, 'epochs': 139}. Best is trial 265 with value: 0.8410999774932861.
 Convolutional Layers: 3
 Dense Layers: 2
 Learning rate: 0.001
 Batch Size: 32
 Epochs: 142
Epoch 13: early stopping
[I 2024-07-30 06:33:41,038] Trial 270 finished with value: 0.10000000149011612 and parameters: {'n_conv_layers': 4, 'n_dense_layers': 2, 'maxpooling': False, 'batchnormalization': True, 'filtersind0': 7, 'kernel_size0': 3, 'maxpooling0': False, 'batchnormalization0': True, 'filtersind1': 7, 'kernel_size1': 9, 'maxpooling1': False, 'batchnormalization1': False, 'filtersind2': 7, 'kernel_size2': 9, 'maxpooling2': True, 'batchnormalization2': False, 'dropout': 0.45, 'num_hidden_neurons0': 120, 'learnind': 3, 'batchind': 5, 'epochs': 160}. Best is trial 265 with value: 0.8410999774932861.
 Convolutional Layers: 5
 Dense Layers: 2
 Learning rate: 0.001
 Batch Size: 32
 Epochs: 151
Epoch 8: early stopping
[I 2024-07-30 06:36:55,693] Trial 271 finished with value: 0.10000000149011612 and parameters: {'n_conv_layers': 3, 'n_dense_layers': 2, 'maxpooling': False, 'batchnormalization': True, 'filtersind0': 7, 'kernel_size0': 3, 'maxpooling0': False, 'batchnormalization0': True, 'filtersind1': 7, 'kernel_size1': 7, 'maxpooling1': False, 'batchnormalization1': False, 'dropout': 0.37, 'num_hidden_neurons0': 127, 'learnind': 3, 'batchind': 5, 'epochs': 142}. Best is trial 265 with value: 0.8410999774932861.
 Convolutional Layers: 5
 Dense Layers: 2
 Learning rate: 0.001
 Batch Size: 16
 Epochs: 135
Epoch 24: early stopping
[I 2024-07-30 06:56:49,244] Trial 272 finished with value: 0.8202999830245972 and parameters: {'n_conv_layers': 5, 'n_dense_layers': 2, 'maxpooling': False, 'batchnormalization': True, 'filtersind0': 7, 'kernel_size0': 3, 'maxpooling0': False, 'batchnormalization0': True, 'filtersind1': 7, 'kernel_size1': 9, 'maxpooling1': False, 'batchnormalization1': False, 'filtersind2': 7, 'kernel_size2': 3, 'maxpooling2': True, 'batchnormalization2': False, 'filtersind3': 5, 'kernel_size3': 9, 'maxpooling3': True, 'batchnormalization3': True, 'dropout': 0.38, 'num_hidden_neurons0': 48, 'learnind': 3, 'batchind': 5, 'epochs': 151}. Best is trial 265 with value: 0.8410999774932861.
 Convolutional Layers: 5
 Dense Layers: 2
 Learning rate: 0.001
 Batch Size: 32
 Epochs: 135
Epoch 18: early stopping
[I 2024-07-30 07:19:03,790] Trial 274 finished with value: 0.8187000155448914 and parameters: {'n_conv_layers': 5, 'n_dense_layers': 2, 'maxpooling': False, 'batchnormalization': True, 'filtersind0': 7, 'kernel_size0': 3, 'maxpooling0': False, 'batchnormalization0': True, 'filtersind1': 7, 'kernel_size1': 9, 'maxpooling1': False, 'batchnormalization1': False, 'filtersind2': 7, 'kernel_size2': 9, 'maxpooling2': True, 'batchnormalization2': False, 'filtersind3': 5, 'kernel_size3': 9, 'maxpooling3': True, 'batchnormalization3': True, 'dropout': 0.34, 'num_hidden_neurons0': 73, 'learnind': 3, 'batchind': 5, 'epochs': 135}. Best is trial 265 with value: 0.8410999774932861.
 Convolutional Layers: 5
 Dense Layers: 2
 Learning rate: 0.001
 Batch Size: 16
 Epochs: 134
Epoch 28: early stopping
[I 2024-07-30 07:31:38,411] Trial 273 finished with value: 0.8112000226974487 and parameters: {'n_conv_layers': 5, 'n_dense_layers': 2, 'maxpooling': False, 'batchnormalization': True, 'filtersind0': 7, 'kernel_size0': 3, 'maxpooling0': False, 'batchnormalization0': True, 'filtersind1': 7, 'kernel_size1': 9, 'maxpooling1': False, 'batchnormalization1': False, 'filtersind2': 7, 'kernel_size2': 3, 'maxpooling2': True, 'batchnormalization2': False, 'filtersind3': 5, 'kernel_size3': 9, 'maxpooling3': True, 'batchnormalization3': True, 'dropout': 0.35000000000000003, 'num_hidden_neurons0': 68, 'learnind': 3, 'batchind': 4, 'epochs': 135}. Best is trial 265 with value: 0.8410999774932861.
 Convolutional Layers: 5
 Dense Layers: 2
 Learning rate: 0.0001
 Batch Size: 32
 Epochs: 110
Epoch 13: early stopping
