
(optuna) C:\Users\SuperUser>D:

(optuna) D:\>cd D:\Users\SuperUser\OneDrive\mestrado\pesquisa\optuna\cifar-10

(optuna) D:\Users\SuperUser\OneDrive\mestrado\pesquisa\optuna\cifar-10>python keras_simple_cifar10_exp
8.py
2024-07-28 10:16:46.145952: I tensorflow/core/platform/cpu_feature_guard.cc:193] This TensorFlow binary is optimized with oneAPI Deep Neural Network Library (oneDNN) to use the following CPU instructions in performance-critical operations:  AVX AVX2
To enable them in other operations, rebuild TensorFlow with the appropriate compiler flags.
2024-07-28 10:16:46.858863: I tensorflow/core/common_runtime/gpu/gpu_device.cc:1616] Created device /job:localhost/replica:0/task:0/device:GPU:0 with 13575 MB memory:  -> device: 0, name: NVIDIA GeForce RTX 4060 Ti, pci bus id: 0000:01:00.0, compute capability: 8.9
1 Physical GPUs, 1 Logical GPUs
D:\Users\SuperUser\OneDrive\mestrado\pesquisa\optuna\cifar-10\keras_simple_cifar10_exp8.py:160: ExperimentalWarning: JournalStorage is experimental (supported from v3.1.0). The interface can change in the future.
  storage = JournalStorage(JournalFileStorage("optuna-journal8.log"))
[I 2024-07-28 10:16:47,388] A new study created in Journal with name: Experiment8
 Convolutional Layers: 8
 Dense Layers: 2
 Convolutional Layers: 6
 Dense Layers: 3
 Learning rate: 1
 Batch Size: 32
 Epochs: 84
 Learning rate: 1
 Batch Size: 64
 Epochs: 85
2024-07-28 10:16:49.417970: I tensorflow/stream_executor/cuda/cuda_dnn.cc:384] Loaded cuDNN version 8100
2024-07-28 10:16:50.104869: W tensorflow/stream_executor/gpu/redzone_allocator.cc:314] INTERNAL: ptxas exited with non-zero error code -1, output:
Relying on driver to perform ptx compilation.
Modify $PATH to customize ptxas location.
This message will be only logged once.
2024-07-28 10:16:52.500583: I tensorflow/stream_executor/cuda/cuda_blas.cc:1614] TensorFloat-32 will be used for the matrix multiplication. This will only be logged once.
Epoch 8: early stopping
[I 2024-07-28 10:30:14,378] Trial 0 finished with value: 0.10000000149011612 and parameters: {'n_conv_layers': 8, 'n_dense_layers': 2, 'maxpooling': False, 'batchnormalization': False, 'filtersind0': 6, 'kernel_size0': 3, 'maxpooling0': False, 'batchnormalization0': True, 'filtersind1': 8, 'kernel_size1': 11, 'maxpooling1': True, 'batchnormalization1': False, 'filtersind2': 8, 'kernel_size2': 9, 'maxpooling2': True, 'batchnormalization2': False, 'filtersind3': 6, 'kernel_size3': 5, 'maxpooling3': True, 'batchnormalization3': False, 'filtersind4': 5, 'kernel_size4': 7, 'maxpooling4': False, 'batchnormalization4': True, 'filtersind5': 5, 'kernel_size5': 11, 'maxpooling5': False, 'batchnormalization5': True, 'filtersind6': 5, 'kernel_size6': 3, 'maxpooling6': False, 'batchnormalization6': True, 'dropout': 0.34, 'num_hidden_neurons0': 22, 'learnind': 0, 'batchind': 6, 'epochs': 85}. Best is trial 0 with value: 0.10000000149011612.
 Convolutional Layers: 3
 Dense Layers: 1
 Learning rate: 1
 Batch Size: 1024
 Epochs: 32
Epoch 10: early stopping
[I 2024-07-28 10:31:44,457] Trial 2 finished with value: 0.10000000149011612 and parameters: {'n_conv_layers': 3, 'n_dense_layers': 1, 'maxpooling': True, 'batchnormalization': False, 'filtersind0': 5, 'kernel_size0': 7, 'maxpooling0': True, 'batchnormalization0': True, 'filtersind1': 7, 'kernel_size1': 11, 'maxpooling1': True, 'batchnormalization1': False, 'dropout': 0.1, 'learnind': 0, 'batchind': 10, 'epochs': 32}. Best is trial 0 with value: 0.10000000149011612.
 Convolutional Layers: 6
 Dense Layers: 3
 Learning rate: 0.1
 Batch Size: 64
 Epochs: 74
Epoch 6: early stopping
[I 2024-07-28 10:50:06,662] Trial 3 finished with value: 0.10000000149011612 and parameters: {'n_conv_layers': 6, 'n_dense_layers': 3, 'maxpooling': False, 'batchnormalization': True, 'filtersind0': 7, 'kernel_size0': 7, 'maxpooling0': False, 'batchnormalization0': True, 'filtersind1': 8, 'kernel_size1': 9, 'maxpooling1': False, 'batchnormalization1': False, 'filtersind2': 8, 'kernel_size2': 11, 'maxpooling2': True, 'batchnormalization2': False, 'filtersind3': 7, 'kernel_size3': 5, 'maxpooling3': False, 'batchnormalization3': False, 'filtersind4': 6, 'kernel_size4': 11, 'maxpooling4': True, 'batchnormalization4': True, 'dropout': 0.36, 'num_hidden_neurons0': 27, 'num_hidden_neurons1': 44, 'learnind': 1, 'batchind': 6, 'epochs': 74}. Best is trial 0 with value: 0.10000000149011612.
 Convolutional Layers: 6
 Dense Layers: 1
 Learning rate: 0.001
 Batch Size: 1024
 Epochs: 87
Epoch 10: early stopping
[I 2024-07-28 10:50:54,291] Trial 1 finished with value: 0.10000000149011612 and parameters: {'n_conv_layers': 6, 'n_dense_layers': 3, 'maxpooling': False, 'batchnormalization': True, 'filtersind0': 8, 'kernel_size0': 3, 'maxpooling0': False, 'batchnormalization0': True, 'filtersind1': 8, 'kernel_size1': 5, 'maxpooling1': False, 'batchnormalization1': False, 'filtersind2': 6, 'kernel_size2': 5, 'maxpooling2': True, 'batchnormalization2': True, 'filtersind3': 8, 'kernel_size3': 3, 'maxpooling3': False, 'batchnormalization3': False, 'filtersind4': 7, 'kernel_size4': 3, 'maxpooling4': True, 'batchnormalization4': True, 'dropout': 0.42, 'num_hidden_neurons0': 8, 'num_hidden_neurons1': 4, 'learnind': 0, 'batchind': 5, 'epochs': 84}. Best is trial 0 with value: 0.10000000149011612.
 Convolutional Layers: 3
 Dense Layers: 2
 Learning rate: 0.01
 Batch Size: 32
 Epochs: 38
Epoch 16: early stopping
[I 2024-07-28 10:51:47,924] Trial 4 finished with value: 0.7282000184059143 and parameters: {'n_conv_layers': 6, 'n_dense_layers': 1, 'maxpooling': True, 'batchnormalization': False, 'filtersind0': 6, 'kernel_size0': 5, 'maxpooling0': True, 'batchnormalization0': False, 'filtersind1': 7, 'kernel_size1': 7, 'maxpooling1': True, 'batchnormalization1': True, 'filtersind2': 6, 'kernel_size2': 11, 'maxpooling2': False, 'batchnormalization2': False, 'filtersind3': 8, 'kernel_size3': 5, 'maxpooling3': False, 'batchnormalization3': True, 'filtersind4': 5, 'kernel_size4': 11, 'maxpooling4': False, 'batchnormalization4': True, 'dropout': 0.17, 'learnind': 3, 'batchind': 10, 'epochs': 87}. Best is trial 4 with value: 0.7282000184059143.
 Convolutional Layers: 5
 Dense Layers: 1
 Learning rate: 0.001
 Batch Size: 128
 Epochs: 135
Epoch 11: early stopping
[I 2024-07-28 10:53:35,643] Trial 6 finished with value: 0.772599995136261 and parameters: {'n_conv_layers': 5, 'n_dense_layers': 1, 'maxpooling': False, 'batchnormalization': False, 'filtersind0': 7, 'kernel_size0': 3, 'maxpooling0': True, 'batchnormalization0': True, 'filtersind1': 5, 'kernel_size1': 7, 'maxpooling1': True, 'batchnormalization1': True, 'filtersind2': 6, 'kernel_size2': 9, 'maxpooling2': True, 'batchnormalization2': True, 'filtersind3': 7, 'kernel_size3': 9, 'maxpooling3': False, 'batchnormalization3': True, 'dropout': 0.22, 'learnind': 3, 'batchind': 7, 'epochs': 135}. Best is trial 6 with value: 0.772599995136261.
 Convolutional Layers: 4
 Dense Layers: 1
 Learning rate: 1
 Batch Size: 256
 Epochs: 202
Epoch 7: early stopping
[I 2024-07-28 10:53:50,024] Trial 5 finished with value: 0.10649999976158142 and parameters: {'n_conv_layers': 3, 'n_dense_layers': 2, 'maxpooling': False, 'batchnormalization': True, 'filtersind0': 5, 'kernel_size0': 7, 'maxpooling0': False, 'batchnormalization0': False, 'filtersind1': 5, 'kernel_size1': 5, 'maxpooling1': False, 'batchnormalization1': True, 'dropout': 0.45, 'num_hidden_neurons0': 4, 'learnind': 2, 'batchind': 5, 'epochs': 38}. Best is trial 6 with value: 0.772599995136261.
 Convolutional Layers: 1
 Dense Layers: 3
 Learning rate: 1e-05
 Batch Size: 32
 Epochs: 170
Epoch 16: early stopping
[I 2024-07-28 10:56:25,581] Trial 7 finished with value: 0.17239999771118164 and parameters: {'n_conv_layers': 4, 'n_dense_layers': 1, 'maxpooling': True, 'batchnormalization': True, 'filtersind0': 5, 'kernel_size0': 9, 'maxpooling0': False, 'batchnormalization0': False, 'filtersind1': 7, 'kernel_size1': 11, 'maxpooling1': False, 'batchnormalization1': True, 'filtersind2': 7, 'kernel_size2': 7, 'maxpooling2': False, 'batchnormalization2': True, 'dropout': 0.41000000000000003, 'learnind': 0, 'batchind': 8, 'epochs': 202}. Best is trial 6 with value: 0.772599995136261.
 Convolutional Layers: 7
 Dense Layers: 2
 Learning rate: 1e-05
 Batch Size: 128
 Epochs: 249
Epoch 79: early stopping
[I 2024-07-28 11:07:57,090] Trial 9 finished with value: 0.7016000151634216 and parameters: {'n_conv_layers': 7, 'n_dense_layers': 2, 'maxpooling': True, 'batchnormalization': False, 'filtersind0': 7, 'kernel_size0': 9, 'maxpooling0': False, 'batchnormalization0': True, 'filtersind1': 5, 'kernel_size1': 7, 'maxpooling1': True, 'batchnormalization1': False, 'filtersind2': 5, 'kernel_size2': 7, 'maxpooling2': False, 'batchnormalization2': False, 'filtersind3': 6, 'kernel_size3': 11, 'maxpooling3': True, 'batchnormalization3': False, 'filtersind4': 5, 'kernel_size4': 5, 'maxpooling4': False, 'batchnormalization4': False, 'filtersind5': 6, 'kernel_size5': 7, 'maxpooling5': True, 'batchnormalization5': False, 'dropout': 0.12, 'num_hidden_neurons0': 66, 'learnind': 5, 'batchind': 7, 'epochs': 249}. Best is trial 6 with value: 0.772599995136261.
 Convolutional Layers: 7
 Dense Layers: 1
 Learning rate: 1e-05
 Batch Size: 32
 Epochs: 246
Epoch 28: early stopping
[I 2024-07-28 11:16:37,996] Trial 10 finished with value: 0.6886000037193298 and parameters: {'n_conv_layers': 7, 'n_dense_layers': 1, 'maxpooling': True, 'batchnormalization': True, 'filtersind0': 8, 'kernel_size0': 7, 'maxpooling0': False, 'batchnormalization0': True, 'filtersind1': 8, 'kernel_size1': 3, 'maxpooling1': False, 'batchnormalization1': True, 'filtersind2': 7, 'kernel_size2': 3, 'maxpooling2': True, 'batchnormalization2': True, 'filtersind3': 5, 'kernel_size3': 9, 'maxpooling3': True, 'batchnormalization3': False, 'filtersind4': 5, 'kernel_size4': 9, 'maxpooling4': False, 'batchnormalization4': True, 'filtersind5': 5, 'kernel_size5': 3, 'maxpooling5': True, 'batchnormalization5': False, 'dropout': 0.44, 'learnind': 5, 'batchind': 5, 'epochs': 246}. Best is trial 6 with value: 0.772599995136261.
 Convolutional Layers: 1
 Dense Layers: 1
 Learning rate: 0.001
 Batch Size: 256
 Epochs: 152
Epoch 19: early stopping
[I 2024-07-28 11:17:48,703] Trial 11 finished with value: 0.6262000203132629 and parameters: {'n_conv_layers': 1, 'n_dense_layers': 1, 'maxpooling': False, 'batchnormalization': False, 'dropout': 0.0, 'learnind': 3, 'batchind': 8, 'epochs': 152}. Best is trial 6 with value: 0.772599995136261.
 Convolutional Layers: 5
 Dense Layers: 1
 Learning rate: 0.001
 Batch Size: 1024
 Epochs: 147
Epoch 20: early stopping
[I 2024-07-28 11:18:57,774] Trial 12 finished with value: 0.7283999919891357 and parameters: {'n_conv_layers': 5, 'n_dense_layers': 1, 'maxpooling': True, 'batchnormalization': False, 'filtersind0': 6, 'kernel_size0': 5, 'maxpooling0': True, 'batchnormalization0': False, 'filtersind1': 6, 'kernel_size1': 7, 'maxpooling1': True, 'batchnormalization1': True, 'filtersind2': 6, 'kernel_size2': 9, 'maxpooling2': False, 'batchnormalization2': False, 'filtersind3': 8, 'kernel_size3': 7, 'maxpooling3': False, 'batchnormalization3': True, 'dropout': 0.21, 'learnind': 3, 'batchind': 10, 'epochs': 147}. Best is trial 6 with value: 0.772599995136261.
 Convolutional Layers: 4
 Dense Layers: 1
 Learning rate: 0.0001
 Batch Size: 512
 Epochs: 153
Epoch 24: early stopping
[I 2024-07-28 11:22:49,006] Trial 13 finished with value: 0.7099999785423279 and parameters: {'n_conv_layers': 4, 'n_dense_layers': 1, 'maxpooling': False, 'batchnormalization': False, 'filtersind0': 7, 'kernel_size0': 5, 'maxpooling0': True, 'batchnormalization0': False, 'filtersind1': 6, 'kernel_size1': 7, 'maxpooling1': True, 'batchnormalization1': True, 'filtersind2': 5, 'kernel_size2': 9, 'maxpooling2': False, 'batchnormalization2': True, 'dropout': 0.25, 'learnind': 4, 'batchind': 9, 'epochs': 153}. Best is trial 6 with value: 0.772599995136261.
 Convolutional Layers: 5
 Dense Layers: 2
 Learning rate: 0.01
 Batch Size: 256
 Epochs: 180
Epoch 42: early stopping
[I 2024-07-28 11:26:03,726] Trial 14 finished with value: 0.4666000008583069 and parameters: {'n_conv_layers': 5, 'n_dense_layers': 2, 'maxpooling': True, 'batchnormalization': False, 'filtersind0': 6, 'kernel_size0': 11, 'maxpooling0': True, 'batchnormalization0': False, 'filtersind1': 6, 'kernel_size1': 7, 'maxpooling1': True, 'batchnormalization1': True, 'filtersind2': 6, 'kernel_size2': 9, 'maxpooling2': False, 'batchnormalization2': False, 'filtersind3': 7, 'kernel_size3': 7, 'maxpooling3': False, 'batchnormalization3': True, 'dropout': 0.23, 'num_hidden_neurons0': 103, 'learnind': 2, 'batchind': 8, 'epochs': 180}. Best is trial 6 with value: 0.772599995136261.
 Convolutional Layers: 2
 Dense Layers: 1
 Learning rate: 0.0001
 Batch Size: 128
 Epochs: 292
[I 2024-07-28 11:29:52,852] Trial 8 finished with value: 0.6122000217437744 and parameters: {'n_conv_layers': 1, 'n_dense_layers': 3, 'maxpooling': True, 'batchnormalization': False, 'dropout': 0.46, 'num_hidden_neurons0': 21, 'num_hidden_neurons1': 47, 'learnind': 5, 'batchind': 5, 'epochs': 170}. Best is trial 6 with value: 0.772599995136261.
 Convolutional Layers: 5
 Dense Layers: 1
 Learning rate: 0.0001
 Batch Size: 128
 Epochs: 120
Epoch 14: early stopping
[I 2024-07-28 11:31:55,520] Trial 16 finished with value: 0.7404000163078308 and parameters: {'n_conv_layers': 5, 'n_dense_layers': 1, 'maxpooling': False, 'batchnormalization': False, 'filtersind0': 7, 'kernel_size0': 3, 'maxpooling0': True, 'batchnormalization0': False, 'filtersind1': 5, 'kernel_size1': 7, 'maxpooling1': True, 'batchnormalization1': True, 'filtersind2': 6, 'kernel_size2': 9, 'maxpooling2': True, 'batchnormalization2': True, 'filtersind3': 8, 'kernel_size3': 7, 'maxpooling3': False, 'batchnormalization3': True, 'dropout': 0.31, 'learnind': 4, 'batchind': 7, 'epochs': 120}. Best is trial 6 with value: 0.772599995136261.
 Convolutional Layers: 3
 Dense Layers: 2
 Learning rate: 0.0001
 Batch Size: 128
 Epochs: 124
Epoch 62: early stopping
[I 2024-07-28 11:42:23,120] Trial 17 finished with value: 0.7279000282287598 and parameters: {'n_conv_layers': 3, 'n_dense_layers': 2, 'maxpooling': False, 'batchnormalization': False, 'filtersind0': 8, 'kernel_size0': 3, 'maxpooling0': True, 'batchnormalization0': True, 'filtersind1': 5, 'kernel_size1': 3, 'maxpooling1': True, 'batchnormalization1': True, 'dropout': 0.31, 'num_hidden_neurons0': 8, 'learnind': 4, 'batchind': 7, 'epochs': 124}. Best is trial 6 with value: 0.772599995136261.
 Convolutional Layers: 2
 Dense Layers: 1
 Learning rate: 0.0001
 Batch Size: 16
 Epochs: 299
Epoch 216: early stopping
[I 2024-07-28 11:46:15,267] Trial 15 finished with value: 0.746999979019165 and parameters: {'n_conv_layers': 2, 'n_dense_layers': 1, 'maxpooling': True, 'batchnormalization': False, 'filtersind0': 7, 'kernel_size0': 3, 'maxpooling0': True, 'batchnormalization0': False, 'dropout': 0.3, 'learnind': 4, 'batchind': 7, 'epochs': 292}. Best is trial 6 with value: 0.772599995136261.
 Convolutional Layers: 2
 Dense Layers: 1
 Learning rate: 0.0001
 Batch Size: 16
 Epochs: 300
Epoch 31: early stopping
[I 2024-07-28 11:48:43,526] Trial 18 finished with value: 0.703499972820282 and parameters: {'n_conv_layers': 2, 'n_dense_layers': 1, 'maxpooling': False, 'batchnormalization': False, 'filtersind0': 7, 'kernel_size0': 3, 'maxpooling0': True, 'batchnormalization0': False, 'dropout': 0.29, 'learnind': 4, 'batchind': 4, 'epochs': 299}. Best is trial 6 with value: 0.772599995136261.
 Convolutional Layers: 2
 Dense Layers: 2
 Learning rate: 0.01
 Batch Size: 64
 Epochs: 223
Epoch 21: early stopping
[I 2024-07-28 11:52:15,521] Trial 20 finished with value: 0.19269999861717224 and parameters: {'n_conv_layers': 2, 'n_dense_layers': 2, 'maxpooling': True, 'batchnormalization': False, 'filtersind0': 8, 'kernel_size0': 11, 'maxpooling0': True, 'batchnormalization0': True, 'dropout': 0.16, 'num_hidden_neurons0': 51, 'learnind': 2, 'batchind': 6, 'epochs': 223}. Best is trial 6 with value: 0.772599995136261.
 Convolutional Layers: 2
 Dense Layers: 1
 Learning rate: 0.001
 Batch Size: 512
 Epochs: 283
Epoch 19: early stopping
[I 2024-07-28 11:52:35,165] Trial 19 finished with value: 0.692799985408783 and parameters: {'n_conv_layers': 2, 'n_dense_layers': 1, 'maxpooling': False, 'batchnormalization': False, 'filtersind0': 7, 'kernel_size0': 3, 'maxpooling0': True, 'batchnormalization0': True, 'dropout': 0.16, 'learnind': 4, 'batchind': 4, 'epochs': 300}. Best is trial 6 with value: 0.772599995136261.
 Convolutional Layers: 5
 Dense Layers: 1
 Learning rate: 0.001
 Batch Size: 128
 Epochs: 108
Epoch 21: early stopping
[I 2024-07-28 11:53:41,130] Trial 21 finished with value: 0.7129999995231628 and parameters: {'n_conv_layers': 2, 'n_dense_layers': 1, 'maxpooling': True, 'batchnormalization': False, 'filtersind0': 7, 'kernel_size0': 3, 'maxpooling0': True, 'batchnormalization0': True, 'dropout': 0.05, 'learnind': 3, 'batchind': 9, 'epochs': 283}. Best is trial 6 with value: 0.772599995136261.
 Convolutional Layers: 5
 Dense Layers: 1
 Learning rate: 0.0001
 Batch Size: 128
 Epochs: 118
Epoch 9: early stopping
[I 2024-07-28 11:54:30,352] Trial 22 finished with value: 0.7520999908447266 and parameters: {'n_conv_layers': 5, 'n_dense_layers': 1, 'maxpooling': False, 'batchnormalization': False, 'filtersind0': 7, 'kernel_size0': 3, 'maxpooling0': True, 'batchnormalization0': False, 'filtersind1': 5, 'kernel_size1': 9, 'maxpooling1': True, 'batchnormalization1': True, 'filtersind2': 5, 'kernel_size2': 9, 'maxpooling2': True, 'batchnormalization2': True, 'filtersind3': 7, 'kernel_size3': 9, 'maxpooling3': False, 'batchnormalization3': True, 'dropout': 0.28, 'learnind': 3, 'batchind': 7, 'epochs': 108}. Best is trial 6 with value: 0.772599995136261.
 Convolutional Layers: 4
 Dense Layers: 1
 Learning rate: 0.001
 Batch Size: 128
 Epochs: 121
Epoch 14: early stopping
[I 2024-07-28 11:57:14,083] Trial 23 finished with value: 0.7361000180244446 and parameters: {'n_conv_layers': 5, 'n_dense_layers': 1, 'maxpooling': False, 'batchnormalization': False, 'filtersind0': 7, 'kernel_size0': 3, 'maxpooling0': True, 'batchnormalization0': False, 'filtersind1': 5, 'kernel_size1': 9, 'maxpooling1': True, 'batchnormalization1': True, 'filtersind2': 5, 'kernel_size2': 9, 'maxpooling2': True, 'batchnormalization2': True, 'filtersind3': 7, 'kernel_size3': 9, 'maxpooling3': False, 'batchnormalization3': True, 'dropout': 0.27, 'learnind': 4, 'batchind': 7, 'epochs': 118}. Best is trial 6 with value: 0.772599995136261.
 Convolutional Layers: 4
 Dense Layers: 1
 Learning rate: 0.001
 Batch Size: 256
 Epochs: 193
Epoch 12: early stopping
[I 2024-07-28 11:57:27,557] Trial 24 finished with value: 0.7592999935150146 and parameters: {'n_conv_layers': 4, 'n_dense_layers': 1, 'maxpooling': False, 'batchnormalization': False, 'filtersind0': 7, 'kernel_size0': 3, 'maxpooling0': True, 'batchnormalization0': False, 'filtersind1': 6, 'kernel_size1': 9, 'maxpooling1': True, 'batchnormalization1': True, 'filtersind2': 5, 'kernel_size2': 3, 'maxpooling2': True, 'batchnormalization2': True, 'dropout': 0.27, 'learnind': 3, 'batchind': 7, 'epochs': 121}. Best is trial 6 with value: 0.772599995136261.
 Convolutional Layers: 4
 Dense Layers: 2
 Learning rate: 0.1
 Batch Size: 256
 Epochs: 64
Epoch 6: early stopping
[I 2024-07-28 11:58:25,564] Trial 26 finished with value: 0.12999999523162842 and parameters: {'n_conv_layers': 4, 'n_dense_layers': 2, 'maxpooling': False, 'batchnormalization': False, 'filtersind0': 6, 'kernel_size0': 3, 'maxpooling0': True, 'batchnormalization0': False, 'filtersind1': 6, 'kernel_size1': 9, 'maxpooling1': True, 'batchnormalization1': True, 'filtersind2': 5, 'kernel_size2': 3, 'maxpooling2': True, 'batchnormalization2': True, 'dropout': 0.37, 'num_hidden_neurons0': 4, 'learnind': 1, 'batchind': 8, 'epochs': 64}. Best is trial 6 with value: 0.772599995136261.
 Convolutional Layers: 4
 Dense Layers: 1
 Learning rate: 0.001
 Batch Size: 64
 Epochs: 110
Epoch 16: early stopping
[I 2024-07-28 11:59:43,361] Trial 25 finished with value: 0.7545999884605408 and parameters: {'n_conv_layers': 4, 'n_dense_layers': 1, 'maxpooling': False, 'batchnormalization': False, 'filtersind0': 6, 'kernel_size0': 3, 'maxpooling0': True, 'batchnormalization0': False, 'filtersind1': 6, 'kernel_size1': 9, 'maxpooling1': True, 'batchnormalization1': True, 'filtersind2': 5, 'kernel_size2': 5, 'maxpooling2': True, 'batchnormalization2': True, 'dropout': 0.36, 'learnind': 3, 'batchind': 8, 'epochs': 193}. Best is trial 6 with value: 0.772599995136261.
 Convolutional Layers: 4
 Dense Layers: 1
 Learning rate: 0.01
 Batch Size: 512
 Epochs: 192
Epoch 18: early stopping
[I 2024-07-28 12:04:32,118] Trial 28 finished with value: 0.717199981212616 and parameters: {'n_conv_layers': 4, 'n_dense_layers': 1, 'maxpooling': False, 'batchnormalization': True, 'filtersind0': 6, 'kernel_size0': 11, 'maxpooling0': True, 'batchnormalization0': False, 'filtersind1': 6, 'kernel_size1': 9, 'maxpooling1': True, 'batchnormalization1': True, 'filtersind2': 5, 'kernel_size2': 5, 'maxpooling2': True, 'batchnormalization2': True, 'dropout': 0.2, 'learnind': 2, 'batchind': 9, 'epochs': 192}. Best is trial 6 with value: 0.772599995136261.
 Convolutional Layers: 3
 Dense Layers: 2
 Learning rate: 0.1
 Batch Size: 64
 Epochs: 209
Epoch 14: early stopping
