[I 2024-07-29 01:32:18,914] Trial 120 finished with value: 0.8299999833106995 and parameters: {'n_conv_layers': 8, 'n_dense_layers': 2, 'maxpooling': False, 'batchnormalization': True, 'filtersind0': 7, 'kernel_size0': 5, 'maxpooling0': False, 'batchnormalization0': True, 'filtersind1': 6, 'kernel_size1': 7, 'maxpooling1': False, 'batchnormalization1': False, 'filtersind2': 7, 'kernel_size2': 9, 'maxpooling2': True, 'batchnormalization2': False, 'filtersind3': 5, 'kernel_size3': 9, 'maxpooling3': False, 'batchnormalization3': True, 'filtersind4': 5, 'kernel_size4': 9, 'maxpooling4': True, 'batchnormalization4': False, 'filtersind5': 6, 'kernel_size5': 9, 'maxpooling5': True, 'batchnormalization5': False, 'filtersind6': 8, 'kernel_size6': 11, 'maxpooling6': False, 'batchnormalization6': True, 'dropout': 0.33, 'num_hidden_neurons0': 88, 'learnind': 3, 'batchind': 7, 'epochs': 86}. Best is trial 120 with value: 0.8299999833106995.
 Convolutional Layers: 8
 Dense Layers: 2
 Learning rate: 0.001
 Batch Size: 128
 Epochs: 102
Epoch 15: early stopping
[I 2024-07-29 01:44:26,433] Trial 121 finished with value: 0.822700023651123 and parameters: {'n_conv_layers': 8, 'n_dense_layers': 2, 'maxpooling': False, 'batchnormalization': True, 'filtersind0': 7, 'kernel_size0': 5, 'maxpooling0': False, 'batchnormalization0': True, 'filtersind1': 6, 'kernel_size1': 7, 'maxpooling1': False, 'batchnormalization1': False, 'filtersind2': 7, 'kernel_size2': 9, 'maxpooling2': True, 'batchnormalization2': False, 'filtersind3': 5, 'kernel_size3': 9, 'maxpooling3': False, 'batchnormalization3': True, 'filtersind4': 5, 'kernel_size4': 9, 'maxpooling4': True, 'batchnormalization4': False, 'filtersind5': 6, 'kernel_size5': 9, 'maxpooling5': True, 'batchnormalization5': False, 'filtersind6': 8, 'kernel_size6': 11, 'maxpooling6': False, 'batchnormalization6': True, 'dropout': 0.33, 'num_hidden_neurons0': 87, 'learnind': 3, 'batchind': 7, 'epochs': 102}. Best is trial 120 with value: 0.8299999833106995.
 Convolutional Layers: 8
 Dense Layers: 2
 Learning rate: 0.001
 Batch Size: 128
 Epochs: 97
Epoch 16: early stopping
[I 2024-07-29 01:57:22,940] Trial 122 finished with value: 0.8252000212669373 and parameters: {'n_conv_layers': 8, 'n_dense_layers': 2, 'maxpooling': False, 'batchnormalization': True, 'filtersind0': 7, 'kernel_size0': 5, 'maxpooling0': False, 'batchnormalization0': True, 'filtersind1': 6, 'kernel_size1': 7, 'maxpooling1': False, 'batchnormalization1': False, 'filtersind2': 7, 'kernel_size2': 9, 'maxpooling2': True, 'batchnormalization2': False, 'filtersind3': 5, 'kernel_size3': 9, 'maxpooling3': False, 'batchnormalization3': True, 'filtersind4': 5, 'kernel_size4': 9, 'maxpooling4': True, 'batchnormalization4': False, 'filtersind5': 6, 'kernel_size5': 9, 'maxpooling5': True, 'batchnormalization5': False, 'filtersind6': 8, 'kernel_size6': 11, 'maxpooling6': False, 'batchnormalization6': True, 'dropout': 0.33, 'num_hidden_neurons0': 89, 'learnind': 3, 'batchind': 7, 'epochs': 97}. Best is trial 120 with value: 0.8299999833106995.
 Convolutional Layers: 8
 Dense Layers: 2
 Learning rate: 0.001
 Batch Size: 128
 Epochs: 93
Epoch 14: early stopping
[I 2024-07-29 02:08:42,407] Trial 123 finished with value: 0.8084999918937683 and parameters: {'n_conv_layers': 8, 'n_dense_layers': 2, 'maxpooling': False, 'batchnormalization': True, 'filtersind0': 7, 'kernel_size0': 5, 'maxpooling0': False, 'batchnormalization0': True, 'filtersind1': 6, 'kernel_size1': 7, 'maxpooling1': False, 'batchnormalization1': False, 'filtersind2': 7, 'kernel_size2': 9, 'maxpooling2': True, 'batchnormalization2': False, 'filtersind3': 5, 'kernel_size3': 9, 'maxpooling3': False, 'batchnormalization3': True, 'filtersind4': 5, 'kernel_size4': 9, 'maxpooling4': True, 'batchnormalization4': False, 'filtersind5': 6, 'kernel_size5': 9, 'maxpooling5': True, 'batchnormalization5': False, 'filtersind6': 8, 'kernel_size6': 11, 'maxpooling6': False, 'batchnormalization6': True, 'dropout': 0.33, 'num_hidden_neurons0': 88, 'learnind': 3, 'batchind': 7, 'epochs': 93}. Best is trial 120 with value: 0.8299999833106995.
 Convolutional Layers: 8
 Dense Layers: 2
 Learning rate: 0.001
 Batch Size: 128
 Epochs: 97
Epoch 17: early stopping
[I 2024-07-29 02:22:26,642] Trial 124 finished with value: 0.7908999919891357 and parameters: {'n_conv_layers': 8, 'n_dense_layers': 2, 'maxpooling': False, 'batchnormalization': True, 'filtersind0': 7, 'kernel_size0': 5, 'maxpooling0': False, 'batchnormalization0': True, 'filtersind1': 6, 'kernel_size1': 7, 'maxpooling1': False, 'batchnormalization1': False, 'filtersind2': 7, 'kernel_size2': 9, 'maxpooling2': True, 'batchnormalization2': False, 'filtersind3': 5, 'kernel_size3': 9, 'maxpooling3': False, 'batchnormalization3': True, 'filtersind4': 5, 'kernel_size4': 9, 'maxpooling4': True, 'batchnormalization4': False, 'filtersind5': 6, 'kernel_size5': 9, 'maxpooling5': True, 'batchnormalization5': False, 'filtersind6': 8, 'kernel_size6': 11, 'maxpooling6': False, 'batchnormalization6': True, 'dropout': 0.33, 'num_hidden_neurons0': 92, 'learnind': 3, 'batchind': 7, 'epochs': 97}. Best is trial 120 with value: 0.8299999833106995.
 Convolutional Layers: 8
 Dense Layers: 2
 Learning rate: 0.001
 Batch Size: 128
 Epochs: 116
Epoch 22: early stopping
[I 2024-07-29 02:40:11,504] Trial 125 finished with value: 0.8274999856948853 and parameters: {'n_conv_layers': 8, 'n_dense_layers': 2, 'maxpooling': False, 'batchnormalization': True, 'filtersind0': 7, 'kernel_size0': 5, 'maxpooling0': False, 'batchnormalization0': True, 'filtersind1': 6, 'kernel_size1': 7, 'maxpooling1': False, 'batchnormalization1': False, 'filtersind2': 7, 'kernel_size2': 9, 'maxpooling2': True, 'batchnormalization2': False, 'filtersind3': 5, 'kernel_size3': 9, 'maxpooling3': False, 'batchnormalization3': True, 'filtersind4': 5, 'kernel_size4': 9, 'maxpooling4': True, 'batchnormalization4': False, 'filtersind5': 6, 'kernel_size5': 9, 'maxpooling5': True, 'batchnormalization5': False, 'filtersind6': 8, 'kernel_size6': 11, 'maxpooling6': False, 'batchnormalization6': True, 'dropout': 0.36, 'num_hidden_neurons0': 111, 'learnind': 3, 'batchind': 7, 'epochs': 116}. Best is trial 120 with value: 0.8299999833106995.
 Convolutional Layers: 8
 Dense Layers: 2
 Learning rate: 0.001
 Batch Size: 128
 Epochs: 110
Epoch 22: early stopping
[I 2024-07-29 02:57:54,856] Trial 126 finished with value: 0.7659000158309937 and parameters: {'n_conv_layers': 8, 'n_dense_layers': 2, 'maxpooling': False, 'batchnormalization': True, 'filtersind0': 7, 'kernel_size0': 5, 'maxpooling0': False, 'batchnormalization0': True, 'filtersind1': 6, 'kernel_size1': 7, 'maxpooling1': False, 'batchnormalization1': False, 'filtersind2': 7, 'kernel_size2': 9, 'maxpooling2': True, 'batchnormalization2': False, 'filtersind3': 5, 'kernel_size3': 9, 'maxpooling3': False, 'batchnormalization3': True, 'filtersind4': 5, 'kernel_size4': 9, 'maxpooling4': True, 'batchnormalization4': False, 'filtersind5': 6, 'kernel_size5': 9, 'maxpooling5': True, 'batchnormalization5': False, 'filtersind6': 8, 'kernel_size6': 11, 'maxpooling6': False, 'batchnormalization6': True, 'dropout': 0.39, 'num_hidden_neurons0': 108, 'learnind': 3, 'batchind': 7, 'epochs': 110}. Best is trial 120 with value: 0.8299999833106995.
 Convolutional Layers: 8
 Dense Layers: 2
 Learning rate: 0.001
 Batch Size: 128
 Epochs: 85
Epoch 16: early stopping
[I 2024-07-29 03:10:49,849] Trial 127 finished with value: 0.8213000297546387 and parameters: {'n_conv_layers': 8, 'n_dense_layers': 2, 'maxpooling': False, 'batchnormalization': True, 'filtersind0': 7, 'kernel_size0': 5, 'maxpooling0': False, 'batchnormalization0': True, 'filtersind1': 6, 'kernel_size1': 7, 'maxpooling1': False, 'batchnormalization1': False, 'filtersind2': 7, 'kernel_size2': 9, 'maxpooling2': True, 'batchnormalization2': False, 'filtersind3': 5, 'kernel_size3': 9, 'maxpooling3': False, 'batchnormalization3': True, 'filtersind4': 5, 'kernel_size4': 9, 'maxpooling4': True, 'batchnormalization4': False, 'filtersind5': 6, 'kernel_size5': 9, 'maxpooling5': True, 'batchnormalization5': False, 'filtersind6': 8, 'kernel_size6': 11, 'maxpooling6': False, 'batchnormalization6': True, 'dropout': 0.36, 'num_hidden_neurons0': 88, 'learnind': 3, 'batchind': 7, 'epochs': 85}. Best is trial 120 with value: 0.8299999833106995.
 Convolutional Layers: 8
 Dense Layers: 2
 Learning rate: 0.001
 Batch Size: 128
 Epochs: 87
Epoch 12: early stopping
[I 2024-07-29 03:20:33,825] Trial 128 finished with value: 0.7989000082015991 and parameters: {'n_conv_layers': 8, 'n_dense_layers': 2, 'maxpooling': False, 'batchnormalization': True, 'filtersind0': 7, 'kernel_size0': 5, 'maxpooling0': False, 'batchnormalization0': True, 'filtersind1': 6, 'kernel_size1': 7, 'maxpooling1': False, 'batchnormalization1': False, 'filtersind2': 7, 'kernel_size2': 9, 'maxpooling2': True, 'batchnormalization2': False, 'filtersind3': 5, 'kernel_size3': 9, 'maxpooling3': False, 'batchnormalization3': True, 'filtersind4': 5, 'kernel_size4': 9, 'maxpooling4': True, 'batchnormalization4': False, 'filtersind5': 6, 'kernel_size5': 9, 'maxpooling5': True, 'batchnormalization5': False, 'filtersind6': 8, 'kernel_size6': 11, 'maxpooling6': False, 'batchnormalization6': True, 'dropout': 0.36, 'num_hidden_neurons0': 87, 'learnind': 3, 'batchind': 7, 'epochs': 87}. Best is trial 120 with value: 0.8299999833106995.
 Convolutional Layers: 8
 Dense Layers: 2
 Learning rate: 0.001
 Batch Size: 64
 Epochs: 117
Epoch 38: early stopping
[I 2024-07-29 03:26:09,896] Trial 115 finished with value: 0.6563000082969666 and parameters: {'n_conv_layers': 8, 'n_dense_layers': 2, 'maxpooling': False, 'batchnormalization': True, 'filtersind0': 7, 'kernel_size0': 5, 'maxpooling0': False, 'batchnormalization0': True, 'filtersind1': 6, 'kernel_size1': 7, 'maxpooling1': False, 'batchnormalization1': False, 'filtersind2': 7, 'kernel_size2': 9, 'maxpooling2': True, 'batchnormalization2': False, 'filtersind3': 5, 'kernel_size3': 9, 'maxpooling3': False, 'batchnormalization3': True, 'filtersind4': 5, 'kernel_size4': 9, 'maxpooling4': True, 'batchnormalization4': False, 'filtersind5': 6, 'kernel_size5': 9, 'maxpooling5': True, 'batchnormalization5': True, 'filtersind6': 8, 'kernel_size6': 11, 'maxpooling6': False, 'batchnormalization6': True, 'dropout': 0.33, 'num_hidden_neurons0': 42, 'learnind': 3, 'batchind': 4, 'epochs': 59}. Best is trial 120 with value: 0.8299999833106995.
 Convolutional Layers: 8
 Dense Layers: 2
 Learning rate: 0.001
 Batch Size: 64
 Epochs: 92
Epoch 15: early stopping
[I 2024-07-29 03:38:42,444] Trial 129 finished with value: 0.7875999808311462 and parameters: {'n_conv_layers': 8, 'n_dense_layers': 2, 'maxpooling': False, 'batchnormalization': True, 'filtersind0': 7, 'kernel_size0': 5, 'maxpooling0': False, 'batchnormalization0': True, 'filtersind1': 6, 'kernel_size1': 7, 'maxpooling1': False, 'batchnormalization1': False, 'filtersind2': 7, 'kernel_size2': 9, 'maxpooling2': True, 'batchnormalization2': False, 'filtersind3': 5, 'kernel_size3': 9, 'maxpooling3': False, 'batchnormalization3': True, 'filtersind4': 5, 'kernel_size4': 9, 'maxpooling4': True, 'batchnormalization4': False, 'filtersind5': 6, 'kernel_size5': 9, 'maxpooling5': True, 'batchnormalization5': False, 'filtersind6': 8, 'kernel_size6': 11, 'maxpooling6': False, 'batchnormalization6': True, 'dropout': 0.38, 'num_hidden_neurons0': 110, 'learnind': 3, 'batchind': 6, 'epochs': 117}. Best is trial 120 with value: 0.8299999833106995.
 Convolutional Layers: 8
 Dense Layers: 2
 Learning rate: 0.001
 Batch Size: 128
 Epochs: 100
Epoch 12: early stopping
[I 2024-07-29 03:51:34,986] Trial 131 finished with value: 0.7864999771118164 and parameters: {'n_conv_layers': 8, 'n_dense_layers': 2, 'maxpooling': False, 'batchnormalization': True, 'filtersind0': 7, 'kernel_size0': 5, 'maxpooling0': False, 'batchnormalization0': True, 'filtersind1': 6, 'kernel_size1': 7, 'maxpooling1': False, 'batchnormalization1': False, 'filtersind2': 7, 'kernel_size2': 9, 'maxpooling2': True, 'batchnormalization2': False, 'filtersind3': 5, 'kernel_size3': 9, 'maxpooling3': False, 'batchnormalization3': True, 'filtersind4': 5, 'kernel_size4': 9, 'maxpooling4': True, 'batchnormalization4': False, 'filtersind5': 6, 'kernel_size5': 9, 'maxpooling5': True, 'batchnormalization5': False, 'filtersind6': 8, 'kernel_size6': 11, 'maxpooling6': False, 'batchnormalization6': True, 'dropout': 0.4, 'num_hidden_neurons0': 89, 'learnind': 3, 'batchind': 7, 'epochs': 100}. Best is trial 120 with value: 0.8299999833106995.
 Convolutional Layers: 8
 Dense Layers: 2
 Learning rate: 0.001
 Batch Size: 128
 Epochs: 84
Epoch 17: early stopping
[I 2024-07-29 03:52:19,277] Trial 130 finished with value: 0.8095999956130981 and parameters: {'n_conv_layers': 8, 'n_dense_layers': 2, 'maxpooling': False, 'batchnormalization': True, 'filtersind0': 7, 'kernel_size0': 5, 'maxpooling0': False, 'batchnormalization0': True, 'filtersind1': 6, 'kernel_size1': 7, 'maxpooling1': False, 'batchnormalization1': False, 'filtersind2': 7, 'kernel_size2': 9, 'maxpooling2': True, 'batchnormalization2': False, 'filtersind3': 5, 'kernel_size3': 9, 'maxpooling3': False, 'batchnormalization3': True, 'filtersind4': 5, 'kernel_size4': 9, 'maxpooling4': True, 'batchnormalization4': False, 'filtersind5': 6, 'kernel_size5': 9, 'maxpooling5': True, 'batchnormalization5': False, 'filtersind6': 8, 'kernel_size6': 11, 'maxpooling6': False, 'batchnormalization6': True, 'dropout': 0.4, 'num_hidden_neurons0': 108, 'learnind': 3, 'batchind': 6, 'epochs': 92}. Best is trial 120 with value: 0.8299999833106995.
 Convolutional Layers: 8
 Dense Layers: 2
 Learning rate: 0.001
 Batch Size: 64
 Epochs: 85
Epoch 21: early stopping
[I 2024-07-29 04:14:08,596] Trial 132 finished with value: 0.8270999789237976 and parameters: {'n_conv_layers': 8, 'n_dense_layers': 2, 'maxpooling': False, 'batchnormalization': True, 'filtersind0': 7, 'kernel_size0': 5, 'maxpooling0': False, 'batchnormalization0': True, 'filtersind1': 6, 'kernel_size1': 7, 'maxpooling1': False, 'batchnormalization1': False, 'filtersind2': 7, 'kernel_size2': 9, 'maxpooling2': True, 'batchnormalization2': False, 'filtersind3': 5, 'kernel_size3': 9, 'maxpooling3': False, 'batchnormalization3': True, 'filtersind4': 5, 'kernel_size4': 9, 'maxpooling4': True, 'batchnormalization4': False, 'filtersind5': 6, 'kernel_size5': 9, 'maxpooling5': True, 'batchnormalization5': False, 'filtersind6': 8, 'kernel_size6': 11, 'maxpooling6': False, 'batchnormalization6': True, 'dropout': 0.36, 'num_hidden_neurons0': 117, 'learnind': 3, 'batchind': 7, 'epochs': 84}. Best is trial 120 with value: 0.8299999833106995.
 Convolutional Layers: 8
 Dense Layers: 2
 Learning rate: 0.001
 Batch Size: 64
 Epochs: 85
Epoch 28: early stopping
[I 2024-07-29 04:34:47,342] Trial 133 finished with value: 0.8183000087738037 and parameters: {'n_conv_layers': 8, 'n_dense_layers': 2, 'maxpooling': False, 'batchnormalization': True, 'filtersind0': 7, 'kernel_size0': 5, 'maxpooling0': False, 'batchnormalization0': True, 'filtersind1': 6, 'kernel_size1': 7, 'maxpooling1': False, 'batchnormalization1': False, 'filtersind2': 7, 'kernel_size2': 9, 'maxpooling2': True, 'batchnormalization2': False, 'filtersind3': 5, 'kernel_size3': 9, 'maxpooling3': False, 'batchnormalization3': True, 'filtersind4': 5, 'kernel_size4': 9, 'maxpooling4': True, 'batchnormalization4': False, 'filtersind5': 6, 'kernel_size5': 9, 'maxpooling5': True, 'batchnormalization5': False, 'filtersind6': 8, 'kernel_size6': 11, 'maxpooling6': False, 'batchnormalization6': True, 'dropout': 0.36, 'num_hidden_neurons0': 115, 'learnind': 3, 'batchind': 6, 'epochs': 85}. Best is trial 120 with value: 0.8299999833106995.
 Convolutional Layers: 8
 Dense Layers: 2
 Learning rate: 0.001
 Batch Size: 64
 Epochs: 85
Epoch 21: early stopping
[I 2024-07-29 04:43:03,330] Trial 134 finished with value: 0.7861999869346619 and parameters: {'n_conv_layers': 8, 'n_dense_layers': 2, 'maxpooling': False, 'batchnormalization': True, 'filtersind0': 7, 'kernel_size0': 5, 'maxpooling0': False, 'batchnormalization0': True, 'filtersind1': 6, 'kernel_size1': 7, 'maxpooling1': False, 'batchnormalization1': False, 'filtersind2': 7, 'kernel_size2': 9, 'maxpooling2': True, 'batchnormalization2': False, 'filtersind3': 5, 'kernel_size3': 9, 'maxpooling3': False, 'batchnormalization3': True, 'filtersind4': 5, 'kernel_size4': 9, 'maxpooling4': True, 'batchnormalization4': False, 'filtersind5': 6, 'kernel_size5': 9, 'maxpooling5': True, 'batchnormalization5': False, 'filtersind6': 8, 'kernel_size6': 11, 'maxpooling6': False, 'batchnormalization6': True, 'dropout': 0.36, 'num_hidden_neurons0': 128, 'learnind': 3, 'batchind': 6, 'epochs': 85}. Best is trial 120 with value: 0.8299999833106995.
 Convolutional Layers: 8
 Dense Layers: 2
 Learning rate: 0.001
 Batch Size: 64
 Epochs: 127
Epoch 22: early stopping
[I 2024-07-29 05:05:54,293] Trial 135 finished with value: 0.8029000163078308 and parameters: {'n_conv_layers': 8, 'n_dense_layers': 2, 'maxpooling': False, 'batchnormalization': True, 'filtersind0': 7, 'kernel_size0': 5, 'maxpooling0': False, 'batchnormalization0': True, 'filtersind1': 6, 'kernel_size1': 7, 'maxpooling1': False, 'batchnormalization1': False, 'filtersind2': 7, 'kernel_size2': 9, 'maxpooling2': True, 'batchnormalization2': False, 'filtersind3': 5, 'kernel_size3': 9, 'maxpooling3': False, 'batchnormalization3': True, 'filtersind4': 5, 'kernel_size4': 9, 'maxpooling4': True, 'batchnormalization4': False, 'filtersind5': 6, 'kernel_size5': 9, 'maxpooling5': True, 'batchnormalization5': False, 'filtersind6': 8, 'kernel_size6': 11, 'maxpooling6': False, 'batchnormalization6': True, 'dropout': 0.36, 'num_hidden_neurons0': 128, 'learnind': 3, 'batchind': 6, 'epochs': 85}. Best is trial 120 with value: 0.8299999833106995.
 Convolutional Layers: 5
 Dense Layers: 2
 Learning rate: 0.001
 Batch Size: 64
 Epochs: 102
Epoch 20: early stopping
[I 2024-07-29 05:32:30,256] Trial 137 finished with value: 0.8343999981880188 and parameters: {'n_conv_layers': 5, 'n_dense_layers': 2, 'maxpooling': False, 'batchnormalization': True, 'filtersind0': 7, 'kernel_size0': 5, 'maxpooling0': False, 'batchnormalization0': True, 'filtersind1': 6, 'kernel_size1': 7, 'maxpooling1': False, 'batchnormalization1': False, 'filtersind2': 7, 'kernel_size2': 9, 'maxpooling2': True, 'batchnormalization2': False, 'filtersind3': 5, 'kernel_size3': 9, 'maxpooling3': True, 'batchnormalization3': True, 'dropout': 0.41000000000000003, 'num_hidden_neurons0': 109, 'learnind': 3, 'batchind': 6, 'epochs': 102}. Best is trial 137 with value: 0.8343999981880188.
 Convolutional Layers: 5
 Dense Layers: 2
 Learning rate: 0.001
 Batch Size: 64
 Epochs: 111
Epoch 15: early stopping
[I 2024-07-29 05:52:25,052] Trial 138 finished with value: 0.13349999487400055 and parameters: {'n_conv_layers': 5, 'n_dense_layers': 2, 'maxpooling': False, 'batchnormalization': True, 'filtersind0': 7, 'kernel_size0': 5, 'maxpooling0': False, 'batchnormalization0': True, 'filtersind1': 6, 'kernel_size1': 7, 'maxpooling1': False, 'batchnormalization1': False, 'filtersind2': 7, 'kernel_size2': 9, 'maxpooling2': True, 'batchnormalization2': False, 'filtersind3': 5, 'kernel_size3': 9, 'maxpooling3': True, 'batchnormalization3': False, 'dropout': 0.41000000000000003, 'num_hidden_neurons0': 111, 'learnind': 3, 'batchind': 6, 'epochs': 111}. Best is trial 137 with value: 0.8343999981880188.
 Convolutional Layers: 5
 Dense Layers: 2
 Learning rate: 0.001
 Batch Size: 64
 Epochs: 102
Epoch 16: early stopping
[I 2024-07-29 06:13:44,984] Trial 139 finished with value: 0.8119999766349792 and parameters: {'n_conv_layers': 5, 'n_dense_layers': 2, 'maxpooling': False, 'batchnormalization': True, 'filtersind0': 7, 'kernel_size0': 5, 'maxpooling0': False, 'batchnormalization0': True, 'filtersind1': 6, 'kernel_size1': 7, 'maxpooling1': False, 'batchnormalization1': False, 'filtersind2': 7, 'kernel_size2': 9, 'maxpooling2': True, 'batchnormalization2': False, 'filtersind3': 5, 'kernel_size3': 9, 'maxpooling3': True, 'batchnormalization3': True, 'dropout': 0.4, 'num_hidden_neurons0': 111, 'learnind': 3, 'batchind': 6, 'epochs': 102}. Best is trial 137 with value: 0.8343999981880188.
 Convolutional Layers: 6
 Dense Layers: 2
 Learning rate: 0.001
 Batch Size: 64
 Epochs: 128
Epoch 10: early stopping
[I 2024-07-29 06:28:30,322] Trial 140 finished with value: 0.23340000212192535 and parameters: {'n_conv_layers': 6, 'n_dense_layers': 2, 'maxpooling': False, 'batchnormalization': False, 'filtersind0': 7, 'kernel_size0': 5, 'maxpooling0': False, 'batchnormalization0': True, 'filtersind1': 6, 'kernel_size1': 7, 'maxpooling1': False, 'batchnormalization1': False, 'filtersind2': 7, 'kernel_size2': 9, 'maxpooling2': False, 'batchnormalization2': False, 'filtersind3': 5, 'kernel_size3': 9, 'maxpooling3': True, 'batchnormalization3': True, 'filtersind4': 5, 'kernel_size4': 9, 'maxpooling4': False, 'batchnormalization4': False, 'dropout': 0.38, 'num_hidden_neurons0': 97, 'learnind': 3, 'batchind': 6, 'epochs': 128}. Best is trial 137 with value: 0.8343999981880188.
 Convolutional Layers: 6
 Dense Layers: 2
 Learning rate: 0.001
 Batch Size: 128
 Epochs: 104
Epoch 12: early stopping
