[I 2024-07-29 10:32:07,699] Trial 167 finished with value: 0.8181999921798706 and parameters: {'n_conv_layers': 5, 'n_dense_layers': 2, 'maxpooling': False, 'batchnormalization': True, 'filtersind0': 7, 'kernel_size0': 5, 'maxpooling0': False, 'batchnormalization0': True, 'filtersind1': 6, 'kernel_size1': 7, 'maxpooling1': False, 'batchnormalization1': False, 'filtersind2': 7, 'kernel_size2': 5, 'maxpooling2': True, 'batchnormalization2': False, 'filtersind3': 5, 'kernel_size3': 9, 'maxpooling3': True, 'batchnormalization3': True, 'dropout': 0.35000000000000003, 'num_hidden_neurons0': 83, 'learnind': 3, 'batchind': 6, 'epochs': 74}. Best is trial 137 with value: 0.8343999981880188.
 Convolutional Layers: 5
 Dense Layers: 2
 Learning rate: 0.001
 Batch Size: 64
 Epochs: 82
Epoch 8: early stopping
[I 2024-07-29 10:36:59,444] Trial 168 finished with value: 0.10000000149011612 and parameters: {'n_conv_layers': 5, 'n_dense_layers': 2, 'maxpooling': False, 'batchnormalization': True, 'filtersind0': 7, 'kernel_size0': 5, 'maxpooling0': False, 'batchnormalization0': True, 'filtersind1': 6, 'kernel_size1': 7, 'maxpooling1': False, 'batchnormalization1': False, 'filtersind2': 7, 'kernel_size2': 5, 'maxpooling2': True, 'batchnormalization2': False, 'filtersind3': 5, 'kernel_size3': 9, 'maxpooling3': True, 'batchnormalization3': False, 'dropout': 0.36, 'num_hidden_neurons0': 17, 'learnind': 3, 'batchind': 6, 'epochs': 81}. Best is trial 137 with value: 0.8343999981880188.
 Convolutional Layers: 4
 Dense Layers: 2
 Learning rate: 0.001
 Batch Size: 64
 Epochs: 88
Epoch 8: early stopping
[I 2024-07-29 10:42:00,056] Trial 169 finished with value: 0.1898999959230423 and parameters: {'n_conv_layers': 5, 'n_dense_layers': 2, 'maxpooling': False, 'batchnormalization': True, 'filtersind0': 7, 'kernel_size0': 11, 'maxpooling0': False, 'batchnormalization0': True, 'filtersind1': 6, 'kernel_size1': 7, 'maxpooling1': False, 'batchnormalization1': False, 'filtersind2': 7, 'kernel_size2': 5, 'maxpooling2': True, 'batchnormalization2': False, 'filtersind3': 5, 'kernel_size3': 11, 'maxpooling3': True, 'batchnormalization3': False, 'dropout': 0.38, 'num_hidden_neurons0': 104, 'learnind': 3, 'batchind': 6, 'epochs': 82}. Best is trial 137 with value: 0.8343999981880188.
 Convolutional Layers: 6
 Dense Layers: 2
 Learning rate: 0.001
 Batch Size: 64
 Epochs: 89
Epoch 18: early stopping
[I 2024-07-29 10:52:37,815] Trial 170 finished with value: 0.5400999784469604 and parameters: {'n_conv_layers': 4, 'n_dense_layers': 2, 'maxpooling': False, 'batchnormalization': False, 'filtersind0': 7, 'kernel_size0': 11, 'maxpooling0': False, 'batchnormalization0': True, 'filtersind1': 6, 'kernel_size1': 7, 'maxpooling1': False, 'batchnormalization1': False, 'filtersind2': 7, 'kernel_size2': 5, 'maxpooling2': True, 'batchnormalization2': True, 'dropout': 0.38, 'num_hidden_neurons0': 103, 'learnind': 3, 'batchind': 6, 'epochs': 88}. Best is trial 137 with value: 0.8343999981880188.
 Convolutional Layers: 6
 Dense Layers: 2
 Learning rate: 0.001
 Batch Size: 128
 Epochs: 97
Epoch 12: early stopping
[I 2024-07-29 11:01:40,587] Trial 172 finished with value: 0.7932999730110168 and parameters: {'n_conv_layers': 6, 'n_dense_layers': 2, 'maxpooling': False, 'batchnormalization': True, 'filtersind0': 7, 'kernel_size0': 5, 'maxpooling0': False, 'batchnormalization0': True, 'filtersind1': 6, 'kernel_size1': 7, 'maxpooling1': False, 'batchnormalization1': False, 'filtersind2': 7, 'kernel_size2': 9, 'maxpooling2': True, 'batchnormalization2': False, 'filtersind3': 5, 'kernel_size3': 9, 'maxpooling3': True, 'batchnormalization3': True, 'filtersind4': 8, 'kernel_size4': 11, 'maxpooling4': False, 'batchnormalization4': False, 'dropout': 0.34, 'num_hidden_neurons0': 94, 'learnind': 3, 'batchind': 7, 'epochs': 97}. Best is trial 137 with value: 0.8343999981880188.
 Convolutional Layers: 5
 Dense Layers: 2
 Learning rate: 0.001
 Batch Size: 128
 Epochs: 108
Epoch 23: early stopping
[I 2024-07-29 11:04:24,786] Trial 171 finished with value: 0.7610999941825867 and parameters: {'n_conv_layers': 6, 'n_dense_layers': 2, 'maxpooling': True, 'batchnormalization': False, 'filtersind0': 7, 'kernel_size0': 5, 'maxpooling0': False, 'batchnormalization0': True, 'filtersind1': 6, 'kernel_size1': 7, 'maxpooling1': False, 'batchnormalization1': False, 'filtersind2': 7, 'kernel_size2': 9, 'maxpooling2': True, 'batchnormalization2': True, 'filtersind3': 5, 'kernel_size3': 3, 'maxpooling3': True, 'batchnormalization3': True, 'filtersind4': 5, 'kernel_size4': 11, 'maxpooling4': False, 'batchnormalization4': False, 'dropout': 0.33, 'num_hidden_neurons0': 5, 'learnind': 3, 'batchind': 6, 'epochs': 89}. Best is trial 137 with value: 0.8343999981880188.
 Convolutional Layers: 5
 Dense Layers: 2
 Learning rate: 1e-05
 Batch Size: 128
 Epochs: 107
Epoch 17: early stopping
[I 2024-07-29 11:18:44,942] Trial 173 finished with value: 0.8317000269889832 and parameters: {'n_conv_layers': 5, 'n_dense_layers': 2, 'maxpooling': False, 'batchnormalization': True, 'filtersind0': 7, 'kernel_size0': 5, 'maxpooling0': False, 'batchnormalization0': True, 'filtersind1': 6, 'kernel_size1': 7, 'maxpooling1': False, 'batchnormalization1': False, 'filtersind2': 7, 'kernel_size2': 9, 'maxpooling2': True, 'batchnormalization2': False, 'filtersind3': 5, 'kernel_size3': 9, 'maxpooling3': True, 'batchnormalization3': True, 'dropout': 0.35000000000000003, 'num_hidden_neurons0': 91, 'learnind': 3, 'batchind': 7, 'epochs': 108}. Best is trial 137 with value: 0.8343999981880188.
 Convolutional Layers: 5
 Dense Layers: 2
 Learning rate: 0.001
 Batch Size: 32
 Epochs: 105
Epoch 39: early stopping
[I 2024-07-29 11:35:19,098] Trial 174 finished with value: 0.6779999732971191 and parameters: {'n_conv_layers': 5, 'n_dense_layers': 2, 'maxpooling': False, 'batchnormalization': True, 'filtersind0': 7, 'kernel_size0': 5, 'maxpooling0': False, 'batchnormalization0': True, 'filtersind1': 6, 'kernel_size1': 3, 'maxpooling1': False, 'batchnormalization1': False, 'filtersind2': 7, 'kernel_size2': 9, 'maxpooling2': True, 'batchnormalization2': False, 'filtersind3': 5, 'kernel_size3': 9, 'maxpooling3': True, 'batchnormalization3': True, 'dropout': 0.35000000000000003, 'num_hidden_neurons0': 92, 'learnind': 5, 'batchind': 7, 'epochs': 107}. Best is trial 137 with value: 0.8343999981880188.
 Convolutional Layers: 2
 Dense Layers: 2
 Learning rate: 0.001
 Batch Size: 32
 Epochs: 120
Epoch 21: early stopping
[I 2024-07-29 11:43:26,111] Trial 175 finished with value: 0.8285999894142151 and parameters: {'n_conv_layers': 5, 'n_dense_layers': 2, 'maxpooling': False, 'batchnormalization': True, 'filtersind0': 7, 'kernel_size0': 5, 'maxpooling0': False, 'batchnormalization0': True, 'filtersind1': 6, 'kernel_size1': 3, 'maxpooling1': False, 'batchnormalization1': False, 'filtersind2': 7, 'kernel_size2': 9, 'maxpooling2': True, 'batchnormalization2': False, 'filtersind3': 5, 'kernel_size3': 9, 'maxpooling3': True, 'batchnormalization3': True, 'dropout': 0.35000000000000003, 'num_hidden_neurons0': 84, 'learnind': 3, 'batchind': 5, 'epochs': 105}. Best is trial 137 with value: 0.8343999981880188.
 Convolutional Layers: 5
 Dense Layers: 2
 Learning rate: 0.001
 Batch Size: 32
 Epochs: 119
Epoch 18: early stopping
[I 2024-07-29 11:45:39,905] Trial 176 finished with value: 0.29260000586509705 and parameters: {'n_conv_layers': 2, 'n_dense_layers': 2, 'maxpooling': False, 'batchnormalization': True, 'filtersind0': 7, 'kernel_size0': 5, 'maxpooling0': False, 'batchnormalization0': True, 'dropout': 0.31, 'num_hidden_neurons0': 10, 'learnind': 3, 'batchind': 5, 'epochs': 120}. Best is trial 137 with value: 0.8343999981880188.
 Convolutional Layers: 5
 Dense Layers: 2
 Learning rate: 0.001
 Batch Size: 128
 Epochs: 109
Epoch 16: early stopping
[I 2024-07-29 11:56:08,235] Trial 178 finished with value: 0.810699999332428 and parameters: {'n_conv_layers': 5, 'n_dense_layers': 2, 'maxpooling': False, 'batchnormalization': True, 'filtersind0': 7, 'kernel_size0': 5, 'maxpooling0': False, 'batchnormalization0': True, 'filtersind1': 6, 'kernel_size1': 3, 'maxpooling1': False, 'batchnormalization1': False, 'filtersind2': 7, 'kernel_size2': 9, 'maxpooling2': True, 'batchnormalization2': False, 'filtersind3': 5, 'kernel_size3': 9, 'maxpooling3': True, 'batchnormalization3': True, 'dropout': 0.36, 'num_hidden_neurons0': 74, 'learnind': 3, 'batchind': 7, 'epochs': 109}. Best is trial 137 with value: 0.8343999981880188.
 Convolutional Layers: 5
 Dense Layers: 2
 Learning rate: 0.001
 Batch Size: 16
 Epochs: 92
Epoch 18: early stopping
[I 2024-07-29 12:03:30,639] Trial 177 finished with value: 0.8137000203132629 and parameters: {'n_conv_layers': 5, 'n_dense_layers': 2, 'maxpooling': False, 'batchnormalization': True, 'filtersind0': 7, 'kernel_size0': 5, 'maxpooling0': False, 'batchnormalization0': True, 'filtersind1': 6, 'kernel_size1': 3, 'maxpooling1': False, 'batchnormalization1': False, 'filtersind2': 7, 'kernel_size2': 9, 'maxpooling2': True, 'batchnormalization2': False, 'filtersind3': 5, 'kernel_size3': 9, 'maxpooling3': True, 'batchnormalization3': True, 'dropout': 0.37, 'num_hidden_neurons0': 74, 'learnind': 3, 'batchind': 5, 'epochs': 119}. Best is trial 137 with value: 0.8343999981880188.
 Convolutional Layers: 5
 Dense Layers: 2
 Learning rate: 0.001
 Batch Size: 128
 Epochs: 93
Epoch 14: early stopping
[I 2024-07-29 12:11:39,962] Trial 180 finished with value: 0.8009999990463257 and parameters: {'n_conv_layers': 5, 'n_dense_layers': 2, 'maxpooling': False, 'batchnormalization': True, 'filtersind0': 7, 'kernel_size0': 5, 'maxpooling0': False, 'batchnormalization0': True, 'filtersind1': 6, 'kernel_size1': 3, 'maxpooling1': False, 'batchnormalization1': False, 'filtersind2': 7, 'kernel_size2': 9, 'maxpooling2': True, 'batchnormalization2': False, 'filtersind3': 5, 'kernel_size3': 9, 'maxpooling3': True, 'batchnormalization3': True, 'dropout': 0.34, 'num_hidden_neurons0': 84, 'learnind': 3, 'batchind': 7, 'epochs': 93}. Best is trial 137 with value: 0.8343999981880188.
 Convolutional Layers: 5
 Dense Layers: 2
 Learning rate: 0.001
 Batch Size: 32
 Epochs: 107
Epoch 20: early stopping
[I 2024-07-29 12:31:43,610] Trial 181 finished with value: 0.8309000134468079 and parameters: {'n_conv_layers': 5, 'n_dense_layers': 2, 'maxpooling': False, 'batchnormalization': True, 'filtersind0': 7, 'kernel_size0': 5, 'maxpooling0': False, 'batchnormalization0': True, 'filtersind1': 6, 'kernel_size1': 7, 'maxpooling1': False, 'batchnormalization1': False, 'filtersind2': 7, 'kernel_size2': 9, 'maxpooling2': True, 'batchnormalization2': False, 'filtersind3': 5, 'kernel_size3': 9, 'maxpooling3': True, 'batchnormalization3': True, 'dropout': 0.33, 'num_hidden_neurons0': 103, 'learnind': 3, 'batchind': 5, 'epochs': 107}. Best is trial 137 with value: 0.8343999981880188.
 Convolutional Layers: 5
 Dense Layers: 2
 Learning rate: 0.001
 Batch Size: 32
 Epochs: 105
Epoch 22: early stopping
[I 2024-07-29 12:39:11,690] Trial 179 finished with value: 0.8208000063896179 and parameters: {'n_conv_layers': 5, 'n_dense_layers': 2, 'maxpooling': False, 'batchnormalization': True, 'filtersind0': 7, 'kernel_size0': 5, 'maxpooling0': False, 'batchnormalization0': True, 'filtersind1': 6, 'kernel_size1': 3, 'maxpooling1': False, 'batchnormalization1': False, 'filtersind2': 7, 'kernel_size2': 9, 'maxpooling2': True, 'batchnormalization2': False, 'filtersind3': 5, 'kernel_size3': 9, 'maxpooling3': True, 'batchnormalization3': True, 'dropout': 0.37, 'num_hidden_neurons0': 82, 'learnind': 3, 'batchind': 4, 'epochs': 92}. Best is trial 137 with value: 0.8343999981880188.
 Convolutional Layers: 5
 Dense Layers: 2
 Learning rate: 0.001
 Batch Size: 32
 Epochs: 107
Epoch 16: early stopping
[I 2024-07-29 12:51:11,457] Trial 182 finished with value: 0.8256000280380249 and parameters: {'n_conv_layers': 5, 'n_dense_layers': 2, 'maxpooling': False, 'batchnormalization': True, 'filtersind0': 7, 'kernel_size0': 5, 'maxpooling0': False, 'batchnormalization0': True, 'filtersind1': 6, 'kernel_size1': 7, 'maxpooling1': False, 'batchnormalization1': False, 'filtersind2': 7, 'kernel_size2': 9, 'maxpooling2': True, 'batchnormalization2': False, 'filtersind3': 5, 'kernel_size3': 9, 'maxpooling3': True, 'batchnormalization3': True, 'dropout': 0.33, 'num_hidden_neurons0': 107, 'learnind': 3, 'batchind': 5, 'epochs': 105}. Best is trial 137 with value: 0.8343999981880188.
 Convolutional Layers: 5
 Dense Layers: 2
 Learning rate: 0.001
 Batch Size: 32
 Epochs: 107
Epoch 18: early stopping
[I 2024-07-29 13:04:18,028] Trial 183 finished with value: 0.8389999866485596 and parameters: {'n_conv_layers': 5, 'n_dense_layers': 2, 'maxpooling': False, 'batchnormalization': True, 'filtersind0': 7, 'kernel_size0': 5, 'maxpooling0': False, 'batchnormalization0': True, 'filtersind1': 6, 'kernel_size1': 7, 'maxpooling1': False, 'batchnormalization1': False, 'filtersind2': 7, 'kernel_size2': 9, 'maxpooling2': True, 'batchnormalization2': False, 'filtersind3': 5, 'kernel_size3': 9, 'maxpooling3': True, 'batchnormalization3': True, 'dropout': 0.33, 'num_hidden_neurons0': 103, 'learnind': 3, 'batchind': 5, 'epochs': 107}. Best is trial 183 with value: 0.8389999866485596.
 Convolutional Layers: 5
 Dense Layers: 2
 Learning rate: 0.001
 Batch Size: 32
 Epochs: 111
Epoch 21: early stopping
[I 2024-07-29 13:20:28,628] Trial 184 finished with value: 0.8011000156402588 and parameters: {'n_conv_layers': 5, 'n_dense_layers': 2, 'maxpooling': False, 'batchnormalization': True, 'filtersind0': 7, 'kernel_size0': 5, 'maxpooling0': False, 'batchnormalization0': True, 'filtersind1': 6, 'kernel_size1': 7, 'maxpooling1': False, 'batchnormalization1': False, 'filtersind2': 7, 'kernel_size2': 9, 'maxpooling2': True, 'batchnormalization2': False, 'filtersind3': 5, 'kernel_size3': 9, 'maxpooling3': True, 'batchnormalization3': True, 'dropout': 0.33, 'num_hidden_neurons0': 104, 'learnind': 3, 'batchind': 5, 'epochs': 107}. Best is trial 183 with value: 0.8389999866485596.
 Convolutional Layers: 5
 Dense Layers: 2
 Learning rate: 0.001
 Batch Size: 32
 Epochs: 113
Epoch 17: early stopping
[I 2024-07-29 13:28:02,358] Trial 185 finished with value: 0.7983999848365784 and parameters: {'n_conv_layers': 5, 'n_dense_layers': 2, 'maxpooling': False, 'batchnormalization': True, 'filtersind0': 7, 'kernel_size0': 5, 'maxpooling0': False, 'batchnormalization0': True, 'filtersind1': 6, 'kernel_size1': 7, 'maxpooling1': False, 'batchnormalization1': False, 'filtersind2': 7, 'kernel_size2': 9, 'maxpooling2': True, 'batchnormalization2': False, 'filtersind3': 5, 'kernel_size3': 9, 'maxpooling3': True, 'batchnormalization3': True, 'dropout': 0.33, 'num_hidden_neurons0': 103, 'learnind': 3, 'batchind': 5, 'epochs': 111}. Best is trial 183 with value: 0.8389999866485596.
 Convolutional Layers: 5
 Dense Layers: 2
 Learning rate: 0.001
 Batch Size: 32
 Epochs: 104
Epoch 15: early stopping
[I 2024-07-29 13:41:24,345] Trial 186 finished with value: 0.8241000175476074 and parameters: {'n_conv_layers': 5, 'n_dense_layers': 2, 'maxpooling': False, 'batchnormalization': True, 'filtersind0': 7, 'kernel_size0': 5, 'maxpooling0': False, 'batchnormalization0': True, 'filtersind1': 6, 'kernel_size1': 7, 'maxpooling1': False, 'batchnormalization1': False, 'filtersind2': 7, 'kernel_size2': 9, 'maxpooling2': True, 'batchnormalization2': False, 'filtersind3': 5, 'kernel_size3': 9, 'maxpooling3': True, 'batchnormalization3': True, 'dropout': 0.31, 'num_hidden_neurons0': 104, 'learnind': 3, 'batchind': 5, 'epochs': 113}. Best is trial 183 with value: 0.8389999866485596.
 Convolutional Layers: 5
 Dense Layers: 2
 Learning rate: 0.001
 Batch Size: 32
 Epochs: 124
Epoch 15: early stopping
[I 2024-07-29 13:48:55,228] Trial 187 finished with value: 0.800000011920929 and parameters: {'n_conv_layers': 5, 'n_dense_layers': 2, 'maxpooling': False, 'batchnormalization': True, 'filtersind0': 7, 'kernel_size0': 5, 'maxpooling0': False, 'batchnormalization0': True, 'filtersind1': 6, 'kernel_size1': 7, 'maxpooling1': False, 'batchnormalization1': False, 'filtersind2': 7, 'kernel_size2': 9, 'maxpooling2': True, 'batchnormalization2': False, 'filtersind3': 5, 'kernel_size3': 9, 'maxpooling3': True, 'batchnormalization3': True, 'dropout': 0.31, 'num_hidden_neurons0': 118, 'learnind': 3, 'batchind': 5, 'epochs': 104}. Best is trial 183 with value: 0.8389999866485596.
 Convolutional Layers: 5
 Dense Layers: 2
 Learning rate: 0.001
 Batch Size: 32
 Epochs: 124
Epoch 17: early stopping
[I 2024-07-29 14:07:01,030] Trial 188 finished with value: 0.8206999897956848 and parameters: {'n_conv_layers': 5, 'n_dense_layers': 2, 'maxpooling': False, 'batchnormalization': True, 'filtersind0': 7, 'kernel_size0': 5, 'maxpooling0': False, 'batchnormalization0': True, 'filtersind1': 6, 'kernel_size1': 7, 'maxpooling1': False, 'batchnormalization1': False, 'filtersind2': 7, 'kernel_size2': 9, 'maxpooling2': True, 'batchnormalization2': False, 'filtersind3': 5, 'kernel_size3': 9, 'maxpooling3': True, 'batchnormalization3': True, 'dropout': 0.31, 'num_hidden_neurons0': 120, 'learnind': 3, 'batchind': 5, 'epochs': 124}. Best is trial 183 with value: 0.8389999866485596.
 Convolutional Layers: 4
 Dense Layers: 2
 Learning rate: 0.001
 Batch Size: 32
 Epochs: 114
Epoch 12: early stopping
[I 2024-07-29 14:24:52,670] Trial 190 finished with value: 0.10000000149011612 and parameters: {'n_conv_layers': 4, 'n_dense_layers': 2, 'maxpooling': False, 'batchnormalization': True, 'filtersind0': 7, 'kernel_size0': 5, 'maxpooling0': False, 'batchnormalization0': True, 'filtersind1': 6, 'kernel_size1': 7, 'maxpooling1': False, 'batchnormalization1': False, 'filtersind2': 7, 'kernel_size2': 9, 'maxpooling2': True, 'batchnormalization2': False, 'dropout': 0.32, 'num_hidden_neurons0': 108, 'learnind': 3, 'batchind': 5, 'epochs': 114}. Best is trial 183 with value: 0.8389999866485596.
 Convolutional Layers: 5
 Dense Layers: 2
 Learning rate: 0.001
 Batch Size: 32
 Epochs: 133
Epoch 40: early stopping
[I 2024-07-29 14:52:45,954] Trial 189 finished with value: 0.79830002784729 and parameters: {'n_conv_layers': 5, 'n_dense_layers': 2, 'maxpooling': False, 'batchnormalization': True, 'filtersind0': 7, 'kernel_size0': 5, 'maxpooling0': False, 'batchnormalization0': True, 'filtersind1': 6, 'kernel_size1': 7, 'maxpooling1': False, 'batchnormalization1': False, 'filtersind2': 7, 'kernel_size2': 9, 'maxpooling2': True, 'batchnormalization2': False, 'filtersind3': 8, 'kernel_size3': 9, 'maxpooling3': True, 'batchnormalization3': True, 'dropout': 0.32, 'num_hidden_neurons0': 108, 'learnind': 3, 'batchind': 5, 'epochs': 124}. Best is trial 183 with value: 0.8389999866485596.
 Convolutional Layers: 5
 Dense Layers: 2
 Learning rate: 0.001
 Batch Size: 32
 Epochs: 99
Epoch 19: early stopping
[I 2024-07-29 14:56:31,109] Trial 191 finished with value: 0.7560999989509583 and parameters: {'n_conv_layers': 5, 'n_dense_layers': 2, 'maxpooling': False, 'batchnormalization': True, 'filtersind0': 7, 'kernel_size0': 5, 'maxpooling0': False, 'batchnormalization0': True, 'filtersind1': 6, 'kernel_size1': 7, 'maxpooling1': False, 'batchnormalization1': False, 'filtersind2': 7, 'kernel_size2': 9, 'maxpooling2': False, 'batchnormalization2': False, 'filtersind3': 5, 'kernel_size3': 9, 'maxpooling3': True, 'batchnormalization3': True, 'dropout': 0.35000000000000003, 'num_hidden_neurons0': 100, 'learnind': 3, 'batchind': 5, 'epochs': 133}. Best is trial 183 with value: 0.8389999866485596.
 Convolutional Layers: 5
 Dense Layers: 2
 Learning rate: 0.001
 Batch Size: 32
 Epochs: 100
Epoch 14: early stopping
[I 2024-07-29 15:12:39,119] Trial 192 finished with value: 0.807200014591217 and parameters: {'n_conv_layers': 5, 'n_dense_layers': 2, 'maxpooling': False, 'batchnormalization': True, 'filtersind0': 7, 'kernel_size0': 5, 'maxpooling0': False, 'batchnormalization0': True, 'filtersind1': 6, 'kernel_size1': 7, 'maxpooling1': False, 'batchnormalization1': False, 'filtersind2': 7, 'kernel_size2': 9, 'maxpooling2': True, 'batchnormalization2': False, 'filtersind3': 5, 'kernel_size3': 9, 'maxpooling3': True, 'batchnormalization3': True, 'dropout': 0.35000000000000003, 'num_hidden_neurons0': 94, 'learnind': 3, 'batchind': 5, 'epochs': 99}. Best is trial 183 with value: 0.8389999866485596.
 Convolutional Layers: 5
 Dense Layers: 2
 Learning rate: 0.001
 Batch Size: 16
 Epochs: 106
Epoch 17: early stopping
[I 2024-07-29 15:18:51,375] Trial 193 finished with value: 0.8101999759674072 and parameters: {'n_conv_layers': 5, 'n_dense_layers': 2, 'maxpooling': False, 'batchnormalization': True, 'filtersind0': 7, 'kernel_size0': 5, 'maxpooling0': False, 'batchnormalization0': True, 'filtersind1': 6, 'kernel_size1': 7, 'maxpooling1': False, 'batchnormalization1': False, 'filtersind2': 7, 'kernel_size2': 9, 'maxpooling2': True, 'batchnormalization2': False, 'filtersind3': 5, 'kernel_size3': 9, 'maxpooling3': True, 'batchnormalization3': True, 'dropout': 0.33, 'num_hidden_neurons0': 93, 'learnind': 3, 'batchind': 5, 'epochs': 100}. Best is trial 183 with value: 0.8389999866485596.
 Convolutional Layers: 5
 Dense Layers: 2
 Learning rate: 0.001
 Batch Size: 32
 Epochs: 108
Epoch 14: early stopping
