[I 2024-07-28 17:18:24,258] Trial 75 finished with value: 0.7592999935150146 and parameters: {'n_conv_layers': 8, 'n_dense_layers': 1, 'maxpooling': False, 'batchnormalization': True, 'filtersind0': 7, 'kernel_size0': 9, 'maxpooling0': False, 'batchnormalization0': True, 'filtersind1': 5, 'kernel_size1': 5, 'maxpooling1': False, 'batchnormalization1': False, 'filtersind2': 7, 'kernel_size2': 11, 'maxpooling2': True, 'batchnormalization2': False, 'filtersind3': 5, 'kernel_size3': 7, 'maxpooling3': False, 'batchnormalization3': True, 'filtersind4': 6, 'kernel_size4': 5, 'maxpooling4': True, 'batchnormalization4': True, 'filtersind5': 8, 'kernel_size5': 11, 'maxpooling5': False, 'batchnormalization5': True, 'filtersind6': 5, 'kernel_size6': 5, 'maxpooling6': True, 'batchnormalization6': False, 'dropout': 0.25, 'learnind': 3, 'batchind': 8, 'epochs': 53}. Best is trial 71 with value: 0.8062999844551086.
 Convolutional Layers: 8
 Dense Layers: 1
 Learning rate: 0.001
 Batch Size: 128
 Epochs: 137
Epoch 15: early stopping
[I 2024-07-28 17:38:06,995] Trial 77 finished with value: 0.8054999709129333 and parameters: {'n_conv_layers': 8, 'n_dense_layers': 1, 'maxpooling': False, 'batchnormalization': True, 'filtersind0': 7, 'kernel_size0': 7, 'maxpooling0': False, 'batchnormalization0': True, 'filtersind1': 5, 'kernel_size1': 5, 'maxpooling1': False, 'batchnormalization1': False, 'filtersind2': 7, 'kernel_size2': 11, 'maxpooling2': True, 'batchnormalization2': False, 'filtersind3': 7, 'kernel_size3': 7, 'maxpooling3': False, 'batchnormalization3': True, 'filtersind4': 6, 'kernel_size4': 5, 'maxpooling4': True, 'batchnormalization4': True, 'filtersind5': 8, 'kernel_size5': 11, 'maxpooling5': False, 'batchnormalization5': True, 'filtersind6': 5, 'kernel_size6': 5, 'maxpooling6': True, 'batchnormalization6': False, 'dropout': 0.28, 'learnind': 3, 'batchind': 8, 'epochs': 136}. Best is trial 71 with value: 0.8062999844551086.
 Convolutional Layers: 8
 Dense Layers: 1
 Learning rate: 0.0001
 Batch Size: 128
 Epochs: 146
Epoch 19: early stopping
[I 2024-07-28 17:51:33,395] Trial 78 finished with value: 0.7901999950408936 and parameters: {'n_conv_layers': 8, 'n_dense_layers': 1, 'maxpooling': False, 'batchnormalization': True, 'filtersind0': 7, 'kernel_size0': 7, 'maxpooling0': False, 'batchnormalization0': True, 'filtersind1': 6, 'kernel_size1': 5, 'maxpooling1': False, 'batchnormalization1': False, 'filtersind2': 7, 'kernel_size2': 11, 'maxpooling2': True, 'batchnormalization2': False, 'filtersind3': 7, 'kernel_size3': 7, 'maxpooling3': False, 'batchnormalization3': False, 'filtersind4': 6, 'kernel_size4': 5, 'maxpooling4': False, 'batchnormalization4': True, 'filtersind5': 8, 'kernel_size5': 11, 'maxpooling5': False, 'batchnormalization5': True, 'filtersind6': 5, 'kernel_size6': 5, 'maxpooling6': True, 'batchnormalization6': False, 'dropout': 0.27, 'learnind': 3, 'batchind': 7, 'epochs': 137}. Best is trial 71 with value: 0.8062999844551086.
 Convolutional Layers: 8
 Dense Layers: 1
 Learning rate: 0.1
 Batch Size: 512
 Epochs: 68
Epoch 6: early stopping
Epoch 12: early stopping
[I 2024-07-28 17:57:44,008] Trial 80 finished with value: 0.10000000149011612 and parameters: {'n_conv_layers': 8, 'n_dense_layers': 1, 'maxpooling': False, 'batchnormalization': True, 'filtersind0': 7, 'kernel_size0': 7, 'maxpooling0': False, 'batchnormalization0': True, 'filtersind1': 5, 'kernel_size1': 7, 'maxpooling1': False, 'batchnormalization1': False, 'filtersind2': 7, 'kernel_size2': 11, 'maxpooling2': True, 'batchnormalization2': False, 'filtersind3': 7, 'kernel_size3': 7, 'maxpooling3': True, 'batchnormalization3': True, 'filtersind4': 6, 'kernel_size4': 5, 'maxpooling4': True, 'batchnormalization4': True, 'filtersind5': 8, 'kernel_size5': 11, 'maxpooling5': False, 'batchnormalization5': False, 'filtersind6': 5, 'kernel_size6': 5, 'maxpooling6': True, 'batchnormalization6': False, 'dropout': 0.29, 'learnind': 1, 'batchind': 9, 'epochs': 68}. Best is trial 71 with value: 0.8062999844551086.
 Convolutional Layers: 8
 Dense Layers: 1
 Learning rate: 0.0001
 Batch Size: 256
 Epochs: 75
[I 2024-07-28 17:57:58,240] Trial 79 finished with value: 0.7617999911308289 and parameters: {'n_conv_layers': 8, 'n_dense_layers': 1, 'maxpooling': False, 'batchnormalization': True, 'filtersind0': 7, 'kernel_size0': 7, 'maxpooling0': False, 'batchnormalization0': True, 'filtersind1': 5, 'kernel_size1': 5, 'maxpooling1': False, 'batchnormalization1': False, 'filtersind2': 7, 'kernel_size2': 11, 'maxpooling2': True, 'batchnormalization2': False, 'filtersind3': 7, 'kernel_size3': 7, 'maxpooling3': True, 'batchnormalization3': False, 'filtersind4': 6, 'kernel_size4': 5, 'maxpooling4': False, 'batchnormalization4': True, 'filtersind5': 8, 'kernel_size5': 11, 'maxpooling5': False, 'batchnormalization5': True, 'filtersind6': 5, 'kernel_size6': 5, 'maxpooling6': True, 'batchnormalization6': False, 'dropout': 0.28, 'learnind': 4, 'batchind': 7, 'epochs': 146}. Best is trial 71 with value: 0.8062999844551086.
 Convolutional Layers: 8
 Dense Layers: 1
 Learning rate: 0.001
 Batch Size: 256
 Epochs: 39
Epoch 12: early stopping
[I 2024-07-28 18:16:58,919] Trial 81 finished with value: 0.7520999908447266 and parameters: {'n_conv_layers': 8, 'n_dense_layers': 1, 'maxpooling': False, 'batchnormalization': True, 'filtersind0': 7, 'kernel_size0': 7, 'maxpooling0': False, 'batchnormalization0': True, 'filtersind1': 5, 'kernel_size1': 5, 'maxpooling1': False, 'batchnormalization1': False, 'filtersind2': 7, 'kernel_size2': 11, 'maxpooling2': True, 'batchnormalization2': False, 'filtersind3': 8, 'kernel_size3': 7, 'maxpooling3': False, 'batchnormalization3': True, 'filtersind4': 8, 'kernel_size4': 5, 'maxpooling4': True, 'batchnormalization4': True, 'filtersind5': 8, 'kernel_size5': 3, 'maxpooling5': False, 'batchnormalization5': True, 'filtersind6': 5, 'kernel_size6': 5, 'maxpooling6': False, 'batchnormalization6': False, 'dropout': 0.18, 'learnind': 4, 'batchind': 8, 'epochs': 75}. Best is trial 71 with value: 0.8062999844551086.
 Convolutional Layers: 8
 Dense Layers: 1
 Learning rate: 0.001
 Batch Size: 256
 Epochs: 41
Epoch 15: early stopping
[I 2024-07-28 18:21:05,693] Trial 82 finished with value: 0.7926999926567078 and parameters: {'n_conv_layers': 8, 'n_dense_layers': 1, 'maxpooling': False, 'batchnormalization': True, 'filtersind0': 7, 'kernel_size0': 7, 'maxpooling0': False, 'batchnormalization0': True, 'filtersind1': 5, 'kernel_size1': 5, 'maxpooling1': False, 'batchnormalization1': False, 'filtersind2': 7, 'kernel_size2': 11, 'maxpooling2': True, 'batchnormalization2': False, 'filtersind3': 8, 'kernel_size3': 7, 'maxpooling3': False, 'batchnormalization3': True, 'filtersind4': 6, 'kernel_size4': 5, 'maxpooling4': True, 'batchnormalization4': True, 'filtersind5': 8, 'kernel_size5': 11, 'maxpooling5': False, 'batchnormalization5': True, 'filtersind6': 5, 'kernel_size6': 5, 'maxpooling6': True, 'batchnormalization6': False, 'dropout': 0.23, 'learnind': 3, 'batchind': 8, 'epochs': 39}. Best is trial 71 with value: 0.8062999844551086.
 Convolutional Layers: 8
 Dense Layers: 1
 Learning rate: 0.001
 Batch Size: 256
 Epochs: 259
Epoch 14: early stopping
[I 2024-07-28 18:34:35,025] Trial 83 finished with value: 0.7835000157356262 and parameters: {'n_conv_layers': 8, 'n_dense_layers': 1, 'maxpooling': False, 'batchnormalization': True, 'filtersind0': 7, 'kernel_size0': 7, 'maxpooling0': False, 'batchnormalization0': True, 'filtersind1': 5, 'kernel_size1': 5, 'maxpooling1': False, 'batchnormalization1': False, 'filtersind2': 7, 'kernel_size2': 11, 'maxpooling2': True, 'batchnormalization2': False, 'filtersind3': 6, 'kernel_size3': 11, 'maxpooling3': False, 'batchnormalization3': True, 'filtersind4': 6, 'kernel_size4': 5, 'maxpooling4': True, 'batchnormalization4': True, 'filtersind5': 8, 'kernel_size5': 11, 'maxpooling5': False, 'batchnormalization5': True, 'filtersind6': 5, 'kernel_size6': 5, 'maxpooling6': True, 'batchnormalization6': False, 'dropout': 0.23, 'learnind': 3, 'batchind': 8, 'epochs': 41}. Best is trial 71 with value: 0.8062999844551086.
 Convolutional Layers: 8
 Dense Layers: 1
 Learning rate: 0.001
 Batch Size: 256
 Epochs: 28
Epoch 18: early stopping
[I 2024-07-28 18:42:45,398] Trial 84 finished with value: 0.7608000040054321 and parameters: {'n_conv_layers': 8, 'n_dense_layers': 1, 'maxpooling': False, 'batchnormalization': True, 'filtersind0': 6, 'kernel_size0': 7, 'maxpooling0': False, 'batchnormalization0': True, 'filtersind1': 5, 'kernel_size1': 5, 'maxpooling1': False, 'batchnormalization1': False, 'filtersind2': 7, 'kernel_size2': 11, 'maxpooling2': True, 'batchnormalization2': False, 'filtersind3': 6, 'kernel_size3': 11, 'maxpooling3': False, 'batchnormalization3': True, 'filtersind4': 6, 'kernel_size4': 3, 'maxpooling4': True, 'batchnormalization4': True, 'filtersind5': 8, 'kernel_size5': 11, 'maxpooling5': False, 'batchnormalization5': True, 'filtersind6': 5, 'kernel_size6': 9, 'maxpooling6': True, 'batchnormalization6': False, 'dropout': 0.32, 'learnind': 3, 'batchind': 8, 'epochs': 259}. Best is trial 71 with value: 0.8062999844551086.
 Convolutional Layers: 8
 Dense Layers: 1
 Learning rate: 0.001
 Batch Size: 256
 Epochs: 32
Epoch 13: early stopping
[I 2024-07-28 18:51:46,378] Trial 85 finished with value: 0.7548999786376953 and parameters: {'n_conv_layers': 8, 'n_dense_layers': 1, 'maxpooling': False, 'batchnormalization': True, 'filtersind0': 6, 'kernel_size0': 7, 'maxpooling0': False, 'batchnormalization0': True, 'filtersind1': 6, 'kernel_size1': 5, 'maxpooling1': False, 'batchnormalization1': False, 'filtersind2': 7, 'kernel_size2': 11, 'maxpooling2': True, 'batchnormalization2': False, 'filtersind3': 6, 'kernel_size3': 7, 'maxpooling3': False, 'batchnormalization3': True, 'filtersind4': 6, 'kernel_size4': 3, 'maxpooling4': True, 'batchnormalization4': True, 'filtersind5': 8, 'kernel_size5': 11, 'maxpooling5': False, 'batchnormalization5': False, 'filtersind6': 6, 'kernel_size6': 9, 'maxpooling6': True, 'batchnormalization6': False, 'dropout': 0.3, 'learnind': 3, 'batchind': 8, 'epochs': 28}. Best is trial 71 with value: 0.8062999844551086.
 Convolutional Layers: 7
 Dense Layers: 1
 Learning rate: 0.01
 Batch Size: 256
 Epochs: 62
Epoch 13: early stopping
[I 2024-07-28 18:58:11,530] Trial 86 finished with value: 0.8233000040054321 and parameters: {'n_conv_layers': 8, 'n_dense_layers': 1, 'maxpooling': False, 'batchnormalization': True, 'filtersind0': 7, 'kernel_size0': 7, 'maxpooling0': False, 'batchnormalization0': True, 'filtersind1': 6, 'kernel_size1': 5, 'maxpooling1': False, 'batchnormalization1': False, 'filtersind2': 7, 'kernel_size2': 9, 'maxpooling2': True, 'batchnormalization2': False, 'filtersind3': 7, 'kernel_size3': 7, 'maxpooling3': False, 'batchnormalization3': True, 'filtersind4': 6, 'kernel_size4': 5, 'maxpooling4': True, 'batchnormalization4': True, 'filtersind5': 6, 'kernel_size5': 11, 'maxpooling5': False, 'batchnormalization5': False, 'filtersind6': 6, 'kernel_size6': 3, 'maxpooling6': True, 'batchnormalization6': False, 'dropout': 0.3, 'learnind': 3, 'batchind': 8, 'epochs': 32}. Best is trial 86 with value: 0.8233000040054321.
 Convolutional Layers: 7
 Dense Layers: 1
 Learning rate: 0.01
 Batch Size: 512
 Epochs: 61
Epoch 13: early stopping
[I 2024-07-28 19:07:31,461] Trial 87 finished with value: 0.7347000241279602 and parameters: {'n_conv_layers': 7, 'n_dense_layers': 1, 'maxpooling': False, 'batchnormalization': True, 'filtersind0': 7, 'kernel_size0': 7, 'maxpooling0': False, 'batchnormalization0': True, 'filtersind1': 5, 'kernel_size1': 5, 'maxpooling1': False, 'batchnormalization1': False, 'filtersind2': 7, 'kernel_size2': 9, 'maxpooling2': True, 'batchnormalization2': False, 'filtersind3': 7, 'kernel_size3': 7, 'maxpooling3': False, 'batchnormalization3': True, 'filtersind4': 6, 'kernel_size4': 5, 'maxpooling4': True, 'batchnormalization4': True, 'filtersind5': 6, 'kernel_size5': 5, 'maxpooling5': False, 'batchnormalization5': True, 'dropout': 0.27, 'learnind': 2, 'batchind': 8, 'epochs': 62}. Best is trial 86 with value: 0.8233000040054321.
 Convolutional Layers: 7
 Dense Layers: 1
 Learning rate: 0.001
 Batch Size: 512
 Epochs: 45
Epoch 14: early stopping
[I 2024-07-28 19:26:56,604] Trial 89 finished with value: 0.7967000007629395 and parameters: {'n_conv_layers': 7, 'n_dense_layers': 1, 'maxpooling': False, 'batchnormalization': True, 'filtersind0': 7, 'kernel_size0': 7, 'maxpooling0': False, 'batchnormalization0': True, 'filtersind1': 5, 'kernel_size1': 5, 'maxpooling1': False, 'batchnormalization1': False, 'filtersind2': 8, 'kernel_size2': 9, 'maxpooling2': True, 'batchnormalization2': False, 'filtersind3': 7, 'kernel_size3': 7, 'maxpooling3': False, 'batchnormalization3': True, 'filtersind4': 6, 'kernel_size4': 5, 'maxpooling4': True, 'batchnormalization4': True, 'filtersind5': 7, 'kernel_size5': 11, 'maxpooling5': False, 'batchnormalization5': False, 'dropout': 0.35000000000000003, 'learnind': 3, 'batchind': 9, 'epochs': 45}. Best is trial 86 with value: 0.8233000040054321.
 Convolutional Layers: 8
 Dense Layers: 3
 Learning rate: 0.01
 Batch Size: 256
 Epochs: 105
Epoch 25: early stopping
[I 2024-07-28 19:27:32,591] Trial 88 finished with value: 0.7738000154495239 and parameters: {'n_conv_layers': 7, 'n_dense_layers': 1, 'maxpooling': False, 'batchnormalization': True, 'filtersind0': 7, 'kernel_size0': 7, 'maxpooling0': False, 'batchnormalization0': True, 'filtersind1': 5, 'kernel_size1': 5, 'maxpooling1': False, 'batchnormalization1': False, 'filtersind2': 7, 'kernel_size2': 9, 'maxpooling2': True, 'batchnormalization2': False, 'filtersind3': 7, 'kernel_size3': 7, 'maxpooling3': False, 'batchnormalization3': True, 'filtersind4': 6, 'kernel_size4': 5, 'maxpooling4': True, 'batchnormalization4': True, 'filtersind5': 6, 'kernel_size5': 5, 'maxpooling5': False, 'batchnormalization5': False, 'dropout': 0.28, 'learnind': 2, 'batchind': 9, 'epochs': 61}. Best is trial 86 with value: 0.8233000040054321.
 Convolutional Layers: 8
 Dense Layers: 3
 Learning rate: 0.001
 Batch Size: 256
 Epochs: 16
Epoch 13: early stopping
[I 2024-07-28 19:45:12,481] Trial 90 finished with value: 0.4178999960422516 and parameters: {'n_conv_layers': 8, 'n_dense_layers': 3, 'maxpooling': False, 'batchnormalization': True, 'filtersind0': 7, 'kernel_size0': 7, 'maxpooling0': False, 'batchnormalization0': True, 'filtersind1': 6, 'kernel_size1': 7, 'maxpooling1': False, 'batchnormalization1': False, 'filtersind2': 7, 'kernel_size2': 9, 'maxpooling2': True, 'batchnormalization2': False, 'filtersind3': 7, 'kernel_size3': 7, 'maxpooling3': False, 'batchnormalization3': True, 'filtersind4': 6, 'kernel_size4': 5, 'maxpooling4': True, 'batchnormalization4': True, 'filtersind5': 6, 'kernel_size5': 11, 'maxpooling5': False, 'batchnormalization5': False, 'filtersind6': 6, 'kernel_size6': 3, 'maxpooling6': True, 'batchnormalization6': True, 'dropout': 0.26, 'num_hidden_neurons0': 77, 'num_hidden_neurons1': 17, 'learnind': 2, 'batchind': 8, 'epochs': 105}. Best is trial 86 with value: 0.8233000040054321.
 Convolutional Layers: 8
 Dense Layers: 1
 Learning rate: 0.001
 Batch Size: 512
 Epochs: 45
[I 2024-07-28 19:51:19,840] Trial 91 finished with value: 0.8057000041007996 and parameters: {'n_conv_layers': 8, 'n_dense_layers': 3, 'maxpooling': False, 'batchnormalization': True, 'filtersind0': 7, 'kernel_size0': 7, 'maxpooling0': False, 'batchnormalization0': True, 'filtersind1': 6, 'kernel_size1': 7, 'maxpooling1': False, 'batchnormalization1': False, 'filtersind2': 7, 'kernel_size2': 9, 'maxpooling2': True, 'batchnormalization2': False, 'filtersind3': 7, 'kernel_size3': 7, 'maxpooling3': False, 'batchnormalization3': True, 'filtersind4': 5, 'kernel_size4': 5, 'maxpooling4': True, 'batchnormalization4': True, 'filtersind5': 6, 'kernel_size5': 11, 'maxpooling5': False, 'batchnormalization5': False, 'filtersind6': 6, 'kernel_size6': 3, 'maxpooling6': True, 'batchnormalization6': True, 'dropout': 0.31, 'num_hidden_neurons0': 72, 'num_hidden_neurons1': 14, 'learnind': 3, 'batchind': 8, 'epochs': 16}. Best is trial 86 with value: 0.8233000040054321.
 Convolutional Layers: 8
 Dense Layers: 3
 Learning rate: 0.001
 Batch Size: 256
 Epochs: 18
Epoch 16: early stopping
[I 2024-07-28 20:06:16,431] Trial 92 finished with value: 0.7904999852180481 and parameters: {'n_conv_layers': 8, 'n_dense_layers': 1, 'maxpooling': False, 'batchnormalization': True, 'filtersind0': 7, 'kernel_size0': 7, 'maxpooling0': False, 'batchnormalization0': True, 'filtersind1': 5, 'kernel_size1': 5, 'maxpooling1': False, 'batchnormalization1': False, 'filtersind2': 8, 'kernel_size2': 9, 'maxpooling2': True, 'batchnormalization2': False, 'filtersind3': 7, 'kernel_size3': 7, 'maxpooling3': False, 'batchnormalization3': True, 'filtersind4': 6, 'kernel_size4': 5, 'maxpooling4': True, 'batchnormalization4': True, 'filtersind5': 7, 'kernel_size5': 11, 'maxpooling5': False, 'batchnormalization5': False, 'filtersind6': 6, 'kernel_size6': 3, 'maxpooling6': True, 'batchnormalization6': True, 'dropout': 0.33, 'learnind': 3, 'batchind': 9, 'epochs': 45}. Best is trial 86 with value: 0.8233000040054321.
 Convolutional Layers: 8
 Dense Layers: 3
 Learning rate: 0.001
 Batch Size: 256
 Epochs: 27
[I 2024-07-28 20:19:45,866] Trial 93 finished with value: 0.7868000268936157 and parameters: {'n_conv_layers': 8, 'n_dense_layers': 3, 'maxpooling': False, 'batchnormalization': True, 'filtersind0': 7, 'kernel_size0': 7, 'maxpooling0': False, 'batchnormalization0': True, 'filtersind1': 6, 'kernel_size1': 7, 'maxpooling1': False, 'batchnormalization1': False, 'filtersind2': 7, 'kernel_size2': 9, 'maxpooling2': True, 'batchnormalization2': False, 'filtersind3': 7, 'kernel_size3': 7, 'maxpooling3': False, 'batchnormalization3': True, 'filtersind4': 5, 'kernel_size4': 5, 'maxpooling4': True, 'batchnormalization4': True, 'filtersind5': 6, 'kernel_size5': 11, 'maxpooling5': False, 'batchnormalization5': False, 'filtersind6': 6, 'kernel_size6': 3, 'maxpooling6': True, 'batchnormalization6': True, 'dropout': 0.3, 'num_hidden_neurons0': 74, 'num_hidden_neurons1': 14, 'learnind': 3, 'batchind': 8, 'epochs': 18}. Best is trial 86 with value: 0.8233000040054321.
 Convolutional Layers: 8
 Dense Layers: 2
 Learning rate: 0.001
 Batch Size: 256
 Epochs: 28
Epoch 19: early stopping
[I 2024-07-28 20:32:35,533] Trial 94 finished with value: 0.800000011920929 and parameters: {'n_conv_layers': 8, 'n_dense_layers': 3, 'maxpooling': False, 'batchnormalization': True, 'filtersind0': 7, 'kernel_size0': 7, 'maxpooling0': False, 'batchnormalization0': True, 'filtersind1': 6, 'kernel_size1': 7, 'maxpooling1': False, 'batchnormalization1': False, 'filtersind2': 7, 'kernel_size2': 9, 'maxpooling2': True, 'batchnormalization2': False, 'filtersind3': 7, 'kernel_size3': 7, 'maxpooling3': False, 'batchnormalization3': True, 'filtersind4': 5, 'kernel_size4': 5, 'maxpooling4': True, 'batchnormalization4': True, 'filtersind5': 6, 'kernel_size5': 11, 'maxpooling5': False, 'batchnormalization5': False, 'filtersind6': 6, 'kernel_size6': 3, 'maxpooling6': True, 'batchnormalization6': True, 'dropout': 0.3, 'num_hidden_neurons0': 79, 'num_hidden_neurons1': 14, 'learnind': 3, 'batchind': 8, 'epochs': 27}. Best is trial 86 with value: 0.8233000040054321.
 Convolutional Layers: 8
 Dense Layers: 2
 Learning rate: 0.001
 Batch Size: 256
 Epochs: 17
Epoch 17: early stopping
[I 2024-07-28 20:45:40,940] Trial 95 finished with value: 0.8015999794006348 and parameters: {'n_conv_layers': 8, 'n_dense_layers': 2, 'maxpooling': False, 'batchnormalization': True, 'filtersind0': 7, 'kernel_size0': 7, 'maxpooling0': False, 'batchnormalization0': True, 'filtersind1': 6, 'kernel_size1': 7, 'maxpooling1': False, 'batchnormalization1': False, 'filtersind2': 7, 'kernel_size2': 9, 'maxpooling2': True, 'batchnormalization2': False, 'filtersind3': 7, 'kernel_size3': 7, 'maxpooling3': False, 'batchnormalization3': True, 'filtersind4': 5, 'kernel_size4': 5, 'maxpooling4': True, 'batchnormalization4': True, 'filtersind5': 6, 'kernel_size5': 11, 'maxpooling5': False, 'batchnormalization5': False, 'filtersind6': 7, 'kernel_size6': 3, 'maxpooling6': True, 'batchnormalization6': True, 'dropout': 0.29, 'num_hidden_neurons0': 57, 'learnind': 3, 'batchind': 8, 'epochs': 28}. Best is trial 86 with value: 0.8233000040054321.
 Convolutional Layers: 8
 Dense Layers: 2
 Learning rate: 0.001
 Batch Size: 256
 Epochs: 15
[I 2024-07-28 21:01:37,191] Trial 96 finished with value: 0.791100025177002 and parameters: {'n_conv_layers': 8, 'n_dense_layers': 2, 'maxpooling': False, 'batchnormalization': True, 'filtersind0': 7, 'kernel_size0': 11, 'maxpooling0': False, 'batchnormalization0': True, 'filtersind1': 6, 'kernel_size1': 7, 'maxpooling1': False, 'batchnormalization1': False, 'filtersind2': 7, 'kernel_size2': 11, 'maxpooling2': True, 'batchnormalization2': False, 'filtersind3': 6, 'kernel_size3': 5, 'maxpooling3': False, 'batchnormalization3': True, 'filtersind4': 7, 'kernel_size4': 5, 'maxpooling4': True, 'batchnormalization4': True, 'filtersind5': 8, 'kernel_size5': 11, 'maxpooling5': False, 'batchnormalization5': False, 'filtersind6': 8, 'kernel_size6': 3, 'maxpooling6': True, 'batchnormalization6': True, 'dropout': 0.26, 'num_hidden_neurons0': 54, 'learnind': 3, 'batchind': 8, 'epochs': 17}. Best is trial 86 with value: 0.8233000040054321.
 Convolutional Layers: 1
 Dense Layers: 1
 Learning rate: 0.001
 Batch Size: 128
 Epochs: 54
