[I 2024-07-29 22:45:06,303] Trial 221 finished with value: 0.8237000107765198 and parameters: {'n_conv_layers': 5, 'n_dense_layers': 2, 'maxpooling': False, 'batchnormalization': True, 'filtersind0': 7, 'kernel_size0': 3, 'maxpooling0': False, 'batchnormalization0': True, 'filtersind1': 8, 'kernel_size1': 7, 'maxpooling1': False, 'batchnormalization1': False, 'filtersind2': 7, 'kernel_size2': 9, 'maxpooling2': True, 'batchnormalization2': False, 'filtersind3': 5, 'kernel_size3': 9, 'maxpooling3': True, 'batchnormalization3': True, 'dropout': 0.38, 'num_hidden_neurons0': 87, 'learnind': 3, 'batchind': 5, 'epochs': 121}. Best is trial 183 with value: 0.8389999866485596.
 Convolutional Layers: 5
 Dense Layers: 2
 Learning rate: 0.001
 Batch Size: 32
 Epochs: 129
Epoch 19: early stopping
[I 2024-07-29 22:49:01,494] Trial 222 finished with value: 0.8184000253677368 and parameters: {'n_conv_layers': 5, 'n_dense_layers': 2, 'maxpooling': False, 'batchnormalization': True, 'filtersind0': 7, 'kernel_size0': 3, 'maxpooling0': False, 'batchnormalization0': True, 'filtersind1': 8, 'kernel_size1': 7, 'maxpooling1': False, 'batchnormalization1': False, 'filtersind2': 7, 'kernel_size2': 3, 'maxpooling2': True, 'batchnormalization2': False, 'filtersind3': 5, 'kernel_size3': 9, 'maxpooling3': True, 'batchnormalization3': True, 'dropout': 0.38, 'num_hidden_neurons0': 110, 'learnind': 3, 'batchind': 5, 'epochs': 126}. Best is trial 183 with value: 0.8389999866485596.
 Convolutional Layers: 5
 Dense Layers: 2
 Learning rate: 0.001
 Batch Size: 32
 Epochs: 120
Epoch 19: early stopping
[I 2024-07-29 23:14:42,873] Trial 223 finished with value: 0.8277999758720398 and parameters: {'n_conv_layers': 5, 'n_dense_layers': 2, 'maxpooling': False, 'batchnormalization': True, 'filtersind0': 7, 'kernel_size0': 3, 'maxpooling0': False, 'batchnormalization0': True, 'filtersind1': 8, 'kernel_size1': 7, 'maxpooling1': False, 'batchnormalization1': False, 'filtersind2': 7, 'kernel_size2': 3, 'maxpooling2': True, 'batchnormalization2': False, 'filtersind3': 5, 'kernel_size3': 9, 'maxpooling3': True, 'batchnormalization3': True, 'dropout': 0.37, 'num_hidden_neurons0': 109, 'learnind': 3, 'batchind': 5, 'epochs': 129}. Best is trial 183 with value: 0.8389999866485596.
 Convolutional Layers: 5
 Dense Layers: 2
 Learning rate: 0.001
 Batch Size: 32
 Epochs: 129
Epoch 19: early stopping
[I 2024-07-29 23:18:41,993] Trial 224 finished with value: 0.8392999768257141 and parameters: {'n_conv_layers': 5, 'n_dense_layers': 2, 'maxpooling': False, 'batchnormalization': True, 'filtersind0': 7, 'kernel_size0': 3, 'maxpooling0': False, 'batchnormalization0': True, 'filtersind1': 8, 'kernel_size1': 7, 'maxpooling1': False, 'batchnormalization1': False, 'filtersind2': 7, 'kernel_size2': 3, 'maxpooling2': True, 'batchnormalization2': False, 'filtersind3': 5, 'kernel_size3': 9, 'maxpooling3': True, 'batchnormalization3': True, 'dropout': 0.36, 'num_hidden_neurons0': 128, 'learnind': 3, 'batchind': 5, 'epochs': 120}. Best is trial 224 with value: 0.8392999768257141.
 Convolutional Layers: 5
 Dense Layers: 2
 Learning rate: 0.001
 Batch Size: 32
 Epochs: 130
Epoch 15: early stopping
[I 2024-07-29 23:42:14,657] Trial 226 finished with value: 0.7949000000953674 and parameters: {'n_conv_layers': 5, 'n_dense_layers': 2, 'maxpooling': False, 'batchnormalization': True, 'filtersind0': 7, 'kernel_size0': 3, 'maxpooling0': False, 'batchnormalization0': True, 'filtersind1': 8, 'kernel_size1': 7, 'maxpooling1': False, 'batchnormalization1': False, 'filtersind2': 7, 'kernel_size2': 3, 'maxpooling2': True, 'batchnormalization2': False, 'filtersind3': 5, 'kernel_size3': 9, 'maxpooling3': True, 'batchnormalization3': True, 'dropout': 0.37, 'num_hidden_neurons0': 124, 'learnind': 3, 'batchind': 5, 'epochs': 130}. Best is trial 224 with value: 0.8392999768257141.
 Convolutional Layers: 5
 Dense Layers: 2
 Learning rate: 0.001
 Batch Size: 32
 Epochs: 120
Epoch 18: early stopping
[I 2024-07-29 23:42:58,267] Trial 225 finished with value: 0.8320000171661377 and parameters: {'n_conv_layers': 5, 'n_dense_layers': 2, 'maxpooling': False, 'batchnormalization': True, 'filtersind0': 7, 'kernel_size0': 3, 'maxpooling0': False, 'batchnormalization0': True, 'filtersind1': 8, 'kernel_size1': 7, 'maxpooling1': False, 'batchnormalization1': False, 'filtersind2': 7, 'kernel_size2': 3, 'maxpooling2': True, 'batchnormalization2': False, 'filtersind3': 5, 'kernel_size3': 9, 'maxpooling3': True, 'batchnormalization3': True, 'dropout': 0.37, 'num_hidden_neurons0': 121, 'learnind': 3, 'batchind': 5, 'epochs': 129}. Best is trial 224 with value: 0.8392999768257141.
 Convolutional Layers: 5
 Dense Layers: 2
 Learning rate: 0.001
 Batch Size: 32
 Epochs: 149
Epoch 18: early stopping
[I 2024-07-30 00:14:05,918] Trial 228 finished with value: 0.814300000667572 and parameters: {'n_conv_layers': 5, 'n_dense_layers': 2, 'maxpooling': False, 'batchnormalization': True, 'filtersind0': 7, 'kernel_size0': 3, 'maxpooling0': False, 'batchnormalization0': True, 'filtersind1': 8, 'kernel_size1': 3, 'maxpooling1': False, 'batchnormalization1': False, 'filtersind2': 7, 'kernel_size2': 3, 'maxpooling2': True, 'batchnormalization2': False, 'filtersind3': 5, 'kernel_size3': 9, 'maxpooling3': True, 'batchnormalization3': True, 'dropout': 0.37, 'num_hidden_neurons0': 126, 'learnind': 3, 'batchind': 5, 'epochs': 149}. Best is trial 224 with value: 0.8392999768257141.
 Convolutional Layers: 5
 Dense Layers: 2
 Learning rate: 0.001
 Batch Size: 32
 Epochs: 138
Epoch 21: early stopping
[I 2024-07-30 00:19:51,282] Trial 227 finished with value: 0.8320000171661377 and parameters: {'n_conv_layers': 5, 'n_dense_layers': 2, 'maxpooling': False, 'batchnormalization': True, 'filtersind0': 7, 'kernel_size0': 3, 'maxpooling0': False, 'batchnormalization0': True, 'filtersind1': 8, 'kernel_size1': 7, 'maxpooling1': False, 'batchnormalization1': False, 'filtersind2': 7, 'kernel_size2': 9, 'maxpooling2': True, 'batchnormalization2': False, 'filtersind3': 5, 'kernel_size3': 9, 'maxpooling3': True, 'batchnormalization3': True, 'dropout': 0.37, 'num_hidden_neurons0': 118, 'learnind': 3, 'batchind': 5, 'epochs': 120}. Best is trial 224 with value: 0.8392999768257141.
 Convolutional Layers: 5
 Dense Layers: 2
 Learning rate: 0.001
 Batch Size: 32
 Epochs: 136
Epoch 25: early stopping
[I 2024-07-30 01:05:43,720] Trial 230 finished with value: 0.7876999974250793 and parameters: {'n_conv_layers': 5, 'n_dense_layers': 2, 'maxpooling': False, 'batchnormalization': True, 'filtersind0': 7, 'kernel_size0': 3, 'maxpooling0': False, 'batchnormalization0': True, 'filtersind1': 8, 'kernel_size1': 7, 'maxpooling1': False, 'batchnormalization1': False, 'filtersind2': 7, 'kernel_size2': 3, 'maxpooling2': False, 'batchnormalization2': False, 'filtersind3': 5, 'kernel_size3': 9, 'maxpooling3': True, 'batchnormalization3': True, 'dropout': 0.38, 'num_hidden_neurons0': 119, 'learnind': 3, 'batchind': 5, 'epochs': 136}. Best is trial 224 with value: 0.8392999768257141.
 Convolutional Layers: 5
 Dense Layers: 2
 Learning rate: 0.001
 Batch Size: 32
 Epochs: 128
Epoch 17: early stopping
[I 2024-07-30 01:34:49,096] Trial 231 finished with value: 0.8323000073432922 and parameters: {'n_conv_layers': 5, 'n_dense_layers': 2, 'maxpooling': False, 'batchnormalization': True, 'filtersind0': 7, 'kernel_size0': 3, 'maxpooling0': False, 'batchnormalization0': True, 'filtersind1': 8, 'kernel_size1': 7, 'maxpooling1': False, 'batchnormalization1': False, 'filtersind2': 7, 'kernel_size2': 3, 'maxpooling2': True, 'batchnormalization2': True, 'filtersind3': 5, 'kernel_size3': 9, 'maxpooling3': True, 'batchnormalization3': True, 'dropout': 0.37, 'num_hidden_neurons0': 116, 'learnind': 3, 'batchind': 5, 'epochs': 128}. Best is trial 224 with value: 0.8392999768257141.
 Convolutional Layers: 5
 Dense Layers: 2
 Learning rate: 0.001
 Batch Size: 32
 Epochs: 129
Epoch 46: early stopping
[I 2024-07-30 01:36:37,085] Trial 229 finished with value: 0.8051000237464905 and parameters: {'n_conv_layers': 5, 'n_dense_layers': 2, 'maxpooling': False, 'batchnormalization': True, 'filtersind0': 7, 'kernel_size0': 3, 'maxpooling0': False, 'batchnormalization0': True, 'filtersind1': 8, 'kernel_size1': 7, 'maxpooling1': False, 'batchnormalization1': False, 'filtersind2': 7, 'kernel_size2': 3, 'maxpooling2': False, 'batchnormalization2': False, 'filtersind3': 5, 'kernel_size3': 9, 'maxpooling3': True, 'batchnormalization3': True, 'dropout': 0.36, 'num_hidden_neurons0': 114, 'learnind': 3, 'batchind': 5, 'epochs': 138}. Best is trial 224 with value: 0.8392999768257141.
 Convolutional Layers: 5
 Dense Layers: 2
 Learning rate: 0.001
 Batch Size: 32
 Epochs: 128
Epoch 18: early stopping
[I 2024-07-30 02:03:14,595] Trial 232 finished with value: 0.8252999782562256 and parameters: {'n_conv_layers': 5, 'n_dense_layers': 2, 'maxpooling': False, 'batchnormalization': True, 'filtersind0': 7, 'kernel_size0': 3, 'maxpooling0': False, 'batchnormalization0': True, 'filtersind1': 8, 'kernel_size1': 7, 'maxpooling1': False, 'batchnormalization1': False, 'filtersind2': 7, 'kernel_size2': 3, 'maxpooling2': True, 'batchnormalization2': True, 'filtersind3': 5, 'kernel_size3': 9, 'maxpooling3': True, 'batchnormalization3': True, 'dropout': 0.37, 'num_hidden_neurons0': 128, 'learnind': 3, 'batchind': 5, 'epochs': 129}. Best is trial 224 with value: 0.8392999768257141.
 Convolutional Layers: 5
 Dense Layers: 2
 Learning rate: 0.001
 Batch Size: 32
 Epochs: 122
Epoch 18: early stopping
[I 2024-07-30 02:04:50,733] Trial 233 finished with value: 0.8197000026702881 and parameters: {'n_conv_layers': 5, 'n_dense_layers': 2, 'maxpooling': False, 'batchnormalization': True, 'filtersind0': 7, 'kernel_size0': 3, 'maxpooling0': False, 'batchnormalization0': True, 'filtersind1': 8, 'kernel_size1': 7, 'maxpooling1': False, 'batchnormalization1': False, 'filtersind2': 7, 'kernel_size2': 3, 'maxpooling2': True, 'batchnormalization2': True, 'filtersind3': 5, 'kernel_size3': 9, 'maxpooling3': True, 'batchnormalization3': True, 'dropout': 0.37, 'num_hidden_neurons0': 120, 'learnind': 3, 'batchind': 5, 'epochs': 128}. Best is trial 224 with value: 0.8392999768257141.
 Convolutional Layers: 5
 Dense Layers: 2
 Learning rate: 0.001
 Batch Size: 32
 Epochs: 122
Epoch 18: early stopping
[I 2024-07-30 02:31:32,021] Trial 234 finished with value: 0.828499972820282 and parameters: {'n_conv_layers': 5, 'n_dense_layers': 2, 'maxpooling': False, 'batchnormalization': True, 'filtersind0': 7, 'kernel_size0': 3, 'maxpooling0': False, 'batchnormalization0': True, 'filtersind1': 8, 'kernel_size1': 7, 'maxpooling1': False, 'batchnormalization1': False, 'filtersind2': 7, 'kernel_size2': 3, 'maxpooling2': True, 'batchnormalization2': True, 'filtersind3': 5, 'kernel_size3': 9, 'maxpooling3': True, 'batchnormalization3': True, 'dropout': 0.39, 'num_hidden_neurons0': 106, 'learnind': 3, 'batchind': 5, 'epochs': 122}. Best is trial 224 with value: 0.8392999768257141.
 Convolutional Layers: 5
 Dense Layers: 2
 Learning rate: 0.001
 Batch Size: 32
 Epochs: 122
Epoch 18: early stopping
[I 2024-07-30 02:33:06,403] Trial 235 finished with value: 0.8180999755859375 and parameters: {'n_conv_layers': 5, 'n_dense_layers': 2, 'maxpooling': False, 'batchnormalization': True, 'filtersind0': 7, 'kernel_size0': 3, 'maxpooling0': False, 'batchnormalization0': True, 'filtersind1': 8, 'kernel_size1': 7, 'maxpooling1': False, 'batchnormalization1': False, 'filtersind2': 7, 'kernel_size2': 3, 'maxpooling2': True, 'batchnormalization2': True, 'filtersind3': 5, 'kernel_size3': 9, 'maxpooling3': True, 'batchnormalization3': True, 'dropout': 0.39, 'num_hidden_neurons0': 105, 'learnind': 3, 'batchind': 5, 'epochs': 122}. Best is trial 224 with value: 0.8392999768257141.
 Convolutional Layers: 5
 Dense Layers: 2
 Learning rate: 0.001
 Batch Size: 32
 Epochs: 125
Epoch 7: early stopping
[I 2024-07-30 02:44:12,739] Trial 237 finished with value: 0.2502000033855438 and parameters: {'n_conv_layers': 5, 'n_dense_layers': 2, 'maxpooling': False, 'batchnormalization': True, 'filtersind0': 7, 'kernel_size0': 3, 'maxpooling0': False, 'batchnormalization0': True, 'filtersind1': 8, 'kernel_size1': 7, 'maxpooling1': False, 'batchnormalization1': False, 'filtersind2': 7, 'kernel_size2': 3, 'maxpooling2': True, 'batchnormalization2': True, 'filtersind3': 5, 'kernel_size3': 9, 'maxpooling3': True, 'batchnormalization3': False, 'dropout': 0.41000000000000003, 'num_hidden_neurons0': 93, 'learnind': 3, 'batchind': 5, 'epochs': 125}. Best is trial 224 with value: 0.8392999768257141.
 Convolutional Layers: 5
 Dense Layers: 2
 Learning rate: 0.001
 Batch Size: 32
 Epochs: 120
Epoch 23: early stopping
Epoch 15: early stopping
[I 2024-07-30 03:00:20,340] Trial 236 finished with value: 0.8256999850273132 and parameters: {'n_conv_layers': 5, 'n_dense_layers': 2, 'maxpooling': False, 'batchnormalization': True, 'filtersind0': 7, 'kernel_size0': 3, 'maxpooling0': False, 'batchnormalization0': True, 'filtersind1': 8, 'kernel_size1': 7, 'maxpooling1': False, 'batchnormalization1': False, 'filtersind2': 7, 'kernel_size2': 3, 'maxpooling2': True, 'batchnormalization2': True, 'filtersind3': 5, 'kernel_size3': 9, 'maxpooling3': True, 'batchnormalization3': True, 'dropout': 0.39, 'num_hidden_neurons0': 103, 'learnind': 3, 'batchind': 5, 'epochs': 122}. Best is trial 224 with value: 0.8392999768257141.
 Convolutional Layers: 5
 Dense Layers: 2
 Learning rate: 0.001
 Batch Size: 32
 Epochs: 116
[I 2024-07-30 03:00:21,360] Trial 238 finished with value: 0.8292999863624573 and parameters: {'n_conv_layers': 5, 'n_dense_layers': 2, 'maxpooling': False, 'batchnormalization': True, 'filtersind0': 7, 'kernel_size0': 3, 'maxpooling0': True, 'batchnormalization0': True, 'filtersind1': 8, 'kernel_size1': 7, 'maxpooling1': False, 'batchnormalization1': False, 'filtersind2': 7, 'kernel_size2': 3, 'maxpooling2': True, 'batchnormalization2': True, 'filtersind3': 5, 'kernel_size3': 9, 'maxpooling3': True, 'batchnormalization3': True, 'dropout': 0.4, 'num_hidden_neurons0': 99, 'learnind': 3, 'batchind': 5, 'epochs': 120}. Best is trial 224 with value: 0.8392999768257141.
 Convolutional Layers: 5
 Dense Layers: 2
 Learning rate: 0.001
 Batch Size: 32
 Epochs: 117
Epoch 13: early stopping
[I 2024-07-30 03:08:04,179] Trial 240 finished with value: 0.804099977016449 and parameters: {'n_conv_layers': 5, 'n_dense_layers': 2, 'maxpooling': False, 'batchnormalization': False, 'filtersind0': 7, 'kernel_size0': 3, 'maxpooling0': True, 'batchnormalization0': True, 'filtersind1': 8, 'kernel_size1': 7, 'maxpooling1': False, 'batchnormalization1': False, 'filtersind2': 7, 'kernel_size2': 3, 'maxpooling2': True, 'batchnormalization2': True, 'filtersind3': 5, 'kernel_size3': 9, 'maxpooling3': True, 'batchnormalization3': True, 'dropout': 0.42, 'num_hidden_neurons0': 86, 'learnind': 3, 'batchind': 5, 'epochs': 117}. Best is trial 224 with value: 0.8392999768257141.
 Convolutional Layers: 5
 Dense Layers: 2
 Learning rate: 0.001
 Batch Size: 32
 Epochs: 119
Epoch 14: early stopping
[I 2024-07-30 03:08:35,642] Trial 239 finished with value: 0.8151999711990356 and parameters: {'n_conv_layers': 5, 'n_dense_layers': 2, 'maxpooling': False, 'batchnormalization': True, 'filtersind0': 7, 'kernel_size0': 3, 'maxpooling0': True, 'batchnormalization0': True, 'filtersind1': 8, 'kernel_size1': 7, 'maxpooling1': False, 'batchnormalization1': False, 'filtersind2': 7, 'kernel_size2': 3, 'maxpooling2': True, 'batchnormalization2': True, 'filtersind3': 5, 'kernel_size3': 9, 'maxpooling3': True, 'batchnormalization3': True, 'dropout': 0.38, 'num_hidden_neurons0': 87, 'learnind': 3, 'batchind': 5, 'epochs': 116}. Best is trial 224 with value: 0.8392999768257141.
 Convolutional Layers: 5
 Dense Layers: 2
 Learning rate: 0.001
 Batch Size: 32
 Epochs: 120
Epoch 12: early stopping
[I 2024-07-30 03:14:53,542] Trial 241 finished with value: 0.7990000247955322 and parameters: {'n_conv_layers': 5, 'n_dense_layers': 2, 'maxpooling': False, 'batchnormalization': True, 'filtersind0': 7, 'kernel_size0': 3, 'maxpooling0': True, 'batchnormalization0': True, 'filtersind1': 8, 'kernel_size1': 7, 'maxpooling1': True, 'batchnormalization1': False, 'filtersind2': 7, 'kernel_size2': 3, 'maxpooling2': True, 'batchnormalization2': True, 'filtersind3': 5, 'kernel_size3': 9, 'maxpooling3': True, 'batchnormalization3': True, 'dropout': 0.36, 'num_hidden_neurons0': 115, 'learnind': 3, 'batchind': 5, 'epochs': 119}. Best is trial 224 with value: 0.8392999768257141.
 Convolutional Layers: 5
 Dense Layers: 2
 Learning rate: 0.001
 Batch Size: 32
 Epochs: 155
Epoch 14: early stopping
[I 2024-07-30 03:16:37,284] Trial 242 finished with value: 0.8299000263214111 and parameters: {'n_conv_layers': 5, 'n_dense_layers': 2, 'maxpooling': False, 'batchnormalization': True, 'filtersind0': 7, 'kernel_size0': 3, 'maxpooling0': True, 'batchnormalization0': True, 'filtersind1': 8, 'kernel_size1': 7, 'maxpooling1': False, 'batchnormalization1': False, 'filtersind2': 7, 'kernel_size2': 3, 'maxpooling2': True, 'batchnormalization2': True, 'filtersind3': 5, 'kernel_size3': 9, 'maxpooling3': True, 'batchnormalization3': True, 'dropout': 0.36, 'num_hidden_neurons0': 98, 'learnind': 3, 'batchind': 5, 'epochs': 120}. Best is trial 224 with value: 0.8392999768257141.
 Convolutional Layers: 5
 Dense Layers: 2
 Learning rate: 0.001
 Batch Size: 32
 Epochs: 134
Epoch 14: early stopping
Epoch 11: early stopping
[I 2024-07-30 03:23:12,810] Trial 243 finished with value: 0.8226000070571899 and parameters: {'n_conv_layers': 5, 'n_dense_layers': 2, 'maxpooling': False, 'batchnormalization': True, 'filtersind0': 7, 'kernel_size0': 3, 'maxpooling0': True, 'batchnormalization0': True, 'filtersind1': 8, 'kernel_size1': 7, 'maxpooling1': False, 'batchnormalization1': False, 'filtersind2': 7, 'kernel_size2': 3, 'maxpooling2': True, 'batchnormalization2': True, 'filtersind3': 5, 'kernel_size3': 9, 'maxpooling3': True, 'batchnormalization3': True, 'dropout': 0.4, 'num_hidden_neurons0': 97, 'learnind': 3, 'batchind': 5, 'epochs': 155}. Best is trial 224 with value: 0.8392999768257141.
[I 2024-07-30 03:23:12,945] Trial 244 finished with value: 0.8148999810218811 and parameters: {'n_conv_layers': 5, 'n_dense_layers': 2, 'maxpooling': False, 'batchnormalization': True, 'filtersind0': 7, 'kernel_size0': 3, 'maxpooling0': True, 'batchnormalization0': True, 'filtersind1': 8, 'kernel_size1': 7, 'maxpooling1': False, 'batchnormalization1': False, 'filtersind2': 7, 'kernel_size2': 3, 'maxpooling2': True, 'batchnormalization2': True, 'filtersind3': 5, 'kernel_size3': 9, 'maxpooling3': True, 'batchnormalization3': True, 'dropout': 0.36, 'num_hidden_neurons0': 98, 'learnind': 3, 'batchind': 5, 'epochs': 134}. Best is trial 224 with value: 0.8392999768257141.
 Convolutional Layers: 5
 Dense Layers: 2
 Convolutional Layers: 5
 Dense Layers: 2
 Learning rate: 0.001
 Learning rate: 0.001
 Batch Size: 32
 Batch Size: 32
 Epochs: 128
 Epochs: 125
Epoch 11: early stopping
[I 2024-07-30 03:29:50,634] Trial 245 finished with value: 0.8289999961853027 and parameters: {'n_conv_layers': 5, 'n_dense_layers': 2, 'maxpooling': False, 'batchnormalization': True, 'filtersind0': 7, 'kernel_size0': 3, 'maxpooling0': True, 'batchnormalization0': True, 'filtersind1': 8, 'kernel_size1': 7, 'maxpooling1': False, 'batchnormalization1': False, 'filtersind2': 7, 'kernel_size2': 3, 'maxpooling2': True, 'batchnormalization2': True, 'filtersind3': 5, 'kernel_size3': 9, 'maxpooling3': True, 'batchnormalization3': True, 'dropout': 0.36, 'num_hidden_neurons0': 92, 'learnind': 3, 'batchind': 5, 'epochs': 128}. Best is trial 224 with value: 0.8392999768257141.
 Convolutional Layers: 5
 Dense Layers: 2
 Learning rate: 0.001
 Batch Size: 32
 Epochs: 130
Epoch 14: early stopping
[I 2024-07-30 03:31:34,487] Trial 246 finished with value: 0.8213000297546387 and parameters: {'n_conv_layers': 5, 'n_dense_layers': 2, 'maxpooling': False, 'batchnormalization': True, 'filtersind0': 7, 'kernel_size0': 3, 'maxpooling0': True, 'batchnormalization0': False, 'filtersind1': 8, 'kernel_size1': 7, 'maxpooling1': False, 'batchnormalization1': False, 'filtersind2': 7, 'kernel_size2': 3, 'maxpooling2': True, 'batchnormalization2': True, 'filtersind3': 5, 'kernel_size3': 9, 'maxpooling3': True, 'batchnormalization3': True, 'dropout': 0.36, 'num_hidden_neurons0': 91, 'learnind': 3, 'batchind': 5, 'epochs': 125}. Best is trial 224 with value: 0.8392999768257141.
 Convolutional Layers: 5
 Dense Layers: 2
 Learning rate: 0.001
 Batch Size: 32
 Epochs: 131
Epoch 14: early stopping
[I 2024-07-30 03:38:02,587] Trial 247 finished with value: 0.819100022315979 and parameters: {'n_conv_layers': 5, 'n_dense_layers': 2, 'maxpooling': False, 'batchnormalization': True, 'filtersind0': 7, 'kernel_size0': 3, 'maxpooling0': True, 'batchnormalization0': False, 'filtersind1': 8, 'kernel_size1': 7, 'maxpooling1': False, 'batchnormalization1': False, 'filtersind2': 7, 'kernel_size2': 3, 'maxpooling2': True, 'batchnormalization2': True, 'filtersind3': 5, 'kernel_size3': 9, 'maxpooling3': True, 'batchnormalization3': True, 'dropout': 0.43, 'num_hidden_neurons0': 91, 'learnind': 3, 'batchind': 5, 'epochs': 130}. Best is trial 224 with value: 0.8392999768257141.
 Convolutional Layers: 5
 Dense Layers: 2
 Learning rate: 0.001
 Batch Size: 32
 Epochs: 122
Epoch 15: early stopping
