[I 2024-07-30 14:31:25,956] Trial 302 finished with value: 0.8429999947547913 and parameters: {'n_conv_layers': 5, 'n_dense_layers': 2, 'maxpooling': False, 'batchnormalization': True, 'filtersind0': 7, 'kernel_size0': 3, 'maxpooling0': False, 'batchnormalization0': True, 'filtersind1': 7, 'kernel_size1': 7, 'maxpooling1': False, 'batchnormalization1': False, 'filtersind2': 7, 'kernel_size2': 9, 'maxpooling2': True, 'batchnormalization2': False, 'filtersind3': 5, 'kernel_size3': 9, 'maxpooling3': True, 'batchnormalization3': True, 'dropout': 0.42, 'num_hidden_neurons0': 45, 'learnind': 4, 'batchind': 5, 'epochs': 188}. Best is trial 300 with value: 0.8450000286102295.
 Convolutional Layers: 5
 Dense Layers: 2
 Learning rate: 0.0001
 Batch Size: 32
 Epochs: 186
Epoch 20: early stopping
[I 2024-07-30 14:58:27,394] Trial 303 finished with value: 0.8464999794960022 and parameters: {'n_conv_layers': 5, 'n_dense_layers': 2, 'maxpooling': False, 'batchnormalization': True, 'filtersind0': 7, 'kernel_size0': 3, 'maxpooling0': False, 'batchnormalization0': True, 'filtersind1': 7, 'kernel_size1': 7, 'maxpooling1': False, 'batchnormalization1': False, 'filtersind2': 7, 'kernel_size2': 9, 'maxpooling2': True, 'batchnormalization2': False, 'filtersind3': 5, 'kernel_size3': 9, 'maxpooling3': True, 'batchnormalization3': True, 'dropout': 0.42, 'num_hidden_neurons0': 47, 'learnind': 4, 'batchind': 5, 'epochs': 188}. Best is trial 303 with value: 0.8464999794960022.
 Convolutional Layers: 5
 Dense Layers: 2
 Learning rate: 0.0001
 Batch Size: 32
 Epochs: 186
Epoch 23: early stopping
[I 2024-07-30 15:07:41,430] Trial 304 finished with value: 0.8555999994277954 and parameters: {'n_conv_layers': 5, 'n_dense_layers': 2, 'maxpooling': False, 'batchnormalization': True, 'filtersind0': 7, 'kernel_size0': 3, 'maxpooling0': False, 'batchnormalization0': True, 'filtersind1': 7, 'kernel_size1': 7, 'maxpooling1': False, 'batchnormalization1': True, 'filtersind2': 7, 'kernel_size2': 9, 'maxpooling2': True, 'batchnormalization2': False, 'filtersind3': 5, 'kernel_size3': 9, 'maxpooling3': True, 'batchnormalization3': True, 'dropout': 0.42, 'num_hidden_neurons0': 46, 'learnind': 4, 'batchind': 5, 'epochs': 186}. Best is trial 304 with value: 0.8555999994277954.
 Convolutional Layers: 5
 Dense Layers: 2
 Learning rate: 0.0001
 Batch Size: 32
 Epochs: 188
Epoch 21: early stopping
[I 2024-07-30 15:31:44,879] Trial 305 finished with value: 0.8356000185012817 and parameters: {'n_conv_layers': 5, 'n_dense_layers': 2, 'maxpooling': False, 'batchnormalization': False, 'filtersind0': 7, 'kernel_size0': 3, 'maxpooling0': False, 'batchnormalization0': True, 'filtersind1': 7, 'kernel_size1': 7, 'maxpooling1': False, 'batchnormalization1': True, 'filtersind2': 7, 'kernel_size2': 9, 'maxpooling2': True, 'batchnormalization2': False, 'filtersind3': 5, 'kernel_size3': 9, 'maxpooling3': True, 'batchnormalization3': True, 'dropout': 0.42, 'num_hidden_neurons0': 44, 'learnind': 4, 'batchind': 5, 'epochs': 186}. Best is trial 304 with value: 0.8555999994277954.
 Convolutional Layers: 5
 Dense Layers: 2
 Learning rate: 0.0001
 Batch Size: 32
 Epochs: 192
Epoch 21: early stopping
[I 2024-07-30 15:41:09,921] Trial 306 finished with value: 0.8422999978065491 and parameters: {'n_conv_layers': 5, 'n_dense_layers': 2, 'maxpooling': False, 'batchnormalization': True, 'filtersind0': 7, 'kernel_size0': 3, 'maxpooling0': False, 'batchnormalization0': True, 'filtersind1': 7, 'kernel_size1': 7, 'maxpooling1': False, 'batchnormalization1': True, 'filtersind2': 7, 'kernel_size2': 9, 'maxpooling2': True, 'batchnormalization2': False, 'filtersind3': 5, 'kernel_size3': 9, 'maxpooling3': True, 'batchnormalization3': True, 'dropout': 0.43, 'num_hidden_neurons0': 47, 'learnind': 4, 'batchind': 5, 'epochs': 188}. Best is trial 304 with value: 0.8555999994277954.
 Convolutional Layers: 5
 Dense Layers: 2
 Learning rate: 0.0001
 Batch Size: 32
 Epochs: 185
Epoch 20: early stopping
[I 2024-07-30 16:03:36,551] Trial 307 finished with value: 0.8119999766349792 and parameters: {'n_conv_layers': 5, 'n_dense_layers': 2, 'maxpooling': False, 'batchnormalization': False, 'filtersind0': 7, 'kernel_size0': 3, 'maxpooling0': False, 'batchnormalization0': True, 'filtersind1': 7, 'kernel_size1': 7, 'maxpooling1': False, 'batchnormalization1': True, 'filtersind2': 7, 'kernel_size2': 9, 'maxpooling2': True, 'batchnormalization2': False, 'filtersind3': 5, 'kernel_size3': 9, 'maxpooling3': True, 'batchnormalization3': False, 'dropout': 0.42, 'num_hidden_neurons0': 46, 'learnind': 4, 'batchind': 5, 'epochs': 192}. Best is trial 304 with value: 0.8555999994277954.
 Convolutional Layers: 5
 Dense Layers: 2
 Learning rate: 0.0001
 Batch Size: 32
 Epochs: 198
Epoch 19: early stopping
[I 2024-07-30 16:10:02,332] Trial 308 finished with value: 0.8126999735832214 and parameters: {'n_conv_layers': 5, 'n_dense_layers': 2, 'maxpooling': False, 'batchnormalization': False, 'filtersind0': 7, 'kernel_size0': 3, 'maxpooling0': False, 'batchnormalization0': True, 'filtersind1': 7, 'kernel_size1': 7, 'maxpooling1': False, 'batchnormalization1': True, 'filtersind2': 7, 'kernel_size2': 9, 'maxpooling2': True, 'batchnormalization2': False, 'filtersind3': 5, 'kernel_size3': 9, 'maxpooling3': True, 'batchnormalization3': False, 'dropout': 0.43, 'num_hidden_neurons0': 45, 'learnind': 4, 'batchind': 5, 'epochs': 185}. Best is trial 304 with value: 0.8555999994277954.
 Convolutional Layers: 5
 Dense Layers: 2
 Learning rate: 0.0001
 Batch Size: 32
 Epochs: 185
Epoch 17: early stopping
[I 2024-07-30 16:24:35,503] Trial 309 finished with value: 0.8086000084877014 and parameters: {'n_conv_layers': 5, 'n_dense_layers': 2, 'maxpooling': False, 'batchnormalization': False, 'filtersind0': 7, 'kernel_size0': 3, 'maxpooling0': False, 'batchnormalization0': True, 'filtersind1': 7, 'kernel_size1': 7, 'maxpooling1': True, 'batchnormalization1': False, 'filtersind2': 7, 'kernel_size2': 9, 'maxpooling2': True, 'batchnormalization2': False, 'filtersind3': 5, 'kernel_size3': 9, 'maxpooling3': True, 'batchnormalization3': True, 'dropout': 0.44, 'num_hidden_neurons0': 38, 'learnind': 4, 'batchind': 5, 'epochs': 198}. Best is trial 304 with value: 0.8555999994277954.
 Convolutional Layers: 5
 Dense Layers: 2
 Learning rate: 0.0001
 Batch Size: 32
 Epochs: 187
Epoch 22: early stopping
[I 2024-07-30 16:41:04,584] Trial 310 finished with value: 0.8330000042915344 and parameters: {'n_conv_layers': 5, 'n_dense_layers': 2, 'maxpooling': False, 'batchnormalization': True, 'filtersind0': 7, 'kernel_size0': 3, 'maxpooling0': False, 'batchnormalization0': True, 'filtersind1': 7, 'kernel_size1': 7, 'maxpooling1': False, 'batchnormalization1': True, 'filtersind2': 7, 'kernel_size2': 7, 'maxpooling2': True, 'batchnormalization2': False, 'filtersind3': 5, 'kernel_size3': 9, 'maxpooling3': True, 'batchnormalization3': True, 'dropout': 0.44, 'num_hidden_neurons0': 37, 'learnind': 4, 'batchind': 5, 'epochs': 185}. Best is trial 304 with value: 0.8555999994277954.
Epoch 21: early stopping
[I 2024-07-30 16:51:36,747] Trial 311 finished with value: 0.8172000050544739 and parameters: {'n_conv_layers': 5, 'n_dense_layers': 2, 'maxpooling': False, 'batchnormalization': False, 'filtersind0': 7, 'kernel_size0': 3, 'maxpooling0': False, 'batchnormalization0': True, 'filtersind1': 7, 'kernel_size1': 11, 'maxpooling1': False, 'batchnormalization1': True, 'filtersind2': 7, 'kernel_size2': 7, 'maxpooling2': True, 'batchnormalization2': False, 'filtersind3': 5, 'kernel_size3': 9, 'maxpooling3': True, 'batchnormalization3': True, 'dropout': 0.43, 'num_hidden_neurons0': 41, 'learnind': 4, 'batchind': 5, 'epochs': 187}. Best is trial 304 with value: 0.8555999994277954.
Number of finished trials: 312
Best trial:
  Value: 0.8555999994277954
  Params:
    n_conv_layers: 5
    n_dense_layers: 2
    maxpooling: False
    batchnormalization: True
    filtersind0: 7
    kernel_size0: 3
    maxpooling0: False
    batchnormalization0: True
    filtersind1: 7
    kernel_size1: 7
    maxpooling1: False
    batchnormalization1: True
    filtersind2: 7
    kernel_size2: 9
    maxpooling2: True
    batchnormalization2: False
    filtersind3: 5
    kernel_size3: 9
    maxpooling3: True
    batchnormalization3: True
    dropout: 0.42
    num_hidden_neurons0: 46
    learnind: 4
    batchind: 5
    epochs: 186

(optuna) D:\Users\SuperUser\OneDrive\mestrado\pesquisa\optuna\cifar-10>keras_simple_cifar10_exp8.py   