[I 2024-07-28 14:27:31,047] Trial 54 finished with value: 0.7889000177383423 and parameters: {'n_conv_layers': 7, 'n_dense_layers': 1, 'maxpooling': False, 'batchnormalization': True, 'filtersind0': 5, 'kernel_size0': 7, 'maxpooling0': False, 'batchnormalization0': True, 'filtersind1': 6, 'kernel_size1': 5, 'maxpooling1': False, 'batchnormalization1': False, 'filtersind2': 8, 'kernel_size2': 7, 'maxpooling2': True, 'batchnormalization2': False, 'filtersind3': 5, 'kernel_size3': 9, 'maxpooling3': False, 'batchnormalization3': True, 'filtersind4': 7, 'kernel_size4': 9, 'maxpooling4': True, 'batchnormalization4': False, 'filtersind5': 6, 'kernel_size5': 11, 'maxpooling5': True, 'batchnormalization5': True, 'dropout': 0.34, 'learnind': 3, 'batchind': 8, 'epochs': 49}. Best is trial 53 with value: 0.8057000041007996.
 Convolutional Layers: 7
 Dense Layers: 1
 Learning rate: 0.01
 Batch Size: 128
 Epochs: 49
Epoch 18: early stopping
[I 2024-07-28 14:46:17,896] Trial 55 finished with value: 0.7749999761581421 and parameters: {'n_conv_layers': 8, 'n_dense_layers': 1, 'maxpooling': False, 'batchnormalization': True, 'filtersind0': 5, 'kernel_size0': 7, 'maxpooling0': False, 'batchnormalization0': True, 'filtersind1': 6, 'kernel_size1': 5, 'maxpooling1': False, 'batchnormalization1': False, 'filtersind2': 8, 'kernel_size2': 7, 'maxpooling2': True, 'batchnormalization2': False, 'filtersind3': 5, 'kernel_size3': 9, 'maxpooling3': False, 'batchnormalization3': True, 'filtersind4': 6, 'kernel_size4': 9, 'maxpooling4': True, 'batchnormalization4': False, 'filtersind5': 6, 'kernel_size5': 11, 'maxpooling5': True, 'batchnormalization5': True, 'filtersind6': 6, 'kernel_size6': 11, 'maxpooling6': True, 'batchnormalization6': True, 'dropout': 0.33, 'learnind': 2, 'batchind': 8, 'epochs': 49}. Best is trial 53 with value: 0.8057000041007996.
 Convolutional Layers: 7
 Dense Layers: 1
 Learning rate: 0.0001
 Batch Size: 128
 Epochs: 72
Epoch 19: early stopping
Epoch 9: early stopping
[I 2024-07-28 14:51:58,882] Trial 56 finished with value: 0.7652000188827515 and parameters: {'n_conv_layers': 7, 'n_dense_layers': 1, 'maxpooling': False, 'batchnormalization': True, 'filtersind0': 5, 'kernel_size0': 7, 'maxpooling0': False, 'batchnormalization0': True, 'filtersind1': 6, 'kernel_size1': 5, 'maxpooling1': False, 'batchnormalization1': False, 'filtersind2': 8, 'kernel_size2': 7, 'maxpooling2': True, 'batchnormalization2': False, 'filtersind3': 5, 'kernel_size3': 9, 'maxpooling3': False, 'batchnormalization3': True, 'filtersind4': 7, 'kernel_size4': 9, 'maxpooling4': True, 'batchnormalization4': False, 'filtersind5': 7, 'kernel_size5': 11, 'maxpooling5': True, 'batchnormalization5': True, 'dropout': 0.32, 'learnind': 2, 'batchind': 7, 'epochs': 49}. Best is trial 53 with value: 0.8057000041007996.
 Convolutional Layers: 7
 Dense Layers: 1
 Learning rate: 0.0001
 Batch Size: 128
 Epochs: 70
[I 2024-07-28 14:52:00,664] Trial 57 finished with value: 0.6877999901771545 and parameters: {'n_conv_layers': 7, 'n_dense_layers': 1, 'maxpooling': True, 'batchnormalization': True, 'filtersind0': 5, 'kernel_size0': 7, 'maxpooling0': False, 'batchnormalization0': True, 'filtersind1': 6, 'kernel_size1': 5, 'maxpooling1': False, 'batchnormalization1': False, 'filtersind2': 8, 'kernel_size2': 7, 'maxpooling2': True, 'batchnormalization2': False, 'filtersind3': 5, 'kernel_size3': 9, 'maxpooling3': False, 'batchnormalization3': True, 'filtersind4': 7, 'kernel_size4': 9, 'maxpooling4': True, 'batchnormalization4': False, 'filtersind5': 7, 'kernel_size5': 11, 'maxpooling5': True, 'batchnormalization5': True, 'dropout': 0.36, 'learnind': 4, 'batchind': 7, 'epochs': 72}. Best is trial 53 with value: 0.8057000041007996.
 Convolutional Layers: 7
 Dense Layers: 1
 Learning rate: 0.001
 Batch Size: 128
 Epochs: 24
Epoch 12: early stopping
[I 2024-07-28 15:04:21,320] Trial 58 finished with value: 0.7299000024795532 and parameters: {'n_conv_layers': 7, 'n_dense_layers': 1, 'maxpooling': True, 'batchnormalization': True, 'filtersind0': 5, 'kernel_size0': 7, 'maxpooling0': False, 'batchnormalization0': True, 'filtersind1': 5, 'kernel_size1': 5, 'maxpooling1': False, 'batchnormalization1': False, 'filtersind2': 8, 'kernel_size2': 7, 'maxpooling2': False, 'batchnormalization2': False, 'filtersind3': 5, 'kernel_size3': 9, 'maxpooling3': False, 'batchnormalization3': True, 'filtersind4': 7, 'kernel_size4': 9, 'maxpooling4': True, 'batchnormalization4': False, 'filtersind5': 7, 'kernel_size5': 11, 'maxpooling5': True, 'batchnormalization5': True, 'dropout': 0.36, 'learnind': 4, 'batchind': 7, 'epochs': 70}. Best is trial 53 with value: 0.8057000041007996.
 Convolutional Layers: 7
 Dense Layers: 1
 Learning rate: 0.001
 Batch Size: 256
 Epochs: 23
Epoch 17: early stopping
[I 2024-07-28 15:11:20,261] Trial 59 finished with value: 0.7631000280380249 and parameters: {'n_conv_layers': 7, 'n_dense_layers': 1, 'maxpooling': False, 'batchnormalization': True, 'filtersind0': 5, 'kernel_size0': 7, 'maxpooling0': False, 'batchnormalization0': True, 'filtersind1': 5, 'kernel_size1': 5, 'maxpooling1': False, 'batchnormalization1': False, 'filtersind2': 8, 'kernel_size2': 7, 'maxpooling2': False, 'batchnormalization2': False, 'filtersind3': 5, 'kernel_size3': 3, 'maxpooling3': False, 'batchnormalization3': True, 'filtersind4': 7, 'kernel_size4': 9, 'maxpooling4': True, 'batchnormalization4': False, 'filtersind5': 7, 'kernel_size5': 11, 'maxpooling5': True, 'batchnormalization5': True, 'dropout': 0.41000000000000003, 'learnind': 3, 'batchind': 7, 'epochs': 24}. Best is trial 53 with value: 0.8057000041007996.
 Convolutional Layers: 8
 Dense Layers: 1
 Learning rate: 0.001
 Batch Size: 256
 Epochs: 36
Epoch 10: early stopping
[I 2024-07-28 15:13:46,663] Trial 60 finished with value: 0.7257000207901001 and parameters: {'n_conv_layers': 7, 'n_dense_layers': 1, 'maxpooling': False, 'batchnormalization': True, 'filtersind0': 5, 'kernel_size0': 7, 'maxpooling0': False, 'batchnormalization0': True, 'filtersind1': 5, 'kernel_size1': 11, 'maxpooling1': False, 'batchnormalization1': False, 'filtersind2': 8, 'kernel_size2': 7, 'maxpooling2': True, 'batchnormalization2': False, 'filtersind3': 5, 'kernel_size3': 3, 'maxpooling3': False, 'batchnormalization3': False, 'filtersind4': 6, 'kernel_size4': 9, 'maxpooling4': True, 'batchnormalization4': False, 'filtersind5': 6, 'kernel_size5': 3, 'maxpooling5': True, 'batchnormalization5': True, 'dropout': 0.24, 'learnind': 3, 'batchind': 8, 'epochs': 23}. Best is trial 53 with value: 0.8057000041007996.
 Convolutional Layers: 8
 Dense Layers: 1
 Learning rate: 0.001
 Batch Size: 256
 Epochs: 10
[I 2024-07-28 15:21:27,913] Trial 62 finished with value: 0.7698000073432922 and parameters: {'n_conv_layers': 8, 'n_dense_layers': 1, 'maxpooling': False, 'batchnormalization': True, 'filtersind0': 5, 'kernel_size0': 5, 'maxpooling0': False, 'batchnormalization0': True, 'filtersind1': 6, 'kernel_size1': 5, 'maxpooling1': False, 'batchnormalization1': False, 'filtersind2': 6, 'kernel_size2': 7, 'maxpooling2': True, 'batchnormalization2': False, 'filtersind3': 5, 'kernel_size3': 5, 'maxpooling3': False, 'batchnormalization3': True, 'filtersind4': 6, 'kernel_size4': 9, 'maxpooling4': True, 'batchnormalization4': False, 'filtersind5': 6, 'kernel_size5': 11, 'maxpooling5': True, 'batchnormalization5': True, 'filtersind6': 6, 'kernel_size6': 11, 'maxpooling6': True, 'batchnormalization6': True, 'dropout': 0.3, 'learnind': 3, 'batchind': 8, 'epochs': 10}. Best is trial 53 with value: 0.8057000041007996.
 Convolutional Layers: 8
 Dense Layers: 1
 Learning rate: 0.001
 Batch Size: 256
 Epochs: 34
Epoch 15: early stopping
[I 2024-07-28 15:22:50,213] Trial 61 finished with value: 0.8039000034332275 and parameters: {'n_conv_layers': 8, 'n_dense_layers': 1, 'maxpooling': False, 'batchnormalization': True, 'filtersind0': 5, 'kernel_size0': 7, 'maxpooling0': False, 'batchnormalization0': True, 'filtersind1': 6, 'kernel_size1': 11, 'maxpooling1': False, 'batchnormalization1': False, 'filtersind2': 7, 'kernel_size2': 7, 'maxpooling2': True, 'batchnormalization2': False, 'filtersind3': 5, 'kernel_size3': 9, 'maxpooling3': False, 'batchnormalization3': True, 'filtersind4': 6, 'kernel_size4': 9, 'maxpooling4': True, 'batchnormalization4': False, 'filtersind5': 6, 'kernel_size5': 9, 'maxpooling5': True, 'batchnormalization5': True, 'filtersind6': 7, 'kernel_size6': 7, 'maxpooling6': True, 'batchnormalization6': False, 'dropout': 0.25, 'learnind': 3, 'batchind': 8, 'epochs': 36}. Best is trial 53 with value: 0.8057000041007996.
 Convolutional Layers: 8
 Dense Layers: 1
 Learning rate: 0.001
 Batch Size: 256
 Epochs: 37
Epoch 13: early stopping
[I 2024-07-28 15:32:44,529] Trial 63 finished with value: 0.79339998960495 and parameters: {'n_conv_layers': 8, 'n_dense_layers': 1, 'maxpooling': False, 'batchnormalization': True, 'filtersind0': 5, 'kernel_size0': 7, 'maxpooling0': False, 'batchnormalization0': True, 'filtersind1': 6, 'kernel_size1': 5, 'maxpooling1': False, 'batchnormalization1': False, 'filtersind2': 7, 'kernel_size2': 7, 'maxpooling2': True, 'batchnormalization2': False, 'filtersind3': 5, 'kernel_size3': 9, 'maxpooling3': False, 'batchnormalization3': True, 'filtersind4': 6, 'kernel_size4': 9, 'maxpooling4': True, 'batchnormalization4': False, 'filtersind5': 6, 'kernel_size5': 11, 'maxpooling5': True, 'batchnormalization5': True, 'filtersind6': 5, 'kernel_size6': 7, 'maxpooling6': True, 'batchnormalization6': False, 'dropout': 0.38, 'learnind': 3, 'batchind': 8, 'epochs': 34}. Best is trial 53 with value: 0.8057000041007996.
 Convolutional Layers: 8
 Dense Layers: 1
 Learning rate: 1
 Batch Size: 256
 Epochs: 31
Epoch 13: early stopping
[I 2024-07-28 15:34:30,632] Trial 64 finished with value: 0.786300003528595 and parameters: {'n_conv_layers': 8, 'n_dense_layers': 1, 'maxpooling': False, 'batchnormalization': True, 'filtersind0': 5, 'kernel_size0': 7, 'maxpooling0': False, 'batchnormalization0': True, 'filtersind1': 6, 'kernel_size1': 11, 'maxpooling1': False, 'batchnormalization1': False, 'filtersind2': 7, 'kernel_size2': 7, 'maxpooling2': True, 'batchnormalization2': False, 'filtersind3': 6, 'kernel_size3': 9, 'maxpooling3': False, 'batchnormalization3': True, 'filtersind4': 6, 'kernel_size4': 7, 'maxpooling4': True, 'batchnormalization4': False, 'filtersind5': 5, 'kernel_size5': 9, 'maxpooling5': True, 'batchnormalization5': True, 'filtersind6': 7, 'kernel_size6': 7, 'maxpooling6': True, 'batchnormalization6': False, 'dropout': 0.26, 'learnind': 3, 'batchind': 8, 'epochs': 37}. Best is trial 53 with value: 0.8057000041007996.
 Convolutional Layers: 8
 Dense Layers: 1
 Learning rate: 1
 Batch Size: 256
 Epochs: 33
Epoch 13: early stopping
[I 2024-07-28 15:46:15,287] Trial 65 finished with value: 0.10000000149011612 and parameters: {'n_conv_layers': 8, 'n_dense_layers': 1, 'maxpooling': False, 'batchnormalization': True, 'filtersind0': 6, 'kernel_size0': 7, 'maxpooling0': False, 'batchnormalization0': True, 'filtersind1': 6, 'kernel_size1': 11, 'maxpooling1': False, 'batchnormalization1': False, 'filtersind2': 7, 'kernel_size2': 7, 'maxpooling2': True, 'batchnormalization2': False, 'filtersind3': 5, 'kernel_size3': 9, 'maxpooling3': False, 'batchnormalization3': False, 'filtersind4': 6, 'kernel_size4': 7, 'maxpooling4': True, 'batchnormalization4': False, 'filtersind5': 5, 'kernel_size5': 9, 'maxpooling5': True, 'batchnormalization5': True, 'filtersind6': 7, 'kernel_size6': 7, 'maxpooling6': True, 'batchnormalization6': False, 'dropout': 0.38, 'learnind': 0, 'batchind': 8, 'epochs': 31}. Best is trial 53 with value: 0.8057000041007996.
 Convolutional Layers: 8
 Dense Layers: 1
 Learning rate: 0.0001
 Batch Size: 512
 Epochs: 20
Epoch 13: early stopping
[I 2024-07-28 15:48:22,141] Trial 66 finished with value: 0.10000000149011612 and parameters: {'n_conv_layers': 8, 'n_dense_layers': 1, 'maxpooling': False, 'batchnormalization': True, 'filtersind0': 6, 'kernel_size0': 7, 'maxpooling0': False, 'batchnormalization0': True, 'filtersind1': 6, 'kernel_size1': 11, 'maxpooling1': False, 'batchnormalization1': False, 'filtersind2': 7, 'kernel_size2': 7, 'maxpooling2': True, 'batchnormalization2': False, 'filtersind3': 5, 'kernel_size3': 5, 'maxpooling3': True, 'batchnormalization3': False, 'filtersind4': 6, 'kernel_size4': 9, 'maxpooling4': True, 'batchnormalization4': False, 'filtersind5': 6, 'kernel_size5': 9, 'maxpooling5': True, 'batchnormalization5': True, 'filtersind6': 7, 'kernel_size6': 7, 'batchnormalization6': False, 'dropout': 0.39, 'learnind': 0, 'batchind': 8, 'epochs': 33}. Best is trial 53 with value: 0.8057000041007996.
 Convolutional Layers: 8
 Dense Layers: 1
 Learning rate: 0.01
 Batch Size: 512
 Epochs: 93
Epoch 12: early stopping
[I 2024-07-28 15:58:09,157] Trial 67 finished with value: 0.6836000084877014 and parameters: {'n_conv_layers': 8, 'n_dense_layers': 1, 'maxpooling': False, 'batchnormalization': True, 'filtersind0': 5, 'kernel_size0': 7, 'maxpooling0': False, 'batchnormalization0': True, 'filtersind1': 6, 'kernel_size1': 11, 'maxpooling1': False, 'batchnormalization1': False, 'filtersind2': 7, 'kernel_size2': 7, 'maxpooling2': True, 'batchnormalization2': False, 'filtersind3': 5, 'kernel_size3': 9, 'maxpooling3': True, 'batchnormalization3': True, 'filtersind4': 6, 'kernel_size4': 3, 'maxpooling4': True, 'batchnormalization4': False, 'filtersind5': 6, 'kernel_size5': 7, 'maxpooling5': True, 'batchnormalization5': True, 'filtersind6': 7, 'kernel_size6': 7, 'batchnormalization6': False, 'dropout': 0.4, 'learnind': 4, 'batchind': 9, 'epochs': 20}. Best is trial 53 with value: 0.8057000041007996.
 Convolutional Layers: 7
 Dense Layers: 2
 Learning rate: 0.01
 Batch Size: 128
 Epochs: 90
Epoch 25: early stopping
[I 2024-07-28 16:08:18,988] Trial 68 finished with value: 0.6610999703407288 and parameters: {'n_conv_layers': 8, 'n_dense_layers': 1, 'maxpooling': False, 'batchnormalization': True, 'filtersind0': 5, 'kernel_size0': 11, 'maxpooling0': False, 'batchnormalization0': True, 'filtersind1': 5, 'kernel_size1': 11, 'maxpooling1': False, 'batchnormalization1': False, 'filtersind2': 7, 'kernel_size2': 5, 'maxpooling2': False, 'batchnormalization2': False, 'filtersind3': 5, 'kernel_size3': 9, 'maxpooling3': False, 'batchnormalization3': True, 'filtersind4': 5, 'kernel_size4': 11, 'maxpooling4': True, 'batchnormalization4': True, 'filtersind5': 7, 'kernel_size5': 7, 'maxpooling5': True, 'batchnormalization5': True, 'filtersind6': 6, 'kernel_size6': 7, 'maxpooling6': True, 'batchnormalization6': False, 'dropout': 0.32, 'learnind': 2, 'batchind': 9, 'epochs': 93}. Best is trial 53 with value: 0.8057000041007996.
 Convolutional Layers: 7
 Dense Layers: 2
 Learning rate: 0.001
 Batch Size: 128
 Epochs: 44
Epoch 16: early stopping
[I 2024-07-28 16:11:00,851] Trial 69 finished with value: 0.20260000228881836 and parameters: {'n_conv_layers': 7, 'n_dense_layers': 2, 'maxpooling': True, 'batchnormalization': True, 'filtersind0': 5, 'kernel_size0': 11, 'maxpooling0': False, 'batchnormalization0': True, 'filtersind1': 5, 'kernel_size1': 5, 'maxpooling1': False, 'batchnormalization1': False, 'filtersind2': 7, 'kernel_size2': 5, 'maxpooling2': False, 'batchnormalization2': False, 'filtersind3': 6, 'kernel_size3': 9, 'maxpooling3': False, 'batchnormalization3': True, 'filtersind4': 5, 'kernel_size4': 11, 'maxpooling4': False, 'batchnormalization4': False, 'filtersind5': 7, 'kernel_size5': 9, 'maxpooling5': True, 'batchnormalization5': True, 'dropout': 0.31, 'num_hidden_neurons0': 6, 'learnind': 2, 'batchind': 7, 'epochs': 90}. Best is trial 53 with value: 0.8057000041007996.
 Convolutional Layers: 8
 Dense Layers: 1
 Learning rate: 0.001
 Batch Size: 256
 Epochs: 51
Epoch 13: early stopping
[I 2024-07-28 16:20:36,240] Trial 71 finished with value: 0.8062999844551086 and parameters: {'n_conv_layers': 8, 'n_dense_layers': 1, 'maxpooling': False, 'batchnormalization': True, 'filtersind0': 7, 'kernel_size0': 7, 'maxpooling0': False, 'batchnormalization0': True, 'filtersind1': 5, 'kernel_size1': 5, 'maxpooling1': False, 'batchnormalization1': False, 'filtersind2': 7, 'kernel_size2': 11, 'maxpooling2': True, 'batchnormalization2': False, 'filtersind3': 6, 'kernel_size3': 7, 'maxpooling3': False, 'batchnormalization3': True, 'filtersind4': 6, 'kernel_size4': 5, 'maxpooling4': True, 'batchnormalization4': True, 'filtersind5': 8, 'kernel_size5': 11, 'maxpooling5': False, 'batchnormalization5': True, 'filtersind6': 5, 'kernel_size6': 5, 'maxpooling6': True, 'batchnormalization6': False, 'dropout': 0.29, 'learnind': 3, 'batchind': 8, 'epochs': 51}. Best is trial 71 with value: 0.8062999844551086.
 Convolutional Layers: 8
 Dense Layers: 1
 Learning rate: 0.001
 Batch Size: 256
 Epochs: 43
Epoch 28: early stopping
[I 2024-07-28 16:31:56,560] Trial 70 finished with value: 0.48420000076293945 and parameters: {'n_conv_layers': 7, 'n_dense_layers': 2, 'maxpooling': True, 'batchnormalization': True, 'filtersind0': 5, 'kernel_size0': 7, 'maxpooling0': False, 'batchnormalization0': True, 'filtersind1': 5, 'kernel_size1': 5, 'maxpooling1': False, 'batchnormalization1': False, 'filtersind2': 7, 'kernel_size2': 11, 'maxpooling2': True, 'batchnormalization2': False, 'filtersind3': 6, 'kernel_size3': 7, 'maxpooling3': False, 'batchnormalization3': True, 'filtersind4': 5, 'kernel_size4': 5, 'maxpooling4': False, 'batchnormalization4': True, 'filtersind5': 8, 'kernel_size5': 9, 'maxpooling5': False, 'batchnormalization5': True, 'dropout': 0.29, 'num_hidden_neurons0': 35, 'learnind': 3, 'batchind': 7, 'epochs': 44}. Best is trial 71 with value: 0.8062999844551086.
 Convolutional Layers: 8
 Dense Layers: 1
 Learning rate: 0.001
 Batch Size: 256
 Epochs: 19
Epoch 18: early stopping
[I 2024-07-28 16:35:06,992] Trial 72 finished with value: 0.8048999905586243 and parameters: {'n_conv_layers': 8, 'n_dense_layers': 1, 'maxpooling': False, 'batchnormalization': True, 'filtersind0': 7, 'kernel_size0': 7, 'maxpooling0': False, 'batchnormalization0': True, 'filtersind1': 5, 'kernel_size1': 5, 'maxpooling1': False, 'batchnormalization1': False, 'filtersind2': 7, 'kernel_size2': 11, 'maxpooling2': True, 'batchnormalization2': False, 'filtersind3': 6, 'kernel_size3': 7, 'maxpooling3': False, 'batchnormalization3': True, 'filtersind4': 6, 'kernel_size4': 5, 'maxpooling4': True, 'batchnormalization4': True, 'filtersind5': 8, 'kernel_size5': 11, 'maxpooling5': False, 'batchnormalization5': True, 'filtersind6': 5, 'kernel_size6': 5, 'maxpooling6': True, 'batchnormalization6': False, 'dropout': 0.29, 'learnind': 3, 'batchind': 8, 'epochs': 43}. Best is trial 71 with value: 0.8062999844551086.
 Convolutional Layers: 8
 Dense Layers: 1
 Learning rate: 0.001
 Batch Size: 256
 Epochs: 53
Epoch 14: early stopping
[I 2024-07-28 16:49:31,521] Trial 73 finished with value: 0.8029999732971191 and parameters: {'n_conv_layers': 8, 'n_dense_layers': 1, 'maxpooling': False, 'batchnormalization': True, 'filtersind0': 7, 'kernel_size0': 7, 'maxpooling0': False, 'batchnormalization0': True, 'filtersind1': 5, 'kernel_size1': 5, 'maxpooling1': False, 'batchnormalization1': False, 'filtersind2': 7, 'kernel_size2': 11, 'maxpooling2': True, 'batchnormalization2': False, 'filtersind3': 6, 'kernel_size3': 7, 'maxpooling3': False, 'batchnormalization3': True, 'filtersind4': 6, 'kernel_size4': 5, 'maxpooling4': True, 'batchnormalization4': True, 'filtersind5': 8, 'kernel_size5': 11, 'maxpooling5': False, 'batchnormalization5': True, 'filtersind6': 5, 'kernel_size6': 5, 'maxpooling6': True, 'batchnormalization6': False, 'dropout': 0.25, 'learnind': 3, 'batchind': 8, 'epochs': 19}. Best is trial 71 with value: 0.8062999844551086.
 Convolutional Layers: 8
 Dense Layers: 1
 Learning rate: 0.001
 Batch Size: 256
 Epochs: 53
Epoch 15: early stopping
[I 2024-07-28 16:54:10,901] Trial 74 finished with value: 0.7921000123023987 and parameters: {'n_conv_layers': 8, 'n_dense_layers': 1, 'maxpooling': False, 'batchnormalization': True, 'filtersind0': 7, 'kernel_size0': 7, 'maxpooling0': False, 'batchnormalization0': True, 'filtersind1': 5, 'kernel_size1': 5, 'maxpooling1': False, 'batchnormalization1': False, 'filtersind2': 7, 'kernel_size2': 11, 'maxpooling2': True, 'batchnormalization2': False, 'filtersind3': 6, 'kernel_size3': 7, 'maxpooling3': False, 'batchnormalization3': True, 'filtersind4': 6, 'kernel_size4': 5, 'maxpooling4': True, 'batchnormalization4': True, 'filtersind5': 8, 'kernel_size5': 11, 'maxpooling5': False, 'batchnormalization5': True, 'filtersind6': 5, 'kernel_size6': 5, 'maxpooling6': True, 'batchnormalization6': False, 'dropout': 0.22, 'learnind': 3, 'batchind': 8, 'epochs': 53}. Best is trial 71 with value: 0.8062999844551086.
 Convolutional Layers: 8
 Dense Layers: 1
 Learning rate: 0.001
 Batch Size: 512
 Epochs: 166
Epoch 18: early stopping
Epoch 18: early stopping
[I 2024-07-28 17:18:09,738] Trial 76 finished with value: 0.7475000023841858 and parameters: {'n_conv_layers': 8, 'n_dense_layers': 1, 'maxpooling': False, 'batchnormalization': True, 'filtersind0': 7, 'kernel_size0': 9, 'maxpooling0': False, 'batchnormalization0': True, 'filtersind1': 6, 'kernel_size1': 5, 'maxpooling1': False, 'batchnormalization1': False, 'filtersind2': 7, 'kernel_size2': 11, 'maxpooling2': True, 'batchnormalization2': False, 'filtersind3': 5, 'kernel_size3': 7, 'maxpooling3': False, 'batchnormalization3': True, 'filtersind4': 6, 'kernel_size4': 5, 'maxpooling4': True, 'batchnormalization4': True, 'filtersind5': 8, 'kernel_size5': 11, 'maxpooling5': False, 'batchnormalization5': True, 'filtersind6': 5, 'kernel_size6': 5, 'maxpooling6': True, 'batchnormalization6': False, 'dropout': 0.25, 'learnind': 3, 'batchind': 9, 'epochs': 166}. Best is trial 71 with value: 0.8062999844551086.
 Convolutional Layers: 8
 Dense Layers: 1
 Learning rate: 0.001
 Batch Size: 256
 Epochs: 136
