[I 2024-06-28 14:05:40,639] Trial 90 finished with value: 1.1486645936965942 and parameters: {'n_conv_layers': 5, 'n_dense_layers': 1, 'maxpooling0': True, 'batchnormalization0': True, 'filtersind1': 8, 'kernel_size1': 9, 'maxpooling1': True, 'batchnormalization1': True, 'filtersind2': 8, 'kernel_size2': 9, 'maxpooling2': True, 'batchnormalization2': False, 'filtersind3': 6, 'kernel_size3': 9, 'maxpooling3': False, 'batchnormalization3': True, 'filtersind4': 7, 'kernel_size4': 11, 'maxpooling4': True, 'batchnormalization4': True, 'dropout': 0.08436645046897975, 'learnind': 5, 'batchind': 4, 'epochs': 76}. Best is trial 21 with value: 0.676855742931366.
Best trial: 21. Best value: 0.676856:   43%|███▍    | 15:46:04/36:32:36 Convolutional Layers: 5
 Dense Layers: 2
 Learning rate: 0.001
 Batch Size: 128
 Epochs: 60
Epoch 11: early stopping
[I 2024-06-28 14:12:13,523] Trial 92 finished with value: 0.80193692445755 and parameters: {'n_conv_layers': 5, 'n_dense_layers': 2, 'maxpooling0': False, 'batchnormalization0': True, 'filtersind1': 7, 'kernel_size1': 3, 'maxpooling1': True, 'batchnormalization1': True, 'filtersind2': 7, 'kernel_size2': 9, 'maxpooling2': False, 'batchnormalization2': False, 'filtersind3': 7, 'kernel_size3': 9, 'maxpooling3': True, 'batchnormalization3': False, 'filtersind4': 5, 'kernel_size4': 7, 'maxpooling4': True, 'batchnormalization4': True, 'dropout': 0.06406316208717248, 'num_hidden_neurons0': 39, 'learnind': 3, 'batchind': 7, 'epochs': 60}. Best is trial 21 with value: 0.676855742931366.
Best trial: 21. Best value: 0.676856:   43%|███▍    | 15:52:37/36:32:36 Convolutional Layers: 5
 Dense Layers: 2
 Learning rate: 0.001
 Batch Size: 128
 Epochs: 119
Epoch 14: early stopping
[I 2024-06-28 14:20:31,052] Trial 93 finished with value: 0.7581267952919006 and parameters: {'n_conv_layers': 5, 'n_dense_layers': 2, 'maxpooling0': False, 'batchnormalization0': True, 'filtersind1': 7, 'kernel_size1': 3, 'maxpooling1': True, 'batchnormalization1': True, 'filtersind2': 7, 'kernel_size2': 9, 'maxpooling2': False, 'batchnormalization2': False, 'filtersind3': 7, 'kernel_size3': 9, 'maxpooling3': True, 'batchnormalization3': False, 'filtersind4': 5, 'kernel_size4': 7, 'maxpooling4': True, 'batchnormalization4': True, 'dropout': 0.0801081129251074, 'num_hidden_neurons0': 14, 'learnind': 3, 'batchind': 7, 'epochs': 119}. Best is trial 21 with value: 0.676855742931366.
Best trial: 21. Best value: 0.676856:   44%|███▌    | 16:00:55/36:32:36 Convolutional Layers: 5
 Dense Layers: 2
 Learning rate: 0.001
 Batch Size: 128
 Epochs: 86
Epoch 13: early stopping
[I 2024-06-28 14:31:06,990] Trial 94 finished with value: 0.9068115949630737 and parameters: {'n_conv_layers': 5, 'n_dense_layers': 2, 'maxpooling0': False, 'batchnormalization0': True, 'filtersind1': 8, 'kernel_size1': 3, 'maxpooling1': True, 'batchnormalization1': True, 'filtersind2': 7, 'kernel_size2': 9, 'maxpooling2': False, 'batchnormalization2': False, 'filtersind3': 6, 'kernel_size3': 9, 'maxpooling3': True, 'batchnormalization3': False, 'filtersind4': 5, 'kernel_size4': 7, 'maxpooling4': True, 'batchnormalization4': True, 'dropout': 0.35952804007319905, 'num_hidden_neurons0': 31, 'learnind': 3, 'batchind': 7, 'epochs': 86}. Best is trial 21 with value: 0.676855742931366.
Best trial: 21. Best value: 0.676856:   44%|███▌    | 16:11:31/36:32:36 Convolutional Layers: 4
 Dense Layers: 2
 Learning rate: 0.001
 Batch Size: 128
 Epochs: 251
Epoch 21: early stopping
[I 2024-06-28 14:43:34,083] Trial 96 finished with value: 2.30440092086792 and parameters: {'n_conv_layers': 4, 'n_dense_layers': 2, 'maxpooling0': False, 'batchnormalization0': True, 'filtersind1': 7, 'kernel_size1': 7, 'maxpooling1': True, 'batchnormalization1': True, 'filtersind2': 7, 'kernel_size2': 5, 'maxpooling2': False, 'batchnormalization2': False, 'filtersind3': 7, 'kernel_size3': 5, 'maxpooling3': True, 'batchnormalization3': False, 'dropout': 0.23360308354690104, 'num_hidden_neurons0': 36, 'learnind': 3, 'batchind': 7, 'epochs': 251}. Best is trial 97 with value: 0.6515436768531799.
Best trial: 97. Best value: 0.651544:   45%|███▌    | 16:23:58/36:32:36 Convolutional Layers: 6
 Dense Layers: 2
 Learning rate: 0.0001
 Batch Size: 256
 Epochs: 67
Epoch 27: early stopping
[I 2024-06-28 15:16:08,111] Trial 99 finished with value: 0.8241076469421387 and parameters: {'n_conv_layers': 6, 'n_dense_layers': 2, 'maxpooling0': False, 'batchnormalization0': False, 'filtersind1': 6, 'kernel_size1': 7, 'maxpooling1': False, 'batchnormalization1': True, 'filtersind2': 8, 'kernel_size2': 5, 'maxpooling2': False, 'batchnormalization2': False, 'filtersind3': 6, 'kernel_size3': 5, 'maxpooling3': True, 'batchnormalization3': False, 'filtersind4': 5, 'kernel_size4': 7, 'maxpooling4': False, 'batchnormalization4': False, 'filtersind5': 5, 'kernel_size5': 3, 'maxpooling5': True, 'batchnormalization5': True, 'dropout': 0.2581040429839155, 'num_hidden_neurons0': 61, 'learnind': 4, 'batchind': 8, 'epochs': 67}. Best is trial 97 with value: 0.6515436768531799.
Best trial: 97. Best value: 0.651544:   46%|███▋    | 16:56:32/36:32:36 Convolutional Layers: 8
 Dense Layers: 2
 Learning rate: 0.001
 Batch Size: 512
 Epochs: 74
Epoch 14: early stopping
[I 2024-06-28 15:24:59,003] Trial 102 finished with value: 0.8222058415412903 and parameters: {'n_conv_layers': 8, 'n_dense_layers': 2, 'maxpooling0': False, 'batchnormalization0': True, 'filtersind1': 6, 'kernel_size1': 7, 'maxpooling1': True, 'batchnormalization1': True, 'filtersind2': 7, 'kernel_size2': 5, 'maxpooling2': False, 'batchnormalization2': False, 'filtersind3': 7, 'kernel_size3': 11, 'maxpooling3': True, 'batchnormalization3': False, 'filtersind4': 5, 'kernel_size4': 7, 'maxpooling4': True, 'batchnormalization4': False, 'filtersind5': 5, 'kernel_size5': 11, 'maxpooling5': True, 'batchnormalization5': True, 'filtersind6': 5, 'kernel_size6': 7, 'batchnormalization6': True, 'filtersind7': 8, 'kernel_size7': 3, 'batchnormalization7': True, 'dropout': 0.3431581714570063, 'num_hidden_neurons0': 49, 'learnind': 3, 'batchind': 9, 'epochs': 74}. Best is trial 97 with value: 0.6515436768531799.
Best trial: 97. Best value: 0.651544:   47%|███▋    | 17:05:23/36:32:36 Convolutional Layers: 5
 Dense Layers: 2
 Learning rate: 0.001
 Batch Size: 256
 Epochs: 50
Epoch 14: early stopping
[I 2024-06-28 15:33:01,473] Trial 104 finished with value: 0.7629875540733337 and parameters: {'n_conv_layers': 5, 'n_dense_layers': 2, 'maxpooling0': False, 'batchnormalization0': True, 'filtersind1': 7, 'kernel_size1': 3, 'maxpooling1': True, 'batchnormalization1': True, 'filtersind2': 7, 'kernel_size2': 9, 'maxpooling2': False, 'batchnormalization2': False, 'filtersind3': 7, 'kernel_size3': 9, 'maxpooling3': True, 'batchnormalization3': False, 'filtersind4': 5, 'kernel_size4': 7, 'maxpooling4': True, 'batchnormalization4': True, 'dropout': 0.24002897095941306, 'num_hidden_neurons0': 28, 'learnind': 3, 'batchind': 8, 'epochs': 50}. Best is trial 97 with value: 0.6515436768531799.
Best trial: 97. Best value: 0.651544:   47%|███▊    | 17:13:25/36:32:36 Convolutional Layers: 6
 Dense Layers: 2
 Learning rate: 0.01
 Batch Size: 64
 Epochs: 90
Epoch 17: early stopping
[I 2024-06-28 15:57:33,681] Trial 106 finished with value: 1.9046119451522827 and parameters: {'n_conv_layers': 6, 'n_dense_layers': 2, 'maxpooling0': False, 'batchnormalization0': True, 'filtersind1': 8, 'kernel_size1': 11, 'maxpooling1': True, 'batchnormalization1': True, 'filtersind2': 7, 'kernel_size2': 3, 'maxpooling2': False, 'batchnormalization2': False, 'filtersind3': 7, 'kernel_size3': 7, 'maxpooling3': True, 'batchnormalization3': False, 'filtersind4': 7, 'kernel_size4': 7, 'maxpooling4': True, 'batchnormalization4': True, 'filtersind5': 7, 'kernel_size5': 7, 'maxpooling5': False, 'batchnormalization5': True, 'dropout': 0.18420697892173504, 'num_hidden_neurons0': 39, 'learnind': 2, 'batchind': 6, 'epochs': 90}. Best is trial 97 with value: 0.6515436768531799.
Best trial: 97. Best value: 0.651544:   48%|███▊    | 17:37:57/36:32:36 Convolutional Layers: 6
 Dense Layers: 2
 Learning rate: 0.001
 Batch Size: 32
 Epochs: 164
Epoch 19: early stopping
[I 2024-06-28 16:11:03,206] Trial 107 finished with value: 0.7598903179168701 and parameters: {'n_conv_layers': 6, 'n_dense_layers': 2, 'maxpooling0': False, 'batchnormalization0': True, 'filtersind1': 8, 'kernel_size1': 3, 'maxpooling1': True, 'batchnormalization1': True, 'filtersind2': 5, 'kernel_size2': 9, 'maxpooling2': False, 'batchnormalization2': False, 'filtersind3': 7, 'kernel_size3': 9, 'maxpooling3': True, 'batchnormalization3': True, 'filtersind4': 5, 'kernel_size4': 3, 'maxpooling4': True, 'batchnormalization4': False, 'filtersind5': 5, 'kernel_size5': 9, 'maxpooling5': True, 'batchnormalization5': False, 'dropout': 0.2800996295957935, 'num_hidden_neurons0': 77, 'learnind': 3, 'batchind': 5, 'epochs': 164}. Best is trial 97 with value: 0.6515436768531799.
Best trial: 97. Best value: 0.651544:   49%|███▉    | 17:51:27/36:32:36 Convolutional Layers: 5
 Dense Layers: 2
 Learning rate: 0.001
 Batch Size: 128
 Epochs: 59
Epoch 18: early stopping
[I 2024-06-28 16:23:57,571] Trial 109 finished with value: 0.6877895593643188 and parameters: {'n_conv_layers': 5, 'n_dense_layers': 2, 'maxpooling0': False, 'batchnormalization0': True, 'filtersind1': 8, 'kernel_size1': 3, 'maxpooling1': True, 'batchnormalization1': True, 'filtersind2': 6, 'kernel_size2': 9, 'maxpooling2': False, 'batchnormalization2': False, 'filtersind3': 6, 'kernel_size3': 5, 'maxpooling3': False, 'batchnormalization3': True, 'filtersind4': 7, 'kernel_size4': 9, 'maxpooling4': True, 'batchnormalization4': True, 'dropout': 0.10168679757754068, 'num_hidden_neurons0': 42, 'learnind': 3, 'batchind': 7, 'epochs': 59}. Best is trial 97 with value: 0.6515436768531799.
Best trial: 97. Best value: 0.651544:   49%|███▉    | 18:04:21/36:32:36 Convolutional Layers: 7
 Dense Layers: 3
 Learning rate: 0.0001
 Batch Size: 16
 Epochs: 14
[I 2024-06-28 16:52:50,597] Trial 111 finished with value: 0.994150698184967 and parameters: {'n_conv_layers': 7, 'n_dense_layers': 3, 'maxpooling0': False, 'batchnormalization0': True, 'filtersind1': 8, 'kernel_size1': 9, 'maxpooling1': True, 'batchnormalization1': False, 'filtersind2': 6, 'kernel_size2': 9, 'maxpooling2': False, 'batchnormalization2': False, 'filtersind3': 6, 'kernel_size3': 5, 'maxpooling3': False, 'batchnormalization3': True, 'filtersind4': 7, 'kernel_size4': 9, 'maxpooling4': False, 'batchnormalization4': True, 'filtersind5': 6, 'kernel_size5': 9, 'maxpooling5': True, 'batchnormalization5': True, 'filtersind6': 8, 'kernel_size6': 5, 'maxpooling6': True, 'batchnormalization6': False, 'dropout': 0.4341685938247125, 'num_hidden_neurons0': 44, 'num_hidden_neurons1': 8, 'learnind': 4, 'batchind': 4, 'epochs': 14}. Best is trial 97 with value: 0.6515436768531799.
Best trial: 97. Best value: 0.651544:   51%|████    | 18:33:14/36:32:36 Convolutional Layers: 5
 Dense Layers: 2
 Learning rate: 0.001
 Batch Size: 128
 Epochs: 53
Epoch 17: early stopping
[I 2024-06-28 17:04:46,698] Trial 112 finished with value: 0.7385088801383972 and parameters: {'n_conv_layers': 5, 'n_dense_layers': 2, 'maxpooling0': False, 'batchnormalization0': True, 'filtersind1': 8, 'kernel_size1': 3, 'maxpooling1': True, 'batchnormalization1': True, 'filtersind2': 6, 'kernel_size2': 9, 'maxpooling2': False, 'batchnormalization2': False, 'filtersind3': 6, 'kernel_size3': 5, 'maxpooling3': False, 'batchnormalization3': True, 'filtersind4': 7, 'kernel_size4': 9, 'maxpooling4': True, 'batchnormalization4': True, 'dropout': 0.06864692404678968, 'num_hidden_neurons0': 52, 'learnind': 3, 'batchind': 7, 'epochs': 53}. Best is trial 97 with value: 0.6515436768531799.
Best trial: 97. Best value: 0.651544:   51%|████    | 18:45:10/36:32:36 Convolutional Layers: 5
 Dense Layers: 2
 Learning rate: 0.001
 Batch Size: 128
 Epochs: 61
Epoch 21: early stopping
[I 2024-06-28 17:21:22,668] Trial 113 finished with value: 0.7501022815704346 and parameters: {'n_conv_layers': 5, 'n_dense_layers': 2, 'maxpooling0': False, 'batchnormalization0': True, 'filtersind1': 8, 'kernel_size1': 3, 'maxpooling1': True, 'batchnormalization1': True, 'filtersind2': 6, 'kernel_size2': 9, 'maxpooling2': False, 'batchnormalization2': False, 'filtersind3': 6, 'kernel_size3': 5, 'maxpooling3': False, 'batchnormalization3': True, 'filtersind4': 7, 'kernel_size4': 9, 'maxpooling4': True, 'batchnormalization4': True, 'dropout': 0.05124823773659874, 'num_hidden_neurons0': 52, 'learnind': 3, 'batchind': 7, 'epochs': 61}. Best is trial 97 with value: 0.6515436768531799.
Best trial: 97. Best value: 0.651544:   52%|████▏   | 19:01:46/36:32:36 Convolutional Layers: 5
 Dense Layers: 2
 Learning rate: 0.001
 Batch Size: 128
 Epochs: 43
Epoch 28: early stopping
[I 2024-06-28 17:44:22,519] Trial 115 finished with value: 0.7970287203788757 and parameters: {'n_conv_layers': 5, 'n_dense_layers': 2, 'maxpooling0': False, 'batchnormalization0': True, 'filtersind1': 8, 'kernel_size1': 3, 'maxpooling1': True, 'batchnormalization1': True, 'filtersind2': 6, 'kernel_size2': 9, 'maxpooling2': False, 'batchnormalization2': False, 'filtersind3': 6, 'kernel_size3': 5, 'maxpooling3': False, 'batchnormalization3': True, 'filtersind4': 7, 'kernel_size4': 9, 'maxpooling4': True, 'batchnormalization4': True, 'dropout': 0.07166353356604988, 'num_hidden_neurons0': 35, 'learnind': 3, 'batchind': 7, 'epochs': 43}. Best is trial 97 with value: 0.6515436768531799.
Best trial: 97. Best value: 0.651544:   53%|████▏   | 19:24:46/36:32:36 Convolutional Layers: 5
 Dense Layers: 2
 Learning rate: 0.001
 Batch Size: 1024
 Epochs: 35
Epoch 6: early stopping
[I 2024-06-28 17:48:29,661] Trial 117 finished with value: 4.4307732582092285 and parameters: {'n_conv_layers': 5, 'n_dense_layers': 2, 'maxpooling0': False, 'batchnormalization0': False, 'filtersind1': 8, 'kernel_size1': 3, 'maxpooling1': True, 'batchnormalization1': True, 'filtersind2': 6, 'kernel_size2': 3, 'maxpooling2': False, 'batchnormalization2': True, 'filtersind3': 6, 'kernel_size3': 5, 'maxpooling3': False, 'batchnormalization3': True, 'filtersind4': 7, 'kernel_size4': 9, 'maxpooling4': True, 'batchnormalization4': True, 'dropout': 0.3335249943762739, 'num_hidden_neurons0': 58, 'learnind': 3, 'batchind': 10, 'epochs': 35}. Best is trial 97 with value: 0.6515436768531799.
Best trial: 97. Best value: 0.651544:   53%|████▎   | 19:28:53/36:32:36 Convolutional Layers: 6
 Dense Layers: 1
 Learning rate: 0.01
 Batch Size: 64
 Epochs: 145
Epoch 20: early stopping
[I 2024-06-28 18:32:46,443] Trial 119 finished with value: 1.181007981300354 and parameters: {'n_conv_layers': 6, 'n_dense_layers': 1, 'maxpooling0': False, 'batchnormalization0': True, 'filtersind1': 8, 'kernel_size1': 7, 'maxpooling1': False, 'batchnormalization1': True, 'filtersind2': 6, 'kernel_size2': 7, 'maxpooling2': False, 'batchnormalization2': False, 'filtersind3': 6, 'kernel_size3': 3, 'maxpooling3': False, 'batchnormalization3': True, 'filtersind4': 8, 'kernel_size4': 3, 'maxpooling4': False, 'batchnormalization4': False, 'filtersind5': 5, 'kernel_size5': 3, 'maxpooling5': False, 'batchnormalization5': True, 'dropout': 0.01568617822917401, 'learnind': 2, 'batchind': 6, 'epochs': 145}. Best is trial 97 with value: 0.6515436768531799.
Best trial: 97. Best value: 0.651544:   55%|████▍   | 20:13:10/36:32:36 Convolutional Layers: 4
 Dense Layers: 2
 Learning rate: 0.0001
 Batch Size: 128
 Epochs: 83
Epoch 17: early stopping
[I 2024-06-28 18:36:57,860] Trial 121 finished with value: 0.7341814637184143 and parameters: {'n_conv_layers': 4, 'n_dense_layers': 2, 'maxpooling0': True, 'batchnormalization0': True, 'filtersind1': 8, 'kernel_size1': 3, 'maxpooling1': True, 'batchnormalization1': True, 'filtersind2': 8, 'kernel_size2': 5, 'maxpooling2': False, 'batchnormalization2': False, 'filtersind3': 6, 'kernel_size3': 5, 'maxpooling3': False, 'batchnormalization3': True, 'dropout': 0.3696379112668471, 'num_hidden_neurons0': 25, 'learnind': 4, 'batchind': 7, 'epochs': 83}. Best is trial 97 with value: 0.6515436768531799.
Best trial: 97. Best value: 0.651544:   56%|████▍   | 20:17:22/36:32:36 Convolutional Layers: 4
 Dense Layers: 2
 Learning rate: 0.0001
 Batch Size: 128
 Epochs: 82
Epoch 19: early stopping
[I 2024-06-28 18:40:54,852] Trial 122 finished with value: 0.79537433385849 and parameters: {'n_conv_layers': 4, 'n_dense_layers': 2, 'maxpooling0': True, 'batchnormalization0': True, 'filtersind1': 8, 'kernel_size1': 3, 'maxpooling1': True, 'batchnormalization1': True, 'filtersind2': 8, 'kernel_size2': 5, 'maxpooling2': False, 'batchnormalization2': False, 'filtersind3': 6, 'kernel_size3': 5, 'maxpooling3': False, 'batchnormalization3': True, 'dropout': 0.34952116387655274, 'num_hidden_neurons0': 27, 'learnind': 4, 'batchind': 7, 'epochs': 82}. Best is trial 97 with value: 0.6515436768531799.
Best trial: 97. Best value: 0.651544:   56%|████▍   | 20:21:19/36:32:36 Convolutional Layers: 4
 Dense Layers: 2
 Learning rate: 0.0001
 Batch Size: 128
 Epochs: 69
Epoch 19: early stopping
[I 2024-06-28 18:44:51,872] Trial 124 finished with value: 0.7430934309959412 and parameters: {'n_conv_layers': 4, 'n_dense_layers': 2, 'maxpooling0': True, 'batchnormalization0': True, 'filtersind1': 8, 'kernel_size1': 3, 'maxpooling1': True, 'batchnormalization1': True, 'filtersind2': 8, 'kernel_size2': 5, 'maxpooling2': False, 'batchnormalization2': False, 'filtersind3': 6, 'kernel_size3': 5, 'maxpooling3': False, 'batchnormalization3': True, 'dropout': 0.39498484805322953, 'num_hidden_neurons0': 25, 'learnind': 4, 'batchind': 7, 'epochs': 69}. Best is trial 97 with value: 0.6515436768531799.
Best trial: 97. Best value: 0.651544:   56%|████▍   | 20:25:16/36:32:36 Convolutional Layers: 3
 Dense Layers: 2
 Learning rate: 0.0001
 Batch Size: 128
 Epochs: 94
Epoch 14: early stopping
[I 2024-06-28 18:47:32,258] Trial 126 finished with value: 0.8066596388816833 and parameters: {'n_conv_layers': 3, 'n_dense_layers': 2, 'maxpooling0': True, 'batchnormalization0': True, 'filtersind1': 8, 'kernel_size1': 3, 'maxpooling1': True, 'batchnormalization1': True, 'filtersind2': 8, 'kernel_size2': 5, 'maxpooling2': False, 'batchnormalization2': False, 'dropout': 0.07931597838455277, 'num_hidden_neurons0': 41, 'learnind': 4, 'batchind': 7, 'epochs': 94}. Best is trial 97 with value: 0.6515436768531799.
Best trial: 97. Best value: 0.651544:   56%|████▍   | 20:27:56/36:32:36 Convolutional Layers: 5
 Dense Layers: 2
 Learning rate: 0.001
 Batch Size: 16
 Epochs: 25
Epoch 12: early stopping
[I 2024-06-28 19:19:56,395] Trial 128 finished with value: 0.824978232383728 and parameters: {'n_conv_layers': 5, 'n_dense_layers': 2, 'maxpooling0': False, 'batchnormalization0': True, 'filtersind1': 8, 'kernel_size1': 9, 'maxpooling1': True, 'batchnormalization1': True, 'filtersind2': 8, 'kernel_size2': 9, 'maxpooling2': True, 'batchnormalization2': False, 'filtersind3': 8, 'kernel_size3': 5, 'maxpooling3': False, 'batchnormalization3': True, 'filtersind4': 6, 'kernel_size4': 5, 'maxpooling4': True, 'batchnormalization4': True, 'dropout': 0.21080868168351358, 'num_hidden_neurons0': 68, 'learnind': 3, 'batchind': 4, 'epochs': 25}. Best is trial 97 with value: 0.6515436768531799.
Best trial: 97. Best value: 0.651544:   57%|████▌   | 21:00:20/36:32:36 Convolutional Layers: 5
 Dense Layers: 2
 Learning rate: 0.001
 Batch Size: 256
 Epochs: 184
Epoch 17: early stopping
[I 2024-06-28 19:43:24,350] Trial 130 finished with value: 0.9979760646820068 and parameters: {'n_conv_layers': 5, 'n_dense_layers': 2, 'maxpooling0': False, 'batchnormalization0': False, 'filtersind1': 8, 'kernel_size1': 3, 'maxpooling1': True, 'batchnormalization1': True, 'filtersind2': 8, 'kernel_size2': 11, 'maxpooling2': False, 'batchnormalization2': False, 'filtersind3': 6, 'kernel_size3': 7, 'maxpooling3': True, 'batchnormalization3': True, 'filtersind4': 7, 'kernel_size4': 7, 'maxpooling4': True, 'batchnormalization4': True, 'dropout': 0.05815023582108434, 'num_hidden_neurons0': 48, 'learnind': 3, 'batchind': 8, 'epochs': 184}. Best is trial 129 with value: 0.6421743631362915.
Best trial: 129. Best value: 0.642174:   59%|████   | 21:23:48/36:32:36 Convolutional Layers: 5
 Dense Layers: 2
 Learning rate: 0.001
 Batch Size: 16
 Epochs: 36
Epoch 31: early stopping
[I 2024-06-28 20:43:00,426] Trial 132 finished with value: 0.7021448016166687 and parameters: {'n_conv_layers': 5, 'n_dense_layers': 2, 'maxpooling0': False, 'batchnormalization0': True, 'filtersind1': 8, 'kernel_size1': 3, 'maxpooling1': True, 'batchnormalization1': True, 'filtersind2': 8, 'kernel_size2': 9, 'maxpooling2': False, 'batchnormalization2': False, 'filtersind3': 6, 'kernel_size3': 5, 'maxpooling3': True, 'batchnormalization3': True, 'filtersind4': 7, 'kernel_size4': 7, 'maxpooling4': True, 'batchnormalization4': True, 'dropout': 0.14286868495200156, 'num_hidden_neurons0': 15, 'learnind': 3, 'batchind': 4, 'epochs': 36}. Best is trial 129 with value: 0.6421743631362915.
Best trial: 129. Best value: 0.642174:   61%|████▎  | 22:23:24/36:32:36 Convolutional Layers: 5
 Dense Layers: 2
 Learning rate: 0.001
 Batch Size: 16
 Epochs: 31
Epoch 18: early stopping
