[I 2024-06-28 23:50:44,765] Trial 145 finished with value: 0.6888001561164856 and parameters: {'n_conv_layers': 5, 'n_dense_layers': 2, 'maxpooling0': False, 'batchnormalization0': False, 'filtersind1': 8, 'kernel_size1': 5, 'maxpooling1': True, 'batchnormalization1': True, 'filtersind2': 8, 'kernel_size2': 9, 'maxpooling2': False, 'batchnormalization2': False, 'filtersind3': 6, 'kernel_size3': 7, 'maxpooling3': True, 'batchnormalization3': True, 'filtersind4': 7, 'kernel_size4': 7, 'maxpooling4': True, 'batchnormalization4': True, 'dropout': 0.12139949831715421, 'num_hidden_neurons0': 55, 'learnind': 3, 'batchind': 4, 'epochs': 33}. Best is trial 129 with value: 0.6421743631362915.
Best trial: 129. Best value: 0.642174:   70%|████▉  | 25:31:45/36:32:36 Convolutional Layers: 5
 Dense Layers: 2
 Learning rate: 0.001
 Batch Size: 16
 Epochs: 10
[I 2024-06-28 23:59:40,036] Trial 148 finished with value: 0.7340525388717651 and parameters: {'n_conv_layers': 5, 'n_dense_layers': 2, 'maxpooling0': False, 'batchnormalization0': False, 'filtersind1': 5, 'kernel_size1': 5, 'maxpooling1': True, 'batchnormalization1': True, 'filtersind2': 8, 'kernel_size2': 9, 'maxpooling2': False, 'batchnormalization2': False, 'filtersind3': 6, 'kernel_size3': 7, 'maxpooling3': True, 'batchnormalization3': True, 'filtersind4': 7, 'kernel_size4': 7, 'maxpooling4': True, 'batchnormalization4': True, 'dropout': 0.17714585880988187, 'num_hidden_neurons0': 54, 'learnind': 3, 'batchind': 4, 'epochs': 10}. Best is trial 129 with value: 0.6421743631362915.
Best trial: 129. Best value: 0.642174:   70%|████▉  | 25:40:40/36:32:36 Convolutional Layers: 5
 Dense Layers: 2
 Learning rate: 0.001
 Batch Size: 16
 Epochs: 22
Epoch 6: early stopping
[I 2024-06-29 00:12:13,553] Trial 150 finished with value: 2.3311636447906494 and parameters: {'n_conv_layers': 5, 'n_dense_layers': 2, 'maxpooling0': False, 'batchnormalization0': False, 'filtersind1': 5, 'kernel_size1': 5, 'maxpooling1': False, 'batchnormalization1': True, 'filtersind2': 8, 'kernel_size2': 9, 'maxpooling2': False, 'batchnormalization2': False, 'filtersind3': 6, 'kernel_size3': 7, 'maxpooling3': True, 'batchnormalization3': True, 'filtersind4': 7, 'kernel_size4': 7, 'maxpooling4': True, 'batchnormalization4': False, 'dropout': 0.10461501193618727, 'num_hidden_neurons0': 87, 'learnind': 3, 'batchind': 4, 'epochs': 22}. Best is trial 129 with value: 0.6421743631362915.
Best trial: 129. Best value: 0.642174:   71%|████▉  | 25:53:14/36:32:36 Convolutional Layers: 5
 Dense Layers: 2
 Learning rate: 0.001
 Batch Size: 16
 Epochs: 18
[I 2024-06-29 00:31:01,763] Trial 152 finished with value: 0.7391818761825562 and parameters: {'n_conv_layers': 5, 'n_dense_layers': 2, 'maxpooling0': False, 'batchnormalization0': False, 'filtersind1': 5, 'kernel_size1': 5, 'maxpooling1': True, 'batchnormalization1': True, 'filtersind2': 8, 'kernel_size2': 9, 'maxpooling2': False, 'batchnormalization2': False, 'filtersind3': 6, 'kernel_size3': 7, 'maxpooling3': True, 'batchnormalization3': True, 'filtersind4': 7, 'kernel_size4': 7, 'maxpooling4': True, 'batchnormalization4': True, 'dropout': 0.11650717442064448, 'num_hidden_neurons0': 50, 'learnind': 3, 'batchind': 4, 'epochs': 18}. Best is trial 129 with value: 0.6421743631362915.
Best trial: 129. Best value: 0.642174:   72%|█████  | 26:12:02/36:32:36 Convolutional Layers: 5
 Dense Layers: 2
 Learning rate: 0.001
 Batch Size: 16
 Epochs: 27
Epoch 19: early stopping
[I 2024-06-29 00:48:31,474] Trial 153 finished with value: 0.6658066511154175 and parameters: {'n_conv_layers': 5, 'n_dense_layers': 2, 'maxpooling0': False, 'batchnormalization0': False, 'filtersind1': 5, 'kernel_size1': 5, 'maxpooling1': True, 'batchnormalization1': True, 'filtersind2': 8, 'kernel_size2': 9, 'maxpooling2': False, 'batchnormalization2': False, 'filtersind3': 6, 'kernel_size3': 7, 'maxpooling3': True, 'batchnormalization3': True, 'filtersind4': 7, 'kernel_size4': 7, 'maxpooling4': True, 'batchnormalization4': True, 'dropout': 0.15188035330604915, 'num_hidden_neurons0': 48, 'learnind': 3, 'batchind': 4, 'epochs': 27}. Best is trial 129 with value: 0.6421743631362915.
Best trial: 129. Best value: 0.642174:   72%|█████  | 26:29:32/36:32:36 Convolutional Layers: 5
 Dense Layers: 2
 Learning rate: 0.001
 Batch Size: 16
 Epochs: 29
Epoch 16: early stopping
[I 2024-06-29 01:02:46,535] Trial 155 finished with value: 0.8004148006439209 and parameters: {'n_conv_layers': 5, 'n_dense_layers': 2, 'maxpooling0': False, 'batchnormalization0': False, 'filtersind1': 5, 'kernel_size1': 5, 'maxpooling1': True, 'batchnormalization1': True, 'filtersind2': 8, 'kernel_size2': 9, 'maxpooling2': False, 'batchnormalization2': False, 'filtersind3': 6, 'kernel_size3': 7, 'maxpooling3': True, 'batchnormalization3': True, 'filtersind4': 7, 'kernel_size4': 7, 'maxpooling4': True, 'batchnormalization4': True, 'dropout': 0.15038552098970986, 'num_hidden_neurons0': 48, 'learnind': 3, 'batchind': 4, 'epochs': 29}. Best is trial 129 with value: 0.6421743631362915.
Best trial: 129. Best value: 0.642174:   73%|█████  | 26:43:47/36:32:36 Convolutional Layers: 5
 Dense Layers: 2
 Learning rate: 0.001
 Batch Size: 16
 Epochs: 10
[I 2024-06-29 01:11:42,944] Trial 158 finished with value: 0.7591133117675781 and parameters: {'n_conv_layers': 5, 'n_dense_layers': 2, 'maxpooling0': False, 'batchnormalization0': False, 'filtersind1': 5, 'kernel_size1': 5, 'maxpooling1': True, 'batchnormalization1': True, 'filtersind2': 8, 'kernel_size2': 9, 'maxpooling2': False, 'batchnormalization2': False, 'filtersind3': 6, 'kernel_size3': 7, 'maxpooling3': True, 'batchnormalization3': True, 'filtersind4': 7, 'kernel_size4': 7, 'maxpooling4': True, 'batchnormalization4': True, 'dropout': 0.13271736662274078, 'num_hidden_neurons0': 40, 'learnind': 3, 'batchind': 4, 'epochs': 10}. Best is trial 129 with value: 0.6421743631362915.
Best trial: 129. Best value: 0.642174:   74%|█████▏ | 26:52:43/36:32:36 Convolutional Layers: 5
 Dense Layers: 1
 Learning rate: 0.001
 Batch Size: 16
 Epochs: 19
Epoch 11: early stopping
[I 2024-06-29 01:21:21,241] Trial 159 finished with value: 0.887017011642456 and parameters: {'n_conv_layers': 5, 'n_dense_layers': 1, 'maxpooling0': False, 'batchnormalization0': False, 'filtersind1': 5, 'kernel_size1': 5, 'maxpooling1': True, 'batchnormalization1': True, 'filtersind2': 8, 'kernel_size2': 9, 'maxpooling2': False, 'batchnormalization2': False, 'filtersind3': 6, 'kernel_size3': 7, 'maxpooling3': True, 'batchnormalization3': True, 'filtersind4': 7, 'kernel_size4': 7, 'maxpooling4': True, 'batchnormalization4': True, 'dropout': 0.09592862817536096, 'learnind': 3, 'batchind': 4, 'epochs': 19}. Best is trial 129 with value: 0.6421743631362915.
Best trial: 129. Best value: 0.642174:   74%|█████▏ | 27:02:21/36:32:36 Convolutional Layers: 5
 Dense Layers: 2
 Learning rate: 0.001
 Batch Size: 32
 Epochs: 14
[I 2024-06-29 01:31:55,131] Trial 161 finished with value: 0.7579537630081177 and parameters: {'n_conv_layers': 5, 'n_dense_layers': 2, 'maxpooling0': False, 'batchnormalization0': False, 'filtersind1': 5, 'kernel_size1': 5, 'maxpooling1': True, 'batchnormalization1': False, 'filtersind2': 8, 'kernel_size2': 9, 'maxpooling2': False, 'batchnormalization2': False, 'filtersind3': 6, 'kernel_size3': 7, 'maxpooling3': True, 'batchnormalization3': True, 'filtersind4': 7, 'kernel_size4': 11, 'maxpooling4': True, 'batchnormalization4': True, 'dropout': 0.19130774580270035, 'num_hidden_neurons0': 57, 'learnind': 3, 'batchind': 5, 'epochs': 14}. Best is trial 129 with value: 0.6421743631362915.
Best trial: 129. Best value: 0.642174:   74%|█████▏ | 27:12:55/36:32:36 Convolutional Layers: 5
 Dense Layers: 2
 Learning rate: 0.001
 Batch Size: 16
 Epochs: 34
Epoch 26: early stopping
[I 2024-06-29 02:28:29,623] Trial 163 finished with value: 0.7657837271690369 and parameters: {'n_conv_layers': 5, 'n_dense_layers': 2, 'maxpooling0': False, 'batchnormalization0': False, 'filtersind1': 8, 'kernel_size1': 5, 'maxpooling1': True, 'batchnormalization1': True, 'filtersind2': 8, 'kernel_size2': 9, 'maxpooling2': False, 'batchnormalization2': False, 'filtersind3': 6, 'kernel_size3': 7, 'maxpooling3': True, 'batchnormalization3': True, 'filtersind4': 7, 'kernel_size4': 7, 'maxpooling4': True, 'batchnormalization4': True, 'dropout': 0.11620153222799645, 'num_hidden_neurons0': 45, 'learnind': 3, 'batchind': 4, 'epochs': 34}. Best is trial 129 with value: 0.6421743631362915.
Best trial: 129. Best value: 0.642174:   77%|█████▍ | 28:09:30/36:32:36 Convolutional Layers: 5
 Dense Layers: 2
 Learning rate: 0.001
 Batch Size: 16
 Epochs: 24
Epoch 24: early stopping
[I 2024-06-29 03:20:45,017] Trial 165 finished with value: 0.6353049874305725 and parameters: {'n_conv_layers': 5, 'n_dense_layers': 2, 'maxpooling0': False, 'batchnormalization0': False, 'filtersind1': 8, 'kernel_size1': 5, 'maxpooling1': True, 'batchnormalization1': True, 'filtersind2': 8, 'kernel_size2': 9, 'maxpooling2': False, 'batchnormalization2': False, 'filtersind3': 6, 'kernel_size3': 7, 'maxpooling3': True, 'batchnormalization3': True, 'filtersind4': 7, 'kernel_size4': 7, 'maxpooling4': True, 'batchnormalization4': True, 'dropout': 0.4738373728206417, 'num_hidden_neurons0': 54, 'learnind': 3, 'batchind': 4, 'epochs': 24}. Best is trial 165 with value: 0.6353049874305725.
Best trial: 165. Best value: 0.635305:   79%|█████▌ | 29:01:45/36:32:36 Convolutional Layers: 5
 Dense Layers: 2
 Learning rate: 0.001
 Batch Size: 16
 Epochs: 25
[I 2024-06-29 04:15:01,037] Trial 167 finished with value: 0.7435533404350281 and parameters: {'n_conv_layers': 5, 'n_dense_layers': 2, 'maxpooling0': False, 'batchnormalization0': False, 'filtersind1': 8, 'kernel_size1': 5, 'maxpooling1': True, 'batchnormalization1': True, 'filtersind2': 8, 'kernel_size2': 9, 'maxpooling2': False, 'batchnormalization2': False, 'filtersind3': 6, 'kernel_size3': 7, 'maxpooling3': True, 'batchnormalization3': True, 'filtersind4': 7, 'kernel_size4': 7, 'maxpooling4': True, 'batchnormalization4': True, 'dropout': 0.48521479187434624, 'num_hidden_neurons0': 53, 'learnind': 3, 'batchind': 4, 'epochs': 25}. Best is trial 165 with value: 0.6353049874305725.
Best trial: 165. Best value: 0.635305:   82%|█████▋ | 29:56:01/36:32:36 Convolutional Layers: 5
 Dense Layers: 2
 Learning rate: 0.001
 Batch Size: 16
 Epochs: 34
Epoch 14: early stopping
[I 2024-06-29 04:45:31,795] Trial 170 finished with value: 0.7638920545578003 and parameters: {'n_conv_layers': 5, 'n_dense_layers': 2, 'maxpooling0': False, 'batchnormalization0': False, 'filtersind1': 8, 'kernel_size1': 5, 'maxpooling1': True, 'batchnormalization1': True, 'filtersind2': 8, 'kernel_size2': 9, 'maxpooling2': False, 'batchnormalization2': True, 'filtersind3': 6, 'kernel_size3': 7, 'maxpooling3': True, 'batchnormalization3': True, 'filtersind4': 7, 'kernel_size4': 7, 'maxpooling4': True, 'batchnormalization4': True, 'dropout': 0.15825795569880224, 'num_hidden_neurons0': 62, 'learnind': 3, 'batchind': 4, 'epochs': 34}. Best is trial 165 with value: 0.6353049874305725.
Best trial: 165. Best value: 0.635305:   83%|█████▊ | 30:26:32/36:32:36 Convolutional Layers: 5
 Dense Layers: 2
 Learning rate: 0.001
 Batch Size: 16
 Epochs: 25
Epoch 21: early stopping
[I 2024-06-29 05:31:10,121] Trial 171 finished with value: 0.7343781590461731 and parameters: {'n_conv_layers': 5, 'n_dense_layers': 2, 'maxpooling0': False, 'batchnormalization0': False, 'filtersind1': 8, 'kernel_size1': 5, 'maxpooling1': True, 'batchnormalization1': True, 'filtersind2': 8, 'kernel_size2': 9, 'maxpooling2': False, 'batchnormalization2': False, 'filtersind3': 6, 'kernel_size3': 7, 'maxpooling3': True, 'batchnormalization3': True, 'filtersind4': 7, 'kernel_size4': 7, 'maxpooling4': True, 'batchnormalization4': True, 'dropout': 0.10920001741827515, 'num_hidden_neurons0': 43, 'learnind': 3, 'batchind': 4, 'epochs': 25}. Best is trial 165 with value: 0.6353049874305725.
Best trial: 165. Best value: 0.635305:   85%|█████▉ | 31:12:10/36:32:36 Convolutional Layers: 5
 Dense Layers: 2
 Learning rate: 0.001
 Batch Size: 16
 Epochs: 10
[I 2024-06-29 05:52:56,358] Trial 173 finished with value: 0.7102324962615967 and parameters: {'n_conv_layers': 5, 'n_dense_layers': 2, 'maxpooling0': False, 'batchnormalization0': False, 'filtersind1': 8, 'kernel_size1': 5, 'maxpooling1': True, 'batchnormalization1': True, 'filtersind2': 8, 'kernel_size2': 9, 'maxpooling2': False, 'batchnormalization2': False, 'filtersind3': 6, 'kernel_size3': 7, 'maxpooling3': True, 'batchnormalization3': True, 'filtersind4': 7, 'kernel_size4': 7, 'maxpooling4': True, 'batchnormalization4': True, 'dropout': 0.4659288054678018, 'num_hidden_neurons0': 50, 'learnind': 3, 'batchind': 4, 'epochs': 10}. Best is trial 165 with value: 0.6353049874305725.
Best trial: 165. Best value: 0.635305:   86%|██████ | 31:33:56/36:32:36 Convolutional Layers: 5
 Dense Layers: 2
 Learning rate: 0.001
 Batch Size: 16
 Epochs: 33
Epoch 22: early stopping
[I 2024-06-29 06:40:48,050] Trial 175 finished with value: 0.7084911465644836 and parameters: {'n_conv_layers': 5, 'n_dense_layers': 2, 'maxpooling0': False, 'batchnormalization0': False, 'filtersind1': 8, 'kernel_size1': 5, 'maxpooling1': True, 'batchnormalization1': True, 'filtersind2': 8, 'kernel_size2': 9, 'maxpooling2': False, 'batchnormalization2': False, 'filtersind3': 6, 'kernel_size3': 7, 'maxpooling3': True, 'batchnormalization3': True, 'filtersind4': 7, 'kernel_size4': 7, 'maxpooling4': True, 'batchnormalization4': True, 'dropout': 0.4649251021359892, 'num_hidden_neurons0': 55, 'learnind': 3, 'batchind': 4, 'epochs': 33}. Best is trial 165 with value: 0.6353049874305725.
Best trial: 165. Best value: 0.635305:   89%|██████▏| 32:21:48/36:32:36 Convolutional Layers: 5
 Dense Layers: 2
 Learning rate: 0.001
 Batch Size: 16
 Epochs: 18
[I 2024-06-29 07:19:53,234] Trial 177 finished with value: 0.6483747363090515 and parameters: {'n_conv_layers': 5, 'n_dense_layers': 2, 'maxpooling0': False, 'batchnormalization0': False, 'filtersind1': 8, 'kernel_size1': 5, 'maxpooling1': True, 'batchnormalization1': True, 'filtersind2': 8, 'kernel_size2': 9, 'maxpooling2': False, 'batchnormalization2': False, 'filtersind3': 6, 'kernel_size3': 7, 'maxpooling3': True, 'batchnormalization3': True, 'filtersind4': 7, 'kernel_size4': 7, 'maxpooling4': True, 'batchnormalization4': True, 'dropout': 0.09730332474461963, 'num_hidden_neurons0': 46, 'learnind': 3, 'batchind': 4, 'epochs': 18}. Best is trial 165 with value: 0.6353049874305725.
Best trial: 165. Best value: 0.635305:   90%|██████▎| 33:00:53/36:32:36 Convolutional Layers: 5
 Dense Layers: 2
 Learning rate: 0.001
 Batch Size: 16
 Epochs: 18
[I 2024-06-29 07:59:00,816] Trial 179 finished with value: 0.665508508682251 and parameters: {'n_conv_layers': 5, 'n_dense_layers': 2, 'maxpooling0': False, 'batchnormalization0': False, 'filtersind1': 8, 'kernel_size1': 5, 'maxpooling1': True, 'batchnormalization1': True, 'filtersind2': 8, 'kernel_size2': 9, 'maxpooling2': False, 'batchnormalization2': False, 'filtersind3': 6, 'kernel_size3': 7, 'maxpooling3': True, 'batchnormalization3': True, 'filtersind4': 7, 'kernel_size4': 7, 'maxpooling4': True, 'batchnormalization4': True, 'dropout': 0.13784517874018098, 'num_hidden_neurons0': 43, 'learnind': 3, 'batchind': 4, 'epochs': 18}. Best is trial 165 with value: 0.6353049874305725.
Best trial: 165. Best value: 0.635305:   92%|██████▍| 33:40:01/36:32:36 Convolutional Layers: 5
 Dense Layers: 2
 Learning rate: 0.001
 Batch Size: 16
 Epochs: 17
Epoch 16: early stopping
[I 2024-06-29 08:33:50,225] Trial 181 finished with value: 0.742586612701416 and parameters: {'n_conv_layers': 5, 'n_dense_layers': 2, 'maxpooling0': False, 'batchnormalization0': False, 'filtersind1': 8, 'kernel_size1': 5, 'maxpooling1': True, 'batchnormalization1': True, 'filtersind2': 8, 'kernel_size2': 9, 'maxpooling2': False, 'batchnormalization2': False, 'filtersind3': 6, 'kernel_size3': 7, 'maxpooling3': True, 'batchnormalization3': True, 'filtersind4': 7, 'kernel_size4': 7, 'maxpooling4': True, 'batchnormalization4': True, 'dropout': 0.1398761141762406, 'num_hidden_neurons0': 128, 'learnind': 3, 'batchind': 4, 'epochs': 17}. Best is trial 165 with value: 0.6353049874305725.
Best trial: 165. Best value: 0.635305:   94%|██████▌| 34:14:50/36:32:36 Convolutional Layers: 5
 Dense Layers: 2
 Learning rate: 0.001
 Batch Size: 16
 Epochs: 23
[I 2024-06-29 09:23:47,930] Trial 183 finished with value: 0.678546130657196 and parameters: {'n_conv_layers': 5, 'n_dense_layers': 2, 'maxpooling0': False, 'batchnormalization0': False, 'filtersind1': 8, 'kernel_size1': 5, 'maxpooling1': True, 'batchnormalization1': True, 'filtersind2': 8, 'kernel_size2': 9, 'maxpooling2': False, 'batchnormalization2': False, 'filtersind3': 6, 'kernel_size3': 7, 'maxpooling3': True, 'batchnormalization3': True, 'filtersind4': 7, 'kernel_size4': 7, 'maxpooling4': True, 'batchnormalization4': True, 'dropout': 0.4992512122450077, 'num_hidden_neurons0': 47, 'learnind': 3, 'batchind': 4, 'epochs': 23}. Best is trial 165 with value: 0.6353049874305725.
Best trial: 165. Best value: 0.635305:   96%|██████▋| 35:04:48/36:32:36 Convolutional Layers: 5
 Dense Layers: 2
 Learning rate: 0.001
 Batch Size: 16
 Epochs: 22
[I 2024-06-29 10:11:32,180] Trial 185 finished with value: 0.7026287317276001 and parameters: {'n_conv_layers': 5, 'n_dense_layers': 2, 'maxpooling0': False, 'batchnormalization0': False, 'filtersind1': 8, 'kernel_size1': 5, 'maxpooling1': True, 'batchnormalization1': True, 'filtersind2': 8, 'kernel_size2': 9, 'maxpooling2': False, 'batchnormalization2': False, 'filtersind3': 6, 'kernel_size3': 7, 'maxpooling3': True, 'batchnormalization3': True, 'filtersind4': 7, 'kernel_size4': 7, 'maxpooling4': True, 'batchnormalization4': True, 'dropout': 0.4899987441856384, 'num_hidden_neurons0': 38, 'learnind': 3, 'batchind': 4, 'epochs': 22}. Best is trial 165 with value: 0.6353049874305725.
Best trial: 165. Best value: 0.635305:   98%|██████▊| 35:52:32/36:32:36 Convolutional Layers: 5
 Dense Layers: 2
 Learning rate: 0.001
 Batch Size: 16
 Epochs: 39
Epoch 14: early stopping
[I 2024-06-29 10:40:32,136] Trial 187 finished with value: 0.9247238039970398 and parameters: {'n_conv_layers': 5, 'n_dense_layers': 2, 'maxpooling0': False, 'batchnormalization0': False, 'filtersind1': 8, 'kernel_size1': 5, 'maxpooling1': True, 'batchnormalization1': True, 'filtersind2': 8, 'kernel_size2': 9, 'maxpooling2': True, 'batchnormalization2': False, 'filtersind3': 6, 'kernel_size3': 7, 'maxpooling3': True, 'batchnormalization3': True, 'filtersind4': 7, 'kernel_size4': 7, 'maxpooling4': True, 'batchnormalization4': True, 'dropout': 0.49490356656289763, 'num_hidden_neurons0': 48, 'learnind': 3, 'batchind': 4, 'epochs': 39}. Best is trial 165 with value: 0.6353049874305725.
Best trial: 165. Best value: 0.635305:   99%|██████▉| 36:21:32/36:32:36 Convolutional Layers: 5
 Dense Layers: 2
 Learning rate: 0.001
 Batch Size: 16
 Epochs: 28
Epoch 28: early stopping
[I 2024-06-29 12:11:47,702] Trial 189 finished with value: 0.880090057849884 and parameters: {'n_conv_layers': 5, 'n_dense_layers': 2, 'maxpooling0': False, 'batchnormalization0': False, 'filtersind1': 8, 'kernel_size1': 5, 'maxpooling1': False, 'batchnormalization1': True, 'filtersind2': 8, 'kernel_size2': 9, 'maxpooling2': False, 'batchnormalization2': False, 'filtersind3': 6, 'kernel_size3': 7, 'maxpooling3': True, 'batchnormalization3': True, 'filtersind4': 7, 'kernel_size4': 7, 'maxpooling4': True, 'batchnormalization4': True, 'dropout': 0.15195991931034242, 'num_hidden_neurons0': 43, 'learnind': 3, 'batchind': 4, 'epochs': 28}. Best is trial 165 with value: 0.6353049874305725.
Best trial: 165. Best value: 0.635305:  100%|███████| 37:52:48/36:32:36
Number of finished trials: 190
Best trial:
  Value: 0.6353049874305725
  Params:
    n_conv_layers: 5
    n_dense_layers: 2
    maxpooling0: False
    batchnormalization0: False
    filtersind1: 8
    kernel_size1: 5
    maxpooling1: True
    batchnormalization1: True
    filtersind2: 8
    kernel_size2: 9
    maxpooling2: False
    batchnormalization2: False
    filtersind3: 6
    kernel_size3: 7
    maxpooling3: True
    batchnormalization3: True
    filtersind4: 7
    kernel_size4: 7
    maxpooling4: True
    batchnormalization4: True
    dropout: 0.4738373728206417
    num_hidden_neurons0: 54
    learnind: 3
    batchind: 4
    epochs: 24

(optuna) D:\Users\SuperUser\OneDrive\mestrado\pesquisa\optuna\cifar-10> 