[I 2024-06-28 14:37:40,669] Trial 95 finished with value: 2.3034098148345947 and parameters: {'n_conv_layers': 4, 'n_dense_layers': 2, 'maxpooling0': False, 'batchnormalization0': True, 'filtersind1': 7, 'kernel_size1': 3, 'maxpooling1': True, 'batchnormalization1': True, 'filtersind2': 7, 'kernel_size2': 9, 'maxpooling2': False, 'batchnormalization2': False, 'filtersind3': 7, 'kernel_size3': 9, 'maxpooling3': True, 'batchnormalization3': False, 'dropout': 0.40567339844115946, 'num_hidden_neurons0': 32, 'learnind': 3, 'batchind': 7, 'epochs': 108}. Best is trial 21 with value: 0.676855742931366.
Best trial: 21. Best value: 0.676856:   45%|███▌    | 16:18:41/36:32:36 Convolutional Layers: 6
 Dense Layers: 2
 Learning rate: 0.001
 Batch Size: 256
 Epochs: 72
Epoch 11: early stopping
[I 2024-06-28 14:42:26,082] Trial 97 finished with value: 0.6515436768531799 and parameters: {'n_conv_layers': 6, 'n_dense_layers': 2, 'maxpooling0': False, 'batchnormalization0': True, 'filtersind1': 6, 'kernel_size1': 7, 'maxpooling1': True, 'batchnormalization1': True, 'filtersind2': 7, 'kernel_size2': 5, 'maxpooling2': False, 'batchnormalization2': False, 'filtersind3': 7, 'kernel_size3': 5, 'maxpooling3': True, 'batchnormalization3': False, 'filtersind4': 5, 'kernel_size4': 7, 'maxpooling4': True, 'batchnormalization4': False, 'filtersind5': 5, 'kernel_size5': 3, 'maxpooling5': True, 'batchnormalization5': True, 'dropout': 0.2358652232365177, 'num_hidden_neurons0': 54, 'learnind': 3, 'batchind': 8, 'epochs': 72}. Best is trial 97 with value: 0.6515436768531799.
Best trial: 97. Best value: 0.651544:   45%|███▌    | 16:23:26/36:32:36 Convolutional Layers: 6
 Dense Layers: 2
 Learning rate: 0.001
 Batch Size: 512
 Epochs: 64
Epoch 22: early stopping
[I 2024-06-28 15:00:14,573] Trial 98 finished with value: 0.7722797989845276 and parameters: {'n_conv_layers': 6, 'n_dense_layers': 2, 'maxpooling0': False, 'batchnormalization0': False, 'filtersind1': 6, 'kernel_size1': 7, 'maxpooling1': False, 'batchnormalization1': True, 'filtersind2': 7, 'kernel_size2': 5, 'maxpooling2': False, 'batchnormalization2': False, 'filtersind3': 6, 'kernel_size3': 5, 'maxpooling3': True, 'batchnormalization3': False, 'filtersind4': 5, 'kernel_size4': 7, 'maxpooling4': False, 'batchnormalization4': False, 'filtersind5': 5, 'kernel_size5': 3, 'maxpooling5': True, 'batchnormalization5': True, 'dropout': 0.21318611763485876, 'num_hidden_neurons0': 55, 'learnind': 3, 'batchind': 9, 'epochs': 64}. Best is trial 97 with value: 0.6515436768531799.
Best trial: 97. Best value: 0.651544:   46%|███▋    | 16:41:15/36:32:36 Convolutional Layers: 6
 Dense Layers: 2
 Learning rate: 0.0001
 Batch Size: 256
 Epochs: 132
Epoch 22: early stopping
[I 2024-06-28 15:13:59,459] Trial 100 finished with value: 0.8975250720977783 and parameters: {'n_conv_layers': 6, 'n_dense_layers': 2, 'maxpooling0': False, 'batchnormalization0': True, 'filtersind1': 6, 'kernel_size1': 7, 'maxpooling1': True, 'batchnormalization1': True, 'filtersind2': 8, 'kernel_size2': 7, 'maxpooling2': False, 'batchnormalization2': True, 'filtersind3': 5, 'kernel_size3': 5, 'maxpooling3': True, 'batchnormalization3': True, 'filtersind4': 5, 'kernel_size4': 7, 'maxpooling4': True, 'batchnormalization4': False, 'filtersind5': 5, 'kernel_size5': 3, 'maxpooling5': True, 'batchnormalization5': True, 'dropout': 0.2959864935894529, 'num_hidden_neurons0': 63, 'learnind': 4, 'batchind': 8, 'epochs': 132}. Best is trial 97 with value: 0.6515436768531799.
Best trial: 97. Best value: 0.651544:   46%|███▋    | 16:55:00/36:32:36 Convolutional Layers: 8
 Dense Layers: 2
 Learning rate: 0.0001
 Batch Size: 512
 Epochs: 73
Epoch 15: early stopping
[I 2024-06-28 15:21:18,909] Trial 101 finished with value: 1.0963077545166016 and parameters: {'n_conv_layers': 8, 'n_dense_layers': 2, 'maxpooling0': False, 'batchnormalization0': False, 'filtersind1': 6, 'kernel_size1': 7, 'maxpooling1': True, 'batchnormalization1': True, 'filtersind2': 8, 'kernel_size2': 5, 'maxpooling2': False, 'batchnormalization2': False, 'filtersind3': 6, 'kernel_size3': 5, 'maxpooling3': True, 'batchnormalization3': False, 'filtersind4': 5, 'kernel_size4': 5, 'maxpooling4': False, 'batchnormalization4': False, 'filtersind5': 5, 'kernel_size5': 3, 'maxpooling5': True, 'batchnormalization5': True, 'filtersind6': 5, 'kernel_size6': 7, 'maxpooling6': True, 'batchnormalization6': True, 'filtersind7': 8, 'kernel_size7': 5, 'batchnormalization7': True, 'dropout': 0.2620596840751907, 'num_hidden_neurons0': 43, 'learnind': 4, 'batchind': 9, 'epochs': 73}. Best is trial 97 with value: 0.6515436768531799.
Best trial: 97. Best value: 0.651544:   47%|███▋    | 17:02:19/36:32:36 Convolutional Layers: 7
 Dense Layers: 2
 Learning rate: 0.001
 Batch Size: 256
 Epochs: 49
Epoch 11: early stopping
[I 2024-06-28 15:29:12,553] Trial 103 finished with value: 0.8346691131591797 and parameters: {'n_conv_layers': 7, 'n_dense_layers': 2, 'maxpooling0': False, 'batchnormalization0': True, 'filtersind1': 7, 'kernel_size1': 3, 'maxpooling1': True, 'batchnormalization1': True, 'filtersind2': 7, 'kernel_size2': 9, 'maxpooling2': False, 'batchnormalization2': False, 'filtersind3': 7, 'kernel_size3': 11, 'maxpooling3': True, 'batchnormalization3': False, 'filtersind4': 5, 'kernel_size4': 7, 'maxpooling4': True, 'batchnormalization4': True, 'filtersind5': 5, 'kernel_size5': 11, 'maxpooling5': True, 'batchnormalization5': True, 'filtersind6': 7, 'kernel_size6': 11, 'batchnormalization6': False, 'dropout': 0.05269258889979358, 'num_hidden_neurons0': 50, 'learnind': 3, 'batchind': 8, 'epochs': 49}. Best is trial 97 with value: 0.6515436768531799.
Best trial: 97. Best value: 0.651544:   47%|███▊    | 17:10:13/36:32:36 Convolutional Layers: 6
 Dense Layers: 2
 Learning rate: 0.001
 Batch Size: 16
 Epochs: 26
[I 2024-06-28 16:08:47,752] Trial 105 finished with value: 0.7838635444641113 and parameters: {'n_conv_layers': 6, 'n_dense_layers': 2, 'maxpooling0': False, 'batchnormalization0': True, 'filtersind1': 7, 'kernel_size1': 11, 'maxpooling1': True, 'batchnormalization1': True, 'filtersind2': 7, 'kernel_size2': 3, 'maxpooling2': False, 'batchnormalization2': False, 'filtersind3': 7, 'kernel_size3': 9, 'maxpooling3': True, 'batchnormalization3': False, 'filtersind4': 5, 'kernel_size4': 7, 'maxpooling4': True, 'batchnormalization4': True, 'filtersind5': 7, 'kernel_size5': 7, 'maxpooling5': False, 'batchnormalization5': True, 'dropout': 0.2782715847343999, 'num_hidden_neurons0': 37, 'learnind': 3, 'batchind': 4, 'epochs': 26}. Best is trial 97 with value: 0.6515436768531799.
Best trial: 97. Best value: 0.651544:   49%|███▉    | 17:49:48/36:32:36 Convolutional Layers: 5
 Dense Layers: 2
 Learning rate: 0.001
 Batch Size: 32
 Epochs: 80
Epoch 12: early stopping
[I 2024-06-28 16:17:28,460] Trial 108 finished with value: 0.8768334984779358 and parameters: {'n_conv_layers': 5, 'n_dense_layers': 2, 'maxpooling0': False, 'batchnormalization0': True, 'filtersind1': 8, 'kernel_size1': 3, 'maxpooling1': True, 'batchnormalization1': True, 'filtersind2': 5, 'kernel_size2': 9, 'maxpooling2': False, 'batchnormalization2': False, 'filtersind3': 6, 'kernel_size3': 5, 'maxpooling3': True, 'batchnormalization3': True, 'filtersind4': 5, 'kernel_size4': 9, 'maxpooling4': True, 'batchnormalization4': False, 'dropout': 0.03627651849572904, 'num_hidden_neurons0': 73, 'learnind': 3, 'batchind': 5, 'epochs': 80}. Best is trial 97 with value: 0.6515436768531799.
Best trial: 97. Best value: 0.651544:   49%|███▉    | 17:58:29/36:32:36 Convolutional Layers: 7
 Dense Layers: 3
 Learning rate: 0.0001
 Batch Size: 16
 Epochs: 56
Epoch 40: early stopping
[I 2024-06-28 17:08:40,676] Trial 110 finished with value: 0.8304983377456665 and parameters: {'n_conv_layers': 7, 'n_dense_layers': 3, 'maxpooling0': False, 'batchnormalization0': True, 'filtersind1': 7, 'kernel_size1': 5, 'maxpooling1': True, 'batchnormalization1': False, 'filtersind2': 6, 'kernel_size2': 9, 'maxpooling2': False, 'batchnormalization2': False, 'filtersind3': 6, 'kernel_size3': 9, 'maxpooling3': False, 'batchnormalization3': False, 'filtersind4': 7, 'kernel_size4': 5, 'maxpooling4': False, 'batchnormalization4': True, 'filtersind5': 6, 'kernel_size5': 9, 'maxpooling5': True, 'batchnormalization5': True, 'filtersind6': 8, 'kernel_size6': 5, 'maxpooling6': True, 'batchnormalization6': False, 'dropout': 0.3841150445807488, 'num_hidden_neurons0': 44, 'num_hidden_neurons1': 10, 'learnind': 4, 'batchind': 4, 'epochs': 56}. Best is trial 97 with value: 0.6515436768531799.
Best trial: 97. Best value: 0.651544:   52%|████    | 18:49:41/36:32:36 Convolutional Layers: 5
 Dense Layers: 2
 Learning rate: 0.001
 Batch Size: 128
 Epochs: 44
Epoch 20: early stopping
[I 2024-06-28 17:24:58,882] Trial 114 finished with value: 0.7107747793197632 and parameters: {'n_conv_layers': 5, 'n_dense_layers': 2, 'maxpooling0': False, 'batchnormalization0': True, 'filtersind1': 8, 'kernel_size1': 3, 'maxpooling1': True, 'batchnormalization1': True, 'filtersind2': 6, 'kernel_size2': 9, 'maxpooling2': False, 'batchnormalization2': False, 'filtersind3': 6, 'kernel_size3': 5, 'maxpooling3': False, 'batchnormalization3': True, 'filtersind4': 7, 'kernel_size4': 9, 'maxpooling4': True, 'batchnormalization4': True, 'dropout': 0.0761905062803635, 'num_hidden_neurons0': 53, 'learnind': 3, 'batchind': 7, 'epochs': 44}. Best is trial 97 with value: 0.6515436768531799.
Best trial: 97. Best value: 0.651544:   52%|████▏   | 19:05:59/36:32:36 Convolutional Layers: 5
 Dense Layers: 2
 Learning rate: 0.001
 Batch Size: 128
 Epochs: 42
Epoch 26: early stopping
[I 2024-06-28 17:46:04,481] Trial 116 finished with value: 0.7532668709754944 and parameters: {'n_conv_layers': 5, 'n_dense_layers': 2, 'maxpooling0': False, 'batchnormalization0': True, 'filtersind1': 8, 'kernel_size1': 3, 'maxpooling1': True, 'batchnormalization1': True, 'filtersind2': 6, 'kernel_size2': 9, 'maxpooling2': False, 'batchnormalization2': False, 'filtersind3': 6, 'kernel_size3': 5, 'maxpooling3': False, 'batchnormalization3': True, 'filtersind4': 7, 'kernel_size4': 9, 'maxpooling4': True, 'batchnormalization4': True, 'dropout': 0.09515626512702446, 'num_hidden_neurons0': 33, 'learnind': 3, 'batchind': 7, 'epochs': 42}. Best is trial 97 with value: 0.6515436768531799.
Best trial: 97. Best value: 0.651544:   53%|████▎   | 19:27:05/36:32:36 Convolutional Layers: 6
 Dense Layers: 2
 Learning rate: 0.01
 Batch Size: 64
 Epochs: 112
Epoch 10: early stopping
[I 2024-06-28 18:08:30,266] Trial 118 finished with value: 2.0216147899627686 and parameters: {'n_conv_layers': 6, 'n_dense_layers': 2, 'maxpooling0': False, 'batchnormalization0': False, 'filtersind1': 8, 'kernel_size1': 3, 'maxpooling1': False, 'batchnormalization1': True, 'filtersind2': 6, 'kernel_size2': 3, 'maxpooling2': False, 'batchnormalization2': True, 'filtersind3': 6, 'kernel_size3': 5, 'maxpooling3': False, 'batchnormalization3': True, 'filtersind4': 8, 'kernel_size4': 9, 'maxpooling4': True, 'batchnormalization4': False, 'filtersind5': 5, 'kernel_size5': 3, 'maxpooling5': False, 'batchnormalization5': True, 'dropout': 0.010976508030973442, 'num_hidden_neurons0': 30, 'learnind': 2, 'batchind': 6, 'epochs': 112}. Best is trial 97 with value: 0.6515436768531799.
Best trial: 97. Best value: 0.651544:   54%|████▎   | 19:49:30/36:32:36 Convolutional Layers: 6
 Dense Layers: 1
 Learning rate: 0.0001
 Batch Size: 256
 Epochs: 102
Epoch 20: early stopping
[I 2024-06-28 18:37:01,779] Trial 120 finished with value: 0.8234776258468628 and parameters: {'n_conv_layers': 6, 'n_dense_layers': 1, 'maxpooling0': False, 'batchnormalization0': True, 'filtersind1': 8, 'kernel_size1': 7, 'maxpooling1': True, 'batchnormalization1': True, 'filtersind2': 8, 'kernel_size2': 7, 'maxpooling2': False, 'batchnormalization2': False, 'filtersind3': 6, 'kernel_size3': 3, 'maxpooling3': False, 'batchnormalization3': True, 'filtersind4': 7, 'kernel_size4': 3, 'maxpooling4': False, 'batchnormalization4': True, 'filtersind5': 5, 'kernel_size5': 5, 'maxpooling5': True, 'batchnormalization5': True, 'dropout': 0.36911419038871335, 'learnind': 4, 'batchind': 8, 'epochs': 102}. Best is trial 97 with value: 0.6515436768531799.
Best trial: 97. Best value: 0.651544:   56%|████▍   | 20:18:02/36:32:36 Convolutional Layers: 4
 Dense Layers: 2
 Learning rate: 0.0001
 Batch Size: 128
 Epochs: 83
Epoch 23: early stopping
[I 2024-06-28 18:41:48,688] Trial 123 finished with value: 0.8613313436508179 and parameters: {'n_conv_layers': 4, 'n_dense_layers': 2, 'maxpooling0': True, 'batchnormalization0': True, 'filtersind1': 8, 'kernel_size1': 3, 'maxpooling1': True, 'batchnormalization1': True, 'filtersind2': 8, 'kernel_size2': 5, 'maxpooling2': False, 'batchnormalization2': False, 'filtersind3': 6, 'kernel_size3': 5, 'maxpooling3': False, 'batchnormalization3': True, 'dropout': 0.36033301302359244, 'num_hidden_neurons0': 25, 'learnind': 4, 'batchind': 7, 'epochs': 83}. Best is trial 97 with value: 0.6515436768531799.
Best trial: 97. Best value: 0.651544:   56%|████▍   | 20:22:49/36:32:36 Convolutional Layers: 4
 Dense Layers: 2
 Learning rate: 0.0001
 Batch Size: 128
 Epochs: 69
Epoch 21: early stopping
[I 2024-06-28 18:46:10,213] Trial 125 finished with value: 0.8495520353317261 and parameters: {'n_conv_layers': 4, 'n_dense_layers': 2, 'maxpooling0': True, 'batchnormalization0': True, 'filtersind1': 8, 'kernel_size1': 3, 'maxpooling1': True, 'batchnormalization1': True, 'filtersind2': 8, 'kernel_size2': 5, 'maxpooling2': False, 'batchnormalization2': False, 'filtersind3': 6, 'kernel_size3': 5, 'maxpooling3': False, 'batchnormalization3': True, 'dropout': 0.3047588787687625, 'num_hidden_neurons0': 21, 'learnind': 4, 'batchind': 7, 'epochs': 69}. Best is trial 97 with value: 0.6515436768531799.
Best trial: 97. Best value: 0.651544:   56%|████▍   | 20:27:10/36:32:36 Convolutional Layers: 5
 Dense Layers: 2
 Learning rate: 0.001
 Batch Size: 16
 Epochs: 89
Epoch 12: early stopping
[I 2024-06-28 19:01:26,983] Trial 127 finished with value: 1.0431019067764282 and parameters: {'n_conv_layers': 5, 'n_dense_layers': 2, 'maxpooling0': True, 'batchnormalization0': True, 'filtersind1': 8, 'kernel_size1': 9, 'maxpooling1': True, 'batchnormalization1': True, 'filtersind2': 8, 'kernel_size2': 9, 'maxpooling2': True, 'batchnormalization2': False, 'filtersind3': 8, 'kernel_size3': 5, 'maxpooling3': False, 'batchnormalization3': True, 'filtersind4': 6, 'kernel_size4': 5, 'maxpooling4': True, 'batchnormalization4': True, 'dropout': 0.4168108046576701, 'num_hidden_neurons0': 18, 'learnind': 3, 'batchind': 4, 'epochs': 89}. Best is trial 97 with value: 0.6515436768531799.
Best trial: 97. Best value: 0.651544:   57%|████▌   | 20:42:27/36:32:36 Convolutional Layers: 5
 Dense Layers: 2
 Learning rate: 0.001
 Batch Size: 16
 Epochs: 28
Epoch 16: early stopping
[I 2024-06-28 19:32:10,956] Trial 129 finished with value: 0.6421743631362915 and parameters: {'n_conv_layers': 5, 'n_dense_layers': 2, 'maxpooling0': False, 'batchnormalization0': True, 'filtersind1': 8, 'kernel_size1': 3, 'maxpooling1': True, 'batchnormalization1': True, 'filtersind2': 8, 'kernel_size2': 9, 'maxpooling2': False, 'batchnormalization2': False, 'filtersind3': 6, 'kernel_size3': 5, 'maxpooling3': True, 'batchnormalization3': True, 'filtersind4': 7, 'kernel_size4': 7, 'maxpooling4': True, 'batchnormalization4': True, 'dropout': 0.12865527167873725, 'num_hidden_neurons0': 46, 'learnind': 3, 'batchind': 4, 'epochs': 28}. Best is trial 129 with value: 0.6421743631362915.
Best trial: 129. Best value: 0.642174:   58%|████   | 21:13:11/36:32:36 Convolutional Layers: 5
 Dense Layers: 2
 Learning rate: 0.001
 Batch Size: 16
 Epochs: 29
Epoch 18: early stopping
[I 2024-06-28 20:07:39,162] Trial 131 finished with value: 0.6496290564537048 and parameters: {'n_conv_layers': 5, 'n_dense_layers': 2, 'maxpooling0': False, 'batchnormalization0': False, 'filtersind1': 8, 'kernel_size1': 3, 'maxpooling1': True, 'batchnormalization1': True, 'filtersind2': 8, 'kernel_size2': 9, 'maxpooling2': False, 'batchnormalization2': False, 'filtersind3': 6, 'kernel_size3': 7, 'maxpooling3': True, 'batchnormalization3': True, 'filtersind4': 7, 'kernel_size4': 7, 'maxpooling4': True, 'batchnormalization4': True, 'dropout': 0.10473680762026344, 'num_hidden_neurons0': 46, 'learnind': 3, 'batchind': 4, 'epochs': 29}. Best is trial 129 with value: 0.6421743631362915.
Best trial: 129. Best value: 0.642174:   60%|████▏  | 21:48:39/36:32:36 Convolutional Layers: 5
 Dense Layers: 2
 Learning rate: 0.001
 Batch Size: 16
 Epochs: 18
[I 2024-06-28 20:43:00,363] Trial 133 finished with value: 0.6633137464523315 and parameters: {'n_conv_layers': 5, 'n_dense_layers': 2, 'maxpooling0': False, 'batchnormalization0': False, 'filtersind1': 8, 'kernel_size1': 3, 'maxpooling1': True, 'batchnormalization1': True, 'filtersind2': 8, 'kernel_size2': 9, 'maxpooling2': False, 'batchnormalization2': False, 'filtersind3': 6, 'kernel_size3': 9, 'maxpooling3': True, 'batchnormalization3': True, 'filtersind4': 7, 'kernel_size4': 7, 'maxpooling4': True, 'batchnormalization4': True, 'dropout': 0.13733439374067813, 'num_hidden_neurons0': 47, 'learnind': 3, 'batchind': 4, 'epochs': 18}. Best is trial 129 with value: 0.6421743631362915.
Best trial: 129. Best value: 0.642174:   61%|████▎  | 22:24:00/36:32:36 Convolutional Layers: 5
 Dense Layers: 2
 Learning rate: 0.001
 Batch Size: 16
 Epochs: 17
Epoch 16: early stopping
[I 2024-06-28 21:13:14,433] Trial 134 finished with value: 0.6871953010559082 and parameters: {'n_conv_layers': 5, 'n_dense_layers': 2, 'maxpooling0': False, 'batchnormalization0': False, 'filtersind1': 8, 'kernel_size1': 3, 'maxpooling1': True, 'batchnormalization1': True, 'filtersind2': 8, 'kernel_size2': 9, 'maxpooling2': False, 'batchnormalization2': False, 'filtersind3': 6, 'kernel_size3': 7, 'maxpooling3': True, 'batchnormalization3': True, 'filtersind4': 7, 'kernel_size4': 7, 'maxpooling4': True, 'batchnormalization4': True, 'dropout': 0.13033495075856832, 'num_hidden_neurons0': 55, 'learnind': 3, 'batchind': 4, 'epochs': 17}. Best is trial 129 with value: 0.6421743631362915.
Best trial: 129. Best value: 0.642174:   63%|████▍  | 22:54:14/36:32:36 Convolutional Layers: 5
 Dense Layers: 2
 Learning rate: 0.001
 Batch Size: 16
 Epochs: 17
[I 2024-06-28 21:46:51,875] Trial 136 finished with value: 0.7815043926239014 and parameters: {'n_conv_layers': 5, 'n_dense_layers': 2, 'maxpooling0': False, 'batchnormalization0': False, 'filtersind1': 8, 'kernel_size1': 3, 'maxpooling1': True, 'batchnormalization1': True, 'filtersind2': 8, 'kernel_size2': 9, 'maxpooling2': False, 'batchnormalization2': False, 'filtersind3': 6, 'kernel_size3': 7, 'maxpooling3': True, 'batchnormalization3': True, 'filtersind4': 7, 'kernel_size4': 7, 'maxpooling4': True, 'batchnormalization4': True, 'dropout': 0.13930506921440336, 'num_hidden_neurons0': 14, 'learnind': 3, 'batchind': 4, 'epochs': 17}. Best is trial 129 with value: 0.6421743631362915.
Best trial: 129. Best value: 0.642174:   64%|████▍  | 23:27:52/36:32:36 Convolutional Layers: 1
 Dense Layers: 2
 Learning rate: 0.001
 Batch Size: 16
 Epochs: 29
Epoch 7: early stopping
[I 2024-06-28 21:47:50,713] Trial 139 finished with value: 1.3004615306854248 and parameters: {'n_conv_layers': 1, 'n_dense_layers': 2, 'maxpooling0': False, 'batchnormalization0': False, 'dropout': 0.14555378080839826, 'num_hidden_neurons0': 60, 'learnind': 3, 'batchind': 4, 'epochs': 29}. Best is trial 129 with value: 0.6421743631362915.
Best trial: 129. Best value: 0.642174:   64%|████▍  | 23:28:51/36:32:36 Convolutional Layers: 5
 Dense Layers: 2
 Learning rate: 0.001
 Batch Size: 16
 Epochs: 22
Epoch 18: early stopping
[I 2024-06-28 22:26:55,504] Trial 140 finished with value: 0.6567736864089966 and parameters: {'n_conv_layers': 5, 'n_dense_layers': 2, 'maxpooling0': False, 'batchnormalization0': False, 'filtersind1': 8, 'kernel_size1': 5, 'maxpooling1': True, 'batchnormalization1': True, 'filtersind2': 8, 'kernel_size2': 9, 'maxpooling2': False, 'batchnormalization2': False, 'filtersind3': 6, 'kernel_size3': 7, 'maxpooling3': True, 'batchnormalization3': True, 'filtersind4': 7, 'kernel_size4': 7, 'maxpooling4': True, 'batchnormalization4': True, 'dropout': 0.15954453647535768, 'num_hidden_neurons0': 47, 'learnind': 3, 'batchind': 4, 'epochs': 22}. Best is trial 129 with value: 0.6421743631362915.
Best trial: 129. Best value: 0.642174:   66%|████▌  | 24:07:56/36:32:36 Convolutional Layers: 5
 Dense Layers: 2
 Learning rate: 0.001
 Batch Size: 16
 Epochs: 37
Epoch 22: early stopping
[I 2024-06-28 23:14:37,850] Trial 142 finished with value: 0.7254318594932556 and parameters: {'n_conv_layers': 5, 'n_dense_layers': 2, 'maxpooling0': False, 'batchnormalization0': False, 'filtersind1': 8, 'kernel_size1': 5, 'maxpooling1': True, 'batchnormalization1': True, 'filtersind2': 8, 'kernel_size2': 9, 'maxpooling2': False, 'batchnormalization2': False, 'filtersind3': 6, 'kernel_size3': 7, 'maxpooling3': True, 'batchnormalization3': True, 'filtersind4': 7, 'kernel_size4': 7, 'maxpooling4': True, 'batchnormalization4': True, 'dropout': 0.16221088625730065, 'num_hidden_neurons0': 46, 'learnind': 3, 'batchind': 4, 'epochs': 37}. Best is trial 129 with value: 0.6421743631362915.
Best trial: 129. Best value: 0.642174:   68%|████▊  | 24:55:38/36:32:36 Convolutional Layers: 5
 Dense Layers: 2
 Learning rate: 0.001
 Batch Size: 16
 Epochs: 33
Epoch 18: early stopping
