[I 2024-06-28 08:32:58,566] Trial 43 finished with value: 0.7536314725875854 and parameters: {'n_conv_layers': 5, 'n_dense_layers': 2, 'maxpooling0': False, 'batchnormalization0': False, 'filtersind1': 7, 'kernel_size1': 3, 'maxpooling1': True, 'batchnormalization1': True, 'filtersind2': 7, 'kernel_size2': 9, 'maxpooling2': False, 'batchnormalization2': False, 'filtersind3': 8, 'kernel_size3': 9, 'maxpooling3': True, 'batchnormalization3': True, 'filtersind4': 7, 'kernel_size4': 3, 'maxpooling4': True, 'batchnormalization4': True, 'dropout': 0.3206202562705933, 'num_hidden_neurons0': 14, 'learnind': 3, 'batchind': 6, 'epochs': 69}. Best is trial 21 with value: 0.676855742931366.
Best trial: 21. Best value: 0.676856:   28%|██▏     | 10:13:22/36:32:36 Convolutional Layers: 6
 Dense Layers: 2
 Learning rate: 1e-05
 Batch Size: 32
 Epochs: 293
Epoch 44: early stopping
[I 2024-06-28 08:48:58,845] Trial 45 finished with value: 1.033464789390564 and parameters: {'n_conv_layers': 6, 'n_dense_layers': 2, 'maxpooling0': False, 'batchnormalization0': True, 'filtersind1': 6, 'kernel_size1': 3, 'maxpooling1': True, 'batchnormalization1': True, 'filtersind2': 5, 'kernel_size2': 9, 'maxpooling2': False, 'batchnormalization2': False, 'filtersind3': 7, 'kernel_size3': 5, 'maxpooling3': True, 'batchnormalization3': False, 'filtersind4': 5, 'kernel_size4': 7, 'maxpooling4': True, 'batchnormalization4': True, 'filtersind5': 5, 'kernel_size5': 9, 'maxpooling5': True, 'batchnormalization5': True, 'dropout': 0.17551432332006273, 'num_hidden_neurons0': 17, 'learnind': 5, 'batchind': 5, 'epochs': 293}. Best is trial 21 with value: 0.676855742931366.
Best trial: 21. Best value: 0.676856:   29%|██▎     | 10:29:23/36:32:36 Convolutional Layers: 5
 Dense Layers: 2
 Learning rate: 0.01
 Batch Size: 128
 Epochs: 27
Epoch 24: early stopping
[I 2024-06-28 09:03:25,927] Trial 47 finished with value: 1.7637990713119507 and parameters: {'n_conv_layers': 5, 'n_dense_layers': 2, 'maxpooling0': False, 'batchnormalization0': False, 'filtersind1': 8, 'kernel_size1': 3, 'maxpooling1': True, 'batchnormalization1': False, 'filtersind2': 6, 'kernel_size2': 7, 'maxpooling2': False, 'batchnormalization2': True, 'filtersind3': 8, 'kernel_size3': 7, 'maxpooling3': True, 'batchnormalization3': False, 'filtersind4': 5, 'kernel_size4': 7, 'maxpooling4': True, 'batchnormalization4': True, 'dropout': 0.3269099079486174, 'num_hidden_neurons0': 6, 'learnind': 2, 'batchind': 7, 'epochs': 27}. Best is trial 21 with value: 0.676855742931366.
Best trial: 21. Best value: 0.676856:   29%|██▎     | 10:43:50/36:32:36 Convolutional Layers: 5
 Dense Layers: 1
 Learning rate: 0.0001
 Batch Size: 16
 Epochs: 76
Epoch 12: early stopping
[I 2024-06-28 09:15:35,388] Trial 48 finished with value: 0.690428614616394 and parameters: {'n_conv_layers': 5, 'n_dense_layers': 1, 'maxpooling0': False, 'batchnormalization0': False, 'filtersind1': 7, 'kernel_size1': 9, 'maxpooling1': True, 'batchnormalization1': True, 'filtersind2': 8, 'kernel_size2': 3, 'maxpooling2': False, 'batchnormalization2': False, 'filtersind3': 8, 'kernel_size3': 5, 'maxpooling3': True, 'batchnormalization3': False, 'filtersind4': 5, 'kernel_size4': 3, 'maxpooling4': False, 'batchnormalization4': False, 'dropout': 0.3666380445046361, 'learnind': 4, 'batchind': 4, 'epochs': 76}. Best is trial 21 with value: 0.676855742931366.
Best trial: 21. Best value: 0.676856:   30%|██▍     | 10:55:59/36:32:36 Convolutional Layers: 7
 Dense Layers: 1
 Learning rate: 1e-05
 Batch Size: 16
 Epochs: 87
Epoch 17: early stopping
[I 2024-06-28 09:40:13,060] Trial 49 finished with value: 0.8617252707481384 and parameters: {'n_conv_layers': 7, 'n_dense_layers': 1, 'maxpooling0': True, 'batchnormalization0': False, 'filtersind1': 8, 'kernel_size1': 9, 'maxpooling1': False, 'batchnormalization1': True, 'filtersind2': 8, 'kernel_size2': 3, 'maxpooling2': False, 'batchnormalization2': True, 'filtersind3': 8, 'kernel_size3': 5, 'maxpooling3': False, 'batchnormalization3': False, 'filtersind4': 8, 'kernel_size4': 3, 'maxpooling4': False, 'batchnormalization4': False, 'filtersind5': 5, 'kernel_size5': 11, 'maxpooling5': False, 'batchnormalization5': True, 'filtersind6': 5, 'kernel_size6': 7, 'maxpooling6': True, 'batchnormalization6': False, 'dropout': 0.3731878675251297, 'learnind': 5, 'batchind': 4, 'epochs': 87}. Best is trial 21 with value: 0.676855742931366.
Best trial: 21. Best value: 0.676856:   31%|██▍     | 11:20:37/36:32:36 Convolutional Layers: 5
 Dense Layers: 1
 Learning rate: 0.0001
 Batch Size: 16
 Epochs: 66
Epoch 11: early stopping
[I 2024-06-28 10:06:47,540] Trial 52 finished with value: 0.8043298721313477 and parameters: {'n_conv_layers': 5, 'n_dense_layers': 1, 'maxpooling0': False, 'batchnormalization0': False, 'filtersind1': 7, 'kernel_size1': 9, 'maxpooling1': True, 'batchnormalization1': True, 'filtersind2': 8, 'kernel_size2': 3, 'maxpooling2': False, 'batchnormalization2': False, 'filtersind3': 8, 'kernel_size3': 11, 'maxpooling3': True, 'batchnormalization3': False, 'filtersind4': 5, 'kernel_size4': 3, 'maxpooling4': False, 'batchnormalization4': False, 'dropout': 0.35202352310814733, 'learnind': 4, 'batchind': 4, 'epochs': 66}. Best is trial 21 with value: 0.676855742931366.
Best trial: 21. Best value: 0.676856:   32%|██▌     | 11:47:11/36:32:36 Convolutional Layers: 4
 Dense Layers: 1
 Learning rate: 0.0001
 Batch Size: 16
 Epochs: 77
Epoch 9: early stopping
[I 2024-06-28 10:19:55,460] Trial 54 finished with value: 0.8203526139259338 and parameters: {'n_conv_layers': 4, 'n_dense_layers': 1, 'maxpooling0': False, 'batchnormalization0': False, 'filtersind1': 7, 'kernel_size1': 7, 'maxpooling1': True, 'batchnormalization1': True, 'filtersind2': 7, 'kernel_size2': 5, 'maxpooling2': False, 'batchnormalization2': False, 'filtersind3': 8, 'kernel_size3': 9, 'maxpooling3': True, 'batchnormalization3': False, 'dropout': 0.27534104945063964, 'learnind': 4, 'batchind': 4, 'epochs': 77}. Best is trial 21 with value: 0.676855742931366.
Best trial: 21. Best value: 0.676856:   33%|██▋     | 12:00:19/36:32:36 Convolutional Layers: 3
 Dense Layers: 3
 Learning rate: 0.001
 Batch Size: 32
 Epochs: 54
Epoch 8: early stopping
[I 2024-06-28 10:33:13,263] Trial 57 finished with value: 2.3055570125579834 and parameters: {'n_conv_layers': 3, 'n_dense_layers': 3, 'maxpooling0': False, 'batchnormalization0': False, 'filtersind1': 8, 'kernel_size1': 3, 'maxpooling1': True, 'batchnormalization1': True, 'filtersind2': 8, 'kernel_size2': 11, 'maxpooling2': False, 'batchnormalization2': False, 'dropout': 0.39724515271621574, 'num_hidden_neurons0': 70, 'num_hidden_neurons1': 20, 'learnind': 3, 'batchind': 5, 'epochs': 54}. Best is trial 21 with value: 0.676855742931366.
Best trial: 21. Best value: 0.676856:   33%|██▋     | 12:13:37/36:32:36 Convolutional Layers: 6
 Dense Layers: 2
 Learning rate: 0.001
 Batch Size: 512
 Epochs: 33
Epoch 14: early stopping
[I 2024-06-28 10:42:45,925] Trial 59 finished with value: 0.7160629630088806 and parameters: {'n_conv_layers': 6, 'n_dense_layers': 2, 'maxpooling0': False, 'batchnormalization0': True, 'filtersind1': 7, 'kernel_size1': 3, 'maxpooling1': True, 'batchnormalization1': True, 'filtersind2': 8, 'kernel_size2': 9, 'maxpooling2': False, 'batchnormalization2': False, 'filtersind3': 6, 'kernel_size3': 5, 'maxpooling3': True, 'batchnormalization3': False, 'filtersind4': 5, 'kernel_size4': 7, 'maxpooling4': False, 'batchnormalization4': True, 'filtersind5': 7, 'kernel_size5': 3, 'maxpooling5': True, 'batchnormalization5': True, 'dropout': 0.058896557640784, 'num_hidden_neurons0': 35, 'learnind': 3, 'batchind': 9, 'epochs': 33}. Best is trial 21 with value: 0.676855742931366.
Best trial: 21. Best value: 0.676856:   34%|██▋     | 12:23:10/36:32:36 Convolutional Layers: 6
 Dense Layers: 1
 Learning rate: 0.0001
 Batch Size: 512
 Epochs: 11
[I 2024-06-28 10:50:13,322] Trial 60 finished with value: 1.0557817220687866 and parameters: {'n_conv_layers': 6, 'n_dense_layers': 1, 'maxpooling0': False, 'batchnormalization0': True, 'filtersind1': 6, 'kernel_size1': 9, 'maxpooling1': True, 'batchnormalization1': True, 'filtersind2': 8, 'kernel_size2': 7, 'maxpooling2': False, 'batchnormalization2': False, 'filtersind3': 6, 'kernel_size3': 5, 'maxpooling3': True, 'batchnormalization3': True, 'filtersind4': 5, 'kernel_size4': 7, 'maxpooling4': False, 'batchnormalization4': True, 'filtersind5': 7, 'kernel_size5': 3, 'maxpooling5': True, 'batchnormalization5': True, 'dropout': 0.030017981980699937, 'learnind': 4, 'batchind': 9, 'epochs': 11}. Best is trial 21 with value: 0.676855742931366.
Best trial: 21. Best value: 0.676856:   34%|██▋     | 12:30:37/36:32:36 Convolutional Layers: 6
 Dense Layers: 2
 Learning rate: 0.001
 Batch Size: 512
 Epochs: 29
Epoch 13: early stopping
[I 2024-06-28 10:59:14,485] Trial 62 finished with value: 0.8920283913612366 and parameters: {'n_conv_layers': 6, 'n_dense_layers': 2, 'maxpooling0': False, 'batchnormalization0': True, 'filtersind1': 7, 'kernel_size1': 3, 'maxpooling1': True, 'batchnormalization1': True, 'filtersind2': 8, 'kernel_size2': 9, 'maxpooling2': False, 'batchnormalization2': False, 'filtersind3': 6, 'kernel_size3': 5, 'maxpooling3': True, 'batchnormalization3': False, 'filtersind4': 5, 'kernel_size4': 7, 'maxpooling4': False, 'batchnormalization4': True, 'filtersind5': 8, 'kernel_size5': 3, 'maxpooling5': True, 'batchnormalization5': False, 'dropout': 0.07174437517581844, 'num_hidden_neurons0': 56, 'learnind': 3, 'batchind': 9, 'epochs': 29}. Best is trial 21 with value: 0.676855742931366.
Best trial: 21. Best value: 0.676856:   35%|██▊     | 12:39:38/36:32:36 Convolutional Layers: 5
 Dense Layers: 2
 Learning rate: 0.001
 Batch Size: 256
 Epochs: 106
Epoch 12: early stopping
[I 2024-06-28 11:09:39,315] Trial 63 finished with value: 0.7331163883209229 and parameters: {'n_conv_layers': 5, 'n_dense_layers': 2, 'maxpooling0': False, 'batchnormalization0': True, 'filtersind1': 7, 'kernel_size1': 3, 'maxpooling1': True, 'batchnormalization1': True, 'filtersind2': 8, 'kernel_size2': 9, 'maxpooling2': False, 'batchnormalization2': False, 'filtersind3': 6, 'kernel_size3': 9, 'maxpooling3': True, 'batchnormalization3': False, 'filtersind4': 5, 'kernel_size4': 7, 'maxpooling4': False, 'batchnormalization4': True, 'dropout': 0.06475688313613534, 'num_hidden_neurons0': 36, 'learnind': 3, 'batchind': 8, 'epochs': 106}. Best is trial 21 with value: 0.676855742931366.
Best trial: 21. Best value: 0.676856:   35%|██▊     | 12:50:03/36:32:36 Convolutional Layers: 8
 Dense Layers: 2
 Learning rate: 0.001
 Batch Size: 256
 Epochs: 106
Epoch 11: early stopping
[I 2024-06-28 11:27:14,799] Trial 65 finished with value: 2.0783767700195312 and parameters: {'n_conv_layers': 8, 'n_dense_layers': 2, 'maxpooling0': False, 'batchnormalization0': True, 'filtersind1': 8, 'kernel_size1': 3, 'maxpooling1': True, 'batchnormalization1': True, 'filtersind2': 8, 'kernel_size2': 9, 'maxpooling2': False, 'batchnormalization2': False, 'filtersind3': 6, 'kernel_size3': 9, 'maxpooling3': False, 'batchnormalization3': False, 'filtersind4': 5, 'kernel_size4': 7, 'maxpooling4': False, 'batchnormalization4': True, 'filtersind5': 7, 'kernel_size5': 5, 'maxpooling5': True, 'batchnormalization5': True, 'filtersind6': 8, 'kernel_size6': 9, 'maxpooling6': False, 'batchnormalization6': True, 'filtersind7': 6, 'kernel_size7': 7, 'maxpooling7': False, 'batchnormalization7': False, 'dropout': 0.0636965657251759, 'num_hidden_neurons0': 35, 'learnind': 3, 'batchind': 8, 'epochs': 106}. Best is trial 21 with value: 0.676855742931366.
Best trial: 21. Best value: 0.676856:   36%|██▊     | 13:07:38/36:32:36 Convolutional Layers: 6
 Dense Layers: 2
 Learning rate: 0.01
 Batch Size: 512
 Epochs: 137
Epoch 15: early stopping
[I 2024-06-28 11:44:35,581] Trial 67 finished with value: 0.9976997971534729 and parameters: {'n_conv_layers': 6, 'n_dense_layers': 2, 'maxpooling0': False, 'batchnormalization0': True, 'filtersind1': 7, 'kernel_size1': 11, 'maxpooling1': True, 'batchnormalization1': True, 'filtersind2': 8, 'kernel_size2': 9, 'maxpooling2': True, 'batchnormalization2': False, 'filtersind3': 6, 'kernel_size3': 7, 'maxpooling3': True, 'batchnormalization3': True, 'filtersind4': 6, 'kernel_size4': 5, 'maxpooling4': False, 'batchnormalization4': False, 'filtersind5': 6, 'kernel_size5': 3, 'maxpooling5': False, 'batchnormalization5': True, 'dropout': 0.041477036256454936, 'num_hidden_neurons0': 22, 'learnind': 2, 'batchind': 9, 'epochs': 137}. Best is trial 21 with value: 0.676855742931366.
Best trial: 21. Best value: 0.676856:   37%|██▉     | 13:24:59/36:32:36 Convolutional Layers: 2
 Dense Layers: 2
 Learning rate: 0.0001
 Batch Size: 512
 Epochs: 93
Epoch 18: early stopping
[I 2024-06-28 11:46:47,105] Trial 69 finished with value: 1.0906517505645752 and parameters: {'n_conv_layers': 2, 'n_dense_layers': 2, 'maxpooling0': False, 'batchnormalization0': True, 'filtersind1': 5, 'kernel_size1': 3, 'maxpooling1': False, 'batchnormalization1': True, 'dropout': 0.08917929090391902, 'num_hidden_neurons0': 57, 'learnind': 4, 'batchind': 9, 'epochs': 93}. Best is trial 21 with value: 0.676855742931366.
Best trial: 21. Best value: 0.676856:   37%|██▉     | 13:27:11/36:32:36 Convolutional Layers: 7
 Dense Layers: 2
 Learning rate: 0.001
 Batch Size: 1024
 Epochs: 153
Epoch 22: early stopping
[I 2024-06-28 12:17:16,995] Trial 70 finished with value: 0.8938469886779785 and parameters: {'n_conv_layers': 7, 'n_dense_layers': 2, 'maxpooling0': False, 'batchnormalization0': True, 'filtersind1': 7, 'kernel_size1': 7, 'maxpooling1': True, 'batchnormalization1': True, 'filtersind2': 8, 'kernel_size2': 9, 'maxpooling2': False, 'batchnormalization2': True, 'filtersind3': 7, 'kernel_size3': 9, 'maxpooling3': True, 'batchnormalization3': True, 'filtersind4': 5, 'kernel_size4': 7, 'maxpooling4': False, 'batchnormalization4': True, 'filtersind5': 8, 'kernel_size5': 7, 'maxpooling5': False, 'batchnormalization5': False, 'filtersind6': 7, 'kernel_size6': 3, 'maxpooling6': True, 'batchnormalization6': True, 'dropout': 0.4277977800535186, 'num_hidden_neurons0': 22, 'learnind': 3, 'batchind': 10, 'epochs': 153}. Best is trial 21 with value: 0.676855742931366.
Best trial: 21. Best value: 0.676856:   38%|███     | 13:57:41/36:32:36 Convolutional Layers: 5
 Dense Layers: 2
 Learning rate: 0.001
 Batch Size: 256
 Epochs: 59
Epoch 11: early stopping
[I 2024-06-28 12:24:17,601] Trial 72 finished with value: 0.7552767992019653 and parameters: {'n_conv_layers': 5, 'n_dense_layers': 2, 'maxpooling0': False, 'batchnormalization0': True, 'filtersind1': 7, 'kernel_size1': 3, 'maxpooling1': True, 'batchnormalization1': True, 'filtersind2': 7, 'kernel_size2': 9, 'maxpooling2': False, 'batchnormalization2': False, 'filtersind3': 7, 'kernel_size3': 9, 'maxpooling3': True, 'batchnormalization3': False, 'filtersind4': 5, 'kernel_size4': 7, 'maxpooling4': True, 'batchnormalization4': True, 'dropout': 0.11798718628661846, 'num_hidden_neurons0': 41, 'learnind': 3, 'batchind': 8, 'epochs': 59}. Best is trial 21 with value: 0.676855742931366.
Best trial: 21. Best value: 0.676856:   39%|███     | 14:04:41/36:32:36 Convolutional Layers: 4
 Dense Layers: 2
 Learning rate: 0.001
 Batch Size: 128
 Epochs: 50
Epoch 16: early stopping
[I 2024-06-28 12:33:57,587] Trial 74 finished with value: 2.3036293983459473 and parameters: {'n_conv_layers': 4, 'n_dense_layers': 2, 'maxpooling0': False, 'batchnormalization0': True, 'filtersind1': 7, 'kernel_size1': 3, 'maxpooling1': True, 'batchnormalization1': True, 'filtersind2': 7, 'kernel_size2': 9, 'maxpooling2': False, 'batchnormalization2': False, 'filtersind3': 7, 'kernel_size3': 9, 'maxpooling3': True, 'batchnormalization3': False, 'dropout': 0.15196702099092832, 'num_hidden_neurons0': 32, 'learnind': 3, 'batchind': 7, 'epochs': 50}. Best is trial 21 with value: 0.676855742931366.
Best trial: 21. Best value: 0.676856:   39%|███     | 14:14:21/36:32:36 Convolutional Layers: 5
 Dense Layers: 2
 Learning rate: 0.01
 Batch Size: 16
 Epochs: 20
Epoch 18: early stopping
[I 2024-06-28 13:08:37,686] Trial 77 finished with value: 1.996212124824524 and parameters: {'n_conv_layers': 5, 'n_dense_layers': 2, 'maxpooling0': False, 'batchnormalization0': True, 'filtersind1': 8, 'kernel_size1': 5, 'maxpooling1': True, 'batchnormalization1': True, 'filtersind2': 8, 'kernel_size2': 9, 'maxpooling2': False, 'batchnormalization2': False, 'filtersind3': 6, 'kernel_size3': 3, 'maxpooling3': False, 'batchnormalization3': False, 'filtersind4': 5, 'kernel_size4': 7, 'maxpooling4': True, 'batchnormalization4': True, 'dropout': 0.10519181418245177, 'num_hidden_neurons0': 26, 'learnind': 2, 'batchind': 4, 'epochs': 20}. Best is trial 21 with value: 0.676855742931366.
Best trial: 21. Best value: 0.676856:   41%|███▏    | 14:49:01/36:32:36 Convolutional Layers: 7
 Dense Layers: 3
 Learning rate: 0.0001
 Batch Size: 256
 Epochs: 39
Epoch 13: early stopping
[I 2024-06-28 13:16:34,649] Trial 80 finished with value: 0.9157301783561707 and parameters: {'n_conv_layers': 7, 'n_dense_layers': 3, 'maxpooling0': False, 'batchnormalization0': True, 'filtersind1': 8, 'kernel_size1': 3, 'maxpooling1': False, 'batchnormalization1': False, 'filtersind2': 6, 'kernel_size2': 3, 'maxpooling2': False, 'batchnormalization2': False, 'filtersind3': 6, 'kernel_size3': 5, 'maxpooling3': True, 'batchnormalization3': True, 'filtersind4': 7, 'kernel_size4': 3, 'maxpooling4': True, 'batchnormalization4': False, 'filtersind5': 5, 'kernel_size5': 11, 'maxpooling5': True, 'batchnormalization5': True, 'filtersind6': 6, 'kernel_size6': 5, 'maxpooling6': False, 'batchnormalization6': False, 'dropout': 0.0014076007673499242, 'num_hidden_neurons0': 47, 'num_hidden_neurons1': 69, 'learnind': 4, 'batchind': 8, 'epochs': 39}. Best is trial 21 with value: 0.676855742931366.
Best trial: 21. Best value: 0.676856:   41%|███▎    | 14:56:58/36:32:36 Convolutional Layers: 5
 Dense Layers: 2
 Learning rate: 0.0001
 Batch Size: 128
 Epochs: 84
Epoch 13: early stopping
[I 2024-06-28 13:25:32,369] Trial 82 finished with value: 0.8615410923957825 and parameters: {'n_conv_layers': 5, 'n_dense_layers': 2, 'maxpooling0': False, 'batchnormalization0': True, 'filtersind1': 8, 'kernel_size1': 3, 'maxpooling1': True, 'batchnormalization1': True, 'filtersind2': 7, 'kernel_size2': 9, 'maxpooling2': False, 'batchnormalization2': False, 'filtersind3': 6, 'kernel_size3': 9, 'maxpooling3': True, 'batchnormalization3': False, 'filtersind4': 5, 'kernel_size4': 7, 'maxpooling4': True, 'batchnormalization4': True, 'dropout': 0.04969449209897645, 'num_hidden_neurons0': 63, 'learnind': 4, 'batchind': 7, 'epochs': 84}. Best is trial 21 with value: 0.676855742931366.
Best trial: 21. Best value: 0.676856:   41%|███▎    | 15:05:56/36:32:36 Convolutional Layers: 5
 Dense Layers: 2
 Learning rate: 0.001
 Batch Size: 128
 Epochs: 42
Epoch 10: early stopping
[I 2024-06-28 13:33:23,005] Trial 83 finished with value: 0.7088359594345093 and parameters: {'n_conv_layers': 5, 'n_dense_layers': 2, 'maxpooling0': False, 'batchnormalization0': True, 'filtersind1': 8, 'kernel_size1': 3, 'maxpooling1': True, 'batchnormalization1': True, 'filtersind2': 7, 'kernel_size2': 9, 'maxpooling2': False, 'batchnormalization2': False, 'filtersind3': 6, 'kernel_size3': 9, 'maxpooling3': True, 'batchnormalization3': False, 'filtersind4': 5, 'kernel_size4': 7, 'maxpooling4': True, 'batchnormalization4': True, 'dropout': 0.02203300686262296, 'num_hidden_neurons0': 27, 'learnind': 3, 'batchind': 7, 'epochs': 42}. Best is trial 21 with value: 0.676855742931366.
Best trial: 21. Best value: 0.676856:   42%|███▎    | 15:13:47/36:32:36 Convolutional Layers: 6
 Dense Layers: 2
 Learning rate: 0.0001
 Batch Size: 128
 Epochs: 32
Epoch 12: early stopping
[I 2024-06-28 13:43:53,216] Trial 85 finished with value: 0.8173815608024597 and parameters: {'n_conv_layers': 6, 'n_dense_layers': 2, 'maxpooling0': False, 'batchnormalization0': True, 'filtersind1': 8, 'kernel_size1': 3, 'maxpooling1': True, 'batchnormalization1': True, 'filtersind2': 7, 'kernel_size2': 9, 'maxpooling2': False, 'batchnormalization2': False, 'filtersind3': 6, 'kernel_size3': 9, 'maxpooling3': True, 'batchnormalization3': False, 'filtersind4': 5, 'kernel_size4': 9, 'maxpooling4': True, 'batchnormalization4': True, 'filtersind5': 6, 'kernel_size5': 9, 'maxpooling5': False, 'batchnormalization5': True, 'dropout': 0.03617809943213304, 'num_hidden_neurons0': 19, 'learnind': 4, 'batchind': 7, 'epochs': 32}. Best is trial 21 with value: 0.676855742931366.
Best trial: 21. Best value: 0.676856:   42%|███▎    | 15:24:17/36:32:36 Convolutional Layers: 6
 Dense Layers: 2
 Learning rate: 0.0001
 Batch Size: 64
 Epochs: 98
Epoch 10: early stopping
[I 2024-06-28 13:54:55,304] Trial 87 finished with value: 0.8053314685821533 and parameters: {'n_conv_layers': 6, 'n_dense_layers': 2, 'maxpooling0': False, 'batchnormalization0': True, 'filtersind1': 8, 'kernel_size1': 3, 'maxpooling1': True, 'batchnormalization1': True, 'filtersind2': 7, 'kernel_size2': 11, 'maxpooling2': False, 'batchnormalization2': False, 'filtersind3': 6, 'kernel_size3': 9, 'maxpooling3': True, 'batchnormalization3': False, 'filtersind4': 6, 'kernel_size4': 5, 'maxpooling4': True, 'batchnormalization4': True, 'filtersind5': 6, 'kernel_size5': 9, 'maxpooling5': False, 'batchnormalization5': True, 'dropout': 0.02170554550960064, 'num_hidden_neurons0': 24, 'learnind': 4, 'batchind': 6, 'epochs': 98}. Best is trial 21 with value: 0.676855742931366.
Best trial: 21. Best value: 0.676856:   43%|███▍    | 15:35:19/36:32:36 Convolutional Layers: 5
 Dense Layers: 1
 Learning rate: 1e-05
 Batch Size: 16
 Epochs: 76
Epoch 9: early stopping
