(optuna) D:\Users\SuperUser\OneDrive\mestrado\pesquisa\optuna\cifar-10>python keras_simple_cifar10_exp4.py
2024-06-27 22:19:34.219992: I tensorflow/core/platform/cpu_feature_guard.cc:193] This TensorFlow binary is optimized with oneAPI Deep Neural Network Library (oneDNN) to use the following CPU instructions in performance-critical operations:  AVX AVX2
To enable them in other operations, rebuild TensorFlow with the appropriate compiler flags.
2024-06-27 22:19:35.225646: I tensorflow/core/common_runtime/gpu/gpu_device.cc:1616] Created device /job:localhost/replica:0/task:0/device:GPU:0 with 6656 MB memory:  -> device: 0, name: NVIDIA GeForce RTX 4060 Ti, pci bus id: 0000:01:00.0, compute capability: 8.9
1 Physical GPUs, 1 Logical GPUs
D:\Users\SuperUser\OneDrive\mestrado\pesquisa\optuna\cifar-10\keras_simple_cifar10_exp4.py:157: ExperimentalWarning: JournalStorage is experimental (supported from v3.1.0). The interface can change in the future.
  storage = JournalStorage(JournalFileStorage("optuna-journal4.log"))
[I 2024-06-27 22:19:35,835] Using an existing study with name 'Experiment4' instead of creating a new one.
   0%|                                                 | 00:00/36:32:36 Convolutional Layers: 3
 Dense Layers: 3
 Learning rate: 0.01
 Batch Size: 32
 Epochs: 205
2024-06-27 22:19:37.501661: I tensorflow/stream_executor/cuda/cuda_dnn.cc:384] Loaded cuDNN version 8100
2024-06-27 22:19:38.914309: W tensorflow/stream_executor/gpu/redzone_allocator.cc:314] INTERNAL: ptxas exited with non-zero error code -1, output:
Relying on driver to perform ptx compilation.
Modify $PATH to customize ptxas location.
This message will be only logged once.
2024-06-27 22:19:40.476277: I tensorflow/stream_executor/cuda/cuda_blas.cc:1614] TensorFloat-32 will be used for the matrix multiplication. This will only be logged once.
Epoch 18: early stopping
[I 2024-06-27 22:25:42,485] Trial 1 finished with value: 2.1425483226776123 and parameters: {'n_conv_layers': 3, 'n_dense_layers': 3, 'maxpooling0': True, 'batchnormalization0': False, 'filtersind1': 8, 'kernel_size1': 7, 'maxpooling1': True, 'batchnormalization1': True, 'filtersind2': 6, 'kernel_size2': 5, 'maxpooling2': True, 'batchnormalization2': True, 'dropout': 0.2419648705045957, 'num_hidden_neurons0': 5, 'num_hidden_neurons1': 9, 'learnind': 2, 'batchind': 5, 'epochs': 205}. Best is trial 0 with value: 1.1473191976547241.
Best trial: 0. Best value: 1.14732:    0%|             | 06:06/36:32:36 Convolutional Layers: 7
 Dense Layers: 2
 Learning rate: 1
 Batch Size: 16
 Epochs: 276
Epoch 30: early stopping
[I 2024-06-27 22:41:13,699] Trial 3 finished with value: 5.334942817687988 and parameters: {'n_conv_layers': 7, 'n_dense_layers': 2, 'maxpooling0': True, 'batchnormalization0': False, 'filtersind1': 7, 'kernel_size1': 5, 'maxpooling1': True, 'batchnormalization1': False, 'filtersind2': 5, 'kernel_size2': 3, 'maxpooling2': False, 'batchnormalization2': False, 'filtersind3': 8, 'kernel_size3': 7, 'maxpooling3': False, 'batchnormalization3': False, 'filtersind4': 8, 'kernel_size4': 3, 'maxpooling4': False, 'batchnormalization4': False, 'filtersind5': 7, 'kernel_size5': 5, 'maxpooling5': False, 'batchnormalization5': False, 'filtersind6': 5, 'kernel_size6': 5, 'maxpooling6': False, 'batchnormalization6': False, 'dropout': 0.18556950263150168, 'num_hidden_neurons0': 17, 'learnind': 0, 'batchind': 4, 'epochs': 276}. Best is trial 2 with value: 0.9845523238182068.
Best trial: 2. Best value: 0.984552:    1%|            | 21:37/36:32:36 Convolutional Layers: 2
 Dense Layers: 3
 Learning rate: 0.01
 Batch Size: 256
 Epochs: 250
Epoch 16: early stopping
[I 2024-06-27 22:43:15,090] Trial 6 finished with value: 2.3031585216522217 and parameters: {'n_conv_layers': 2, 'n_dense_layers': 3, 'maxpooling0': True, 'batchnormalization0': True, 'filtersind1': 7, 'kernel_size1': 7, 'maxpooling1': True, 'batchnormalization1': False, 'dropout': 0.20150137995872347, 'num_hidden_neurons0': 5, 'num_hidden_neurons1': 5, 'learnind': 2, 'batchind': 8, 'epochs': 250}. Best is trial 2 with value: 0.9845523238182068.
Best trial: 2. Best value: 0.984552:    1%|▏           | 23:39/36:32:36 Convolutional Layers: 5
 Dense Layers: 3
 Learning rate: 1e-05
 Batch Size: 64
 Epochs: 18
[I 2024-06-27 22:58:48,324] Trial 7 finished with value: 1.7118852138519287 and parameters: {'n_conv_layers': 5, 'n_dense_layers': 3, 'maxpooling0': False, 'batchnormalization0': False, 'filtersind1': 6, 'kernel_size1': 11, 'maxpooling1': False, 'batchnormalization1': False, 'filtersind2': 6, 'kernel_size2': 5, 'maxpooling2': False, 'batchnormalization2': True, 'filtersind3': 7, 'kernel_size3': 3, 'maxpooling3': True, 'batchnormalization3': False, 'filtersind4': 7, 'kernel_size4': 9, 'maxpooling4': False, 'batchnormalization4': True, 'dropout': 0.19468806394254384, 'num_hidden_neurons0': 67, 'num_hidden_neurons1': 4, 'learnind': 5, 'batchind': 6, 'epochs': 18}. Best is trial 2 with value: 0.9845523238182068.
Best trial: 2. Best value: 0.984552:    2%|▏           | 39:12/36:32:36 Convolutional Layers: 2
 Dense Layers: 2
 Learning rate: 1e-05
 Batch Size: 128
 Epochs: 52
[I 2024-06-27 23:06:49,048] Trial 8 finished with value: 0.9253563284873962 and parameters: {'n_conv_layers': 2, 'n_dense_layers': 2, 'maxpooling0': False, 'batchnormalization0': True, 'filtersind1': 5, 'kernel_size1': 7, 'maxpooling1': True, 'batchnormalization1': True, 'dropout': 0.25294802208464573, 'num_hidden_neurons0': 114, 'learnind': 5, 'batchind': 7, 'epochs': 52}. Best is trial 8 with value: 0.9253563284873962.
Best trial: 8. Best value: 0.925356:    2%|▎           | 47:13/36:32:36 Convolutional Layers: 3
 Dense Layers: 3
 Learning rate: 0.1
 Batch Size: 32
 Epochs: 145
Epoch 10: early stopping
[I 2024-06-27 23:08:41,029] Trial 9 finished with value: 3.2608649730682373 and parameters: {'n_conv_layers': 3, 'n_dense_layers': 3, 'maxpooling0': True, 'batchnormalization0': True, 'filtersind1': 6, 'kernel_size1': 3, 'maxpooling1': False, 'batchnormalization1': False, 'filtersind2': 5, 'kernel_size2': 7, 'maxpooling2': True, 'batchnormalization2': False, 'dropout': 0.24610618128233747, 'num_hidden_neurons0': 14, 'num_hidden_neurons1': 108, 'learnind': 1, 'batchind': 5, 'epochs': 145}. Best is trial 8 with value: 0.9253563284873962.
Best trial: 8. Best value: 0.925356:    2%|▎           | 49:05/36:32:36 Convolutional Layers: 8
 Dense Layers: 1
 Learning rate: 0.1
 Batch Size: 64
 Epochs: 30
Epoch 9: early stopping
[I 2024-06-27 23:10:22,099] Trial 10 finished with value: 2.46051025390625 and parameters: {'n_conv_layers': 8, 'n_dense_layers': 1, 'maxpooling0': True, 'batchnormalization0': False, 'filtersind1': 5, 'kernel_size1': 3, 'maxpooling1': True, 'batchnormalization1': True, 'filtersind2': 7, 'kernel_size2': 7, 'maxpooling2': True, 'batchnormalization2': False, 'filtersind3': 8, 'kernel_size3': 5, 'maxpooling3': True, 'batchnormalization3': False, 'filtersind4': 5, 'kernel_size4': 11, 'batchnormalization4': False, 'filtersind5': 6, 'kernel_size5': 3, 'batchnormalization5': False, 'filtersind6': 5, 'kernel_size6': 7, 'batchnormalization6': False, 'filtersind7': 8, 'kernel_size7': 3, 'batchnormalization7': True, 'dropout': 0.47920517343282076, 'learnind': 1, 'batchind': 6, 'epochs': 30}. Best is trial 8 with value: 0.9253563284873962.
Best trial: 8. Best value: 0.925356:    2%|▎           | 50:46/36:32:36 Convolutional Layers: 1
 Dense Layers: 2
 Learning rate: 1e-05
 Batch Size: 1024
 Epochs: 83
[I 2024-06-27 23:15:25,681] Trial 11 finished with value: 1.1131418943405151 and parameters: {'n_conv_layers': 1, 'n_dense_layers': 2, 'maxpooling0': False, 'batchnormalization0': True, 'dropout': 0.3635438643179314, 'num_hidden_neurons0': 121, 'learnind': 5, 'batchind': 10, 'epochs': 83}. Best is trial 8 with value: 0.9253563284873962.
Best trial: 8. Best value: 0.925356:    3%|▎           | 55:49/36:32:36 Convolutional Layers: 6
 Dense Layers: 1
 Learning rate: 0.0001
 Batch Size: 512
 Epochs: 115
Epoch 15: early stopping
[I 2024-06-27 23:32:50,171] Trial 12 finished with value: 0.9935249090194702 and parameters: {'n_conv_layers': 6, 'n_dense_layers': 1, 'maxpooling0': False, 'batchnormalization0': True, 'filtersind1': 8, 'kernel_size1': 9, 'maxpooling1': True, 'batchnormalization1': True, 'filtersind2': 7, 'kernel_size2': 3, 'maxpooling2': False, 'batchnormalization2': True, 'filtersind3': 6, 'kernel_size3': 5, 'maxpooling3': False, 'batchnormalization3': True, 'filtersind4': 5, 'kernel_size4': 7, 'maxpooling4': True, 'batchnormalization4': True, 'filtersind5': 8, 'kernel_size5': 3, 'maxpooling5': True, 'batchnormalization5': True, 'dropout': 0.02546229480884099, 'learnind': 4, 'batchind': 9, 'epochs': 115}. Best is trial 8 with value: 0.9253563284873962.
Best trial: 8. Best value: 0.925356:    3%|▎         | 1:13:14/36:32:36 Convolutional Layers: 8
 Dense Layers: 2
 Learning rate: 0.0001
 Batch Size: 16
 Epochs: 80
Epoch 10: early stopping
[I 2024-06-28 00:03:56,793] Trial 13 finished with value: 0.7563077807426453 and parameters: {'n_conv_layers': 8, 'n_dense_layers': 2, 'maxpooling0': False, 'batchnormalization0': True, 'filtersind1': 8, 'kernel_size1': 3, 'maxpooling1': True, 'batchnormalization1': True, 'filtersind2': 8, 'kernel_size2': 11, 'maxpooling2': False, 'batchnormalization2': True, 'filtersind3': 7, 'kernel_size3': 11, 'maxpooling3': True, 'batchnormalization3': True, 'filtersind4': 6, 'kernel_size4': 7, 'maxpooling4': True, 'batchnormalization4': True, 'filtersind5': 8, 'kernel_size5': 9, 'maxpooling5': True, 'batchnormalization5': True, 'filtersind6': 8, 'kernel_size6': 5, 'batchnormalization6': True, 'filtersind7': 5, 'kernel_size7': 5, 'batchnormalization7': False, 'dropout': 0.34382867200279227, 'num_hidden_neurons0': 49, 'learnind': 4, 'batchind': 4, 'epochs': 80}. Best is trial 13 with value: 0.7563077807426453.
Best trial: 13. Best value: 0.756308:    5%|▍        | 1:44:20/36:32:36 Convolutional Layers: 1
 Dense Layers: 2
 Learning rate: 0.0001
 Batch Size: 16
 Epochs: 78
Epoch 15: early stopping
[I 2024-06-28 00:07:41,693] Trial 15 finished with value: 1.1630862951278687 and parameters: {'n_conv_layers': 1, 'n_dense_layers': 2, 'maxpooling0': False, 'batchnormalization0': True, 'dropout': 0.3373467732203834, 'num_hidden_neurons0': 42, 'learnind': 4, 'batchind': 4, 'epochs': 78}. Best is trial 13 with value: 0.7563077807426453.
Best trial: 13. Best value: 0.756308:    5%|▍        | 1:48:05/36:32:36 Convolutional Layers: 5
 Dense Layers: 2
 Learning rate: 0.0001
 Batch Size: 256
 Epochs: 62
Epoch 13: early stopping
[I 2024-06-28 00:18:16,304] Trial 16 finished with value: 0.8145796060562134 and parameters: {'n_conv_layers': 5, 'n_dense_layers': 2, 'maxpooling0': False, 'batchnormalization0': True, 'filtersind1': 5, 'kernel_size1': 7, 'maxpooling1': True, 'batchnormalization1': True, 'filtersind2': 8, 'kernel_size2': 11, 'maxpooling2': False, 'batchnormalization2': False, 'filtersind3': 6, 'kernel_size3': 11, 'maxpooling3': True, 'batchnormalization3': True, 'filtersind4': 7, 'kernel_size4': 5, 'maxpooling4': True, 'batchnormalization4': True, 'dropout': 0.3389674611391957, 'num_hidden_neurons0': 45, 'learnind': 4, 'batchind': 8, 'epochs': 62}. Best is trial 14 with value: 0.7094420790672302.
Best trial: 14. Best value: 0.709442:    5%|▍        | 1:58:40/36:32:36 Convolutional Layers: 8
 Dense Layers: 2
 Learning rate: 0.001
 Batch Size: 16
 Epochs: 170
Epoch 21: early stopping
[I 2024-06-28 01:44:06,663] Trial 18 finished with value: 0.9202409982681274 and parameters: {'n_conv_layers': 8, 'n_dense_layers': 2, 'maxpooling0': False, 'batchnormalization0': True, 'filtersind1': 8, 'kernel_size1': 9, 'maxpooling1': True, 'batchnormalization1': True, 'filtersind2': 8, 'kernel_size2': 11, 'maxpooling2': False, 'batchnormalization2': False, 'filtersind3': 7, 'kernel_size3': 9, 'maxpooling3': True, 'batchnormalization3': True, 'filtersind4': 6, 'kernel_size4': 7, 'maxpooling4': True, 'batchnormalization4': True, 'filtersind5': 8, 'kernel_size5': 7, 'maxpooling5': True, 'batchnormalization5': True, 'filtersind6': 8, 'kernel_size6': 9, 'batchnormalization6': True, 'filtersind7': 5, 'kernel_size7': 7, 'batchnormalization7': False, 'dropout': 0.3754240961863392, 'num_hidden_neurons0': 29, 'learnind': 3, 'batchind': 4, 'epochs': 170}. Best is trial 14 with value: 0.7094420790672302.
Best trial: 14. Best value: 0.709442:    9%|▊        | 3:24:30/36:32:36 Convolutional Layers: 6
 Dense Layers: 1
 Learning rate: 0.001
 Batch Size: 32
 Epochs: 109
Epoch 12: early stopping
[I 2024-06-28 02:08:11,965] Trial 21 finished with value: 0.676855742931366 and parameters: {'n_conv_layers': 6, 'n_dense_layers': 1, 'maxpooling0': False, 'batchnormalization0': True, 'filtersind1': 7, 'kernel_size1': 3, 'maxpooling1': False, 'batchnormalization1': True, 'filtersind2': 7, 'kernel_size2': 9, 'maxpooling2': False, 'batchnormalization2': False, 'filtersind3': 6, 'kernel_size3': 9, 'maxpooling3': False, 'batchnormalization3': True, 'filtersind4': 7, 'kernel_size4': 5, 'maxpooling4': True, 'batchnormalization4': False, 'filtersind5': 5, 'kernel_size5': 11, 'maxpooling5': False, 'batchnormalization5': True, 'dropout': 0.40648875240277, 'learnind': 3, 'batchind': 5, 'epochs': 109}. Best is trial 21 with value: 0.676855742931366.
Best trial: 21. Best value: 0.676856:   10%|▉        | 3:48:36/36:32:36 Convolutional Layers: 6
 Dense Layers: 1
 Learning rate: 0.001
 Batch Size: 32
 Epochs: 149
Epoch 17: early stopping
[I 2024-06-28 02:59:44,531] Trial 24 finished with value: 0.9007748961448669 and parameters: {'n_conv_layers': 6, 'n_dense_layers': 1, 'maxpooling0': False, 'batchnormalization0': True, 'filtersind1': 8, 'kernel_size1': 3, 'maxpooling1': False, 'batchnormalization1': True, 'filtersind2': 7, 'kernel_size2': 9, 'maxpooling2': False, 'batchnormalization2': False, 'filtersind3': 5, 'kernel_size3': 9, 'maxpooling3': False, 'batchnormalization3': True, 'filtersind4': 7, 'kernel_size4': 5, 'maxpooling4': True, 'batchnormalization4': False, 'filtersind5': 6, 'kernel_size5': 11, 'maxpooling5': False, 'batchnormalization5': True, 'dropout': 0.28834033953697585, 'learnind': 3, 'batchind': 5, 'epochs': 149}. Best is trial 21 with value: 0.676855742931366.
Best trial: 21. Best value: 0.676856:   13%|█▏       | 4:40:08/36:32:36 Convolutional Layers: 5
 Dense Layers: 1
 Learning rate: 0.01
 Batch Size: 64
 Epochs: 51
Epoch 7: early stopping
[I 2024-06-28 03:18:58,919] Trial 26 finished with value: 2.1618993282318115 and parameters: {'n_conv_layers': 5, 'n_dense_layers': 1, 'maxpooling0': False, 'batchnormalization0': True, 'filtersind1': 8, 'kernel_size1': 3, 'maxpooling1': False, 'batchnormalization1': True, 'filtersind2': 8, 'kernel_size2': 3, 'maxpooling2': False, 'batchnormalization2': False, 'filtersind3': 6, 'kernel_size3': 9, 'maxpooling3': False, 'batchnormalization3': True, 'filtersind4': 8, 'kernel_size4': 5, 'maxpooling4': False, 'batchnormalization4': False, 'dropout': 0.4121860563059096, 'learnind': 2, 'batchind': 6, 'epochs': 51}. Best is trial 21 with value: 0.676855742931366.
Best trial: 21. Best value: 0.676856:   14%|█▏       | 4:59:23/36:32:36 Convolutional Layers: 6
 Dense Layers: 1
 Learning rate: 0.0001
 Batch Size: 16
 Epochs: 182
Epoch 14: early stopping
[I 2024-06-28 03:57:45,108] Trial 27 finished with value: 1.1771084070205688 and parameters: {'n_conv_layers': 6, 'n_dense_layers': 1, 'maxpooling0': False, 'batchnormalization0': True, 'filtersind1': 7, 'kernel_size1': 11, 'maxpooling1': False, 'batchnormalization1': True, 'filtersind2': 7, 'kernel_size2': 9, 'maxpooling2': True, 'batchnormalization2': False, 'filtersind3': 6, 'kernel_size3': 9, 'maxpooling3': False, 'batchnormalization3': False, 'filtersind4': 7, 'kernel_size4': 11, 'maxpooling4': True, 'batchnormalization4': False, 'filtersind5': 6, 'kernel_size5': 11, 'maxpooling5': False, 'batchnormalization5': False, 'dropout': 0.29720095426884263, 'learnind': 4, 'batchind': 4, 'epochs': 182}. Best is trial 21 with value: 0.676855742931366.
Best trial: 21. Best value: 0.676856:   15%|█▍       | 5:38:09/36:32:36 Convolutional Layers: 4
 Dense Layers: 2
 Learning rate: 0.0001
 Batch Size: 32
 Epochs: 130
Epoch 63: early stopping
[I 2024-06-28 07:13:40,225] Trial 28 finished with value: 1.0236867666244507 and parameters: {'n_conv_layers': 4, 'n_dense_layers': 2, 'maxpooling0': False, 'batchnormalization0': True, 'filtersind1': 8, 'kernel_size1': 7, 'maxpooling1': False, 'batchnormalization1': True, 'filtersind2': 7, 'kernel_size2': 9, 'maxpooling2': False, 'batchnormalization2': False, 'filtersind3': 7, 'kernel_size3': 7, 'maxpooling3': False, 'batchnormalization3': True, 'dropout': 0.39790459329833106, 'num_hidden_neurons0': 9, 'learnind': 4, 'batchind': 5, 'epochs': 130}. Best is trial 21 with value: 0.676855742931366.
Best trial: 21. Best value: 0.676856:   24%|██▏      | 8:54:04/36:32:36 Convolutional Layers: 7
 Dense Layers: 3
 Learning rate: 0.01
 Batch Size: 16
 Epochs: 97
Epoch 9: early stopping
[I 2024-06-28 07:25:37,448] Trial 36 finished with value: 2.448942184448242 and parameters: {'n_conv_layers': 7, 'n_dense_layers': 3, 'maxpooling0': False, 'batchnormalization0': False, 'filtersind1': 6, 'kernel_size1': 3, 'maxpooling1': True, 'batchnormalization1': True, 'filtersind2': 8, 'kernel_size2': 9, 'maxpooling2': False, 'batchnormalization2': False, 'filtersind3': 6, 'kernel_size3': 9, 'maxpooling3': True, 'batchnormalization3': True, 'filtersind4': 7, 'kernel_size4': 5, 'maxpooling4': True, 'batchnormalization4': True, 'filtersind5': 5, 'kernel_size5': 9, 'maxpooling5': True, 'batchnormalization5': True, 'filtersind6': 6, 'kernel_size6': 7, 'batchnormalization6': False, 'dropout': 0.2109238912889289, 'num_hidden_neurons0': 26, 'num_hidden_neurons1': 118, 'learnind': 2, 'batchind': 4, 'epochs': 97}. Best is trial 21 with value: 0.676855742931366.
Best trial: 21. Best value: 0.676856:   25%|██▏      | 9:06:01/36:32:36 Convolutional Layers: 8
 Dense Layers: 3
 Learning rate: 1
 Batch Size: 16
 Epochs: 215
Epoch 30: early stopping
[I 2024-06-28 07:43:33,401] Trial 38 finished with value: 21.764427185058594 and parameters: {'n_conv_layers': 8, 'n_dense_layers': 3, 'maxpooling0': True, 'batchnormalization0': False, 'filtersind1': 8, 'kernel_size1': 5, 'maxpooling1': True, 'batchnormalization1': True, 'filtersind2': 8, 'kernel_size2': 3, 'maxpooling2': True, 'batchnormalization2': False, 'filtersind3': 6, 'kernel_size3': 3, 'maxpooling3': True, 'batchnormalization3': True, 'filtersind4': 6, 'kernel_size4': 5, 'batchnormalization4': False, 'filtersind5': 7, 'kernel_size5': 5, 'batchnormalization5': True, 'filtersind6': 6, 'kernel_size6': 7, 'batchnormalization6': False, 'filtersind7': 7, 'kernel_size7': 9, 'batchnormalization7': True, 'dropout': 0.13189239243436196, 'num_hidden_neurons0': 8, 'num_hidden_neurons1': 45, 'learnind': 0, 'batchind': 4, 'epochs': 215}. Best is trial 21 with value: 0.676855742931366.
Best trial: 21. Best value: 0.676856:   26%|██▎      | 9:23:57/36:32:36 Convolutional Layers: 7
 Dense Layers: 3
 Learning rate: 0.0001
 Batch Size: 16
 Epochs: 126
Epoch 16: early stopping
[I 2024-06-28 07:58:35,327] Trial 40 finished with value: 1.0608460903167725 and parameters: {'n_conv_layers': 7, 'n_dense_layers': 3, 'maxpooling0': True, 'batchnormalization0': False, 'filtersind1': 8, 'kernel_size1': 5, 'maxpooling1': True, 'batchnormalization1': False, 'filtersind2': 8, 'kernel_size2': 5, 'maxpooling2': False, 'batchnormalization2': False, 'filtersind3': 5, 'kernel_size3': 9, 'maxpooling3': True, 'batchnormalization3': True, 'filtersind4': 7, 'kernel_size4': 5, 'maxpooling4': True, 'batchnormalization4': True, 'filtersind5': 6, 'kernel_size5': 7, 'batchnormalization5': False, 'filtersind6': 7, 'kernel_size6': 11, 'batchnormalization6': True, 'dropout': 0.2242993047479242, 'num_hidden_neurons0': 7, 'num_hidden_neurons1': 45, 'learnind': 4, 'batchind': 4, 'epochs': 126}. Best is trial 21 with value: 0.676855742931366.
Best trial: 21. Best value: 0.676856:   26%|██▍      | 9:38:59/36:32:36 Convolutional Layers: 6
 Dense Layers: 2
 Learning rate: 0.001
 Batch Size: 32
 Epochs: 114
Epoch 23: early stopping
[I 2024-06-28 08:16:19,366] Trial 42 finished with value: 0.8048278093338013 and parameters: {'n_conv_layers': 6, 'n_dense_layers': 2, 'maxpooling0': False, 'batchnormalization0': False, 'filtersind1': 7, 'kernel_size1': 3, 'maxpooling1': True, 'batchnormalization1': True, 'filtersind2': 6, 'kernel_size2': 9, 'maxpooling2': False, 'batchnormalization2': False, 'filtersind3': 7, 'kernel_size3': 9, 'maxpooling3': True, 'batchnormalization3': True, 'filtersind4': 7, 'kernel_size4': 7, 'maxpooling4': True, 'batchnormalization4': True, 'filtersind5': 5, 'kernel_size5': 9, 'maxpooling5': True, 'batchnormalization5': True, 'dropout': 0.27147860248361017, 'num_hidden_neurons0': 4, 'learnind': 3, 'batchind': 5, 'epochs': 114}. Best is trial 21 with value: 0.676855742931366.
Best trial: 21. Best value: 0.676856:   27%|██▍      | 9:56:43/36:32:36 Convolutional Layers: 5
 Dense Layers: 2
 Learning rate: 0.001
 Batch Size: 64
 Epochs: 69
Epoch 19: early stopping
