[I 2024-06-28 21:16:57,219] Trial 135 finished with value: 0.6797931790351868 and parameters: {'n_conv_layers': 5, 'n_dense_layers': 2, 'maxpooling0': False, 'batchnormalization0': False, 'filtersind1': 8, 'kernel_size1': 3, 'maxpooling1': True, 'batchnormalization1': True, 'filtersind2': 8, 'kernel_size2': 9, 'maxpooling2': False, 'batchnormalization2': False, 'filtersind3': 6, 'kernel_size3': 5, 'maxpooling3': True, 'batchnormalization3': True, 'filtersind4': 7, 'kernel_size4': 7, 'maxpooling4': True, 'batchnormalization4': True, 'dropout': 0.1334750071876739, 'num_hidden_neurons0': 54, 'learnind': 3, 'batchind': 4, 'epochs': 31}. Best is trial 129 with value: 0.6421743631362915.
Best trial: 129. Best value: 0.642174:   63%|████▍  | 22:57:21/36:32:36 Convolutional Layers: 5
 Dense Layers: 2
 Learning rate: 0.001
 Batch Size: 16
 Epochs: 15
[I 2024-06-28 21:46:51,447] Trial 137 finished with value: 0.8293383717536926 and parameters: {'n_conv_layers': 5, 'n_dense_layers': 2, 'maxpooling0': False, 'batchnormalization0': False, 'filtersind1': 8, 'kernel_size1': 3, 'maxpooling1': True, 'batchnormalization1': True, 'filtersind2': 8, 'kernel_size2': 9, 'maxpooling2': False, 'batchnormalization2': False, 'filtersind3': 6, 'kernel_size3': 7, 'maxpooling3': True, 'batchnormalization3': True, 'filtersind4': 7, 'kernel_size4': 7, 'maxpooling4': True, 'batchnormalization4': True, 'dropout': 0.12404955649563285, 'num_hidden_neurons0': 16, 'learnind': 3, 'batchind': 4, 'epochs': 15}. Best is trial 129 with value: 0.6421743631362915.
Best trial: 129. Best value: 0.642174:   64%|████▍  | 23:27:15/36:32:36 Convolutional Layers: 1
 Dense Layers: 2
 Learning rate: 0.001
 Batch Size: 16
 Epochs: 29
Epoch 8: early stopping
[I 2024-06-28 21:48:03,894] Trial 138 finished with value: 1.3601688146591187 and parameters: {'n_conv_layers': 1, 'n_dense_layers': 2, 'maxpooling0': False, 'batchnormalization0': False, 'dropout': 0.1380892108061164, 'num_hidden_neurons0': 60, 'learnind': 3, 'batchind': 4, 'epochs': 29}. Best is trial 129 with value: 0.6421743631362915.
Best trial: 129. Best value: 0.642174:   64%|████▍  | 23:28:28/36:32:36 Convolutional Layers: 5
 Dense Layers: 2
 Learning rate: 0.001
 Batch Size: 16
 Epochs: 23
Epoch 18: early stopping
[I 2024-06-28 22:27:17,847] Trial 141 finished with value: 0.7508875727653503 and parameters: {'n_conv_layers': 5, 'n_dense_layers': 2, 'maxpooling0': False, 'batchnormalization0': False, 'filtersind1': 8, 'kernel_size1': 5, 'maxpooling1': True, 'batchnormalization1': True, 'filtersind2': 8, 'kernel_size2': 9, 'maxpooling2': False, 'batchnormalization2': False, 'filtersind3': 6, 'kernel_size3': 7, 'maxpooling3': True, 'batchnormalization3': True, 'filtersind4': 7, 'kernel_size4': 7, 'maxpooling4': True, 'batchnormalization4': True, 'dropout': 0.16030731983074092, 'num_hidden_neurons0': 45, 'learnind': 3, 'batchind': 4, 'epochs': 23}. Best is trial 129 with value: 0.6421743631362915.
Best trial: 129. Best value: 0.642174:   66%|████▌  | 24:07:42/36:32:36 Convolutional Layers: 5
 Dense Layers: 2
 Learning rate: 0.001
 Batch Size: 16
 Epochs: 20
Epoch 19: early stopping
[I 2024-06-28 23:09:03,126] Trial 143 finished with value: 0.7809020280838013 and parameters: {'n_conv_layers': 5, 'n_dense_layers': 2, 'maxpooling0': False, 'batchnormalization0': False, 'filtersind1': 8, 'kernel_size1': 5, 'maxpooling1': True, 'batchnormalization1': True, 'filtersind2': 8, 'kernel_size2': 9, 'maxpooling2': False, 'batchnormalization2': False, 'filtersind3': 6, 'kernel_size3': 7, 'maxpooling3': True, 'batchnormalization3': True, 'filtersind4': 7, 'kernel_size4': 7, 'maxpooling4': True, 'batchnormalization4': True, 'dropout': 0.12889136402601542, 'num_hidden_neurons0': 65, 'learnind': 3, 'batchind': 4, 'epochs': 20}. Best is trial 129 with value: 0.6421743631362915.
Best trial: 129. Best value: 0.642174:   68%|████▊  | 24:49:27/36:32:36 Convolutional Layers: 5
 Dense Layers: 2
 Learning rate: 0.001
 Batch Size: 16
 Epochs: 10
[I 2024-06-28 23:30:54,599] Trial 144 finished with value: 0.6847929954528809 and parameters: {'n_conv_layers': 5, 'n_dense_layers': 2, 'maxpooling0': False, 'batchnormalization0': False, 'filtersind1': 8, 'kernel_size1': 5, 'maxpooling1': True, 'batchnormalization1': True, 'filtersind2': 8, 'kernel_size2': 9, 'maxpooling2': False, 'batchnormalization2': False, 'filtersind3': 6, 'kernel_size3': 7, 'maxpooling3': True, 'batchnormalization3': True, 'filtersind4': 7, 'kernel_size4': 7, 'maxpooling4': True, 'batchnormalization4': True, 'dropout': 0.17071136827509203, 'num_hidden_neurons0': 47, 'learnind': 3, 'batchind': 4, 'epochs': 10}. Best is trial 129 with value: 0.6421743631362915.
Best trial: 129. Best value: 0.642174:   69%|████▊  | 25:11:18/36:32:36 Convolutional Layers: 5
 Dense Layers: 2
 Learning rate: 0.001
 Batch Size: 16
 Epochs: 10
[I 2024-06-28 23:40:49,754] Trial 146 finished with value: 0.6866059303283691 and parameters: {'n_conv_layers': 5, 'n_dense_layers': 2, 'maxpooling0': False, 'batchnormalization0': False, 'filtersind1': 5, 'kernel_size1': 5, 'maxpooling1': True, 'batchnormalization1': True, 'filtersind2': 8, 'kernel_size2': 9, 'maxpooling2': False, 'batchnormalization2': False, 'filtersind3': 6, 'kernel_size3': 7, 'maxpooling3': True, 'batchnormalization3': True, 'filtersind4': 7, 'kernel_size4': 7, 'maxpooling4': True, 'batchnormalization4': True, 'dropout': 0.18155213841705903, 'num_hidden_neurons0': 54, 'learnind': 3, 'batchind': 4, 'epochs': 10}. Best is trial 129 with value: 0.6421743631362915.
Best trial: 129. Best value: 0.642174:   69%|████▊  | 25:21:13/36:32:36 Convolutional Layers: 5
 Dense Layers: 2
 Learning rate: 0.001
 Batch Size: 16
 Epochs: 12
[I 2024-06-28 23:52:29,074] Trial 147 finished with value: 0.7826067209243774 and parameters: {'n_conv_layers': 5, 'n_dense_layers': 2, 'maxpooling0': False, 'batchnormalization0': False, 'filtersind1': 5, 'kernel_size1': 5, 'maxpooling1': True, 'batchnormalization1': True, 'filtersind2': 8, 'kernel_size2': 9, 'maxpooling2': False, 'batchnormalization2': False, 'filtersind3': 6, 'kernel_size3': 7, 'maxpooling3': True, 'batchnormalization3': True, 'filtersind4': 7, 'kernel_size4': 7, 'maxpooling4': True, 'batchnormalization4': True, 'dropout': 0.1752141607765192, 'num_hidden_neurons0': 56, 'learnind': 3, 'batchind': 4, 'epochs': 12}. Best is trial 129 with value: 0.6421743631362915.
Best trial: 129. Best value: 0.642174:   70%|████▉  | 25:32:53/36:32:36 Convolutional Layers: 5
 Dense Layers: 2
 Learning rate: 0.001
 Batch Size: 16
 Epochs: 18
[I 2024-06-29 00:09:39,715] Trial 149 finished with value: 0.6822481751441956 and parameters: {'n_conv_layers': 5, 'n_dense_layers': 2, 'maxpooling0': False, 'batchnormalization0': False, 'filtersind1': 5, 'kernel_size1': 5, 'maxpooling1': True, 'batchnormalization1': True, 'filtersind2': 8, 'kernel_size2': 9, 'maxpooling2': False, 'batchnormalization2': False, 'filtersind3': 6, 'kernel_size3': 7, 'maxpooling3': True, 'batchnormalization3': True, 'filtersind4': 7, 'kernel_size4': 7, 'maxpooling4': True, 'batchnormalization4': True, 'dropout': 0.10518120427160177, 'num_hidden_neurons0': 50, 'learnind': 3, 'batchind': 4, 'epochs': 18}. Best is trial 129 with value: 0.6421743631362915.
Best trial: 129. Best value: 0.642174:   71%|████▉  | 25:50:03/36:32:36 Convolutional Layers: 5
 Dense Layers: 2
 Learning rate: 0.001
 Batch Size: 16
 Epochs: 17
Epoch 12: early stopping
[I 2024-06-29 00:35:07,277] Trial 151 finished with value: 2.327549457550049 and parameters: {'n_conv_layers': 5, 'n_dense_layers': 2, 'maxpooling0': False, 'batchnormalization0': False, 'filtersind1': 5, 'kernel_size1': 5, 'maxpooling1': False, 'batchnormalization1': True, 'filtersind2': 8, 'kernel_size2': 9, 'maxpooling2': False, 'batchnormalization2': False, 'filtersind3': 6, 'kernel_size3': 7, 'maxpooling3': True, 'batchnormalization3': True, 'filtersind4': 7, 'kernel_size4': 7, 'maxpooling4': True, 'batchnormalization4': False, 'dropout': 0.10486476758991442, 'num_hidden_neurons0': 108, 'learnind': 3, 'batchind': 4, 'epochs': 17}. Best is trial 129 with value: 0.6421743631362915.
Best trial: 129. Best value: 0.642174:   72%|█████  | 26:15:31/36:32:36 Convolutional Layers: 5
 Dense Layers: 2
 Learning rate: 0.001
 Batch Size: 16
 Epochs: 29
Epoch 17: early stopping
[I 2024-06-29 00:50:14,664] Trial 154 finished with value: 0.7167026996612549 and parameters: {'n_conv_layers': 5, 'n_dense_layers': 2, 'maxpooling0': False, 'batchnormalization0': False, 'filtersind1': 5, 'kernel_size1': 5, 'maxpooling1': True, 'batchnormalization1': True, 'filtersind2': 8, 'kernel_size2': 9, 'maxpooling2': False, 'batchnormalization2': False, 'filtersind3': 6, 'kernel_size3': 7, 'maxpooling3': True, 'batchnormalization3': True, 'filtersind4': 7, 'kernel_size4': 7, 'maxpooling4': True, 'batchnormalization4': True, 'dropout': 0.1255859077927951, 'num_hidden_neurons0': 49, 'learnind': 3, 'batchind': 4, 'epochs': 29}. Best is trial 129 with value: 0.6421743631362915.
Best trial: 129. Best value: 0.642174:   73%|█████  | 26:30:38/36:32:36 Convolutional Layers: 5
 Dense Layers: 2
 Learning rate: 0.001
 Batch Size: 16
 Epochs: 25
Epoch 13: early stopping
[I 2024-06-29 01:01:52,215] Trial 156 finished with value: 0.7091975212097168 and parameters: {'n_conv_layers': 5, 'n_dense_layers': 2, 'maxpooling0': False, 'batchnormalization0': False, 'filtersind1': 5, 'kernel_size1': 5, 'maxpooling1': True, 'batchnormalization1': True, 'filtersind2': 8, 'kernel_size2': 9, 'maxpooling2': False, 'batchnormalization2': False, 'filtersind3': 6, 'kernel_size3': 7, 'maxpooling3': True, 'batchnormalization3': True, 'filtersind4': 7, 'kernel_size4': 7, 'maxpooling4': True, 'batchnormalization4': True, 'dropout': 0.1489131494163024, 'num_hidden_neurons0': 67, 'learnind': 3, 'batchind': 4, 'epochs': 25}. Best is trial 129 with value: 0.6421743631362915.
Best trial: 129. Best value: 0.642174:   73%|█████  | 26:42:16/36:32:36 Convolutional Layers: 5
 Dense Layers: 2
 Learning rate: 0.001
 Batch Size: 16
 Epochs: 30
Epoch 16: early stopping
[I 2024-06-29 01:16:02,492] Trial 157 finished with value: 0.7818291783332825 and parameters: {'n_conv_layers': 5, 'n_dense_layers': 2, 'maxpooling0': False, 'batchnormalization0': False, 'filtersind1': 5, 'kernel_size1': 5, 'maxpooling1': True, 'batchnormalization1': True, 'filtersind2': 8, 'kernel_size2': 9, 'maxpooling2': False, 'batchnormalization2': False, 'filtersind3': 6, 'kernel_size3': 7, 'maxpooling3': True, 'batchnormalization3': True, 'filtersind4': 7, 'kernel_size4': 7, 'maxpooling4': True, 'batchnormalization4': True, 'dropout': 0.1681810704493277, 'num_hidden_neurons0': 41, 'learnind': 3, 'batchind': 4, 'epochs': 30}. Best is trial 129 with value: 0.6421743631362915.
Best trial: 129. Best value: 0.642174:   74%|█████▏ | 26:56:26/36:32:36 Convolutional Layers: 5
 Dense Layers: 1
 Learning rate: 0.001
 Batch Size: 16
 Epochs: 21
Epoch 11: early stopping
[I 2024-06-29 01:25:52,989] Trial 160 finished with value: 0.8548936247825623 and parameters: {'n_conv_layers': 5, 'n_dense_layers': 1, 'maxpooling0': False, 'batchnormalization0': False, 'filtersind1': 5, 'kernel_size1': 5, 'maxpooling1': True, 'batchnormalization1': False, 'filtersind2': 8, 'kernel_size2': 9, 'maxpooling2': False, 'batchnormalization2': False, 'filtersind3': 6, 'kernel_size3': 7, 'maxpooling3': True, 'batchnormalization3': True, 'filtersind4': 7, 'kernel_size4': 7, 'maxpooling4': True, 'batchnormalization4': True, 'dropout': 0.18972242022127075, 'learnind': 3, 'batchind': 4, 'epochs': 21}. Best is trial 129 with value: 0.6421743631362915.
Best trial: 129. Best value: 0.642174:   74%|█████▏ | 27:06:17/36:32:36 Convolutional Layers: 5
 Dense Layers: 2
 Learning rate: 0.1
 Batch Size: 16
 Epochs: 15
Epoch 14: early stopping
[I 2024-06-29 01:56:08,087] Trial 162 finished with value: 3.4284913539886475 and parameters: {'n_conv_layers': 5, 'n_dense_layers': 2, 'maxpooling0': False, 'batchnormalization0': False, 'filtersind1': 8, 'kernel_size1': 5, 'maxpooling1': True, 'batchnormalization1': True, 'filtersind2': 8, 'kernel_size2': 9, 'maxpooling2': False, 'batchnormalization2': False, 'filtersind3': 6, 'kernel_size3': 7, 'maxpooling3': True, 'batchnormalization3': True, 'filtersind4': 7, 'kernel_size4': 7, 'maxpooling4': True, 'batchnormalization4': True, 'dropout': 0.11367303510804495, 'num_hidden_neurons0': 58, 'learnind': 1, 'batchind': 4, 'epochs': 15}. Best is trial 129 with value: 0.6421743631362915.
Best trial: 129. Best value: 0.642174:   76%|█████▎ | 27:36:32/36:32:36 Convolutional Layers: 5
 Dense Layers: 2
 Learning rate: 0.001
 Batch Size: 16
 Epochs: 35
Epoch 18: early stopping
[I 2024-06-29 02:35:25,232] Trial 164 finished with value: 0.6779605150222778 and parameters: {'n_conv_layers': 5, 'n_dense_layers': 2, 'maxpooling0': False, 'batchnormalization0': False, 'filtersind1': 8, 'kernel_size1': 5, 'maxpooling1': True, 'batchnormalization1': True, 'filtersind2': 8, 'kernel_size2': 9, 'maxpooling2': False, 'batchnormalization2': False, 'filtersind3': 6, 'kernel_size3': 7, 'maxpooling3': True, 'batchnormalization3': True, 'filtersind4': 7, 'kernel_size4': 7, 'maxpooling4': True, 'batchnormalization4': True, 'dropout': 0.1201160283165931, 'num_hidden_neurons0': 46, 'learnind': 3, 'batchind': 4, 'epochs': 35}. Best is trial 129 with value: 0.6421743631362915.
Best trial: 129. Best value: 0.642174:   77%|█████▍ | 28:15:49/36:32:36 Convolutional Layers: 5
 Dense Layers: 2
 Learning rate: 0.001
 Batch Size: 16
 Epochs: 25
Epoch 22: early stopping
[I 2024-06-29 03:23:23,190] Trial 166 finished with value: 0.6777330040931702 and parameters: {'n_conv_layers': 5, 'n_dense_layers': 2, 'maxpooling0': False, 'batchnormalization0': False, 'filtersind1': 8, 'kernel_size1': 5, 'maxpooling1': True, 'batchnormalization1': True, 'filtersind2': 8, 'kernel_size2': 9, 'maxpooling2': False, 'batchnormalization2': False, 'filtersind3': 6, 'kernel_size3': 7, 'maxpooling3': True, 'batchnormalization3': True, 'filtersind4': 7, 'kernel_size4': 7, 'maxpooling4': True, 'batchnormalization4': True, 'dropout': 0.12561878752635441, 'num_hidden_neurons0': 54, 'learnind': 3, 'batchind': 4, 'epochs': 25}. Best is trial 165 with value: 0.6353049874305725.
Best trial: 165. Best value: 0.635305:   80%|█████▌ | 29:03:47/36:32:36 Convolutional Layers: 5
 Dense Layers: 2
 Learning rate: 0.001
 Batch Size: 16
 Epochs: 39
Epoch 17: early stopping
[I 2024-06-29 04:00:26,411] Trial 168 finished with value: 0.7172949910163879 and parameters: {'n_conv_layers': 5, 'n_dense_layers': 2, 'maxpooling0': False, 'batchnormalization0': False, 'filtersind1': 8, 'kernel_size1': 5, 'maxpooling1': True, 'batchnormalization1': True, 'filtersind2': 8, 'kernel_size2': 9, 'maxpooling2': False, 'batchnormalization2': False, 'filtersind3': 6, 'kernel_size3': 7, 'maxpooling3': True, 'batchnormalization3': True, 'filtersind4': 7, 'kernel_size4': 7, 'maxpooling4': True, 'batchnormalization4': True, 'dropout': 0.12798983208053938, 'num_hidden_neurons0': 52, 'learnind': 3, 'batchind': 4, 'epochs': 39}. Best is trial 165 with value: 0.6353049874305725.
Best trial: 165. Best value: 0.635305:   81%|█████▋ | 29:40:50/36:32:36 Convolutional Layers: 5
 Dense Layers: 2
 Learning rate: 0.001
 Batch Size: 16
 Epochs: 25
[I 2024-06-29 04:54:46,927] Trial 169 finished with value: 0.6877244114875793 and parameters: {'n_conv_layers': 5, 'n_dense_layers': 2, 'maxpooling0': False, 'batchnormalization0': False, 'filtersind1': 8, 'kernel_size1': 5, 'maxpooling1': True, 'batchnormalization1': True, 'filtersind2': 8, 'kernel_size2': 9, 'maxpooling2': False, 'batchnormalization2': False, 'filtersind3': 6, 'kernel_size3': 7, 'maxpooling3': True, 'batchnormalization3': True, 'filtersind4': 7, 'kernel_size4': 7, 'maxpooling4': True, 'batchnormalization4': True, 'dropout': 0.4692089112011496, 'num_hidden_neurons0': 53, 'learnind': 3, 'batchind': 4, 'epochs': 25}. Best is trial 165 with value: 0.6353049874305725.
Best trial: 165. Best value: 0.635305:   84%|█████▊ | 30:35:11/36:32:36 Convolutional Layers: 5
 Dense Layers: 2
 Learning rate: 0.001
 Batch Size: 16
 Epochs: 26
Epoch 20: early stopping
[I 2024-06-29 05:38:20,953] Trial 172 finished with value: 0.7265202403068542 and parameters: {'n_conv_layers': 5, 'n_dense_layers': 2, 'maxpooling0': False, 'batchnormalization0': False, 'filtersind1': 8, 'kernel_size1': 5, 'maxpooling1': True, 'batchnormalization1': True, 'filtersind2': 8, 'kernel_size2': 9, 'maxpooling2': False, 'batchnormalization2': False, 'filtersind3': 6, 'kernel_size3': 7, 'maxpooling3': True, 'batchnormalization3': True, 'filtersind4': 7, 'kernel_size4': 7, 'maxpooling4': True, 'batchnormalization4': True, 'dropout': 0.10997917383049965, 'num_hidden_neurons0': 51, 'learnind': 3, 'batchind': 4, 'epochs': 26}. Best is trial 165 with value: 0.6353049874305725.
Best trial: 165. Best value: 0.635305:   86%|█████▉ | 31:18:45/36:32:36 Convolutional Layers: 5
 Dense Layers: 2
 Learning rate: 0.001
 Batch Size: 16
 Epochs: 10
[I 2024-06-29 06:00:08,133] Trial 174 finished with value: 0.844003438949585 and parameters: {'n_conv_layers': 5, 'n_dense_layers': 2, 'maxpooling0': False, 'batchnormalization0': False, 'filtersind1': 8, 'kernel_size1': 5, 'maxpooling1': True, 'batchnormalization1': True, 'filtersind2': 8, 'kernel_size2': 9, 'maxpooling2': False, 'batchnormalization2': False, 'filtersind3': 6, 'kernel_size3': 7, 'maxpooling3': True, 'batchnormalization3': True, 'filtersind4': 7, 'kernel_size4': 7, 'maxpooling4': True, 'batchnormalization4': True, 'dropout': 0.4593001234144315, 'num_hidden_neurons0': 55, 'learnind': 3, 'batchind': 4, 'epochs': 10}. Best is trial 165 with value: 0.6353049874305725.
Best trial: 165. Best value: 0.635305:   87%|██████ | 31:40:32/36:32:36 Convolutional Layers: 5
 Dense Layers: 2
 Learning rate: 0.001
 Batch Size: 16
 Epochs: 33
Epoch 20: early stopping
[I 2024-06-29 06:43:45,074] Trial 176 finished with value: 0.7215218544006348 and parameters: {'n_conv_layers': 5, 'n_dense_layers': 2, 'maxpooling0': False, 'batchnormalization0': False, 'filtersind1': 8, 'kernel_size1': 5, 'maxpooling1': True, 'batchnormalization1': True, 'filtersind2': 8, 'kernel_size2': 9, 'maxpooling2': False, 'batchnormalization2': False, 'filtersind3': 6, 'kernel_size3': 7, 'maxpooling3': True, 'batchnormalization3': True, 'filtersind4': 7, 'kernel_size4': 7, 'maxpooling4': True, 'batchnormalization4': True, 'dropout': 0.4776092074596941, 'num_hidden_neurons0': 72, 'learnind': 3, 'batchind': 4, 'epochs': 33}. Best is trial 165 with value: 0.6353049874305725.
Best trial: 165. Best value: 0.635305:   89%|██████▏| 32:24:09/36:32:36 Convolutional Layers: 5
 Dense Layers: 2
 Learning rate: 0.001
 Batch Size: 16
 Epochs: 18
[I 2024-06-29 07:22:53,122] Trial 178 finished with value: 0.6510177850723267 and parameters: {'n_conv_layers': 5, 'n_dense_layers': 2, 'maxpooling0': False, 'batchnormalization0': False, 'filtersind1': 8, 'kernel_size1': 5, 'maxpooling1': True, 'batchnormalization1': True, 'filtersind2': 8, 'kernel_size2': 9, 'maxpooling2': False, 'batchnormalization2': False, 'filtersind3': 6, 'kernel_size3': 7, 'maxpooling3': True, 'batchnormalization3': True, 'filtersind4': 7, 'kernel_size4': 7, 'maxpooling4': True, 'batchnormalization4': True, 'dropout': 0.13948183319925594, 'num_hidden_neurons0': 46, 'learnind': 3, 'batchind': 4, 'epochs': 18}. Best is trial 165 with value: 0.6353049874305725.
Best trial: 165. Best value: 0.635305:   90%|██████▎| 33:03:17/36:32:36 Convolutional Layers: 5
 Dense Layers: 2
 Learning rate: 0.001
 Batch Size: 16
 Epochs: 18
[I 2024-06-29 08:02:05,284] Trial 180 finished with value: 0.8213736414909363 and parameters: {'n_conv_layers': 5, 'n_dense_layers': 2, 'maxpooling0': False, 'batchnormalization0': False, 'filtersind1': 8, 'kernel_size1': 5, 'maxpooling1': True, 'batchnormalization1': True, 'filtersind2': 8, 'kernel_size2': 9, 'maxpooling2': False, 'batchnormalization2': False, 'filtersind3': 6, 'kernel_size3': 7, 'maxpooling3': True, 'batchnormalization3': True, 'filtersind4': 7, 'kernel_size4': 7, 'maxpooling4': True, 'batchnormalization4': True, 'dropout': 0.13886048709532403, 'num_hidden_neurons0': 46, 'learnind': 3, 'batchind': 4, 'epochs': 18}. Best is trial 165 with value: 0.6353049874305725.
Best trial: 165. Best value: 0.635305:   92%|██████▍| 33:42:29/36:32:36 Convolutional Layers: 5
 Dense Layers: 2
 Learning rate: 0.001
 Batch Size: 16
 Epochs: 21
Epoch 17: early stopping
[I 2024-06-29 08:39:08,159] Trial 182 finished with value: 0.6617538928985596 and parameters: {'n_conv_layers': 5, 'n_dense_layers': 2, 'maxpooling0': False, 'batchnormalization0': False, 'filtersind1': 8, 'kernel_size1': 5, 'maxpooling1': True, 'batchnormalization1': True, 'filtersind2': 8, 'kernel_size2': 9, 'maxpooling2': False, 'batchnormalization2': False, 'filtersind3': 6, 'kernel_size3': 7, 'maxpooling3': True, 'batchnormalization3': True, 'filtersind4': 7, 'kernel_size4': 7, 'maxpooling4': True, 'batchnormalization4': True, 'dropout': 0.15097354669759197, 'num_hidden_neurons0': 49, 'learnind': 3, 'batchind': 4, 'epochs': 21}. Best is trial 165 with value: 0.6353049874305725.
Best trial: 165. Best value: 0.635305:   94%|██████▌| 34:19:32/36:32:36 Convolutional Layers: 5
 Dense Layers: 2
 Learning rate: 0.001
 Batch Size: 16
 Epochs: 21
