(optuna) D:\Users\SuperUser\OneDrive\mestrado\pesquisa\optuna\cifar-10>python keras_simple_cifar10_exp4.py
2024-06-27 22:18:58.476314: I tensorflow/core/platform/cpu_feature_guard.cc:193] This TensorFlow binary is optimized with oneAPI Deep Neural Network Library (oneDNN) to use the following CPU instructions in performance-critical operations:  AVX AVX2
To enable them in other operations, rebuild TensorFlow with the appropriate compiler flags.
2024-06-27 22:18:58.917610: I tensorflow/core/common_runtime/gpu/gpu_device.cc:1616] Created device /job:localhost/replica:0/task:0/device:GPU:0 with 6656 MB memory:  -> device: 0, name: NVIDIA GeForce RTX 4060 Ti, pci bus id: 0000:01:00.0, compute capability: 8.9
1 Physical GPUs, 1 Logical GPUs
D:\Users\SuperUser\OneDrive\mestrado\pesquisa\optuna\cifar-10\keras_simple_cifar10_exp4.py:157: ExperimentalWarning: JournalStorage is experimental (supported from v3.1.0). The interface can change in the future.
  storage = JournalStorage(JournalFileStorage("optuna-journal4.log"))
[I 2024-06-27 22:18:59,441] A new study created in Journal with name: Experiment4
   0%|                                                 | 00:00/36:32:36 Convolutional Layers: 4
 Dense Layers: 1
 Learning rate: 0.01
 Batch Size: 128
 Epochs: 234
2024-06-27 22:19:00.735111: I tensorflow/stream_executor/cuda/cuda_dnn.cc:384] Loaded cuDNN version 8100
2024-06-27 22:19:01.422921: W tensorflow/stream_executor/gpu/redzone_allocator.cc:314] INTERNAL: ptxas exited with non-zero error code -1, output:
Relying on driver to perform ptx compilation.
Modify $PATH to customize ptxas location.
This message will be only logged once.
2024-06-27 22:19:02.164860: I tensorflow/stream_executor/cuda/cuda_blas.cc:1614] TensorFloat-32 will be used for the matrix multiplication. This will only be logged once.
Epoch 23: early stopping
[I 2024-06-27 22:23:27,313] Trial 0 finished with value: 1.1473191976547241 and parameters: {'n_conv_layers': 4, 'n_dense_layers': 1, 'maxpooling0': False, 'batchnormalization0': False, 'filtersind1': 5, 'kernel_size1': 11, 'maxpooling1': True, 'batchnormalization1': True, 'filtersind2': 5, 'kernel_size2': 9, 'maxpooling2': True, 'batchnormalization2': True, 'filtersind3': 5, 'kernel_size3': 3, 'maxpooling3': True, 'batchnormalization3': True, 'dropout': 0.1056181065689557, 'learnind': 2, 'batchind': 7, 'epochs': 234}. Best is trial 0 with value: 1.1473191976547241.
Best trial: 0. Best value: 1.14732:    0%|             | 04:27/36:32:36 Convolutional Layers: 7
 Dense Layers: 1
 Learning rate: 0.001
 Batch Size: 32
 Epochs: 128
Epoch 11: early stopping
[I 2024-06-27 22:26:46,266] Trial 2 finished with value: 0.9845523238182068 and parameters: {'n_conv_layers': 7, 'n_dense_layers': 1, 'maxpooling0': True, 'batchnormalization0': False, 'filtersind1': 8, 'kernel_size1': 3, 'maxpooling1': True, 'batchnormalization1': False, 'filtersind2': 6, 'kernel_size2': 3, 'maxpooling2': False, 'batchnormalization2': True, 'filtersind3': 8, 'kernel_size3': 5, 'maxpooling3': True, 'batchnormalization3': True, 'filtersind4': 5, 'kernel_size4': 7, 'maxpooling4': True, 'batchnormalization4': True, 'filtersind5': 8, 'kernel_size5': 3, 'batchnormalization5': True, 'filtersind6': 8, 'kernel_size6': 5, 'batchnormalization6': False, 'dropout': 0.07350143671247417, 'learnind': 3, 'batchind': 5, 'epochs': 128}. Best is trial 2 with value: 0.9845523238182068.
Best trial: 2. Best value: 0.984552:    0%|            | 07:46/36:32:36 Convolutional Layers: 3
 Dense Layers: 3
 Learning rate: 0.1
 Batch Size: 128
 Epochs: 13
Epoch 10: early stopping
[I 2024-06-27 22:28:51,132] Trial 4 finished with value: 2.3405423164367676 and parameters: {'n_conv_layers': 3, 'n_dense_layers': 3, 'maxpooling0': True, 'batchnormalization0': False, 'filtersind1': 6, 'kernel_size1': 5, 'maxpooling1': False, 'batchnormalization1': False, 'filtersind2': 8, 'kernel_size2': 5, 'maxpooling2': False, 'batchnormalization2': True, 'dropout': 0.481107269868057, 'num_hidden_neurons0': 5, 'num_hidden_neurons1': 20, 'learnind': 1, 'batchind': 7, 'epochs': 13}. Best is trial 2 with value: 0.9845523238182068.
Best trial: 2. Best value: 0.984552:    0%|            | 09:51/36:32:36 Convolutional Layers: 3
 Dense Layers: 3
 Learning rate: 1e-05
 Batch Size: 64
 Epochs: 250
[I 2024-06-27 23:48:50,965] Trial 5 finished with value: 1.1442821025848389 and parameters: {'n_conv_layers': 3, 'n_dense_layers': 3, 'maxpooling0': True, 'batchnormalization0': True, 'filtersind1': 7, 'kernel_size1': 5, 'maxpooling1': False, 'batchnormalization1': False, 'filtersind2': 6, 'kernel_size2': 11, 'maxpooling2': False, 'batchnormalization2': True, 'dropout': 0.4589368864308374, 'num_hidden_neurons0': 102, 'num_hidden_neurons1': 4, 'learnind': 5, 'batchind': 6, 'epochs': 250}. Best is trial 8 with value: 0.9253563284873962.
Best trial: 8. Best value: 0.925356:    4%|▍         | 1:29:51/36:32:36 Convolutional Layers: 8
 Dense Layers: 2
 Learning rate: 0.0001
 Batch Size: 16
 Epochs: 76
Epoch 10: early stopping
[I 2024-06-28 00:09:03,263] Trial 14 finished with value: 0.7094420790672302 and parameters: {'n_conv_layers': 8, 'n_dense_layers': 2, 'maxpooling0': False, 'batchnormalization0': True, 'filtersind1': 8, 'kernel_size1': 7, 'maxpooling1': True, 'batchnormalization1': True, 'filtersind2': 8, 'kernel_size2': 3, 'maxpooling2': False, 'batchnormalization2': False, 'filtersind3': 7, 'kernel_size3': 9, 'maxpooling3': True, 'batchnormalization3': True, 'filtersind4': 6, 'kernel_size4': 7, 'maxpooling4': True, 'batchnormalization4': True, 'filtersind5': 8, 'kernel_size5': 7, 'maxpooling5': False, 'batchnormalization5': True, 'filtersind6': 8, 'kernel_size6': 5, 'maxpooling6': True, 'batchnormalization6': True, 'filtersind7': 5, 'kernel_size7': 7, 'batchnormalization7': False, 'dropout': 0.3350353687973725, 'num_hidden_neurons0': 42, 'learnind': 4, 'batchind': 4, 'epochs': 76}. Best is trial 14 with value: 0.7094420790672302.
Best trial: 14. Best value: 0.709442:    5%|▍        | 1:50:03/36:32:36 Convolutional Layers: 8
 Dense Layers: 2
 Learning rate: 0.0001
 Batch Size: 16
 Epochs: 168
Epoch 14: early stopping
[I 2024-06-28 01:11:40,925] Trial 17 finished with value: 0.8265561461448669 and parameters: {'n_conv_layers': 8, 'n_dense_layers': 2, 'maxpooling0': False, 'batchnormalization0': True, 'filtersind1': 8, 'kernel_size1': 9, 'maxpooling1': True, 'batchnormalization1': True, 'filtersind2': 8, 'kernel_size2': 11, 'maxpooling2': False, 'batchnormalization2': False, 'filtersind3': 7, 'kernel_size3': 11, 'maxpooling3': True, 'batchnormalization3': True, 'filtersind4': 6, 'kernel_size4': 7, 'maxpooling4': True, 'batchnormalization4': True, 'filtersind5': 8, 'kernel_size5': 7, 'maxpooling5': False, 'batchnormalization5': True, 'filtersind6': 8, 'kernel_size6': 9, 'maxpooling6': True, 'batchnormalization6': True, 'filtersind7': 5, 'kernel_size7': 7, 'batchnormalization7': False, 'dropout': 0.3534951212170685, 'num_hidden_neurons0': 36, 'learnind': 4, 'batchind': 4, 'epochs': 168}. Best is trial 14 with value: 0.7094420790672302.
Best trial: 14. Best value: 0.709442:    8%|▋        | 2:52:41/36:32:36 Convolutional Layers: 7
 Dense Layers: 2
 Learning rate: 0.001
 Batch Size: 16
 Epochs: 105
Epoch 15: early stopping
[I 2024-06-28 01:32:56,559] Trial 19 finished with value: 0.7481774687767029 and parameters: {'n_conv_layers': 7, 'n_dense_layers': 2, 'maxpooling0': False, 'batchnormalization0': True, 'filtersind1': 7, 'kernel_size1': 3, 'maxpooling1': True, 'batchnormalization1': True, 'filtersind2': 7, 'kernel_size2': 9, 'maxpooling2': False, 'batchnormalization2': False, 'filtersind3': 7, 'kernel_size3': 9, 'maxpooling3': True, 'batchnormalization3': True, 'filtersind4': 6, 'kernel_size4': 7, 'maxpooling4': True, 'batchnormalization4': True, 'filtersind5': 5, 'kernel_size5': 9, 'maxpooling5': True, 'batchnormalization5': True, 'filtersind6': 7, 'kernel_size6': 3, 'batchnormalization6': True, 'dropout': 0.413145897465723, 'num_hidden_neurons0': 26, 'learnind': 3, 'batchind': 4, 'epochs': 105}. Best is trial 14 with value: 0.7094420790672302.
Best trial: 14. Best value: 0.709442:    9%|▊        | 3:13:57/36:32:36 Convolutional Layers: 7
 Dense Layers: 1
 Learning rate: 0.001
 Batch Size: 32
 Epochs: 113
Epoch 12: early stopping
[I 2024-06-28 01:46:10,741] Trial 20 finished with value: 0.8409238457679749 and parameters: {'n_conv_layers': 7, 'n_dense_layers': 1, 'maxpooling0': False, 'batchnormalization0': True, 'filtersind1': 7, 'kernel_size1': 7, 'maxpooling1': True, 'batchnormalization1': True, 'filtersind2': 7, 'kernel_size2': 9, 'maxpooling2': False, 'batchnormalization2': False, 'filtersind3': 6, 'kernel_size3': 9, 'maxpooling3': False, 'batchnormalization3': True, 'filtersind4': 6, 'kernel_size4': 7, 'maxpooling4': True, 'batchnormalization4': True, 'filtersind5': 5, 'kernel_size5': 11, 'maxpooling5': False, 'batchnormalization5': True, 'filtersind6': 7, 'kernel_size6': 3, 'maxpooling6': True, 'batchnormalization6': True, 'dropout': 0.4170161794394778, 'learnind': 3, 'batchind': 5, 'epochs': 113}. Best is trial 14 with value: 0.7094420790672302.
Best trial: 14. Best value: 0.709442:    9%|▊        | 3:27:11/36:32:36 Convolutional Layers: 6
 Dense Layers: 2
 Learning rate: 0.001
 Batch Size: 16
 Epochs: 100
Epoch 12: early stopping
[I 2024-06-28 02:06:40,332] Trial 22 finished with value: 0.7009548544883728 and parameters: {'n_conv_layers': 6, 'n_dense_layers': 2, 'maxpooling0': False, 'batchnormalization0': True, 'filtersind1': 8, 'kernel_size1': 3, 'maxpooling1': True, 'batchnormalization1': True, 'filtersind2': 7, 'kernel_size2': 9, 'maxpooling2': False, 'batchnormalization2': False, 'filtersind3': 7, 'kernel_size3': 9, 'maxpooling3': True, 'batchnormalization3': True, 'filtersind4': 6, 'kernel_size4': 7, 'maxpooling4': True, 'batchnormalization4': True, 'filtersind5': 5, 'kernel_size5': 9, 'maxpooling5': True, 'batchnormalization5': True, 'dropout': 0.2993685275977533, 'num_hidden_neurons0': 24, 'learnind': 3, 'batchind': 4, 'epochs': 100}. Best is trial 22 with value: 0.7009548544883728.
Best trial: 22. Best value: 0.700955:   10%|▉        | 3:47:40/36:32:36 Convolutional Layers: 6
 Dense Layers: 2
 Learning rate: 0.001
 Batch Size: 32
 Epochs: 103
Epoch 12: early stopping
[I 2024-06-28 02:17:48,772] Trial 23 finished with value: 0.7449350357055664 and parameters: {'n_conv_layers': 6, 'n_dense_layers': 2, 'maxpooling0': False, 'batchnormalization0': True, 'filtersind1': 7, 'kernel_size1': 3, 'maxpooling1': True, 'batchnormalization1': True, 'filtersind2': 7, 'kernel_size2': 9, 'maxpooling2': False, 'batchnormalization2': False, 'filtersind3': 7, 'kernel_size3': 9, 'maxpooling3': True, 'batchnormalization3': True, 'filtersind4': 7, 'kernel_size4': 7, 'maxpooling4': True, 'batchnormalization4': True, 'filtersind5': 5, 'kernel_size5': 9, 'maxpooling5': True, 'batchnormalization5': True, 'dropout': 0.29726004574433856, 'num_hidden_neurons0': 11, 'learnind': 3, 'batchind': 5, 'epochs': 103}. Best is trial 21 with value: 0.676855742931366.
Best trial: 21. Best value: 0.676856:   11%|▉        | 3:58:49/36:32:36 Convolutional Layers: 6
 Dense Layers: 1
 Learning rate: 0.01
 Batch Size: 64
 Epochs: 140
Epoch 25: early stopping
[I 2024-06-28 04:03:02,310] Trial 25 finished with value: 0.9120853543281555 and parameters: {'n_conv_layers': 6, 'n_dense_layers': 1, 'maxpooling0': False, 'batchnormalization0': True, 'filtersind1': 8, 'kernel_size1': 3, 'maxpooling1': False, 'batchnormalization1': True, 'filtersind2': 7, 'kernel_size2': 9, 'maxpooling2': False, 'batchnormalization2': False, 'filtersind3': 5, 'kernel_size3': 9, 'maxpooling3': False, 'batchnormalization3': True, 'filtersind4': 8, 'kernel_size4': 5, 'maxpooling4': False, 'batchnormalization4': False, 'filtersind5': 6, 'kernel_size5': 11, 'maxpooling5': False, 'batchnormalization5': True, 'dropout': 0.2854107509663635, 'learnind': 2, 'batchind': 6, 'epochs': 140}. Best is trial 21 with value: 0.676855742931366.
Best trial: 21. Best value: 0.676856:   16%|█▍       | 5:44:02/36:32:36 Convolutional Layers: 4
 Dense Layers: 2
 Learning rate: 0.0001
 Batch Size: 32
 Epochs: 92
Epoch 46: early stopping
[I 2024-06-28 05:26:49,809] Trial 29 finished with value: 0.7477208375930786 and parameters: {'n_conv_layers': 4, 'n_dense_layers': 2, 'maxpooling0': False, 'batchnormalization0': True, 'filtersind1': 6, 'kernel_size1': 7, 'maxpooling1': False, 'batchnormalization1': True, 'filtersind2': 8, 'kernel_size2': 3, 'maxpooling2': False, 'batchnormalization2': False, 'filtersind3': 7, 'kernel_size3': 7, 'maxpooling3': True, 'batchnormalization3': True, 'dropout': 0.4316436793913654, 'num_hidden_neurons0': 10, 'learnind': 4, 'batchind': 5, 'epochs': 92}. Best is trial 21 with value: 0.676855742931366.
Best trial: 21. Best value: 0.676856:   20%|█▊       | 7:07:50/36:32:36 Convolutional Layers: 7
 Dense Layers: 1
 Learning rate: 0.001
 Batch Size: 16
 Epochs: 196
Epoch 14: early stopping
[I 2024-06-28 05:55:14,949] Trial 30 finished with value: 0.916212797164917 and parameters: {'n_conv_layers': 7, 'n_dense_layers': 1, 'maxpooling0': False, 'batchnormalization0': True, 'filtersind1': 7, 'kernel_size1': 3, 'maxpooling1': False, 'batchnormalization1': True, 'filtersind2': 6, 'kernel_size2': 9, 'maxpooling2': False, 'batchnormalization2': False, 'filtersind3': 6, 'kernel_size3': 9, 'maxpooling3': False, 'batchnormalization3': True, 'filtersind4': 6, 'kernel_size4': 3, 'maxpooling4': True, 'batchnormalization4': False, 'filtersind5': 7, 'kernel_size5': 7, 'maxpooling5': False, 'batchnormalization5': True, 'filtersind6': 6, 'kernel_size6': 11, 'maxpooling6': True, 'batchnormalization6': True, 'dropout': 0.13408746827664453, 'learnind': 3, 'batchind': 4, 'epochs': 196}. Best is trial 21 with value: 0.676855742931366.
Best trial: 21. Best value: 0.676856:   21%|█▊       | 7:36:15/36:32:36 Convolutional Layers: 4
 Dense Layers: 2
 Learning rate: 0.001
 Batch Size: 256
 Epochs: 65
Epoch 7: early stopping
[I 2024-06-28 06:11:49,909] Trial 31 finished with value: 2.2996668815612793 and parameters: {'n_conv_layers': 4, 'n_dense_layers': 2, 'maxpooling0': False, 'batchnormalization0': True, 'filtersind1': 8, 'kernel_size1': 7, 'maxpooling1': False, 'batchnormalization1': True, 'filtersind2': 7, 'kernel_size2': 7, 'maxpooling2': True, 'batchnormalization2': False, 'filtersind3': 8, 'kernel_size3': 9, 'maxpooling3': True, 'batchnormalization3': False, 'dropout': 0.38517264713406685, 'num_hidden_neurons0': 74, 'learnind': 3, 'batchind': 8, 'epochs': 65}. Best is trial 21 with value: 0.676855742931366.
Best trial: 21. Best value: 0.676856:   22%|█▉       | 7:52:50/36:32:36 Convolutional Layers: 6
 Dense Layers: 2
 Learning rate: 0.001
 Batch Size: 32
 Epochs: 100
Epoch 11: early stopping
[I 2024-06-28 06:22:35,276] Trial 32 finished with value: 0.7611201405525208 and parameters: {'n_conv_layers': 6, 'n_dense_layers': 2, 'maxpooling0': False, 'batchnormalization0': True, 'filtersind1': 7, 'kernel_size1': 3, 'maxpooling1': True, 'batchnormalization1': True, 'filtersind2': 7, 'kernel_size2': 9, 'maxpooling2': False, 'batchnormalization2': False, 'filtersind3': 7, 'kernel_size3': 9, 'maxpooling3': True, 'batchnormalization3': True, 'filtersind4': 7, 'kernel_size4': 9, 'maxpooling4': True, 'batchnormalization4': True, 'filtersind5': 5, 'kernel_size5': 9, 'maxpooling5': True, 'batchnormalization5': True, 'dropout': 0.30476421747167454, 'num_hidden_neurons0': 10, 'learnind': 3, 'batchind': 5, 'epochs': 100}. Best is trial 21 with value: 0.676855742931366.
Best trial: 21. Best value: 0.676856:   22%|█▉       | 8:03:35/36:32:36 Convolutional Layers: 5
 Dense Layers: 2
 Learning rate: 0.01
 Batch Size: 32
 Epochs: 126
Epoch 19: early stopping
[I 2024-06-28 06:39:15,026] Trial 33 finished with value: 1.8297584056854248 and parameters: {'n_conv_layers': 5, 'n_dense_layers': 2, 'maxpooling0': False, 'batchnormalization0': True, 'filtersind1': 7, 'kernel_size1': 3, 'maxpooling1': True, 'batchnormalization1': True, 'filtersind2': 7, 'kernel_size2': 9, 'maxpooling2': False, 'batchnormalization2': False, 'filtersind3': 7, 'kernel_size3': 9, 'maxpooling3': True, 'batchnormalization3': True, 'filtersind4': 7, 'kernel_size4': 7, 'maxpooling4': True, 'batchnormalization4': True, 'dropout': 0.3145352695271403, 'num_hidden_neurons0': 20, 'learnind': 2, 'batchind': 5, 'epochs': 126}. Best is trial 21 with value: 0.676855742931366.
Best trial: 21. Best value: 0.676856:   23%|██       | 8:20:15/36:32:36 Convolutional Layers: 6
 Dense Layers: 2
 Learning rate: 0.001
 Batch Size: 32
 Epochs: 43
Epoch 14: early stopping
[I 2024-06-28 06:59:53,164] Trial 34 finished with value: 0.8089644312858582 and parameters: {'n_conv_layers': 6, 'n_dense_layers': 2, 'maxpooling0': False, 'batchnormalization0': True, 'filtersind1': 7, 'kernel_size1': 11, 'maxpooling1': True, 'batchnormalization1': True, 'filtersind2': 7, 'kernel_size2': 9, 'maxpooling2': False, 'batchnormalization2': False, 'filtersind3': 7, 'kernel_size3': 9, 'maxpooling3': True, 'batchnormalization3': True, 'filtersind4': 6, 'kernel_size4': 7, 'maxpooling4': True, 'batchnormalization4': True, 'filtersind5': 5, 'kernel_size5': 9, 'maxpooling5': True, 'batchnormalization5': True, 'dropout': 0.26334385019664447, 'num_hidden_neurons0': 12, 'learnind': 3, 'batchind': 5, 'epochs': 43}. Best is trial 21 with value: 0.676855742931366.
Best trial: 21. Best value: 0.676856:   24%|██▏      | 8:40:53/36:32:36 Convolutional Layers: 7
 Dense Layers: 3
 Learning rate: 0.0001
 Batch Size: 16
 Epochs: 130
Epoch 11: early stopping
[I 2024-06-28 07:23:42,475] Trial 35 finished with value: 0.7227383852005005 and parameters: {'n_conv_layers': 7, 'n_dense_layers': 3, 'maxpooling0': False, 'batchnormalization0': False, 'filtersind1': 8, 'kernel_size1': 3, 'maxpooling1': True, 'batchnormalization1': True, 'filtersind2': 8, 'kernel_size2': 9, 'maxpooling2': False, 'batchnormalization2': False, 'filtersind3': 6, 'kernel_size3': 9, 'maxpooling3': True, 'batchnormalization3': True, 'filtersind4': 7, 'kernel_size4': 5, 'maxpooling4': True, 'batchnormalization4': True, 'filtersind5': 5, 'kernel_size5': 9, 'maxpooling5': True, 'batchnormalization5': True, 'filtersind6': 6, 'kernel_size6': 7, 'batchnormalization6': False, 'dropout': 0.2213419998709208, 'num_hidden_neurons0': 8, 'num_hidden_neurons1': 119, 'learnind': 4, 'batchind': 4, 'epochs': 130}. Best is trial 21 with value: 0.676855742931366.
Best trial: 21. Best value: 0.676856:   25%|██▏      | 9:04:43/36:32:36 Convolutional Layers: 7
 Dense Layers: 3
 Learning rate: 1e-05
 Batch Size: 16
 Epochs: 159
Epoch 19: early stopping
[I 2024-06-28 07:35:28,858] Trial 37 finished with value: 0.9696372151374817 and parameters: {'n_conv_layers': 7, 'n_dense_layers': 3, 'maxpooling0': False, 'batchnormalization0': False, 'filtersind1': 8, 'kernel_size1': 3, 'maxpooling1': True, 'batchnormalization1': True, 'filtersind2': 8, 'kernel_size2': 3, 'maxpooling2': True, 'batchnormalization2': False, 'filtersind3': 6, 'kernel_size3': 3, 'maxpooling3': True, 'batchnormalization3': True, 'filtersind4': 6, 'kernel_size4': 5, 'maxpooling4': True, 'batchnormalization4': True, 'filtersind5': 5, 'kernel_size5': 5, 'batchnormalization5': True, 'filtersind6': 6, 'kernel_size6': 7, 'batchnormalization6': False, 'dropout': 0.16540713450300687, 'num_hidden_neurons0': 29, 'num_hidden_neurons1': 126, 'learnind': 5, 'batchind': 4, 'epochs': 159}. Best is trial 21 with value: 0.676855742931366.
Best trial: 21. Best value: 0.676856:   25%|██▎      | 9:16:29/36:32:36 Convolutional Layers: 8
 Dense Layers: 3
 Learning rate: 1
 Batch Size: 16
 Epochs: 226
Epoch 17: early stopping
[I 2024-06-28 07:47:54,090] Trial 39 finished with value: 17.21776008605957 and parameters: {'n_conv_layers': 8, 'n_dense_layers': 3, 'maxpooling0': True, 'batchnormalization0': False, 'filtersind1': 8, 'kernel_size1': 5, 'maxpooling1': True, 'batchnormalization1': True, 'filtersind2': 8, 'kernel_size2': 5, 'maxpooling2': False, 'batchnormalization2': False, 'filtersind3': 5, 'kernel_size3': 3, 'maxpooling3': True, 'batchnormalization3': True, 'filtersind4': 6, 'kernel_size4': 5, 'maxpooling4': True, 'batchnormalization4': False, 'filtersind5': 7, 'kernel_size5': 7, 'batchnormalization5': True, 'filtersind6': 7, 'kernel_size6': 11, 'batchnormalization6': False, 'filtersind7': 7, 'kernel_size7': 9, 'batchnormalization7': True, 'dropout': 0.22704626314053014, 'num_hidden_neurons0': 8, 'num_hidden_neurons1': 43, 'learnind': 0, 'batchind': 4, 'epochs': 226}. Best is trial 21 with value: 0.676855742931366.
Best trial: 21. Best value: 0.676856:   26%|██▎      | 9:28:54/36:32:36 Convolutional Layers: 7
 Dense Layers: 3
 Learning rate: 0.0001
 Batch Size: 64
 Epochs: 124
Epoch 25: early stopping
[I 2024-06-28 08:27:08,556] Trial 41 finished with value: 0.9036643505096436 and parameters: {'n_conv_layers': 7, 'n_dense_layers': 3, 'maxpooling0': False, 'batchnormalization0': False, 'filtersind1': 8, 'kernel_size1': 11, 'maxpooling1': True, 'batchnormalization1': False, 'filtersind2': 6, 'kernel_size2': 9, 'maxpooling2': False, 'batchnormalization2': True, 'filtersind3': 5, 'kernel_size3': 9, 'maxpooling3': False, 'batchnormalization3': True, 'filtersind4': 7, 'kernel_size4': 9, 'maxpooling4': True, 'batchnormalization4': True, 'filtersind5': 6, 'kernel_size5': 9, 'maxpooling5': False, 'batchnormalization5': False, 'filtersind6': 7, 'kernel_size6': 5, 'maxpooling6': False, 'batchnormalization6': True, 'dropout': 0.45191202781062856, 'num_hidden_neurons0': 17, 'num_hidden_neurons1': 52, 'learnind': 4, 'batchind': 6, 'epochs': 124}. Best is trial 21 with value: 0.676855742931366.
Best trial: 21. Best value: 0.676856:   28%|██▏     | 10:08:09/36:32:36 Convolutional Layers: 5
 Dense Layers: 2
 Learning rate: 0.001
 Batch Size: 32
 Epochs: 72
Epoch 17: early stopping
