[I 2024-06-29 09:24:51,287] Trial 184 finished with value: 0.6918637752532959 and parameters: {'n_conv_layers': 5, 'n_dense_layers': 2, 'maxpooling0': False, 'batchnormalization0': False, 'filtersind1': 8, 'kernel_size1': 5, 'maxpooling1': True, 'batchnormalization1': True, 'filtersind2': 8, 'kernel_size2': 9, 'maxpooling2': False, 'batchnormalization2': False, 'filtersind3': 6, 'kernel_size3': 7, 'maxpooling3': True, 'batchnormalization3': True, 'filtersind4': 7, 'kernel_size4': 7, 'maxpooling4': True, 'batchnormalization4': True, 'dropout': 0.1710861498263725, 'num_hidden_neurons0': 46, 'learnind': 3, 'batchind': 4, 'epochs': 21}. Best is trial 165 with value: 0.6353049874305725.
Best trial: 165. Best value: 0.635305:   96%|██████▋| 35:05:15/36:32:36 Convolutional Layers: 5
 Dense Layers: 2
 Learning rate: 0.001
 Batch Size: 16
 Epochs: 22
[I 2024-06-29 10:12:40,406] Trial 186 finished with value: 0.8068492412567139 and parameters: {'n_conv_layers': 5, 'n_dense_layers': 2, 'maxpooling0': False, 'batchnormalization0': False, 'filtersind1': 8, 'kernel_size1': 5, 'maxpooling1': True, 'batchnormalization1': True, 'filtersind2': 8, 'kernel_size2': 9, 'maxpooling2': False, 'batchnormalization2': False, 'filtersind3': 6, 'kernel_size3': 7, 'maxpooling3': True, 'batchnormalization3': True, 'filtersind4': 7, 'kernel_size4': 7, 'maxpooling4': True, 'batchnormalization4': True, 'dropout': 0.4972155245953279, 'num_hidden_neurons0': 37, 'learnind': 3, 'batchind': 4, 'epochs': 22}. Best is trial 165 with value: 0.6353049874305725.
Best trial: 165. Best value: 0.635305:   98%|██████▊| 35:53:04/36:32:36 Convolutional Layers: 5
 Dense Layers: 2
 Learning rate: 0.001
 Batch Size: 16
 Epochs: 15
[I 2024-06-29 11:32:20,700] Trial 188 finished with value: 1.0050479173660278 and parameters: {'n_conv_layers': 5, 'n_dense_layers': 2, 'maxpooling0': False, 'batchnormalization0': False, 'filtersind1': 8, 'kernel_size1': 5, 'maxpooling1': False, 'batchnormalization1': True, 'filtersind2': 8, 'kernel_size2': 9, 'maxpooling2': False, 'batchnormalization2': False, 'filtersind3': 6, 'kernel_size3': 7, 'maxpooling3': True, 'batchnormalization3': True, 'filtersind4': 7, 'kernel_size4': 7, 'maxpooling4': True, 'batchnormalization4': True, 'dropout': 0.15226743695902875, 'num_hidden_neurons0': 43, 'learnind': 3, 'batchind': 4, 'epochs': 15}. Best is trial 165 with value: 0.6353049874305725.
Best trial: 165. Best value: 0.635305:  100%|███████| 37:12:44/36:32:36
Number of finished trials: 190
Best trial:
  Value: 0.6353049874305725
  Params:
    n_conv_layers: 5
    n_dense_layers: 2
    maxpooling0: False
    batchnormalization0: False
    filtersind1: 8
    kernel_size1: 5
    maxpooling1: True
    batchnormalization1: True
    filtersind2: 8
    kernel_size2: 9
    maxpooling2: False
    batchnormalization2: False
    filtersind3: 6
    kernel_size3: 7
    maxpooling3: True
    batchnormalization3: True
    filtersind4: 7
    kernel_size4: 7
    maxpooling4: True
    batchnormalization4: True
    dropout: 0.4738373728206417
    num_hidden_neurons0: 54
    learnind: 3
    batchind: 4
    epochs: 24

(optuna) D:\Users\SuperUser\OneDrive\mestrado\pesquisa\optuna\cifar-10> 