[I 2024-06-28 08:42:29,236] Trial 44 finished with value: 0.7425544857978821 and parameters: {'n_conv_layers': 5, 'n_dense_layers': 2, 'maxpooling0': False, 'batchnormalization0': False, 'filtersind1': 7, 'kernel_size1': 3, 'maxpooling1': True, 'batchnormalization1': True, 'filtersind2': 7, 'kernel_size2': 9, 'maxpooling2': False, 'batchnormalization2': False, 'filtersind3': 8, 'kernel_size3': 9, 'maxpooling3': True, 'batchnormalization3': False, 'filtersind4': 5, 'kernel_size4': 7, 'maxpooling4': True, 'batchnormalization4': True, 'dropout': 0.3218455621044534, 'num_hidden_neurons0': 6, 'learnind': 3, 'batchind': 5, 'epochs': 72}. Best is trial 21 with value: 0.676855742931366.
Best trial: 21. Best value: 0.676856:   28%|██▎     | 10:23:29/36:32:36 Convolutional Layers: 5
 Dense Layers: 2
 Learning rate: 1e-05
 Batch Size: 32
 Epochs: 87
Epoch 83: early stopping
[I 2024-06-28 09:17:11,007] Trial 46 finished with value: 1.1051270961761475 and parameters: {'n_conv_layers': 5, 'n_dense_layers': 2, 'maxpooling0': False, 'batchnormalization0': False, 'filtersind1': 6, 'kernel_size1': 3, 'maxpooling1': True, 'batchnormalization1': True, 'filtersind2': 5, 'kernel_size2': 3, 'maxpooling2': False, 'batchnormalization2': True, 'filtersind3': 8, 'kernel_size3': 5, 'maxpooling3': True, 'batchnormalization3': False, 'filtersind4': 5, 'kernel_size4': 11, 'maxpooling4': True, 'batchnormalization4': True, 'dropout': 0.3667405731247927, 'num_hidden_neurons0': 6, 'learnind': 5, 'batchind': 5, 'epochs': 87}. Best is trial 21 with value: 0.676855742931366.
Best trial: 21. Best value: 0.676856:   30%|██▍     | 10:58:11/36:32:36 Convolutional Layers: 7
 Dense Layers: 1
 Learning rate: 0.1
 Batch Size: 16
 Epochs: 44
Epoch 8: early stopping
[I 2024-06-28 09:25:13,001] Trial 50 finished with value: 2.323025703430176 and parameters: {'n_conv_layers': 7, 'n_dense_layers': 1, 'maxpooling0': True, 'batchnormalization0': False, 'filtersind1': 8, 'kernel_size1': 9, 'maxpooling1': False, 'batchnormalization1': False, 'filtersind2': 8, 'kernel_size2': 3, 'maxpooling2': True, 'batchnormalization2': False, 'filtersind3': 6, 'kernel_size3': 5, 'maxpooling3': False, 'batchnormalization3': False, 'filtersind4': 8, 'kernel_size4': 3, 'maxpooling4': False, 'batchnormalization4': False, 'filtersind5': 5, 'kernel_size5': 11, 'maxpooling5': False, 'batchnormalization5': True, 'filtersind6': 5, 'kernel_size6': 7, 'maxpooling6': True, 'batchnormalization6': False, 'dropout': 0.49992445183826884, 'learnind': 1, 'batchind': 4, 'epochs': 44}. Best is trial 21 with value: 0.676855742931366.
Best trial: 21. Best value: 0.676856:   30%|██▍     | 11:06:13/36:32:36 Convolutional Layers: 8
 Dense Layers: 1
 Learning rate: 0.0001
 Batch Size: 16
 Epochs: 141
Epoch 14: early stopping
[I 2024-06-28 09:41:21,248] Trial 51 finished with value: 0.8179360628128052 and parameters: {'n_conv_layers': 8, 'n_dense_layers': 1, 'maxpooling0': False, 'batchnormalization0': False, 'filtersind1': 7, 'kernel_size1': 9, 'maxpooling1': True, 'batchnormalization1': True, 'filtersind2': 8, 'kernel_size2': 3, 'maxpooling2': False, 'batchnormalization2': False, 'filtersind3': 6, 'kernel_size3': 5, 'maxpooling3': True, 'batchnormalization3': False, 'filtersind4': 5, 'kernel_size4': 3, 'maxpooling4': False, 'batchnormalization4': False, 'filtersind5': 6, 'kernel_size5': 7, 'maxpooling5': False, 'batchnormalization5': True, 'filtersind6': 6, 'kernel_size6': 5, 'maxpooling6': True, 'batchnormalization6': False, 'filtersind7': 6, 'kernel_size7': 11, 'maxpooling7': True, 'batchnormalization7': False, 'dropout': 0.4483803965005724, 'learnind': 4, 'batchind': 4, 'epochs': 141}. Best is trial 21 with value: 0.676855742931366.
Best trial: 21. Best value: 0.676856:   31%|██▍     | 11:22:21/36:32:36 Convolutional Layers: 5
 Dense Layers: 1
 Learning rate: 0.0001
 Batch Size: 16
 Epochs: 70
Epoch 11: early stopping
[I 2024-06-28 10:09:04,947] Trial 53 finished with value: 0.9306977391242981 and parameters: {'n_conv_layers': 5, 'n_dense_layers': 1, 'maxpooling0': False, 'batchnormalization0': False, 'filtersind1': 7, 'kernel_size1': 9, 'maxpooling1': True, 'batchnormalization1': True, 'filtersind2': 8, 'kernel_size2': 3, 'maxpooling2': False, 'batchnormalization2': False, 'filtersind3': 8, 'kernel_size3': 11, 'maxpooling3': True, 'batchnormalization3': False, 'filtersind4': 5, 'kernel_size4': 9, 'maxpooling4': False, 'batchnormalization4': False, 'dropout': 0.35160152791571364, 'learnind': 4, 'batchind': 4, 'epochs': 70}. Best is trial 21 with value: 0.676855742931366.
Best trial: 21. Best value: 0.676856:   32%|██▌     | 11:50:05/36:32:36 Convolutional Layers: 4
 Dense Layers: 2
 Learning rate: 0.001
 Batch Size: 1024
 Epochs: 78
Epoch 8: early stopping
[I 2024-06-28 10:16:59,098] Trial 55 finished with value: 2.336599349975586 and parameters: {'n_conv_layers': 4, 'n_dense_layers': 2, 'maxpooling0': False, 'batchnormalization0': False, 'filtersind1': 7, 'kernel_size1': 7, 'maxpooling1': True, 'batchnormalization1': True, 'filtersind2': 7, 'kernel_size2': 5, 'maxpooling2': False, 'batchnormalization2': False, 'filtersind3': 8, 'kernel_size3': 9, 'maxpooling3': True, 'batchnormalization3': False, 'dropout': 0.2511206970994025, 'num_hidden_neurons0': 4, 'learnind': 3, 'batchind': 10, 'epochs': 78}. Best is trial 21 with value: 0.676855742931366.
Best trial: 21. Best value: 0.676856:   33%|██▌     | 11:57:59/36:32:36 Convolutional Layers: 3
 Dense Layers: 1
 Learning rate: 0.0001
 Batch Size: 32
 Epochs: 116
Epoch 10: early stopping
[I 2024-06-28 10:31:42,394] Trial 56 finished with value: 0.9903973340988159 and parameters: {'n_conv_layers': 3, 'n_dense_layers': 1, 'maxpooling0': False, 'batchnormalization0': False, 'filtersind1': 8, 'kernel_size1': 7, 'maxpooling1': True, 'batchnormalization1': True, 'filtersind2': 7, 'kernel_size2': 11, 'maxpooling2': False, 'batchnormalization2': False, 'dropout': 0.3917885759535812, 'learnind': 4, 'batchind': 5, 'epochs': 116}. Best is trial 21 with value: 0.676855742931366.
Best trial: 21. Best value: 0.676856:   33%|██▋     | 12:12:42/36:32:36 Convolutional Layers: 6
 Dense Layers: 3
 Learning rate: 0.001
 Batch Size: 64
 Epochs: 36
Epoch 17: early stopping
[I 2024-06-28 10:45:10,426] Trial 58 finished with value: 0.7604010105133057 and parameters: {'n_conv_layers': 6, 'n_dense_layers': 3, 'maxpooling0': False, 'batchnormalization0': True, 'filtersind1': 7, 'kernel_size1': 3, 'maxpooling1': True, 'batchnormalization1': True, 'filtersind2': 8, 'kernel_size2': 9, 'maxpooling2': False, 'batchnormalization2': False, 'filtersind3': 6, 'kernel_size3': 5, 'maxpooling3': True, 'batchnormalization3': False, 'filtersind4': 5, 'kernel_size4': 7, 'maxpooling4': False, 'batchnormalization4': True, 'filtersind5': 7, 'kernel_size5': 3, 'maxpooling5': True, 'batchnormalization5': True, 'dropout': 0.3310016554712667, 'num_hidden_neurons0': 83, 'num_hidden_neurons1': 15, 'learnind': 3, 'batchind': 6, 'epochs': 36}. Best is trial 21 with value: 0.676855742931366.
Best trial: 21. Best value: 0.676856:   34%|██▋     | 12:26:10/36:32:36 Convolutional Layers: 6
 Dense Layers: 2
 Learning rate: 0.0001
 Batch Size: 128
 Epochs: 10
[I 2024-06-28 11:03:15,525] Trial 61 finished with value: 0.8047292828559875 and parameters: {'n_conv_layers': 6, 'n_dense_layers': 2, 'maxpooling0': False, 'batchnormalization0': True, 'filtersind1': 6, 'kernel_size1': 9, 'maxpooling1': False, 'batchnormalization1': False, 'filtersind2': 8, 'kernel_size2': 7, 'maxpooling2': False, 'batchnormalization2': False, 'filtersind3': 6, 'kernel_size3': 5, 'maxpooling3': True, 'batchnormalization3': True, 'filtersind4': 6, 'kernel_size4': 11, 'maxpooling4': False, 'batchnormalization4': True, 'filtersind5': 8, 'kernel_size5': 3, 'maxpooling5': True, 'batchnormalization5': True, 'dropout': 0.010943008669461851, 'num_hidden_neurons0': 52, 'learnind': 4, 'batchind': 7, 'epochs': 10}. Best is trial 21 with value: 0.676855742931366.
Best trial: 21. Best value: 0.676856:   35%|██▊     | 12:44:16/36:32:36 Convolutional Layers: 5
 Dense Layers: 2
 Learning rate: 0.001
 Batch Size: 128
 Epochs: 56
Epoch 12: early stopping
[I 2024-06-28 11:11:04,646] Trial 64 finished with value: 0.741737961769104 and parameters: {'n_conv_layers': 5, 'n_dense_layers': 2, 'maxpooling0': False, 'batchnormalization0': True, 'filtersind1': 7, 'kernel_size1': 3, 'maxpooling1': True, 'batchnormalization1': True, 'filtersind2': 7, 'kernel_size2': 9, 'maxpooling2': False, 'batchnormalization2': False, 'filtersind3': 7, 'kernel_size3': 9, 'maxpooling3': True, 'batchnormalization3': False, 'filtersind4': 5, 'kernel_size4': 7, 'maxpooling4': True, 'batchnormalization4': True, 'dropout': 0.10592330207307754, 'num_hidden_neurons0': 40, 'learnind': 3, 'batchind': 7, 'epochs': 56}. Best is trial 21 with value: 0.676855742931366.
Best trial: 21. Best value: 0.676856:   35%|██▊     | 12:52:05/36:32:36 Convolutional Layers: 8
 Dense Layers: 2
 Learning rate: 0.01
 Batch Size: 256
 Epochs: 104
Epoch 11: early stopping
[I 2024-06-28 11:28:04,730] Trial 66 finished with value: 2.3147130012512207 and parameters: {'n_conv_layers': 8, 'n_dense_layers': 2, 'maxpooling0': False, 'batchnormalization0': True, 'filtersind1': 8, 'kernel_size1': 3, 'maxpooling1': True, 'batchnormalization1': True, 'filtersind2': 8, 'kernel_size2': 9, 'maxpooling2': False, 'batchnormalization2': False, 'filtersind3': 6, 'kernel_size3': 7, 'maxpooling3': False, 'batchnormalization3': False, 'filtersind4': 6, 'kernel_size4': 5, 'maxpooling4': False, 'batchnormalization4': True, 'filtersind5': 7, 'kernel_size5': 5, 'maxpooling5': True, 'batchnormalization5': True, 'filtersind6': 8, 'kernel_size6': 9, 'maxpooling6': False, 'batchnormalization6': True, 'filtersind7': 6, 'kernel_size7': 7, 'maxpooling7': False, 'batchnormalization7': False, 'dropout': 0.045431024571008644, 'num_hidden_neurons0': 34, 'learnind': 2, 'batchind': 8, 'epochs': 104}. Best is trial 21 with value: 0.676855742931366.
Best trial: 21. Best value: 0.676856:   36%|██▉     | 13:09:05/36:32:36 Convolutional Layers: 6
 Dense Layers: 2
 Learning rate: 0.0001
 Batch Size: 512
 Epochs: 136
Epoch 27: early stopping
[I 2024-06-28 12:11:02,188] Trial 68 finished with value: 0.9313331842422485 and parameters: {'n_conv_layers': 6, 'n_dense_layers': 2, 'maxpooling0': False, 'batchnormalization0': True, 'filtersind1': 5, 'kernel_size1': 11, 'maxpooling1': False, 'batchnormalization1': True, 'filtersind2': 8, 'kernel_size2': 9, 'maxpooling2': True, 'batchnormalization2': False, 'filtersind3': 6, 'kernel_size3': 9, 'maxpooling3': True, 'batchnormalization3': True, 'filtersind4': 6, 'kernel_size4': 7, 'maxpooling4': False, 'batchnormalization4': False, 'filtersind5': 8, 'kernel_size5': 3, 'maxpooling5': False, 'batchnormalization5': False, 'dropout': 0.0929240441006465, 'num_hidden_neurons0': 22, 'learnind': 4, 'batchind': 9, 'epochs': 136}. Best is trial 21 with value: 0.676855742931366.
Best trial: 21. Best value: 0.676856:   38%|███     | 13:52:02/36:32:36 Convolutional Layers: 7
 Dense Layers: 2
 Learning rate: 0.001
 Batch Size: 1024
 Epochs: 111
Epoch 6: early stopping
[I 2024-06-28 12:20:12,647] Trial 71 finished with value: 3.441227436065674 and parameters: {'n_conv_layers': 7, 'n_dense_layers': 2, 'maxpooling0': False, 'batchnormalization0': True, 'filtersind1': 7, 'kernel_size1': 7, 'maxpooling1': True, 'batchnormalization1': True, 'filtersind2': 8, 'kernel_size2': 3, 'maxpooling2': False, 'batchnormalization2': True, 'filtersind3': 7, 'kernel_size3': 11, 'maxpooling3': True, 'batchnormalization3': True, 'filtersind4': 7, 'kernel_size4': 7, 'maxpooling4': False, 'batchnormalization4': True, 'filtersind5': 8, 'kernel_size5': 7, 'maxpooling5': True, 'batchnormalization5': True, 'filtersind6': 7, 'kernel_size6': 3, 'maxpooling6': True, 'batchnormalization6': True, 'dropout': 0.11538370976490381, 'num_hidden_neurons0': 43, 'learnind': 3, 'batchind': 10, 'epochs': 111}. Best is trial 21 with value: 0.676855742931366.
Best trial: 21. Best value: 0.676856:   38%|███     | 14:01:13/36:32:36 Convolutional Layers: 5
 Dense Layers: 2
 Learning rate: 0.001
 Batch Size: 256
 Epochs: 56
Epoch 11: early stopping
[I 2024-06-28 12:27:01,834] Trial 73 finished with value: 0.750729501247406 and parameters: {'n_conv_layers': 5, 'n_dense_layers': 2, 'maxpooling0': False, 'batchnormalization0': True, 'filtersind1': 7, 'kernel_size1': 3, 'maxpooling1': True, 'batchnormalization1': True, 'filtersind2': 7, 'kernel_size2': 9, 'maxpooling2': False, 'batchnormalization2': False, 'filtersind3': 7, 'kernel_size3': 9, 'maxpooling3': True, 'batchnormalization3': False, 'filtersind4': 5, 'kernel_size4': 7, 'maxpooling4': True, 'batchnormalization4': True, 'dropout': 0.15472986637544245, 'num_hidden_neurons0': 38, 'learnind': 3, 'batchind': 8, 'epochs': 56}. Best is trial 21 with value: 0.676855742931366.
Best trial: 21. Best value: 0.676856:   39%|███     | 14:08:02/36:32:36 Convolutional Layers: 4
 Dense Layers: 2
 Learning rate: 0.001
 Batch Size: 128
 Epochs: 93
Epoch 6: early stopping
[I 2024-06-28 12:32:57,993] Trial 75 finished with value: 2.3048393726348877 and parameters: {'n_conv_layers': 4, 'n_dense_layers': 2, 'maxpooling0': False, 'batchnormalization0': True, 'filtersind1': 7, 'kernel_size1': 3, 'maxpooling1': True, 'batchnormalization1': True, 'filtersind2': 8, 'kernel_size2': 9, 'maxpooling2': False, 'batchnormalization2': False, 'filtersind3': 7, 'kernel_size3': 9, 'maxpooling3': True, 'batchnormalization3': False, 'dropout': 0.0595818605116234, 'num_hidden_neurons0': 31, 'learnind': 3, 'batchind': 7, 'epochs': 93}. Best is trial 21 with value: 0.676855742931366.
Best trial: 21. Best value: 0.676856:   39%|███     | 14:13:58/36:32:36 Convolutional Layers: 5
 Dense Layers: 2
 Learning rate: 0.0001
 Batch Size: 128
 Epochs: 21
Epoch 12: early stopping
[I 2024-06-28 12:42:47,807] Trial 76 finished with value: 0.69139564037323 and parameters: {'n_conv_layers': 5, 'n_dense_layers': 2, 'maxpooling0': False, 'batchnormalization0': True, 'filtersind1': 8, 'kernel_size1': 3, 'maxpooling1': True, 'batchnormalization1': True, 'filtersind2': 7, 'kernel_size2': 9, 'maxpooling2': False, 'batchnormalization2': False, 'filtersind3': 6, 'kernel_size3': 9, 'maxpooling3': True, 'batchnormalization3': False, 'filtersind4': 5, 'kernel_size4': 7, 'maxpooling4': True, 'batchnormalization4': True, 'dropout': 0.0046675513727345574, 'num_hidden_neurons0': 47, 'learnind': 4, 'batchind': 7, 'epochs': 21}. Best is trial 21 with value: 0.676855742931366.
Best trial: 21. Best value: 0.676856:   39%|███▏    | 14:23:48/36:32:36 Convolutional Layers: 6
 Dense Layers: 1
 Learning rate: 1e-05
 Batch Size: 16
 Epochs: 23
Epoch 10: early stopping
[I 2024-06-28 12:52:36,155] Trial 78 finished with value: 1.0329149961471558 and parameters: {'n_conv_layers': 6, 'n_dense_layers': 1, 'maxpooling0': True, 'batchnormalization0': True, 'filtersind1': 8, 'kernel_size1': 3, 'maxpooling1': True, 'batchnormalization1': True, 'filtersind2': 8, 'kernel_size2': 9, 'maxpooling2': False, 'batchnormalization2': False, 'filtersind3': 6, 'kernel_size3': 9, 'maxpooling3': False, 'batchnormalization3': True, 'filtersind4': 5, 'kernel_size4': 5, 'maxpooling4': True, 'batchnormalization4': True, 'filtersind5': 5, 'kernel_size5': 9, 'maxpooling5': True, 'batchnormalization5': True, 'dropout': 0.010566224241591694, 'learnind': 5, 'batchind': 4, 'epochs': 23}. Best is trial 21 with value: 0.676855742931366.
Best trial: 21. Best value: 0.676856:   40%|███▏    | 14:33:36/36:32:36 Convolutional Layers: 5
 Dense Layers: 2
 Learning rate: 0.0001
 Batch Size: 16
 Epochs: 19
Epoch 11: early stopping
[I 2024-06-28 13:10:46,869] Trial 79 finished with value: 0.830278217792511 and parameters: {'n_conv_layers': 5, 'n_dense_layers': 2, 'maxpooling0': False, 'batchnormalization0': True, 'filtersind1': 8, 'kernel_size1': 5, 'maxpooling1': False, 'batchnormalization1': True, 'filtersind2': 8, 'kernel_size2': 3, 'maxpooling2': False, 'batchnormalization2': False, 'filtersind3': 6, 'kernel_size3': 3, 'maxpooling3': True, 'batchnormalization3': True, 'filtersind4': 7, 'kernel_size4': 7, 'maxpooling4': True, 'batchnormalization4': True, 'dropout': 0.002153775113471465, 'num_hidden_neurons0': 47, 'learnind': 4, 'batchind': 4, 'epochs': 19}. Best is trial 21 with value: 0.676855742931366.
Best trial: 21. Best value: 0.676856:   41%|███▎    | 14:51:47/36:32:36 Convolutional Layers: 7
 Dense Layers: 3
 Learning rate: 0.0001
 Batch Size: 16
 Epochs: 41
Epoch 15: early stopping
[I 2024-06-28 13:27:56,978] Trial 81 finished with value: 0.8795090913772583 and parameters: {'n_conv_layers': 7, 'n_dense_layers': 3, 'maxpooling0': False, 'batchnormalization0': True, 'filtersind1': 8, 'kernel_size1': 3, 'maxpooling1': True, 'batchnormalization1': False, 'filtersind2': 6, 'kernel_size2': 9, 'maxpooling2': False, 'batchnormalization2': False, 'filtersind3': 5, 'kernel_size3': 5, 'maxpooling3': True, 'batchnormalization3': True, 'filtersind4': 6, 'kernel_size4': 3, 'maxpooling4': True, 'batchnormalization4': False, 'filtersind5': 5, 'kernel_size5': 11, 'maxpooling5': True, 'batchnormalization5': True, 'filtersind6': 6, 'kernel_size6': 5, 'batchnormalization6': False, 'dropout': 0.37921396907807436, 'num_hidden_neurons0': 91, 'num_hidden_neurons1': 73, 'learnind': 4, 'batchind': 4, 'epochs': 41}. Best is trial 21 with value: 0.676855742931366.
Best trial: 21. Best value: 0.676856:   41%|███▎    | 15:08:57/36:32:36 Convolutional Layers: 5
 Dense Layers: 2
 Learning rate: 0.001
 Batch Size: 128
 Epochs: 122
Epoch 13: early stopping
[I 2024-06-28 13:35:16,334] Trial 84 finished with value: 0.9263430833816528 and parameters: {'n_conv_layers': 5, 'n_dense_layers': 2, 'maxpooling0': False, 'batchnormalization0': True, 'filtersind1': 7, 'kernel_size1': 3, 'maxpooling1': True, 'batchnormalization1': True, 'filtersind2': 7, 'kernel_size2': 9, 'maxpooling2': False, 'batchnormalization2': False, 'filtersind3': 6, 'kernel_size3': 9, 'maxpooling3': True, 'batchnormalization3': False, 'filtersind4': 5, 'kernel_size4': 7, 'maxpooling4': True, 'batchnormalization4': True, 'dropout': 0.024436703772890235, 'num_hidden_neurons0': 28, 'learnind': 3, 'batchind': 7, 'epochs': 122}. Best is trial 21 with value: 0.676855742931366.
Best trial: 21. Best value: 0.676856:   42%|███▎    | 15:16:16/36:32:36 Convolutional Layers: 6
 Dense Layers: 2
 Learning rate: 0.0001
 Batch Size: 64
 Epochs: 34
Epoch 11: early stopping
[I 2024-06-28 13:46:07,900] Trial 86 finished with value: 0.7793804407119751 and parameters: {'n_conv_layers': 6, 'n_dense_layers': 2, 'maxpooling0': False, 'batchnormalization0': True, 'filtersind1': 8, 'kernel_size1': 3, 'maxpooling1': True, 'batchnormalization1': True, 'filtersind2': 7, 'kernel_size2': 9, 'maxpooling2': False, 'batchnormalization2': False, 'filtersind3': 6, 'kernel_size3': 9, 'maxpooling3': True, 'batchnormalization3': False, 'filtersind4': 5, 'kernel_size4': 5, 'maxpooling4': True, 'batchnormalization4': True, 'filtersind5': 6, 'kernel_size5': 9, 'maxpooling5': False, 'batchnormalization5': True, 'dropout': 0.028267113269152433, 'num_hidden_neurons0': 19, 'learnind': 4, 'batchind': 6, 'epochs': 34}. Best is trial 21 with value: 0.676855742931366.
Best trial: 21. Best value: 0.676856:   42%|███▍    | 15:27:08/36:32:36 Convolutional Layers: 4
 Dense Layers: 2
 Learning rate: 0.001
 Batch Size: 256
 Epochs: 98
Epoch 8: early stopping
[I 2024-06-28 13:54:00,367] Trial 88 finished with value: 2.303701877593994 and parameters: {'n_conv_layers': 4, 'n_dense_layers': 2, 'maxpooling0': False, 'batchnormalization0': True, 'filtersind1': 8, 'kernel_size1': 3, 'maxpooling1': True, 'batchnormalization1': True, 'filtersind2': 7, 'kernel_size2': 11, 'maxpooling2': False, 'batchnormalization2': False, 'filtersind3': 6, 'kernel_size3': 9, 'maxpooling3': True, 'batchnormalization3': False, 'dropout': 0.3112743215875782, 'num_hidden_neurons0': 24, 'learnind': 3, 'batchind': 8, 'epochs': 98}. Best is trial 21 with value: 0.676855742931366.
Best trial: 21. Best value: 0.676856:   43%|███▍    | 15:35:00/36:32:36 Convolutional Layers: 5
 Dense Layers: 1
 Learning rate: 0.01
 Batch Size: 16
 Epochs: 47
Epoch 9: early stopping
[I 2024-06-28 14:02:11,520] Trial 89 finished with value: 1.0071039199829102 and parameters: {'n_conv_layers': 5, 'n_dense_layers': 1, 'maxpooling0': True, 'batchnormalization0': True, 'filtersind1': 8, 'kernel_size1': 3, 'maxpooling1': True, 'batchnormalization1': True, 'filtersind2': 8, 'kernel_size2': 9, 'maxpooling2': False, 'batchnormalization2': False, 'filtersind3': 6, 'kernel_size3': 9, 'maxpooling3': True, 'batchnormalization3': True, 'filtersind4': 6, 'kernel_size4': 7, 'maxpooling4': True, 'batchnormalization4': True, 'dropout': 0.019231563874926694, 'learnind': 2, 'batchind': 4, 'epochs': 47}. Best is trial 21 with value: 0.676855742931366.
Best trial: 21. Best value: 0.676856:   43%|███▍    | 15:43:12/36:32:36 Convolutional Layers: 5
 Dense Layers: 1
 Learning rate: 1e-05
 Batch Size: 16
 Epochs: 119
Epoch 14: early stopping
[I 2024-06-28 14:28:10,475] Trial 91 finished with value: 0.9840105175971985 and parameters: {'n_conv_layers': 5, 'n_dense_layers': 1, 'maxpooling0': False, 'batchnormalization0': True, 'filtersind1': 8, 'kernel_size1': 9, 'maxpooling1': True, 'batchnormalization1': True, 'filtersind2': 8, 'kernel_size2': 3, 'maxpooling2': True, 'batchnormalization2': False, 'filtersind3': 6, 'kernel_size3': 9, 'maxpooling3': False, 'batchnormalization3': True, 'filtersind4': 7, 'kernel_size4': 11, 'maxpooling4': True, 'batchnormalization4': True, 'dropout': 0.19615354178666713, 'learnind': 5, 'batchind': 4, 'epochs': 119}. Best is trial 21 with value: 0.676855742931366.
Best trial: 21. Best value: 0.676856:   44%|███▌    | 16:09:11/36:32:36 Convolutional Layers: 4
 Dense Layers: 2
 Learning rate: 0.001
 Batch Size: 128
 Epochs: 108
Epoch 16: early stopping
