,number,value,datetime_start,datetime_complete,duration,params_batchind,params_batchnormalization0,params_batchnormalization1,params_batchnormalization2,params_batchnormalization3,params_batchnormalization4,params_batchnormalization5,params_batchnormalization6,params_batchnormalization7,params_dropout,params_epochs,params_filtersind1,params_filtersind2,params_filtersind3,params_filtersind4,params_filtersind5,params_filtersind6,params_filtersind7,params_kernel_size1,params_kernel_size2,params_kernel_size3,params_kernel_size4,params_kernel_size5,params_kernel_size6,params_kernel_size7,params_learnind,params_maxpooling0,params_maxpooling1,params_maxpooling2,params_maxpooling3,params_maxpooling4,params_maxpooling5,params_maxpooling6,params_maxpooling7,params_n_conv_layers,params_n_dense_layers,params_num_hidden_neurons0,params_num_hidden_neurons1,state
0,0,1.1473191976547241,2024-06-27 22:18:59.441298,2024-06-27 22:23:27.303246,0 days 00:04:27.861948,7,False,True,True,True,,,,,0.1056181065689557,234,5.0,5.0,5.0,,,,,11.0,9.0,3.0,,,,,2,False,True,True,True,,,,,4,1,,,COMPLETE
1,1,2.1425483226776123,2024-06-27 22:19:35.835938,2024-06-27 22:25:42.469501,0 days 00:06:06.633563,5,False,True,True,,,,,,0.2419648705045957,205,8.0,6.0,,,,,,7.0,5.0,,,,,,2,True,True,True,,,,,,3,3,5.0,9.0,COMPLETE
2,2,0.9845523238182068,2024-06-27 22:23:27.313321,2024-06-27 22:26:46.266201,0 days 00:03:18.952880,5,False,False,True,True,True,True,False,,0.07350143671247417,128,8.0,6.0,8.0,5.0,8.0,8.0,,3.0,3.0,5.0,7.0,3.0,5.0,,3,True,True,False,True,True,,,,7,1,,,COMPLETE
3,3,5.334942817687988,2024-06-27 22:25:42.485353,2024-06-27 22:41:13.678424,0 days 00:15:31.193071,4,False,False,False,False,False,False,False,,0.18556950263150168,276,7.0,5.0,8.0,8.0,7.0,5.0,,5.0,3.0,7.0,3.0,5.0,5.0,,0,True,True,False,False,False,False,False,,7,2,17.0,,COMPLETE
4,4,2.3405423164367676,2024-06-27 22:26:46.281805,2024-06-27 22:28:51.123541,0 days 00:02:04.841736,7,False,False,True,,,,,,0.481107269868057,13,6.0,8.0,,,,,,5.0,5.0,,,,,,1,True,False,False,,,,,,3,3,5.0,20.0,COMPLETE
5,5,1.1442821025848389,2024-06-27 22:28:51.139623,2024-06-27 23:48:50.956843,0 days 01:19:59.817220,6,True,False,True,,,,,,0.4589368864308374,250,7.0,6.0,,,,,,5.0,11.0,,,,,,5,True,False,False,,,,,,3,3,102.0,4.0,COMPLETE
6,6,2.3031585216522217,2024-06-27 22:41:13.699306,2024-06-27 22:43:15.071986,0 days 00:02:01.372680,8,True,False,,,,,,,0.20150137995872347,250,7.0,,,,,,,7.0,,,,,,,2,True,True,,,,,,,2,3,5.0,5.0,COMPLETE
7,7,1.7118852138519287,2024-06-27 22:43:15.090144,2024-06-27 22:58:48.308555,0 days 00:15:33.218411,6,False,False,True,False,True,,,,0.19468806394254384,18,6.0,6.0,7.0,7.0,,,,11.0,5.0,3.0,9.0,,,,5,False,False,False,True,False,,,,5,3,67.0,4.0,COMPLETE
8,8,0.9253563284873962,2024-06-27 22:58:48.324519,2024-06-27 23:06:49.038697,0 days 00:08:00.714178,7,True,True,,,,,,,0.25294802208464573,52,5.0,,,,,,,7.0,,,,,,,5,False,True,,,,,,,2,2,114.0,,COMPLETE
9,9,3.2608649730682373,2024-06-27 23:06:49.048094,2024-06-27 23:08:41.013087,0 days 00:01:51.964993,5,True,False,False,,,,,,0.24610618128233747,145,6.0,5.0,,,,,,3.0,7.0,,,,,,1,True,False,True,,,,,,3,3,14.0,108.0,COMPLETE
10,10,2.46051025390625,2024-06-27 23:08:41.029120,2024-06-27 23:10:22.084340,0 days 00:01:41.055220,6,False,True,False,False,False,False,False,True,0.47920517343282076,30,5.0,7.0,8.0,5.0,6.0,5.0,8.0,3.0,7.0,5.0,11.0,3.0,7.0,3.0,1,True,True,True,True,,,,,8,1,,,COMPLETE
11,11,1.1131418943405151,2024-06-27 23:10:22.099930,2024-06-27 23:15:25.681969,0 days 00:05:03.582039,10,True,,,,,,,,0.3635438643179314,83,,,,,,,,,,,,,,,5,False,,,,,,,,1,2,121.0,,COMPLETE
12,12,0.9935249090194702,2024-06-27 23:15:25.681969,2024-06-27 23:32:50.156363,0 days 00:17:24.474394,9,True,True,True,True,True,True,,,0.02546229480884099,115,8.0,7.0,6.0,5.0,8.0,,,9.0,3.0,5.0,7.0,3.0,,,4,False,True,False,False,True,True,,,6,1,,,COMPLETE
13,13,0.7563077807426453,2024-06-27 23:32:50.171969,2024-06-28 00:03:56.773696,0 days 00:31:06.601727,4,True,True,True,True,True,True,True,False,0.34382867200279227,80,8.0,8.0,7.0,6.0,8.0,8.0,5.0,3.0,11.0,11.0,7.0,9.0,5.0,5.0,4,False,True,False,True,True,True,,,8,2,49.0,,COMPLETE
14,14,0.7094420790672302,2024-06-27 23:48:50.965794,2024-06-28 00:09:03.255239,0 days 00:20:12.289445,4,True,True,False,True,True,True,True,False,0.3350353687973725,76,8.0,8.0,7.0,6.0,8.0,8.0,5.0,7.0,3.0,9.0,7.0,7.0,5.0,7.0,4,False,True,False,True,True,False,True,,8,2,42.0,,COMPLETE
15,15,1.1630862951278687,2024-06-28 00:03:56.793657,2024-06-28 00:07:41.677593,0 days 00:03:44.883936,4,True,,,,,,,,0.3373467732203834,78,,,,,,,,,,,,,,,4,False,,,,,,,,1,2,42.0,,COMPLETE
16,16,0.8145796060562134,2024-06-28 00:07:41.694761,2024-06-28 00:18:16.288940,0 days 00:10:34.594179,8,True,True,False,True,True,,,,0.3389674611391957,62,5.0,8.0,6.0,7.0,,,,7.0,11.0,11.0,5.0,,,,4,False,True,False,True,True,,,,5,2,45.0,,COMPLETE
17,17,0.8265561461448669,2024-06-28 00:09:03.263426,2024-06-28 01:11:40.908690,0 days 01:02:37.645264,4,True,True,False,True,True,True,True,False,0.3534951212170685,168,8.0,8.0,7.0,6.0,8.0,8.0,5.0,9.0,11.0,11.0,7.0,7.0,9.0,7.0,4,False,True,False,True,True,False,True,,8,2,36.0,,COMPLETE
18,18,0.9202409982681274,2024-06-28 00:18:16.304927,2024-06-28 01:44:06.648078,0 days 01:25:50.343151,4,True,True,False,True,True,True,True,False,0.3754240961863392,170,8.0,8.0,7.0,6.0,8.0,8.0,5.0,9.0,11.0,9.0,7.0,7.0,9.0,7.0,3,False,True,False,True,True,True,,,8,2,29.0,,COMPLETE
19,19,0.7481774687767029,2024-06-28 01:11:40.925533,2024-06-28 01:32:56.548854,0 days 00:21:15.623321,4,True,True,False,True,True,True,True,,0.413145897465723,105,7.0,7.0,7.0,6.0,5.0,7.0,,3.0,9.0,9.0,7.0,9.0,3.0,,3,False,True,False,True,True,True,,,7,2,26.0,,COMPLETE
20,20,0.8409238457679749,2024-06-28 01:32:56.564741,2024-06-28 01:46:10.741306,0 days 00:13:14.176565,5,True,True,False,True,True,True,True,,0.4170161794394778,113,7.0,7.0,6.0,6.0,5.0,7.0,,7.0,9.0,9.0,7.0,11.0,3.0,,3,False,True,False,False,True,False,True,,7,1,,,COMPLETE
21,21,0.676855742931366,2024-06-28 01:44:06.663868,2024-06-28 02:08:11.949660,0 days 00:24:05.285792,5,True,True,False,True,False,True,,,0.40648875240277,109,7.0,7.0,6.0,7.0,5.0,,,3.0,9.0,9.0,5.0,11.0,,,3,False,False,False,False,True,False,,,6,1,,,COMPLETE
22,22,0.7009548544883728,2024-06-28 01:46:10.741306,2024-06-28 02:06:40.332075,0 days 00:20:29.590769,4,True,True,False,True,True,True,,,0.2993685275977533,100,8.0,7.0,7.0,6.0,5.0,,,3.0,9.0,9.0,7.0,9.0,,,3,False,True,False,True,True,True,,,6,2,24.0,,COMPLETE
23,23,0.7449350357055664,2024-06-28 02:06:40.332075,2024-06-28 02:17:48.772634,0 days 00:11:08.440559,5,True,True,False,True,True,True,,,0.29726004574433856,103,7.0,7.0,7.0,7.0,5.0,,,3.0,9.0,9.0,7.0,9.0,,,3,False,True,False,True,True,True,,,6,2,11.0,,COMPLETE
24,24,0.9007748961448669,2024-06-28 02:08:11.965745,2024-06-28 02:59:44.531833,0 days 00:51:32.566088,5,True,True,False,True,False,True,,,0.28834033953697585,149,8.0,7.0,5.0,7.0,6.0,,,3.0,9.0,9.0,5.0,11.0,,,3,False,False,False,False,True,False,,,6,1,,,COMPLETE
25,25,0.9120853543281555,2024-06-28 02:17:48.772634,2024-06-28 04:03:02.310401,0 days 01:45:13.537767,6,True,True,False,True,False,True,,,0.2854107509663635,140,8.0,7.0,5.0,8.0,6.0,,,3.0,9.0,9.0,5.0,11.0,,,2,False,False,False,False,False,False,,,6,1,,,COMPLETE
26,26,2.1618993282318115,2024-06-28 02:59:44.547511,2024-06-28 03:18:58.908187,0 days 00:19:14.360676,6,True,True,False,True,False,,,,0.4121860563059096,51,8.0,8.0,6.0,8.0,,,,3.0,3.0,9.0,5.0,,,,2,False,False,False,False,False,,,,5,1,,,COMPLETE
27,27,1.1771084070205688,2024-06-28 03:18:58.925187,2024-06-28 03:57:45.087169,0 days 00:38:46.161982,4,True,True,False,False,False,False,,,0.29720095426884263,182,7.0,7.0,6.0,7.0,6.0,,,11.0,9.0,9.0,11.0,11.0,,,4,False,False,True,False,True,False,,,6,1,,,COMPLETE
28,28,1.0236867666244507,2024-06-28 03:57:45.119207,2024-06-28 07:13:40.203112,0 days 03:15:55.083905,5,True,True,False,True,,,,,0.39790459329833106,130,8.0,7.0,7.0,,,,,7.0,9.0,7.0,,,,,4,False,False,False,False,,,,,4,2,9.0,,COMPLETE
29,29,0.7477208375930786,2024-06-28 04:03:02.310401,2024-06-28 05:26:49.798624,0 days 01:23:47.488223,5,True,True,False,True,,,,,0.4316436793913654,92,6.0,8.0,7.0,,,,,7.0,3.0,7.0,,,,,4,False,False,False,True,,,,,4,2,10.0,,COMPLETE
30,30,0.916212797164917,2024-06-28 05:26:49.814755,2024-06-28 05:55:14.933024,0 days 00:28:25.118269,4,True,True,False,True,False,True,True,,0.13408746827664453,196,7.0,6.0,6.0,6.0,7.0,6.0,,3.0,9.0,9.0,3.0,7.0,11.0,,3,False,False,False,False,True,False,True,,7,1,,,COMPLETE
31,31,2.2996668815612793,2024-06-28 05:55:14.949081,2024-06-28 06:11:49.893748,0 days 00:16:34.944667,8,True,True,False,False,,,,,0.38517264713406685,65,8.0,7.0,8.0,,,,,7.0,7.0,9.0,,,,,3,False,False,True,True,,,,,4,2,74.0,,COMPLETE
32,32,0.7611201405525208,2024-06-28 06:11:49.909365,2024-06-28 06:22:35.267774,0 days 00:10:45.358409,5,True,True,False,True,True,True,,,0.30476421747167454,100,7.0,7.0,7.0,7.0,5.0,,,3.0,9.0,9.0,9.0,9.0,,,3,False,True,False,True,True,True,,,6,2,10.0,,COMPLETE
33,33,1.8297584056854248,2024-06-28 06:22:35.276431,2024-06-28 06:39:15.005957,0 days 00:16:39.729526,5,True,True,False,True,True,,,,0.3145352695271403,126,7.0,7.0,7.0,7.0,,,,3.0,9.0,9.0,7.0,,,,2,False,True,False,True,True,,,,5,2,20.0,,COMPLETE
34,34,0.8089644312858582,2024-06-28 06:39:15.026723,2024-06-28 06:59:53.145527,0 days 00:20:38.118804,5,True,True,False,True,True,True,,,0.26334385019664447,43,7.0,7.0,7.0,6.0,5.0,,,11.0,9.0,9.0,7.0,9.0,,,3,False,True,False,True,True,True,,,6,2,12.0,,COMPLETE
35,35,0.7227383852005005,2024-06-28 06:59:53.164206,2024-06-28 07:23:42.454127,0 days 00:23:49.289921,4,False,True,False,True,True,True,False,,0.2213419998709208,130,8.0,8.0,6.0,7.0,5.0,6.0,,3.0,9.0,9.0,5.0,9.0,7.0,,4,False,True,False,True,True,True,,,7,3,8.0,119.0,COMPLETE
36,36,2.448942184448242,2024-06-28 07:13:40.225412,2024-06-28 07:25:37.428475,0 days 00:11:57.203063,4,False,True,False,True,True,True,False,,0.2109238912889289,97,6.0,8.0,6.0,7.0,5.0,6.0,,3.0,9.0,9.0,5.0,9.0,7.0,,2,False,True,False,True,True,True,,,7,3,26.0,118.0,COMPLETE
37,37,0.9696372151374817,2024-06-28 07:23:42.475753,2024-06-28 07:35:28.848138,0 days 00:11:46.372385,4,False,True,False,True,True,True,False,,0.16540713450300687,159,8.0,8.0,6.0,6.0,5.0,6.0,,3.0,3.0,3.0,5.0,5.0,7.0,,5,False,True,True,True,True,,,,7,3,29.0,126.0,COMPLETE
38,38,21.764427185058594,2024-06-28 07:25:37.448198,2024-06-28 07:43:33.379822,0 days 00:17:55.931624,4,False,True,False,True,False,True,False,True,0.13189239243436196,215,8.0,8.0,6.0,6.0,7.0,6.0,7.0,5.0,3.0,3.0,5.0,5.0,7.0,9.0,0,True,True,True,True,,,,,8,3,8.0,45.0,COMPLETE
39,39,17.21776008605957,2024-06-28 07:35:28.863957,2024-06-28 07:47:54.075178,0 days 00:12:25.211221,4,False,True,False,True,False,True,False,True,0.22704626314053014,226,8.0,8.0,5.0,6.0,7.0,7.0,7.0,5.0,5.0,3.0,5.0,7.0,11.0,9.0,0,True,True,False,True,True,,,,8,3,8.0,43.0,COMPLETE
40,40,1.0608460903167725,2024-06-28 07:43:33.401361,2024-06-28 07:58:35.311116,0 days 00:15:01.909755,4,False,False,False,True,True,False,True,,0.2242993047479242,126,8.0,8.0,5.0,7.0,6.0,7.0,,5.0,5.0,9.0,5.0,7.0,11.0,,4,True,True,False,True,True,,,,7,3,7.0,45.0,COMPLETE
41,41,0.9036643505096436,2024-06-28 07:47:54.090968,2024-06-28 08:27:08.548023,0 days 00:39:14.457055,6,False,False,True,True,True,False,True,,0.45191202781062856,124,8.0,6.0,5.0,7.0,6.0,7.0,,11.0,9.0,9.0,9.0,9.0,5.0,,4,False,True,False,False,True,False,False,,7,3,17.0,52.0,COMPLETE
42,42,0.8048278093338013,2024-06-28 07:58:35.327270,2024-06-28 08:16:19.350804,0 days 00:17:44.023534,5,False,True,False,True,True,True,,,0.27147860248361017,114,7.0,6.0,7.0,7.0,5.0,,,3.0,9.0,9.0,7.0,9.0,,,3,False,True,False,True,True,True,,,6,2,4.0,,COMPLETE
43,43,0.7536314725875854,2024-06-28 08:16:19.366640,2024-06-28 08:32:58.566504,0 days 00:16:39.199864,6,False,True,False,True,True,,,,0.3206202562705933,69,7.0,7.0,8.0,7.0,,,,3.0,9.0,9.0,3.0,,,,3,False,True,False,True,True,,,,5,2,14.0,,COMPLETE
44,44,0.7425544857978821,2024-06-28 08:27:08.556512,2024-06-28 08:42:29.219179,0 days 00:15:20.662667,5,False,True,False,False,True,,,,0.3218455621044534,72,7.0,7.0,8.0,5.0,,,,3.0,9.0,9.0,7.0,,,,3,False,True,False,True,True,,,,5,2,6.0,,COMPLETE
45,45,1.033464789390564,2024-06-28 08:32:58.566504,2024-06-28 08:48:58.836778,0 days 00:16:00.270274,5,True,True,False,False,True,True,,,0.17551432332006273,293,6.0,5.0,7.0,5.0,5.0,,,3.0,9.0,5.0,7.0,9.0,,,5,False,True,False,True,True,True,,,6,2,17.0,,COMPLETE
46,46,1.1051270961761475,2024-06-28 08:42:29.236803,2024-06-28 09:17:10.985512,0 days 00:34:41.748709,5,False,True,True,False,True,,,,0.3667405731247927,87,6.0,5.0,8.0,5.0,,,,3.0,3.0,5.0,11.0,,,,5,False,True,False,True,True,,,,5,2,6.0,,COMPLETE
47,47,1.7637990713119507,2024-06-28 08:48:58.845085,2024-06-28 09:03:25.919376,0 days 00:14:27.074291,7,False,False,True,False,True,,,,0.3269099079486174,27,8.0,6.0,8.0,5.0,,,,3.0,7.0,7.0,7.0,,,,2,False,True,False,True,True,,,,5,2,6.0,,COMPLETE
48,48,0.690428614616394,2024-06-28 09:03:25.931558,2024-06-28 09:15:35.376910,0 days 00:12:09.445352,4,False,True,False,False,False,,,,0.3666380445046361,76,7.0,8.0,8.0,5.0,,,,9.0,3.0,5.0,3.0,,,,4,False,True,False,True,False,,,,5,1,,,COMPLETE
49,49,0.8617252707481384,2024-06-28 09:15:35.392918,2024-06-28 09:40:13.039204,0 days 00:24:37.646286,4,False,True,True,False,False,True,False,,0.3731878675251297,87,8.0,8.0,8.0,8.0,5.0,5.0,,9.0,3.0,5.0,3.0,11.0,7.0,,5,True,False,False,False,False,False,True,,7,1,,,COMPLETE
50,50,2.323025703430176,2024-06-28 09:17:11.007179,2024-06-28 09:25:12.983945,0 days 00:08:01.976766,4,False,False,False,False,False,True,False,,0.49992445183826884,44,8.0,8.0,6.0,8.0,5.0,5.0,,9.0,3.0,5.0,3.0,11.0,7.0,,1,True,False,True,False,False,False,True,,7,1,,,COMPLETE
51,51,0.8179360628128052,2024-06-28 09:25:13.001479,2024-06-28 09:41:21.236453,0 days 00:16:08.234974,4,False,True,False,False,False,True,False,False,0.4483803965005724,141,7.0,8.0,6.0,5.0,6.0,6.0,6.0,9.0,3.0,5.0,3.0,7.0,5.0,11.0,4,False,True,False,True,False,False,True,True,8,1,,,COMPLETE
52,52,0.8043298721313477,2024-06-28 09:40:13.060386,2024-06-28 10:06:47.522296,0 days 00:26:34.461910,4,False,True,False,False,False,,,,0.35202352310814733,66,7.0,8.0,8.0,5.0,,,,9.0,3.0,11.0,3.0,,,,4,False,True,False,True,False,,,,5,1,,,COMPLETE
53,53,0.9306977391242981,2024-06-28 09:41:21.252204,2024-06-28 10:09:04.932182,0 days 00:27:43.679978,4,False,True,False,False,False,,,,0.35160152791571364,70,7.0,8.0,8.0,5.0,,,,9.0,3.0,11.0,9.0,,,,4,False,True,False,True,False,,,,5,1,,,COMPLETE
54,54,0.8203526139259338,2024-06-28 10:06:47.540034,2024-06-28 10:19:55.444210,0 days 00:13:07.904176,4,False,True,False,False,,,,,0.27534104945063964,77,7.0,7.0,8.0,,,,,7.0,5.0,9.0,,,,,4,False,True,False,True,,,,,4,1,,,COMPLETE
55,55,2.336599349975586,2024-06-28 10:09:04.947639,2024-06-28 10:16:59.082829,0 days 00:07:54.135190,10,False,True,False,False,,,,,0.2511206970994025,78,7.0,7.0,8.0,,,,,7.0,5.0,9.0,,,,,3,False,True,False,True,,,,,4,2,4.0,,COMPLETE
56,56,0.9903973340988159,2024-06-28 10:16:59.098823,2024-06-28 10:31:42.378914,0 days 00:14:43.280091,5,False,True,False,,,,,,0.3917885759535812,116,8.0,7.0,,,,,,7.0,11.0,,,,,,4,False,True,False,,,,,,3,1,,,COMPLETE
57,57,2.3055570125579834,2024-06-28 10:19:55.460167,2024-06-28 10:33:13.248050,0 days 00:13:17.787883,5,False,True,False,,,,,,0.39724515271621574,54,8.0,8.0,,,,,,3.0,11.0,,,,,,3,False,True,False,,,,,,3,3,70.0,20.0,COMPLETE
58,58,0.7604010105133057,2024-06-28 10:31:42.394767,2024-06-28 10:45:10.410814,0 days 00:13:28.016047,6,True,True,False,False,True,True,,,0.3310016554712667,36,7.0,8.0,6.0,5.0,7.0,,,3.0,9.0,5.0,7.0,3.0,,,3,False,True,False,True,False,True,,,6,3,83.0,15.0,COMPLETE
59,59,0.7160629630088806,2024-06-28 10:33:13.263979,2024-06-28 10:42:45.925666,0 days 00:09:32.661687,9,True,True,False,False,True,True,,,0.058896557640784,33,7.0,8.0,6.0,5.0,7.0,,,3.0,9.0,5.0,7.0,3.0,,,3,False,True,False,True,False,True,,,6,2,35.0,,COMPLETE
60,60,1.0557817220687866,2024-06-28 10:42:45.925666,2024-06-28 10:50:13.306639,0 days 00:07:27.380973,9,True,True,False,True,True,True,,,0.030017981980699937,11,6.0,8.0,6.0,5.0,7.0,,,9.0,7.0,5.0,7.0,3.0,,,4,False,True,False,True,False,True,,,6,1,,,COMPLETE
61,61,0.8047292828559875,2024-06-28 10:45:10.426950,2024-06-28 11:03:15.525326,0 days 00:18:05.098376,7,True,False,False,True,True,True,,,0.010943008669461851,10,6.0,8.0,6.0,6.0,8.0,,,9.0,7.0,5.0,11.0,3.0,,,4,False,False,False,True,False,True,,,6,2,52.0,,COMPLETE
62,62,0.8920283913612366,2024-06-28 10:50:13.322231,2024-06-28 10:59:14.464262,0 days 00:09:01.142031,9,True,True,False,False,True,False,,,0.07174437517581844,29,7.0,8.0,6.0,5.0,8.0,,,3.0,9.0,5.0,7.0,3.0,,,3,False,True,False,True,False,True,,,6,2,56.0,,COMPLETE
63,63,0.7331163883209229,2024-06-28 10:59:14.485667,2024-06-28 11:09:39.294403,0 days 00:10:24.808736,8,True,True,False,False,True,,,,0.06475688313613534,106,7.0,8.0,6.0,5.0,,,,3.0,9.0,9.0,7.0,,,,3,False,True,False,True,False,,,,5,2,36.0,,COMPLETE
64,64,0.741737961769104,2024-06-28 11:03:15.525326,2024-06-28 11:11:04.630477,0 days 00:07:49.105151,7,True,True,False,False,True,,,,0.10592330207307754,56,7.0,7.0,7.0,5.0,,,,3.0,9.0,9.0,7.0,,,,3,False,True,False,True,True,,,,5,2,40.0,,COMPLETE
65,65,2.0783767700195312,2024-06-28 11:09:39.315899,2024-06-28 11:27:14.790423,0 days 00:17:35.474524,8,True,True,False,False,True,True,True,False,0.0636965657251759,106,8.0,8.0,6.0,5.0,7.0,8.0,6.0,3.0,9.0,9.0,7.0,5.0,9.0,7.0,3,False,True,False,False,False,True,False,False,8,2,35.0,,COMPLETE
66,66,2.3147130012512207,2024-06-28 11:11:04.646284,2024-06-28 11:28:04.715357,0 days 00:17:00.069073,8,True,True,False,False,True,True,True,False,0.045431024571008644,104,8.0,8.0,6.0,6.0,7.0,8.0,6.0,3.0,9.0,7.0,5.0,5.0,9.0,7.0,2,False,True,False,False,False,True,False,False,8,2,34.0,,COMPLETE
67,67,0.9976997971534729,2024-06-28 11:27:14.806393,2024-06-28 11:44:35.565793,0 days 00:17:20.759400,9,True,True,False,True,False,True,,,0.041477036256454936,137,7.0,8.0,6.0,6.0,6.0,,,11.0,9.0,7.0,5.0,3.0,,,2,False,True,True,True,False,False,,,6,2,22.0,,COMPLETE
68,68,0.9313331842422485,2024-06-28 11:28:04.730534,2024-06-28 12:11:02.188662,0 days 00:42:57.458128,9,True,True,False,True,False,False,,,0.0929240441006465,136,5.0,8.0,6.0,6.0,8.0,,,11.0,9.0,9.0,7.0,3.0,,,4,False,False,True,True,False,False,,,6,2,22.0,,COMPLETE
69,69,1.0906517505645752,2024-06-28 11:44:35.581356,2024-06-28 11:46:47.098299,0 days 00:02:11.516943,9,True,True,,,,,,,0.08917929090391902,93,5.0,,,,,,,3.0,,,,,,,4,False,False,,,,,,,2,2,57.0,,COMPLETE
70,70,0.8938469886779785,2024-06-28 11:46:47.105358,2024-06-28 12:17:16.978418,0 days 00:30:29.873060,10,True,True,True,True,True,False,True,,0.4277977800535186,153,7.0,8.0,7.0,5.0,8.0,7.0,,7.0,9.0,9.0,7.0,7.0,3.0,,3,False,True,False,True,False,False,True,,7,2,22.0,,COMPLETE
71,71,3.441227436065674,2024-06-28 12:11:02.205137,2024-06-28 12:20:12.630923,0 days 00:09:10.425786,10,True,True,True,True,True,True,True,,0.11538370976490381,111,7.0,8.0,7.0,7.0,8.0,7.0,,7.0,3.0,11.0,7.0,7.0,3.0,,3,False,True,False,True,False,True,True,,7,2,43.0,,COMPLETE
72,72,0.7552767992019653,2024-06-28 12:17:16.995351,2024-06-28 12:24:17.585243,0 days 00:07:00.589892,8,True,True,False,False,True,,,,0.11798718628661846,59,7.0,7.0,7.0,5.0,,,,3.0,9.0,9.0,7.0,,,,3,False,True,False,True,True,,,,5,2,41.0,,COMPLETE
73,73,0.750729501247406,2024-06-28 12:20:12.647960,2024-06-28 12:27:01.812418,0 days 00:06:49.164458,8,True,True,False,False,True,,,,0.15472986637544245,56,7.0,7.0,7.0,5.0,,,,3.0,9.0,9.0,7.0,,,,3,False,True,False,True,True,,,,5,2,38.0,,COMPLETE
74,74,2.3036293983459473,2024-06-28 12:24:17.601010,2024-06-28 12:33:57.578993,0 days 00:09:39.977983,7,True,True,False,False,,,,,0.15196702099092832,50,7.0,7.0,7.0,,,,,3.0,9.0,9.0,,,,,3,False,True,False,True,,,,,4,2,32.0,,COMPLETE
75,75,2.3048393726348877,2024-06-28 12:27:01.834359,2024-06-28 12:32:57.977390,0 days 00:05:56.143031,7,True,True,False,False,,,,,0.0595818605116234,93,7.0,8.0,7.0,,,,,3.0,9.0,9.0,,,,,3,False,True,False,True,,,,,4,2,31.0,,COMPLETE
76,76,0.69139564037323,2024-06-28 12:32:57.993217,2024-06-28 12:42:47.791795,0 days 00:09:49.798578,7,True,True,False,False,True,,,,0.0046675513727345574,21,8.0,7.0,6.0,5.0,,,,3.0,9.0,9.0,7.0,,,,4,False,True,False,True,True,,,,5,2,47.0,,COMPLETE
77,77,1.996212124824524,2024-06-28 12:33:57.587507,2024-06-28 13:08:37.670830,0 days 00:34:40.083323,4,True,True,False,False,True,,,,0.10519181418245177,20,8.0,8.0,6.0,5.0,,,,5.0,9.0,3.0,7.0,,,,2,False,True,False,False,True,,,,5,2,26.0,,COMPLETE
78,78,1.0329149961471558,2024-06-28 12:42:47.807680,2024-06-28 12:52:36.155149,0 days 00:09:48.347469,4,True,True,False,True,True,True,,,0.010566224241591694,23,8.0,8.0,6.0,5.0,5.0,,,3.0,9.0,9.0,5.0,9.0,,,5,True,True,False,False,True,True,,,6,1,,,COMPLETE
79,79,0.830278217792511,2024-06-28 12:52:36.155149,2024-06-28 13:10:46.851162,0 days 00:18:10.696013,4,True,True,False,True,True,,,,0.002153775113471465,19,8.0,8.0,6.0,7.0,,,,5.0,3.0,3.0,7.0,,,,4,False,False,False,True,True,,,,5,2,47.0,,COMPLETE
